#! /usr/bin/vvp
:ivl_version "11.0 (stable)";
:ivl_delay_selection "TYPICAL";
:vpi_time_precision + 0;
:vpi_module "/usr/lib/x86_64-linux-gnu/ivl/system.vpi";
:vpi_module "/usr/lib/x86_64-linux-gnu/ivl/vhdl_sys.vpi";
:vpi_module "/usr/lib/x86_64-linux-gnu/ivl/vhdl_textio.vpi";
:vpi_module "/usr/lib/x86_64-linux-gnu/ivl/v2005_math.vpi";
:vpi_module "/usr/lib/x86_64-linux-gnu/ivl/va_math.vpi";
S_0x5588a3c62b80 .scope module, "testbench" "testbench" 2 1;
 .timescale 0 0;
v0x5588a3c75dc0_0 .var "clk", 0 0;
v0x5588a3c75e90_0 .net "q", 3 0, v0x5588a3c2aba0_0;  1 drivers
v0x5588a3c75f60_0 .var "si", 0 0;
S_0x5588a3c62d10 .scope module, "uut" "sipos" 2 6, 3 1 0, S_0x5588a3c62b80;
 .timescale 0 0;
    .port_info 0 /INPUT 1 "clk";
    .port_info 1 /INPUT 1 "si";
    .port_info 2 /OUTPUT 4 "q";
v0x5588a3c2a7b0_0 .net "clk", 0 0, v0x5588a3c75dc0_0;  1 drivers
v0x5588a3c2aba0_0 .var "q", 3 0;
v0x5588a3c75ca0_0 .net "si", 0 0, v0x5588a3c75f60_0;  1 drivers
E_0x5588a3c619e0 .event posedge, v0x5588a3c2a7b0_0;
    .scope S_0x5588a3c62d10;
T_0 ;
    %wait E_0x5588a3c619e0;
    %load/vec4 v0x5588a3c75ca0_0;
    %ix/load 4, 3, 0;
    %ix/load 5, 0, 0;
    %flag_set/imm 4, 0;
    %assign/vec4/off/d v0x5588a3c2aba0_0, 4, 5;
    %load/vec4 v0x5588a3c2aba0_0;
    %parti/s 1, 3, 3;
    %ix/load 4, 2, 0;
    %ix/load 5, 0, 0;
    %flag_set/imm 4, 0;
    %assign/vec4/off/d v0x5588a3c2aba0_0, 4, 5;
    %load/vec4 v0x5588a3c2aba0_0;
    %parti/s 1, 2, 3;
    %ix/load 4, 1, 0;
    %ix/load 5, 0, 0;
    %flag_set/imm 4, 0;
    %assign/vec4/off/d v0x5588a3c2aba0_0, 4, 5;
    %load/vec4 v0x5588a3c2aba0_0;
    %parti/s 1, 1, 2;
    %ix/load 4, 0, 0;
    %ix/load 5, 0, 0;
    %flag_set/imm 4, 0;
    %assign/vec4/off/d v0x5588a3c2aba0_0, 4, 5;
    %jmp T_0;
    .thread T_0;
    .scope S_0x5588a3c62b80;
T_1 ;
    %vpi_call 2 10 "$dumpfile", "sipoo.vcd" {0 0 0};
    %vpi_call 2 11 "$dumpvars", 32'sb00000000000000000000000000000001 {0 0 0};
    %pushi/vec4 0, 0, 1;
    %store/vec4 v0x5588a3c75dc0_0, 0, 1;
    %pushi/vec4 1, 0, 1;
    %store/vec4 v0x5588a3c75f60_0, 0, 1;
    %delay 100, 0;
    %pushi/vec4 0, 0, 1;
    %store/vec4 v0x5588a3c75f60_0, 0, 1;
    %delay 100, 0;
    %pushi/vec4 0, 0, 1;
    %store/vec4 v0x5588a3c75f60_0, 0, 1;
    %delay 100, 0;
    %pushi/vec4 1, 0, 1;
    %store/vec4 v0x5588a3c75f60_0, 0, 1;
    %delay 100, 0;
    %vpi_call 2 21 "$monitor", $time, "Clk:%b , Si: %b , Q: %b ", v0x5588a3c75dc0_0, v0x5588a3c75f60_0, v0x5588a3c75e90_0 {0 0 0};
    %end;
    .thread T_1;
    .scope S_0x5588a3c62b80;
T_2 ;
    %delay 10, 0;
    %load/vec4 v0x5588a3c75dc0_0;
    %inv;
    %store/vec4 v0x5588a3c75dc0_0, 0, 1;
    %jmp T_2;
    .thread T_2;
# The file index is used to find the file name in the following table.
:file_names 4;
    "N/A";
    "<interactive>";
    "sipo_tb.v";
    "sipo.v";
