#! /usr/bin/vvp
:ivl_version "11.0 (stable)";
:ivl_delay_selection "TYPICAL";
:vpi_time_precision + 0;
:vpi_module "/usr/lib/x86_64-linux-gnu/ivl/system.vpi";
:vpi_module "/usr/lib/x86_64-linux-gnu/ivl/vhdl_sys.vpi";
:vpi_module "/usr/lib/x86_64-linux-gnu/ivl/vhdl_textio.vpi";
:vpi_module "/usr/lib/x86_64-linux-gnu/ivl/v2005_math.vpi";
:vpi_module "/usr/lib/x86_64-linux-gnu/ivl/va_math.vpi";
S_0x55e69bb80080 .scope module, "tb_2x1" "tb_2x1" 2 1;
 .timescale 0 0;
v0x55e69bb91dd0_0 .var "a", 0 0;
v0x55e69bb91e90_0 .var "b", 0 0;
v0x55e69bb91f60_0 .var "sel", 0 0;
v0x55e69bb92060_0 .net "y", 0 0, L_0x55e69bb923f0;  1 drivers
S_0x55e69bb80210 .scope module, "dut" "mux2x1" 2 5, 3 1 0, S_0x55e69bb80080;
 .timescale 0 0;
    .port_info 0 /INPUT 1 "a";
    .port_info 1 /INPUT 1 "b";
    .port_info 2 /INPUT 1 "sel";
    .port_info 3 /OUTPUT 1 "y";
L_0x55e69bb92130 .functor NOT 1, v0x55e69bb91f60_0, C4<0>, C4<0>, C4<0>;
L_0x55e69bb92220 .functor AND 1, L_0x55e69bb92130, v0x55e69bb91dd0_0, C4<1>, C4<1>;
L_0x55e69bb92330 .functor AND 1, v0x55e69bb91f60_0, v0x55e69bb91e90_0, C4<1>, C4<1>;
L_0x55e69bb923f0 .functor OR 1, L_0x55e69bb92220, L_0x55e69bb92330, C4<0>, C4<0>;
v0x55e69bb46cf0_0 .net *"_ivl_0", 0 0, L_0x55e69bb92130;  1 drivers
v0x55e69bb91830_0 .net *"_ivl_2", 0 0, L_0x55e69bb92220;  1 drivers
v0x55e69bb91910_0 .net *"_ivl_4", 0 0, L_0x55e69bb92330;  1 drivers
v0x55e69bb91a00_0 .net "a", 0 0, v0x55e69bb91dd0_0;  1 drivers
v0x55e69bb91ac0_0 .net "b", 0 0, v0x55e69bb91e90_0;  1 drivers
v0x55e69bb91bd0_0 .net "sel", 0 0, v0x55e69bb91f60_0;  1 drivers
v0x55e69bb91c90_0 .net "y", 0 0, L_0x55e69bb923f0;  alias, 1 drivers
    .scope S_0x55e69bb80080;
T_0 ;
    %vpi_call 2 8 "$dumpfile", "2x1.vcd" {0 0 0};
    %vpi_call 2 9 "$dumpvars", 32'sb00000000000000000000000000000001 {0 0 0};
    %pushi/vec4 0, 0, 1;
    %store/vec4 v0x55e69bb91f60_0, 0, 1;
    %pushi/vec4 1, 0, 1;
    %store/vec4 v0x55e69bb91dd0_0, 0, 1;
    %pushi/vec4 1, 0, 1;
    %store/vec4 v0x55e69bb91e90_0, 0, 1;
    %delay 5, 0;
    %pushi/vec4 1, 0, 1;
    %store/vec4 v0x55e69bb91f60_0, 0, 1;
    %pushi/vec4 1, 0, 1;
    %store/vec4 v0x55e69bb91dd0_0, 0, 1;
    %pushi/vec4 1, 0, 1;
    %store/vec4 v0x55e69bb91e90_0, 0, 1;
    %delay 5, 0;
    %vpi_call 2 14 "$finish" {0 0 0};
    %end;
    .thread T_0;
# The file index is used to find the file name in the following table.
:file_names 4;
    "N/A";
    "<interactive>";
    "mux_tb.v";
    "mux_2x1.v";
