#! /usr/bin/vvp
:ivl_version "11.0 (stable)";
:ivl_delay_selection "TYPICAL";
:vpi_time_precision + 0;
:vpi_module "/usr/lib/x86_64-linux-gnu/ivl/system.vpi";
:vpi_module "/usr/lib/x86_64-linux-gnu/ivl/vhdl_sys.vpi";
:vpi_module "/usr/lib/x86_64-linux-gnu/ivl/vhdl_textio.vpi";
:vpi_module "/usr/lib/x86_64-linux-gnu/ivl/v2005_math.vpi";
:vpi_module "/usr/lib/x86_64-linux-gnu/ivl/va_math.vpi";
S_0x5643cd9c3d30 .scope module, "siso_shift_register_tb" "siso_shift_register_tb" 2 1;
 .timescale 0 0;
v0x5643cd9d9d10_0 .var "clk", 0 0;
v0x5643cd9d9dd0_0 .var "reset", 0 0;
v0x5643cd9d9ea0_0 .var "serial_in", 0 0;
v0x5643cd9d9fa0_0 .net "serial_out", 0 0, L_0x5643cd9da070;  1 drivers
S_0x5643cd9c3ec0 .scope module, "dut" "siso_shift_register" 2 8, 3 1 0, S_0x5643cd9c3d30;
 .timescale 0 0;
    .port_info 0 /INPUT 1 "clk";
    .port_info 1 /INPUT 1 "reset";
    .port_info 2 /INPUT 1 "serial_in";
    .port_info 3 /OUTPUT 1 "serial_out";
v0x5643cd9c40a0_0 .net "clk", 0 0, v0x5643cd9d9d10_0;  1 drivers
v0x5643cd9d9940_0 .net "reset", 0 0, v0x5643cd9d9dd0_0;  1 drivers
v0x5643cd9d9a00_0 .net "serial_in", 0 0, v0x5643cd9d9ea0_0;  1 drivers
v0x5643cd9d9aa0_0 .net "serial_out", 0 0, L_0x5643cd9da070;  alias, 1 drivers
v0x5643cd9d9b60_0 .var "shift_reg", 3 0;
E_0x5643cd9c2a20 .event posedge, v0x5643cd9d9940_0, v0x5643cd9c40a0_0;
L_0x5643cd9da070 .part v0x5643cd9d9b60_0, 3, 1;
    .scope S_0x5643cd9c3ec0;
T_0 ;
    %wait E_0x5643cd9c2a20;
    %load/vec4 v0x5643cd9d9940_0;
    %flag_set/vec4 8;
    %jmp/0xz  T_0.0, 8;
    %pushi/vec4 0, 0, 4;
    %assign/vec4 v0x5643cd9d9b60_0, 0;
    %jmp T_0.1;
T_0.0 ;
    %load/vec4 v0x5643cd9d9b60_0;
    %parti/s 3, 0, 2;
    %load/vec4 v0x5643cd9d9a00_0;
    %concat/vec4; draw_concat_vec4
    %assign/vec4 v0x5643cd9d9b60_0, 0;
T_0.1 ;
    %jmp T_0;
    .thread T_0;
    .scope S_0x5643cd9c3d30;
T_1 ;
    %pushi/vec4 0, 0, 1;
    %store/vec4 v0x5643cd9d9d10_0, 0, 1;
    %pushi/vec4 1, 0, 1;
    %store/vec4 v0x5643cd9d9dd0_0, 0, 1;
    %pushi/vec4 0, 0, 1;
    %store/vec4 v0x5643cd9d9ea0_0, 0, 1;
    %delay 10, 0;
    %pushi/vec4 0, 0, 1;
    %store/vec4 v0x5643cd9d9dd0_0, 0, 1;
    %pushi/vec4 1, 0, 1;
    %store/vec4 v0x5643cd9d9ea0_0, 0, 1;
    %delay 10, 0;
    %pushi/vec4 0, 0, 1;
    %store/vec4 v0x5643cd9d9ea0_0, 0, 1;
    %delay 10, 0;
    %pushi/vec4 1, 0, 1;
    %store/vec4 v0x5643cd9d9ea0_0, 0, 1;
    %delay 10, 0;
    %pushi/vec4 0, 0, 1;
    %store/vec4 v0x5643cd9d9ea0_0, 0, 1;
    %delay 10, 0;
    %pushi/vec4 0, 0, 1;
    %store/vec4 v0x5643cd9d9ea0_0, 0, 1;
    %delay 10, 0;
    %pushi/vec4 0, 0, 1;
    %store/vec4 v0x5643cd9d9ea0_0, 0, 1;
    %delay 10, 0;
    %pushi/vec4 1, 0, 1;
    %store/vec4 v0x5643cd9d9ea0_0, 0, 1;
    %delay 10, 0;
    %pushi/vec4 1, 0, 1;
    %store/vec4 v0x5643cd9d9ea0_0, 0, 1;
    %delay 10, 0;
    %vpi_call 2 42 "$finish" {0 0 0};
    %end;
    .thread T_1;
    .scope S_0x5643cd9c3d30;
T_2 ;
    %delay 5, 0;
    %load/vec4 v0x5643cd9d9d10_0;
    %inv;
    %store/vec4 v0x5643cd9d9d10_0, 0, 1;
    %jmp T_2;
    .thread T_2;
    .scope S_0x5643cd9c3d30;
T_3 ;
    %vpi_call 2 50 "$dumpfile", "siso_shift_register_tb.vcd" {0 0 0};
    %vpi_call 2 51 "$dumpvars", 32'sb00000000000000000000000000000000, S_0x5643cd9c3d30 {0 0 0};
    %vpi_call 2 52 "$monitor", "Time=%0t: clk=%b, reset=%b, serial_in=%b, serial_out=%b", $time, v0x5643cd9d9d10_0, v0x5643cd9d9dd0_0, v0x5643cd9d9ea0_0, v0x5643cd9d9fa0_0 {0 0 0};
    %end;
    .thread T_3;
# The file index is used to find the file name in the following table.
:file_names 4;
    "N/A";
    "<interactive>";
    "siso_tb.v";
    "sisos.v";
