#! /usr/bin/vvp
:ivl_version "10.3 (stable)";
:ivl_delay_selection "TYPICAL";
:vpi_time_precision + 0;
:vpi_module "system";
:vpi_module "vhdl_sys";
:vpi_module "v2005_math";
:vpi_module "va_math";
S_0x562b1eb84530 .scope module, "nand_gate_tb" "nand_gate_tb" 2 1;
 .timescale 0 0;
v0x562b1ebcb650_0 .var "a", 0 0;
v0x562b1ebcb720_0 .var "b", 0 0;
v0x562b1ebcb7f0_0 .net "y", 0 0, L_0x562b1ebcb8f0;  1 drivers
S_0x562b1eb846b0 .scope module, "uut" "nand_gate" 2 5, 3 1 0, S_0x562b1eb84530;
 .timescale 0 0;
    .port_info 0 /INPUT 1 "a"
    .port_info 1 /INPUT 1 "b"
    .port_info 2 /OUTPUT 1 "y"
L_0x562b1ebcb8f0 .functor NAND 1, v0x562b1ebcb650_0, v0x562b1ebcb720_0, C4<1>, C4<1>;
v0x562b1ebbbf60_0 .net "a", 0 0, v0x562b1ebcb650_0;  1 drivers
v0x562b1ebcb470_0 .net "b", 0 0, v0x562b1ebcb720_0;  1 drivers
v0x562b1ebcb530_0 .net "y", 0 0, L_0x562b1ebcb8f0;  alias, 1 drivers
    .scope S_0x562b1eb84530;
T_0 ;
    %vpi_call 2 8 "$dumpfile", "nand.vcd" {0 0 0};
    %vpi_call 2 9 "$dumpvars", 32'sb00000000000000000000000000000000, S_0x562b1eb84530 {0 0 0};
    %pushi/vec4 0, 0, 1;
    %store/vec4 v0x562b1ebcb650_0, 0, 1;
    %pushi/vec4 0, 0, 1;
    %store/vec4 v0x562b1ebcb720_0, 0, 1;
    %delay 10, 0;
    %vpi_call 2 12 "$display", "%b | %b | %b", v0x562b1ebcb650_0, v0x562b1ebcb720_0, v0x562b1ebcb7f0_0 {0 0 0};
    %pushi/vec4 0, 0, 1;
    %store/vec4 v0x562b1ebcb650_0, 0, 1;
    %pushi/vec4 1, 0, 1;
    %store/vec4 v0x562b1ebcb720_0, 0, 1;
    %delay 10, 0;
    %vpi_call 2 15 "$display", "%b | %b | %b", v0x562b1ebcb650_0, v0x562b1ebcb720_0, v0x562b1ebcb7f0_0 {0 0 0};
    %pushi/vec4 1, 0, 1;
    %store/vec4 v0x562b1ebcb650_0, 0, 1;
    %pushi/vec4 0, 0, 1;
    %store/vec4 v0x562b1ebcb720_0, 0, 1;
    %delay 10, 0;
    %vpi_call 2 18 "$display", "%b | %b | %b", v0x562b1ebcb650_0, v0x562b1ebcb720_0, v0x562b1ebcb7f0_0 {0 0 0};
    %pushi/vec4 1, 0, 1;
    %store/vec4 v0x562b1ebcb650_0, 0, 1;
    %pushi/vec4 1, 0, 1;
    %store/vec4 v0x562b1ebcb720_0, 0, 1;
    %delay 10, 0;
    %vpi_call 2 21 "$display", "%b | %b | %b", v0x562b1ebcb650_0, v0x562b1ebcb720_0, v0x562b1ebcb7f0_0 {0 0 0};
    %end;
    .thread T_0;
# The file index is used to find the file name in the following table.
:file_names 4;
    "N/A";
    "<interactive>";
    "nand_gate_tb.v";
    "nand.v";
