#! /usr/bin/vvp
:ivl_version "10.3 (stable)";
:ivl_delay_selection "TYPICAL";
:vpi_time_precision + 0;
:vpi_module "system";
:vpi_module "vhdl_sys";
:vpi_module "v2005_math";
:vpi_module "va_math";
S_0x56173fd6d560 .scope module, "not_gate_tb" "not_gate_tb" 2 1;
 .timescale 0 0;
v0x56173fdb19c0_0 .var "a", 0 0;
v0x56173fdb1a60_0 .net "y", 0 0, L_0x56173fdb1b30;  1 drivers
S_0x56173fda38c0 .scope module, "uut" "not_gate" 2 5, 3 1 0, S_0x56173fd6d560;
 .timescale 0 0;
    .port_info 0 /INPUT 1 "a"
    .port_info 1 /OUTPUT 1 "y"
L_0x56173fdb1b30 .functor NOT 1, v0x56173fdb19c0_0, C4<0>, C4<0>, C4<0>;
v0x56173fda3a90_0 .net "a", 0 0, v0x56173fdb19c0_0;  1 drivers
v0x56173fdb18a0_0 .net "y", 0 0, L_0x56173fdb1b30;  alias, 1 drivers
    .scope S_0x56173fd6d560;
T_0 ;
    %vpi_call 2 8 "$dumpfile", "not.vcd" {0 0 0};
    %vpi_call 2 9 "$dumpvars", 32'sb00000000000000000000000000000000, S_0x56173fd6d560 {0 0 0};
    %pushi/vec4 0, 0, 1;
    %store/vec4 v0x56173fdb19c0_0, 0, 1;
    %delay 10, 0;
    %vpi_call 2 12 "$display", "%b | %b ", v0x56173fdb19c0_0, v0x56173fdb1a60_0 {0 0 0};
    %pushi/vec4 1, 0, 1;
    %store/vec4 v0x56173fdb19c0_0, 0, 1;
    %delay 10, 0;
    %vpi_call 2 15 "$display", "%b | %b ", v0x56173fdb19c0_0, v0x56173fdb1a60_0 {0 0 0};
    %end;
    .thread T_0;
# The file index is used to find the file name in the following table.
:file_names 4;
    "N/A";
    "<interactive>";
    "not_gate_tb.v";
    "not.v";
