Qflow migration logfile created on Sunday 22 October 2023 12:33:19 PM IST
magic -dnull -noconsole  migrate_boolean_equation.tcl

Magic 8.3 revision 50 - Compiled on Thursday 19 October 2023 09:04:12 PM IST.
Starting magic under Tcl interpreter
Using the terminal as the console.
Using NULL graphics device.
Processing system .magicrc file
Input style lambda=0.10(p): scaleFactor=10, multiplier=1
Contact size value ignored (using GDS generation rules).
Contact size value ignored (using GDS generation rules).
Contact size value ignored (using GDS generation rules).
Contact size value ignored (using GDS generation rules).
Contact size value ignored (using GDS generation rules).
Contact size value ignored (using GDS generation rules).
Loading "migrate_boolean_equation.tcl" from command line.
Root cell box:
           width x height  (   llx,  lly  ), (   urx,  ury  )

microns:    0.00 x 0.00    (  0.00,  0.00 ), (  0.00,  0.00 )
lambda:        0 x 0       (     0,  0    ), (     0,  0    )
Reading LEF data from file /usr/local/share/qflow/tech/osu018/osu018_stdcells.lef.
This action cannot be undone.
LEF read, Line 16 (Message): Unknown keyword "OBS" in LEF file; ignoring.
LEF read, Line 17 (Message): Unknown keyword "PIN" in LEF file; ignoring.
LEF read: Processed 2941 lines.
Reading DEF data from file boolean_equation.def.
This action cannot be undone.
  Processed 5 vias total.
  Processed 8 subcell instances total.
  Processed 8 pins total.
  Processed 9 nets total.
DEF read, Line 158 (Warning): Number of nets read (4) does not match the number declared (6).
DEF read: Processed 159 lines.
DEF Read: encountered 1 warning total.
Generating LEF output boolean_equation.lef for cell boolean_equation:
Diagnostic:  Write LEF header for cell boolean_equation
Diagnostic:  Writing LEF output for cell boolean_equation
Diagnostic:  Scale value is 0.100000
Extracting NAND2X1 into NAND2X1.ext:
Completed 100%
Extracting BUFX2 into BUFX2.ext:
Completed 100%
Extracting AND2X2 into AND2X2.ext:
Completed 100%
Extracting FILL into FILL.ext:
Completed 100%
Extracting NAND3X1 into NAND3X1.ext:
Completed 100%
Extracting boolean_equation into boolean_equation.ext:
Completed 33%
Completed 50%
Completed 67%
Completed 83%
Completed 100%
exttospice finished.
Migration script ended on Sunday 22 October 2023 12:33:19 PM IST
