Qflow placement logfile created on Sunday 22 October 2023 12:33:16 PM IST
Running blif2cel to generate input files for graywolf
blif2cel.tcl --blif /home/aryavardhan/iverilog/lab_practices/synthesis/boolean_equation.blif  --lef  /usr/local/share/qflow/tech/osu018/osu018_stdcells.lef --cel /home/aryavardhan/iverilog/lab_practices/layout/boolean_equation.cel 
Opened BLIF file (/home/aryavardhan/iverilog/lab_practices/synthesis/boolean_equation.blif) for reading ...
Opened CEL file (/home/aryavardhan/iverilog/lab_practices/layout/boolean_equation.cel) for writing...
Loaded /usr/local/share/qflow/tech/osu018/osu018_stdcells.lef file for reading...
1st pass of blif file /home/aryavardhan/iverilog/lab_practices/synthesis/boolean_equation.blif. . .
Reading macros and/or technology data from LEF file. . .
LEF file specifies route layer Y pitch as 1
LEF file specifies route layer X pitch as 0.8
Parsing macro AND2X2
Parsing macro BUFX2
Parsing macro NAND2X1
Parsing macro NAND3X1
2nd pass of blif file. . .
3rd pass of blif file. . .
Done!
No boolean_equation.cel1 file found for project. . . no partial blockages to apply to layout.
No boolean_equation.cel2 file found for project. . . continuing without pin placement hints
Running GrayWolf placement
graywolf  boolean_equation

twflow version:2.1 date:Mon May 25 21:15:08 EDT 1992
Authors: Bill Swartz, Carl Sechen
         Yale University

syntax version:v1.1 date:Mon May 25 21:11:10 EDT 1992
TimberWolf System Syntax Checker
Authors: Carl Sechen, Kai-Win Lee, Bill Swartz,
         Dahe Chen, and Jimmy Lam
         Yale University

No syntax errors were found

syntax terminated normally with no errors and 0 warning[s]


----------------------------
Total stdcells     :4
Total cell width   :1.12e+03
Total cell height  :4.00e+03
Total cell area    :1.12e+06
Total core area    :1.12e+06
Average cell height:1.00e+03


nocut - replacement for Mincut version:v1.0 date:Mon May 25 21:09:40 EDT 1992
TimberWolf System Floorplan Setup Program
Authors: Carl Sechen, Bill Swartz,
         Yale University

Splitting boolean_equation.cel into boolean_equation.scel and boolean_equation.mcel...
	done!


nocut - replacement for Mincut terminated normally with no errors and 0 warning[s]


TimberWolfMC version:v2.2 date:Mon May 25 21:18:34 EDT 1992
Authors: Carl Sechen, Bill Swartz, Kai-Win Lee
         Dahe Chen, and Jimmy Lam
         Yale University

config version:v1.0 date:Mon May 25 20:57:18 EDT 1992
Row configuration program
    Yale University


config switches:
	Graphics mode on
	config will inherit window



config terminated normally with no errors and 0 warning[s]


TimberWolfMC terminated normally with no errors and 0 warning[s]



TimberWolfSC switches:
	Graphics mode on
	TimberWolfSC will inherit window

TimberWolfSC version:v6.0 date:Mon May 25 21:19:07 EDT 1992
Row-Based Placement and Global Routing Program
Authors: Carl Sechen, Kai-Win Lee, and Bill Swartz,
         Yale University
  0 
  1   2   3   4   5   6   7   8   9  10  11  12  13  14  15 
 16  17  18  19  20  21  22  23  24  25  26  27  28  29  30 
 31  32  33  34  35  36  37  38  39  40  41  42  43  44  45 
 46  47  48  49  50  51  52  53  54  55  56  57  58  59  60 
 61  62  63  64  65  66  67  68  69  70  71  72  73  74  75 
 76  77  78  79  80  81  82  83  84  85  86  87  88  89  90 
 91  92  93  94  95  96  97  98  99 100 101 102 103 104 105 
106 107 108 109 110 111 112 113 114 115 116 117 118 119 120 
121 122 123 124 125 126 127 128 129 130 131 132 133 134 135 
136 137 138 139 140 141 142 143 144 145 146 147 148 149 150 
151 152 153 
 block left edge is at -239
 the longest block length is 1120
 building the steiner trees
 rebuilding the steiner tree

----start doing coarse global routing ------ 
 ITERATION  1

  longest Row is:1   Its length is:1120
 doing feed-through pins assignment
 building the net-tree now !
 set up the global routing grids
 the starting value of tracks =    3
 removing redundant feed-through pins
 the connectivity of all the nets is verified

 block left edge is at -239
 the longest block length is 1120
 building the steiner trees
 rebuilding the steiner tree

----start doing coarse global routing ------ 
 ITERATION  1

  longest Row is:1   Its length is:1120
 doing feed-through pins assignment
 building the net-tree now !
 set up the global routing grids
 the starting value of tracks =    4
 removing redundant feed-through pins
 the connectivity of all the nets is verified

 block left edge is at -239
 the longest block length is 1120
 building the steiner trees
 rebuilding the steiner tree

----start doing coarse global routing ------ 
 ITERATION  1

  longest Row is:1   Its length is:1120
 doing feed-through pins assignment
 building the net-tree now !
 set up the global routing grids
 the starting value of tracks =    5
 removing redundant feed-through pins
 the connectivity of all the nets is verified

 block left edge is at -239
 the longest block length is 1120
 building the steiner trees
 rebuilding the steiner tree

----start doing coarse global routing ------ 
 ITERATION  1

  longest Row is:1   Its length is:1120
 doing feed-through pins assignment
 building the net-tree now !
 set up the global routing grids
 the starting value of tracks =    4
 removing redundant feed-through pins
 the connectivity of all the nets is verified

 block left edge is at -239
 the longest block length is 1120
 building the steiner trees
 rebuilding the steiner tree

----start doing coarse global routing ------ 
 ITERATION  1

  longest Row is:1   Its length is:1120
 doing feed-through pins assignment
 building the net-tree now !
 set up the global routing grids
 the starting value of tracks =    3
 removing redundant feed-through pins
 the connectivity of all the nets is verified

 block left edge is at -239
 the longest block length is 1120
 building the steiner trees
 rebuilding the steiner tree

----start doing coarse global routing ------ 
 ITERATION  1

  longest Row is:1   Its length is:1120
 doing feed-through pins assignment
 building the net-tree now !
 set up the global routing grids
 the starting value of tracks =    4
 removing redundant feed-through pins
 the connectivity of all the nets is verified

 block left edge is at -239
 the longest block length is 1120
 building the steiner trees
 rebuilding the steiner tree

----start doing coarse global routing ------ 
 ITERATION  1

  longest Row is:1   Its length is:1120
 doing feed-through pins assignment
 building the net-tree now !
 set up the global routing grids
 the starting value of tracks =    3
 removing redundant feed-through pins
 the connectivity of all the nets is verified

 block left edge is at -239
 the longest block length is 1120
 building the steiner trees
 rebuilding the steiner tree

----start doing coarse global routing ------ 
 ITERATION  1

  longest Row is:1   Its length is:1120
 doing feed-through pins assignment
 building the net-tree now !
 set up the global routing grids
 the starting value of tracks =    4
 removing redundant feed-through pins
 the connectivity of all the nets is verified


***********************************************
*ACTUAL* FINAL NUMBER OF ROUTING TRACKS: 3
***********************************************


TimberWolfSC terminated normally with no errors and 0 warning[s]


twflow terminated normally with no errors and 0 warning[s]

Running getfillcell to determine cell to use for fill.
getfillcell.tcl boolean_equation  /usr/local/share/qflow/tech/osu018/osu018_stdcells.lef FILL
Using cell FILL for fill
Running place2def to translate graywolf output to DEF format.
place2def.tcl boolean_equation FILL 
Running place2def.tcl
DEF database: 100 units per micron
Limits: xbot = -535.0 ybot = -200 xtop = 1175.0 ytop = 800
Core values: 40.0 50.0 1160.0 1050.0
Offsets: 40.0 50.0
6 routing layers
metal1: 12 vertical tracks from 0um with 1um pitch
metal2: 23 vertical tracks from -3.2um with 0.8um pitch
metal3: 12 vertical tracks from 0um with 1um pitch
metal4: 23 vertical tracks from -3.2um with 0.8um pitch
metal5: 12 vertical tracks from 0um with 1um pitch
metal6: 12 vertical tracks from -3.2um with 1.6um pitch
Summary: Total components = 4
  Fill cells  = 0
  Other cells = 4
Done with place2def.tcl
Running addspacers to generate power stripes and align cell right edge
addspacers.tcl  -stripe 2.0 50.0 PG boolean_equation  /usr/local/share/qflow/tech/osu018/osu018_stdcells.lef FILL
Reading FILL macros from LEF file.
Reading DEF file boolean_equation.def. . .
Number of rows is 1
Longest row has width 11.6 um
addspacers:  No room for stripes, pitch reduced from 4960.0 to 592.0.
addspacers:  Inserting 2 stripes of width 1.6 um (2.0 um requested)
  Pitch 5.92 um, offset 2.4 um
stretch:  Number of components is 8
Analysis of DEF file:
Number of components = 4
New number of components = 8
Number of rows = 1
Adjusting obstructions for power striping
Done with addspacers.tcl
Running arrangepins to adjust pin positions for optimal routing.
arrangepins.tcl  boolean_equation
Reading info file boolean_equation.info. . .
Reading DEF file boolean_equation.def. . .
can't use empty string as operand of "-"
    while executing
"- $lastyrow $prevyrow"
    invoked from within
"if [regexp {[ \t]*END[ \t]+COMPONENTS} $line lmatch] {
	    set incomps false
	    if $debug {puts stdout "end components section"}

	    # Sort the r..."
    invoked from within
"if $innets {
	if [regexp {[ \t]*END[ \t]+NETS} $line lmatch] {
	    if $debug {puts stdout "end nets section"}
	    set innets false
	} elseif [regexp..."
    ("while" body line 24)
    invoked from within
"while {[gets $fdef line] >= 0} {
    if [regexp {[ \t]*#} $line lmatch] {
        continue
    } elseif [regexp {[ \t]*UNITS[ \t]+DISTANCE[ \t]+MICRON..."
    (file "/usr/local/share/qflow/scripts/arrangepins.tcl" line 99)
blifanno.tcl /home/aryavardhan/iverilog/lab_practices/synthesis/boolean_equation.blif boolean_equation.def /home/aryavardhan/iverilog/lab_practices/synthesis/boolean_equation_anno.blif
Running blifanno.tcl
Reading DEF file boolean_equation.def. . .
Done with blifanno.tcl

Generating RTL verilog and SPICE netlist file in directory
   /home/aryavardhan/iverilog/lab_practices/synthesis
Files:
   Verilog: /home/aryavardhan/iverilog/lab_practices/synthesis/boolean_equation.rtl.v
   Verilog: /home/aryavardhan/iverilog/lab_practices/synthesis/boolean_equation.rtlnopwr.v
   Verilog: /home/aryavardhan/iverilog/lab_practices/synthesis/boolean_equation.rtlbb.v
   Spice:   /home/aryavardhan/iverilog/lab_practices/synthesis/boolean_equation.spc

Running blif2Verilog.
Running blif2BSpice.
Placement script ended on Sunday 22 October 2023 12:33:17 PM IST
