#! /usr/bin/vvp
:ivl_version "10.3 (stable)";
:ivl_delay_selection "TYPICAL";
:vpi_time_precision + 0;
:vpi_module "system";
:vpi_module "vhdl_sys";
:vpi_module "v2005_math";
:vpi_module "va_math";
S_0x557ae7f3c560 .scope module, "tb_162mux" "tb_162mux" 2 1;
 .timescale 0 0;
v0x557ae7f89150_0 .var "data_in", 15 0;
v0x557ae7f89240_0 .net "data_out", 0 0, v0x557ae7f88f50_0;  1 drivers
v0x557ae7f89310_0 .var "sel", 3 0;
S_0x557ae7f72fc0 .scope module, "uut" "mux162" 2 7, 3 1 0, S_0x557ae7f3c560;
 .timescale 0 0;
    .port_info 0 /INPUT 16 "data_in"
    .port_info 1 /INPUT 4 "sel"
    .port_info 2 /OUTPUT 1 "data_out"
v0x557ae7f73200_0 .net "data_in", 15 0, v0x557ae7f89150_0;  1 drivers
v0x557ae7f88f50_0 .var "data_out", 0 0;
v0x557ae7f89010_0 .net "sel", 3 0, v0x557ae7f89310_0;  1 drivers
E_0x557ae7f717f0 .event edge, v0x557ae7f89010_0, v0x557ae7f73200_0;
    .scope S_0x557ae7f72fc0;
T_0 ;
    %wait E_0x557ae7f717f0;
    %load/vec4 v0x557ae7f89010_0;
    %dup/vec4;
    %pushi/vec4 0, 0, 4;
    %cmp/u;
    %jmp/1 T_0.0, 6;
    %dup/vec4;
    %pushi/vec4 1, 0, 4;
    %cmp/u;
    %jmp/1 T_0.1, 6;
    %dup/vec4;
    %pushi/vec4 2, 0, 4;
    %cmp/u;
    %jmp/1 T_0.2, 6;
    %dup/vec4;
    %pushi/vec4 3, 0, 4;
    %cmp/u;
    %jmp/1 T_0.3, 6;
    %dup/vec4;
    %pushi/vec4 4, 0, 4;
    %cmp/u;
    %jmp/1 T_0.4, 6;
    %dup/vec4;
    %pushi/vec4 5, 0, 4;
    %cmp/u;
    %jmp/1 T_0.5, 6;
    %dup/vec4;
    %pushi/vec4 6, 0, 4;
    %cmp/u;
    %jmp/1 T_0.6, 6;
    %dup/vec4;
    %pushi/vec4 7, 0, 4;
    %cmp/u;
    %jmp/1 T_0.7, 6;
    %dup/vec4;
    %pushi/vec4 8, 0, 4;
    %cmp/u;
    %jmp/1 T_0.8, 6;
    %dup/vec4;
    %pushi/vec4 9, 0, 4;
    %cmp/u;
    %jmp/1 T_0.9, 6;
    %dup/vec4;
    %pushi/vec4 10, 0, 4;
    %cmp/u;
    %jmp/1 T_0.10, 6;
    %dup/vec4;
    %pushi/vec4 11, 0, 4;
    %cmp/u;
    %jmp/1 T_0.11, 6;
    %dup/vec4;
    %pushi/vec4 12, 0, 4;
    %cmp/u;
    %jmp/1 T_0.12, 6;
    %dup/vec4;
    %pushi/vec4 13, 0, 4;
    %cmp/u;
    %jmp/1 T_0.13, 6;
    %dup/vec4;
    %pushi/vec4 14, 0, 4;
    %cmp/u;
    %jmp/1 T_0.14, 6;
    %dup/vec4;
    %pushi/vec4 15, 0, 4;
    %cmp/u;
    %jmp/1 T_0.15, 6;
    %pushi/vec4 0, 0, 1;
    %store/vec4 v0x557ae7f88f50_0, 0, 1;
    %jmp T_0.17;
T_0.0 ;
    %load/vec4 v0x557ae7f73200_0;
    %parti/s 1, 0, 2;
    %store/vec4 v0x557ae7f88f50_0, 0, 1;
    %jmp T_0.17;
T_0.1 ;
    %load/vec4 v0x557ae7f73200_0;
    %parti/s 1, 1, 2;
    %store/vec4 v0x557ae7f88f50_0, 0, 1;
    %jmp T_0.17;
T_0.2 ;
    %load/vec4 v0x557ae7f73200_0;
    %parti/s 1, 2, 3;
    %store/vec4 v0x557ae7f88f50_0, 0, 1;
    %jmp T_0.17;
T_0.3 ;
    %load/vec4 v0x557ae7f73200_0;
    %parti/s 1, 3, 3;
    %store/vec4 v0x557ae7f88f50_0, 0, 1;
    %jmp T_0.17;
T_0.4 ;
    %load/vec4 v0x557ae7f73200_0;
    %parti/s 1, 4, 4;
    %store/vec4 v0x557ae7f88f50_0, 0, 1;
    %jmp T_0.17;
T_0.5 ;
    %load/vec4 v0x557ae7f73200_0;
    %parti/s 1, 5, 4;
    %store/vec4 v0x557ae7f88f50_0, 0, 1;
    %jmp T_0.17;
T_0.6 ;
    %load/vec4 v0x557ae7f73200_0;
    %parti/s 1, 6, 4;
    %store/vec4 v0x557ae7f88f50_0, 0, 1;
    %jmp T_0.17;
T_0.7 ;
    %load/vec4 v0x557ae7f73200_0;
    %parti/s 1, 7, 4;
    %store/vec4 v0x557ae7f88f50_0, 0, 1;
    %jmp T_0.17;
T_0.8 ;
    %load/vec4 v0x557ae7f73200_0;
    %parti/s 1, 8, 5;
    %store/vec4 v0x557ae7f88f50_0, 0, 1;
    %jmp T_0.17;
T_0.9 ;
    %load/vec4 v0x557ae7f73200_0;
    %parti/s 1, 9, 5;
    %store/vec4 v0x557ae7f88f50_0, 0, 1;
    %jmp T_0.17;
T_0.10 ;
    %load/vec4 v0x557ae7f73200_0;
    %parti/s 1, 10, 5;
    %store/vec4 v0x557ae7f88f50_0, 0, 1;
    %jmp T_0.17;
T_0.11 ;
    %load/vec4 v0x557ae7f73200_0;
    %parti/s 1, 11, 5;
    %store/vec4 v0x557ae7f88f50_0, 0, 1;
    %jmp T_0.17;
T_0.12 ;
    %load/vec4 v0x557ae7f73200_0;
    %parti/s 1, 12, 5;
    %store/vec4 v0x557ae7f88f50_0, 0, 1;
    %jmp T_0.17;
T_0.13 ;
    %load/vec4 v0x557ae7f73200_0;
    %parti/s 1, 13, 5;
    %store/vec4 v0x557ae7f88f50_0, 0, 1;
    %jmp T_0.17;
T_0.14 ;
    %load/vec4 v0x557ae7f73200_0;
    %parti/s 1, 14, 5;
    %store/vec4 v0x557ae7f88f50_0, 0, 1;
    %jmp T_0.17;
T_0.15 ;
    %load/vec4 v0x557ae7f73200_0;
    %parti/s 1, 15, 5;
    %store/vec4 v0x557ae7f88f50_0, 0, 1;
    %jmp T_0.17;
T_0.17 ;
    %pop/vec4 1;
    %jmp T_0;
    .thread T_0, $push;
    .scope S_0x557ae7f3c560;
T_1 ;
    %vpi_call 2 14 "$dumpfile", "muxx.vcd" {0 0 0};
    %vpi_call 2 15 "$dumpvars", 32'sb00000000000000000000000000000000 {0 0 0};
    %vpi_call 2 16 "$monitor", $time, "data_out = %b", v0x557ae7f89240_0 {0 0 0};
    %pushi/vec4 1, 0, 16;
    %store/vec4 v0x557ae7f89150_0, 0, 16;
    %pushi/vec4 0, 0, 4;
    %store/vec4 v0x557ae7f89310_0, 0, 4;
    %delay 10, 0;
    %pushi/vec4 5, 0, 16;
    %store/vec4 v0x557ae7f89150_0, 0, 16;
    %pushi/vec4 5, 0, 4;
    %store/vec4 v0x557ae7f89310_0, 0, 4;
    %delay 10, 0;
    %vpi_call 2 25 "$finish" {0 0 0};
    %end;
    .thread T_1;
# The file index is used to find the file name in the following table.
:file_names 4;
    "N/A";
    "<interactive>";
    "tb_162mux.v";
    "162mux.v";
