#! /usr/bin/vvp
:ivl_version "10.3 (stable)";
:ivl_delay_selection "TYPICAL";
:vpi_time_precision + 0;
:vpi_module "system";
:vpi_module "vhdl_sys";
:vpi_module "v2005_math";
:vpi_module "va_math";
S_0x5628af04e4d0 .scope module, "lab2_1_tb" "lab2_1_tb" 2 1;
 .timescale 0 0;
v0x5628af094630_0 .net "Alarm", 0 0, L_0x5628af0949c0;  1 drivers
v0x5628af094700_0 .var "Headlight", 0 0;
v0x5628af0947d0_0 .var "Ignition", 0 0;
S_0x5628af04e650 .scope module, "dut2" "lab2_1" 2 6, 3 1 0, S_0x5628af04e4d0;
 .timescale 0 0;
    .port_info 0 /INPUT 1 "Headlight"
    .port_info 1 /INPUT 1 "Ignition"
    .port_info 2 /OUTPUT 1 "Alarm"
L_0x5628af0948d0 .functor NOT 1, v0x5628af0947d0_0, C4<0>, C4<0>, C4<0>;
L_0x5628af0949c0 .functor AND 1, v0x5628af094700_0, L_0x5628af0948d0, C4<1>, C4<1>;
v0x5628af0852b0_0 .net "Alarm", 0 0, L_0x5628af0949c0;  alias, 1 drivers
v0x5628af094370_0 .net "Headlight", 0 0, v0x5628af094700_0;  1 drivers
v0x5628af094430_0 .net "Ignition", 0 0, v0x5628af0947d0_0;  1 drivers
v0x5628af0944d0_0 .net *"_s0", 0 0, L_0x5628af0948d0;  1 drivers
    .scope S_0x5628af04e4d0;
T_0 ;
    %vpi_call 2 9 "$monitor", "Headlight=%b, Ignition=%b, Alarm=%b", v0x5628af094700_0, v0x5628af0947d0_0, v0x5628af094630_0 {0 0 0};
    %pushi/vec4 0, 0, 1;
    %store/vec4 v0x5628af094700_0, 0, 1;
    %pushi/vec4 0, 0, 1;
    %store/vec4 v0x5628af0947d0_0, 0, 1;
    %delay 10, 0;
    %pushi/vec4 1, 0, 1;
    %store/vec4 v0x5628af094700_0, 0, 1;
    %pushi/vec4 0, 0, 1;
    %store/vec4 v0x5628af0947d0_0, 0, 1;
    %delay 10, 0;
    %pushi/vec4 0, 0, 1;
    %store/vec4 v0x5628af094700_0, 0, 1;
    %pushi/vec4 1, 0, 1;
    %store/vec4 v0x5628af0947d0_0, 0, 1;
    %delay 10, 0;
    %pushi/vec4 1, 0, 1;
    %store/vec4 v0x5628af094700_0, 0, 1;
    %pushi/vec4 1, 0, 1;
    %store/vec4 v0x5628af0947d0_0, 0, 1;
    %delay 10, 0;
    %vpi_call 2 26 "$finish" {0 0 0};
    %end;
    .thread T_0;
# The file index is used to find the file name in the following table.
:file_names 4;
    "N/A";
    "<interactive>";
    "q1_tb.v";
    "q1.v";
