#! /usr/bin/vvp
:ivl_version "10.3 (stable)";
:ivl_delay_selection "TYPICAL";
:vpi_time_precision + 0;
:vpi_module "system";
:vpi_module "vhdl_sys";
:vpi_module "v2005_math";
:vpi_module "va_math";
S_0x562de004b4d0 .scope module, "q2_tb" "q2_tb" 2 1;
 .timescale 0 0;
v0x562de0095400_0 .var "a", 0 0;
v0x562de00954c0_0 .var "b", 0 0;
v0x562de0095590_0 .var "c", 0 0;
v0x562de0095690_0 .net "result", 0 0, L_0x562de0095c80;  1 drivers
S_0x562de004b650 .scope module, "uut" "q2" 2 5, 3 1 0, S_0x562de004b4d0;
 .timescale 0 0;
    .port_info 0 /INPUT 1 "a"
    .port_info 1 /INPUT 1 "b"
    .port_info 2 /INPUT 1 "c"
    .port_info 3 /OUTPUT 1 "result"
L_0x562de0095760 .functor NOT 1, v0x562de0095400_0, C4<0>, C4<0>, C4<0>;
L_0x562de0095800 .functor AND 1, L_0x562de0095760, v0x562de0095590_0, C4<1>, C4<1>;
L_0x562de0095910 .functor NOT 1, v0x562de00954c0_0, C4<0>, C4<0>, C4<0>;
L_0x562de00959d0 .functor AND 1, L_0x562de0095910, v0x562de0095590_0, C4<1>, C4<1>;
L_0x562de0095ac0 .functor OR 1, L_0x562de0095800, L_0x562de00959d0, C4<0>, C4<0>;
L_0x562de0095bd0 .functor NOT 1, v0x562de0095400_0, C4<0>, C4<0>, C4<0>;
L_0x562de0095c80 .functor OR 1, L_0x562de0095ac0, L_0x562de0095bd0, C4<0>, C4<0>;
v0x562de0082f30_0 .net *"_s0", 0 0, L_0x562de0095760;  1 drivers
v0x562de0094bf0_0 .net *"_s10", 0 0, L_0x562de0095bd0;  1 drivers
v0x562de0094cd0_0 .net *"_s2", 0 0, L_0x562de0095800;  1 drivers
v0x562de0094d90_0 .net *"_s4", 0 0, L_0x562de0095910;  1 drivers
v0x562de0094e70_0 .net *"_s6", 0 0, L_0x562de00959d0;  1 drivers
v0x562de0094fa0_0 .net *"_s8", 0 0, L_0x562de0095ac0;  1 drivers
v0x562de0095080_0 .net "a", 0 0, v0x562de0095400_0;  1 drivers
v0x562de0095140_0 .net "b", 0 0, v0x562de00954c0_0;  1 drivers
v0x562de0095200_0 .net "c", 0 0, v0x562de0095590_0;  1 drivers
v0x562de00952c0_0 .net "result", 0 0, L_0x562de0095c80;  alias, 1 drivers
    .scope S_0x562de004b4d0;
T_0 ;
    %vpi_call 2 8 "$dumpfile", "q2_str.vcd" {0 0 0};
    %vpi_call 2 9 "$dumpvars", 32'sb00000000000000000000000000000000 {0 0 0};
    %vpi_call 2 10 "$monitor", "Time=%0t a=%b b=%b c=%b result=%b", $time, v0x562de0095400_0, v0x562de00954c0_0, v0x562de0095590_0, v0x562de0095690_0 {0 0 0};
    %pushi/vec4 0, 0, 1;
    %store/vec4 v0x562de0095400_0, 0, 1;
    %pushi/vec4 0, 0, 1;
    %store/vec4 v0x562de00954c0_0, 0, 1;
    %pushi/vec4 0, 0, 1;
    %store/vec4 v0x562de0095590_0, 0, 1;
    %delay 10, 0;
    %pushi/vec4 1, 0, 1;
    %store/vec4 v0x562de0095400_0, 0, 1;
    %pushi/vec4 0, 0, 1;
    %store/vec4 v0x562de00954c0_0, 0, 1;
    %pushi/vec4 1, 0, 1;
    %store/vec4 v0x562de0095590_0, 0, 1;
    %delay 10, 0;
    %pushi/vec4 0, 0, 1;
    %store/vec4 v0x562de0095400_0, 0, 1;
    %pushi/vec4 1, 0, 1;
    %store/vec4 v0x562de00954c0_0, 0, 1;
    %pushi/vec4 1, 0, 1;
    %store/vec4 v0x562de0095590_0, 0, 1;
    %delay 10, 0;
    %pushi/vec4 1, 0, 1;
    %store/vec4 v0x562de0095400_0, 0, 1;
    %pushi/vec4 1, 0, 1;
    %store/vec4 v0x562de00954c0_0, 0, 1;
    %pushi/vec4 0, 0, 1;
    %store/vec4 v0x562de0095590_0, 0, 1;
    %delay 10, 0;
    %end;
    .thread T_0;
# The file index is used to find the file name in the following table.
:file_names 4;
    "N/A";
    "<interactive>";
    "q2_tb.v";
    "q2.v";
