#! /usr/bin/vvp
:ivl_version "10.3 (stable)";
:ivl_delay_selection "TYPICAL";
:vpi_time_precision + 0;
:vpi_module "system";
:vpi_module "vhdl_sys";
:vpi_module "v2005_math";
:vpi_module "va_math";
S_0x55c4e9a6d430 .scope module, "q2_tb_str" "q2_tb_str" 2 1;
 .timescale 0 0;
v0x55c4e9ab6ea0_0 .var "a", 0 0;
v0x55c4e9ab6f60_0 .var "b", 0 0;
v0x55c4e9ab7030_0 .var "c", 0 0;
v0x55c4e9ab7130_0 .net "result", 0 0, L_0x55c4e9ab7670;  1 drivers
S_0x55c4e9a6d5b0 .scope module, "uut" "q2_str" 2 5, 3 1 0, S_0x55c4e9a6d430;
 .timescale 0 0;
    .port_info 0 /INPUT 1 "a"
    .port_info 1 /INPUT 1 "b"
    .port_info 2 /INPUT 1 "c"
    .port_info 3 /OUTPUT 1 "result"
L_0x55c4e9ab7200 .functor NOT 1, v0x55c4e9ab6ea0_0, C4<0>, C4<0>, C4<0>;
L_0x55c4e9ab72a0 .functor NOT 1, v0x55c4e9ab6f60_0, C4<0>, C4<0>, C4<0>;
L_0x55c4e9ab7360 .functor AND 1, L_0x55c4e9ab7200, v0x55c4e9ab7030_0, C4<1>, C4<1>;
L_0x55c4e9ab7470 .functor AND 1, L_0x55c4e9ab72a0, v0x55c4e9ab7030_0, C4<1>, C4<1>;
L_0x55c4e9ab7560 .functor OR 1, L_0x55c4e9ab7360, L_0x55c4e9ab7470, C4<0>, C4<0>;
L_0x55c4e9ab7670 .functor OR 1, L_0x55c4e9ab7560, L_0x55c4e9ab7200, C4<0>, C4<0>;
v0x55c4e9aa4b90_0 .net "a", 0 0, v0x55c4e9ab6ea0_0;  1 drivers
v0x55c4e9ab67c0_0 .net "b", 0 0, v0x55c4e9ab6f60_0;  1 drivers
v0x55c4e9ab6880_0 .net "c", 0 0, v0x55c4e9ab7030_0;  1 drivers
v0x55c4e9ab6950_0 .net "result", 0 0, L_0x55c4e9ab7670;  alias, 1 drivers
v0x55c4e9ab6a10_0 .net "w1", 0 0, L_0x55c4e9ab7200;  1 drivers
v0x55c4e9ab6b20_0 .net "w2", 0 0, L_0x55c4e9ab72a0;  1 drivers
v0x55c4e9ab6be0_0 .net "w3", 0 0, L_0x55c4e9ab7360;  1 drivers
v0x55c4e9ab6ca0_0 .net "w4", 0 0, L_0x55c4e9ab7470;  1 drivers
v0x55c4e9ab6d60_0 .net "w5", 0 0, L_0x55c4e9ab7560;  1 drivers
    .scope S_0x55c4e9a6d430;
T_0 ;
    %vpi_call 2 8 "$monitor", "Time=%0t a=%b b=%b c=%b result=%b", $time, v0x55c4e9ab6ea0_0, v0x55c4e9ab6f60_0, v0x55c4e9ab7030_0, v0x55c4e9ab7130_0 {0 0 0};
    %pushi/vec4 0, 0, 1;
    %store/vec4 v0x55c4e9ab6ea0_0, 0, 1;
    %pushi/vec4 0, 0, 1;
    %store/vec4 v0x55c4e9ab6f60_0, 0, 1;
    %pushi/vec4 0, 0, 1;
    %store/vec4 v0x55c4e9ab7030_0, 0, 1;
    %delay 10, 0;
    %pushi/vec4 1, 0, 1;
    %store/vec4 v0x55c4e9ab6ea0_0, 0, 1;
    %pushi/vec4 0, 0, 1;
    %store/vec4 v0x55c4e9ab6f60_0, 0, 1;
    %pushi/vec4 1, 0, 1;
    %store/vec4 v0x55c4e9ab7030_0, 0, 1;
    %delay 10, 0;
    %pushi/vec4 0, 0, 1;
    %store/vec4 v0x55c4e9ab6ea0_0, 0, 1;
    %pushi/vec4 1, 0, 1;
    %store/vec4 v0x55c4e9ab6f60_0, 0, 1;
    %pushi/vec4 1, 0, 1;
    %store/vec4 v0x55c4e9ab7030_0, 0, 1;
    %delay 10, 0;
    %pushi/vec4 1, 0, 1;
    %store/vec4 v0x55c4e9ab6ea0_0, 0, 1;
    %pushi/vec4 1, 0, 1;
    %store/vec4 v0x55c4e9ab6f60_0, 0, 1;
    %pushi/vec4 0, 0, 1;
    %store/vec4 v0x55c4e9ab7030_0, 0, 1;
    %delay 10, 0;
    %end;
    .thread T_0;
# The file index is used to find the file name in the following table.
:file_names 4;
    "N/A";
    "<interactive>";
    "q2_tb_str.v";
    "q2_str.v";
