#! /usr/bin/vvp
:ivl_version "11.0 (stable)";
:ivl_delay_selection "TYPICAL";
:vpi_time_precision + 0;
:vpi_module "/usr/lib/x86_64-linux-gnu/ivl/system.vpi";
:vpi_module "/usr/lib/x86_64-linux-gnu/ivl/vhdl_sys.vpi";
:vpi_module "/usr/lib/x86_64-linux-gnu/ivl/vhdl_textio.vpi";
:vpi_module "/usr/lib/x86_64-linux-gnu/ivl/v2005_math.vpi";
:vpi_module "/usr/lib/x86_64-linux-gnu/ivl/va_math.vpi";
S_0x56470d22fd40 .scope module, "testbench" "testbench" 2 1;
 .timescale 0 0;
v0x56470d247610_0 .var "clk", 0 0;
v0x56470d2476d0_0 .var "enable", 0 0;
v0x56470d2477a0_0 .var "parallel_in", 7 0;
v0x56470d2478a0_0 .net "parallel_out", 7 0, v0x56470d247380_0;  1 drivers
v0x56470d247970_0 .var "reset", 0 0;
E_0x56470d22f090 .event edge, v0x56470d247380_0, v0x56470d2471d0_0, v0x56470d247290_0, v0x56470d21f4d0_0;
S_0x56470d22ff00 .scope module, "dut" "piporegister" 2 9, 3 1 0, S_0x56470d22fd40;
 .timescale 0 0;
    .port_info 0 /INPUT 1 "clk";
    .port_info 1 /INPUT 1 "reset";
    .port_info 2 /INPUT 8 "parallel_in";
    .port_info 3 /INPUT 1 "enable";
    .port_info 4 /OUTPUT 8 "parallel_out";
v0x56470d21f4d0_0 .net "clk", 0 0, v0x56470d247610_0;  1 drivers
v0x56470d2471d0_0 .net "enable", 0 0, v0x56470d2476d0_0;  1 drivers
v0x56470d247290_0 .net "parallel_in", 7 0, v0x56470d2477a0_0;  1 drivers
v0x56470d247380_0 .var "parallel_out", 7 0;
v0x56470d247460_0 .net "reset", 0 0, v0x56470d247970_0;  1 drivers
E_0x56470d1f6480 .event posedge, v0x56470d247460_0, v0x56470d21f4d0_0;
    .scope S_0x56470d22ff00;
T_0 ;
    %wait E_0x56470d1f6480;
    %load/vec4 v0x56470d247460_0;
    %flag_set/vec4 8;
    %jmp/0xz  T_0.0, 8;
    %pushi/vec4 0, 0, 8;
    %assign/vec4 v0x56470d247380_0, 0;
    %jmp T_0.1;
T_0.0 ;
    %load/vec4 v0x56470d2471d0_0;
    %flag_set/vec4 8;
    %jmp/0xz  T_0.2, 8;
    %load/vec4 v0x56470d247290_0;
    %assign/vec4 v0x56470d247380_0, 0;
T_0.2 ;
T_0.1 ;
    %jmp T_0;
    .thread T_0;
    .scope S_0x56470d22fd40;
T_1 ;
    %pushi/vec4 0, 0, 1;
    %store/vec4 v0x56470d247610_0, 0, 1;
    %pushi/vec4 1, 0, 1;
    %store/vec4 v0x56470d247970_0, 0, 1;
    %pushi/vec4 0, 0, 8;
    %store/vec4 v0x56470d2477a0_0, 0, 8;
    %pushi/vec4 0, 0, 1;
    %store/vec4 v0x56470d2476d0_0, 0, 1;
    %delay 10, 0;
    %pushi/vec4 0, 0, 1;
    %store/vec4 v0x56470d247970_0, 0, 1;
    %pushi/vec4 1, 0, 8;
    %store/vec4 v0x56470d2477a0_0, 0, 8;
    %pushi/vec4 1, 0, 1;
    %store/vec4 v0x56470d2476d0_0, 0, 1;
    %delay 10, 0;
    %pushi/vec4 0, 0, 1;
    %store/vec4 v0x56470d2476d0_0, 0, 1;
    %delay 10, 0;
    %pushi/vec4 10, 0, 8;
    %store/vec4 v0x56470d2477a0_0, 0, 8;
    %pushi/vec4 1, 0, 1;
    %store/vec4 v0x56470d2476d0_0, 0, 1;
    %delay 10, 0;
    %pushi/vec4 0, 0, 1;
    %store/vec4 v0x56470d2476d0_0, 0, 1;
    %delay 10, 0;
    %pushi/vec4 255, 0, 8;
    %store/vec4 v0x56470d2477a0_0, 0, 8;
    %pushi/vec4 1, 0, 1;
    %store/vec4 v0x56470d2476d0_0, 0, 1;
    %delay 10, 0;
    %pushi/vec4 0, 0, 1;
    %store/vec4 v0x56470d2476d0_0, 0, 1;
    %delay 10, 0;
    %pushi/vec4 12, 0, 8;
    %store/vec4 v0x56470d2477a0_0, 0, 8;
    %pushi/vec4 1, 0, 1;
    %store/vec4 v0x56470d2476d0_0, 0, 1;
    %delay 10, 0;
    %pushi/vec4 0, 0, 1;
    %store/vec4 v0x56470d2476d0_0, 0, 1;
    %delay 10, 0;
    %pushi/vec4 170, 0, 8;
    %store/vec4 v0x56470d2477a0_0, 0, 8;
    %pushi/vec4 1, 0, 1;
    %store/vec4 v0x56470d2476d0_0, 0, 1;
    %delay 10, 0;
    %pushi/vec4 0, 0, 1;
    %store/vec4 v0x56470d2476d0_0, 0, 1;
    %delay 10, 0;
    %vpi_call 2 60 "$finish" {0 0 0};
    %end;
    .thread T_1;
    .scope S_0x56470d22fd40;
T_2 ;
    %delay 5, 0;
    %load/vec4 v0x56470d247610_0;
    %inv;
    %store/vec4 v0x56470d247610_0, 0, 1;
    %jmp T_2;
    .thread T_2;
    .scope S_0x56470d22fd40;
T_3 ;
    %wait E_0x56470d22f090;
    %vpi_call 2 67 "$display", "Time=%0t: clk=%b, parallel_in=%b, enable=%b, parallel_out=%b", $time, v0x56470d247610_0, v0x56470d2477a0_0, v0x56470d2476d0_0, v0x56470d2478a0_0 {0 0 0};
    %jmp T_3;
    .thread T_3, $push;
# The file index is used to find the file name in the following table.
:file_names 4;
    "N/A";
    "<interactive>";
    "pipos_tb.v";
    "pipos.v";
