#! /usr/bin/vvp
:ivl_version "10.3 (stable)";
:ivl_delay_selection "TYPICAL";
:vpi_time_precision + 0;
:vpi_module "system";
:vpi_module "vhdl_sys";
:vpi_module "v2005_math";
:vpi_module "va_math";
S_0x559441b4b430 .scope module, "lc2_tb" "lc2_tb" 2 1;
 .timescale 0 0;
v0x559441ba1d30_0 .var "a", 0 0;
v0x559441ba1df0_0 .var "b", 0 0;
v0x559441ba1ec0_0 .var "c", 0 0;
v0x559441ba1fc0_0 .var "d", 0 0;
v0x559441ba2090_0 .net "q", 0 0, L_0x559441ba2860;  1 drivers
v0x559441ba2130_0 .net "w", 0 0, L_0x559441ba2470;  1 drivers
v0x559441ba2200_0 .net "x", 0 0, L_0x559441ba2580;  1 drivers
v0x559441ba22d0_0 .net "y", 0 0, L_0x559441ba2690;  1 drivers
v0x559441ba23a0_0 .net "z", 0 0, L_0x559441ba2750;  1 drivers
S_0x559441b4b5b0 .scope module, "uut" "lc2" 2 5, 3 1 0, S_0x559441b4b430;
 .timescale 0 0;
    .port_info 0 /INPUT 1 "a"
    .port_info 1 /INPUT 1 "b"
    .port_info 2 /INPUT 1 "c"
    .port_info 3 /INPUT 1 "d"
    .port_info 4 /OUTPUT 1 "w"
    .port_info 5 /OUTPUT 1 "x"
    .port_info 6 /OUTPUT 1 "y"
    .port_info 7 /OUTPUT 1 "z"
    .port_info 8 /OUTPUT 1 "q"
L_0x559441ba2470 .functor AND 1, v0x559441ba1d30_0, v0x559441ba1df0_0, C4<1>, C4<1>;
L_0x559441ba2580 .functor NOT 1, v0x559441ba1ec0_0, C4<0>, C4<0>, C4<0>;
L_0x559441ba2690 .functor OR 1, L_0x559441ba2470, L_0x559441ba2580, C4<0>, C4<0>;
L_0x559441ba2750 .functor AND 1, L_0x559441ba2690, v0x559441ba1fc0_0, C4<1>, C4<1>;
L_0x559441ba2860 .functor NOT 1, L_0x559441ba2750, C4<0>, C4<0>, C4<0>;
v0x559441b89820_0 .net "a", 0 0, v0x559441ba1d30_0;  1 drivers
v0x559441ba15e0_0 .net "b", 0 0, v0x559441ba1df0_0;  1 drivers
v0x559441ba16a0_0 .net "c", 0 0, v0x559441ba1ec0_0;  1 drivers
v0x559441ba1740_0 .net "d", 0 0, v0x559441ba1fc0_0;  1 drivers
v0x559441ba1800_0 .net "q", 0 0, L_0x559441ba2860;  alias, 1 drivers
v0x559441ba1910_0 .net "w", 0 0, L_0x559441ba2470;  alias, 1 drivers
v0x559441ba19d0_0 .net "x", 0 0, L_0x559441ba2580;  alias, 1 drivers
v0x559441ba1a90_0 .net "y", 0 0, L_0x559441ba2690;  alias, 1 drivers
v0x559441ba1b50_0 .net "z", 0 0, L_0x559441ba2750;  alias, 1 drivers
    .scope S_0x559441b4b430;
T_0 ;
    %vpi_call 2 8 "$dumpfile", "lc2.vcd" {0 0 0};
    %vpi_call 2 9 "$dumpvars", 32'sb00000000000000000000000000000000, S_0x559441b4b430 {0 0 0};
    %pushi/vec4 0, 0, 1;
    %store/vec4 v0x559441ba1d30_0, 0, 1;
    %pushi/vec4 0, 0, 1;
    %store/vec4 v0x559441ba1df0_0, 0, 1;
    %pushi/vec4 0, 0, 1;
    %store/vec4 v0x559441ba1ec0_0, 0, 1;
    %pushi/vec4 0, 0, 1;
    %store/vec4 v0x559441ba1fc0_0, 0, 1;
    %delay 10, 0;
    %vpi_call 2 12 "$display", "a | b | c | d | w | x | y | z | Output" {0 0 0};
    %vpi_call 2 14 "$display", "%b | %b | %b | %b | %b | %b | %b | %b | %b", v0x559441ba1d30_0, v0x559441ba1df0_0, v0x559441ba1ec0_0, v0x559441ba1fc0_0, v0x559441ba2130_0, v0x559441ba2200_0, v0x559441ba22d0_0, v0x559441ba23a0_0, v0x559441ba2090_0 {0 0 0};
    %pushi/vec4 0, 0, 1;
    %store/vec4 v0x559441ba1d30_0, 0, 1;
    %pushi/vec4 0, 0, 1;
    %store/vec4 v0x559441ba1df0_0, 0, 1;
    %pushi/vec4 0, 0, 1;
    %store/vec4 v0x559441ba1ec0_0, 0, 1;
    %pushi/vec4 1, 0, 1;
    %store/vec4 v0x559441ba1fc0_0, 0, 1;
    %delay 10, 0;
    %vpi_call 2 17 "$display", "%b | %b | %b | %b | %b | %b | %b | %b | %b", v0x559441ba1d30_0, v0x559441ba1df0_0, v0x559441ba1ec0_0, v0x559441ba1fc0_0, v0x559441ba2130_0, v0x559441ba2200_0, v0x559441ba22d0_0, v0x559441ba23a0_0, v0x559441ba2090_0 {0 0 0};
    %pushi/vec4 0, 0, 1;
    %store/vec4 v0x559441ba1d30_0, 0, 1;
    %pushi/vec4 0, 0, 1;
    %store/vec4 v0x559441ba1df0_0, 0, 1;
    %pushi/vec4 1, 0, 1;
    %store/vec4 v0x559441ba1ec0_0, 0, 1;
    %pushi/vec4 0, 0, 1;
    %store/vec4 v0x559441ba1fc0_0, 0, 1;
    %delay 10, 0;
    %vpi_call 2 20 "$display", "%b | %b | %b | %b | %b | %b | %b | %b | %b", v0x559441ba1d30_0, v0x559441ba1df0_0, v0x559441ba1ec0_0, v0x559441ba1fc0_0, v0x559441ba2130_0, v0x559441ba2200_0, v0x559441ba22d0_0, v0x559441ba23a0_0, v0x559441ba2090_0 {0 0 0};
    %pushi/vec4 0, 0, 1;
    %store/vec4 v0x559441ba1d30_0, 0, 1;
    %pushi/vec4 0, 0, 1;
    %store/vec4 v0x559441ba1df0_0, 0, 1;
    %pushi/vec4 1, 0, 1;
    %store/vec4 v0x559441ba1ec0_0, 0, 1;
    %pushi/vec4 1, 0, 1;
    %store/vec4 v0x559441ba1fc0_0, 0, 1;
    %delay 10, 0;
    %vpi_call 2 23 "$display", "%b | %b | %b | %b | %b | %b | %b | %b | %b", v0x559441ba1d30_0, v0x559441ba1df0_0, v0x559441ba1ec0_0, v0x559441ba1fc0_0, v0x559441ba2130_0, v0x559441ba2200_0, v0x559441ba22d0_0, v0x559441ba23a0_0, v0x559441ba2090_0 {0 0 0};
    %pushi/vec4 0, 0, 1;
    %store/vec4 v0x559441ba1d30_0, 0, 1;
    %pushi/vec4 1, 0, 1;
    %store/vec4 v0x559441ba1df0_0, 0, 1;
    %pushi/vec4 0, 0, 1;
    %store/vec4 v0x559441ba1ec0_0, 0, 1;
    %pushi/vec4 0, 0, 1;
    %store/vec4 v0x559441ba1fc0_0, 0, 1;
    %delay 10, 0;
    %vpi_call 2 26 "$display", "%b | %b | %b | %b | %b | %b | %b | %b | %b", v0x559441ba1d30_0, v0x559441ba1df0_0, v0x559441ba1ec0_0, v0x559441ba1fc0_0, v0x559441ba2130_0, v0x559441ba2200_0, v0x559441ba22d0_0, v0x559441ba23a0_0, v0x559441ba2090_0 {0 0 0};
    %pushi/vec4 0, 0, 1;
    %store/vec4 v0x559441ba1d30_0, 0, 1;
    %pushi/vec4 1, 0, 1;
    %store/vec4 v0x559441ba1df0_0, 0, 1;
    %pushi/vec4 0, 0, 1;
    %store/vec4 v0x559441ba1ec0_0, 0, 1;
    %pushi/vec4 1, 0, 1;
    %store/vec4 v0x559441ba1fc0_0, 0, 1;
    %delay 10, 0;
    %vpi_call 2 29 "$display", "%b | %b | %b | %b | %b | %b | %b | %b | %b", v0x559441ba1d30_0, v0x559441ba1df0_0, v0x559441ba1ec0_0, v0x559441ba1fc0_0, v0x559441ba2130_0, v0x559441ba2200_0, v0x559441ba22d0_0, v0x559441ba23a0_0, v0x559441ba2090_0 {0 0 0};
    %pushi/vec4 0, 0, 1;
    %store/vec4 v0x559441ba1d30_0, 0, 1;
    %pushi/vec4 1, 0, 1;
    %store/vec4 v0x559441ba1df0_0, 0, 1;
    %pushi/vec4 1, 0, 1;
    %store/vec4 v0x559441ba1ec0_0, 0, 1;
    %pushi/vec4 0, 0, 1;
    %store/vec4 v0x559441ba1fc0_0, 0, 1;
    %delay 10, 0;
    %vpi_call 2 32 "$display", "%b | %b | %b | %b | %b | %b | %b | %b | %b", v0x559441ba1d30_0, v0x559441ba1df0_0, v0x559441ba1ec0_0, v0x559441ba1fc0_0, v0x559441ba2130_0, v0x559441ba2200_0, v0x559441ba22d0_0, v0x559441ba23a0_0, v0x559441ba2090_0 {0 0 0};
    %pushi/vec4 0, 0, 1;
    %store/vec4 v0x559441ba1d30_0, 0, 1;
    %pushi/vec4 1, 0, 1;
    %store/vec4 v0x559441ba1df0_0, 0, 1;
    %pushi/vec4 1, 0, 1;
    %store/vec4 v0x559441ba1ec0_0, 0, 1;
    %pushi/vec4 1, 0, 1;
    %store/vec4 v0x559441ba1fc0_0, 0, 1;
    %delay 10, 0;
    %vpi_call 2 35 "$display", "%b | %b | %b | %b | %b | %b | %b | %b | %b", v0x559441ba1d30_0, v0x559441ba1df0_0, v0x559441ba1ec0_0, v0x559441ba1fc0_0, v0x559441ba2130_0, v0x559441ba2200_0, v0x559441ba22d0_0, v0x559441ba23a0_0, v0x559441ba2090_0 {0 0 0};
    %end;
    .thread T_0;
# The file index is used to find the file name in the following table.
:file_names 4;
    "N/A";
    "<interactive>";
    "lc2_tb.v";
    "lc2.v";
