#! /usr/bin/vvp
:ivl_version "10.3 (stable)";
:ivl_delay_selection "TYPICAL";
:vpi_time_precision + 0;
:vpi_module "system";
:vpi_module "vhdl_sys";
:vpi_module "v2005_math";
:vpi_module "va_math";
S_0x561a4ca9e4d0 .scope module, "lc3_tb" "lc3_tb" 2 1;
 .timescale 0 0;
v0x561a4caf2380_0 .var "a", 0 0;
v0x561a4caf2440_0 .var "b", 0 0;
v0x561a4caf24e0_0 .var "c", 0 0;
v0x561a4caf25e0_0 .net "q", 0 0, L_0x561a4caf2d90;  1 drivers
v0x561a4caf26b0_0 .net "w", 0 0, L_0x561a4caf29c0;  1 drivers
v0x561a4caf2750_0 .net "x", 0 0, L_0x561a4caf2b20;  1 drivers
v0x561a4caf2820_0 .net "y", 0 0, L_0x561a4caf2c30;  1 drivers
v0x561a4caf28f0_0 .net "z", 0 0, L_0x561a4caf2cf0;  1 drivers
S_0x561a4ca9e650 .scope module, "uut" "lc3" 2 5, 3 1 0, S_0x561a4ca9e4d0;
 .timescale 0 0;
    .port_info 0 /INPUT 1 "a"
    .port_info 1 /INPUT 1 "b"
    .port_info 2 /INPUT 1 "c"
    .port_info 3 /OUTPUT 1 "w"
    .port_info 4 /OUTPUT 1 "x"
    .port_info 5 /OUTPUT 1 "y"
    .port_info 6 /OUTPUT 1 "z"
    .port_info 7 /OUTPUT 1 "q"
L_0x561a4caf29c0 .functor AND 1, v0x561a4caf2380_0, v0x561a4caf2440_0, C4<1>, C4<1>;
L_0x561a4caf2b20 .functor OR 1, v0x561a4caf2440_0, v0x561a4caf24e0_0, C4<0>, C4<0>;
L_0x561a4caf2c30 .functor AND 1, v0x561a4caf24e0_0, v0x561a4caf2440_0, C4<1>, C4<1>;
L_0x561a4caf2cf0 .functor AND 1, L_0x561a4caf2b20, L_0x561a4caf2c30, C4<1>, C4<1>;
L_0x561a4caf2d90 .functor OR 1, L_0x561a4caf29c0, L_0x561a4caf2cf0, C4<0>, C4<0>;
v0x561a4cadb330_0 .net "a", 0 0, v0x561a4caf2380_0;  1 drivers
v0x561a4caf1cc0_0 .net "b", 0 0, v0x561a4caf2440_0;  1 drivers
v0x561a4caf1d80_0 .net "c", 0 0, v0x561a4caf24e0_0;  1 drivers
v0x561a4caf1e20_0 .net "q", 0 0, L_0x561a4caf2d90;  alias, 1 drivers
v0x561a4caf1ee0_0 .net "w", 0 0, L_0x561a4caf29c0;  alias, 1 drivers
v0x561a4caf1ff0_0 .net "x", 0 0, L_0x561a4caf2b20;  alias, 1 drivers
v0x561a4caf20b0_0 .net "y", 0 0, L_0x561a4caf2c30;  alias, 1 drivers
v0x561a4caf2170_0 .net "z", 0 0, L_0x561a4caf2cf0;  alias, 1 drivers
    .scope S_0x561a4ca9e4d0;
T_0 ;
    %vpi_call 2 8 "$dumpfile", "lc3.vcd" {0 0 0};
    %vpi_call 2 9 "$dumpvars", 32'sb00000000000000000000000000000000, S_0x561a4ca9e4d0 {0 0 0};
    %pushi/vec4 0, 0, 1;
    %store/vec4 v0x561a4caf2380_0, 0, 1;
    %pushi/vec4 0, 0, 1;
    %store/vec4 v0x561a4caf2440_0, 0, 1;
    %pushi/vec4 0, 0, 1;
    %store/vec4 v0x561a4caf24e0_0, 0, 1;
    %delay 10, 0;
    %vpi_call 2 12 "$display", "a | b | c | w | x | y | z | Output" {0 0 0};
    %vpi_call 2 13 "$display", "%b | %b | %b | %b | %b | %b | %b | %b", v0x561a4caf2380_0, v0x561a4caf2440_0, v0x561a4caf24e0_0, v0x561a4caf26b0_0, v0x561a4caf2750_0, v0x561a4caf2820_0, v0x561a4caf28f0_0, v0x561a4caf25e0_0 {0 0 0};
    %pushi/vec4 0, 0, 1;
    %store/vec4 v0x561a4caf2380_0, 0, 1;
    %pushi/vec4 0, 0, 1;
    %store/vec4 v0x561a4caf2440_0, 0, 1;
    %pushi/vec4 1, 0, 1;
    %store/vec4 v0x561a4caf24e0_0, 0, 1;
    %delay 10, 0;
    %vpi_call 2 16 "$display", "%b | %b | %b | %b | %b | %b | %b | %b", v0x561a4caf2380_0, v0x561a4caf2440_0, v0x561a4caf24e0_0, v0x561a4caf26b0_0, v0x561a4caf2750_0, v0x561a4caf2820_0, v0x561a4caf28f0_0, v0x561a4caf25e0_0 {0 0 0};
    %pushi/vec4 0, 0, 1;
    %store/vec4 v0x561a4caf2380_0, 0, 1;
    %pushi/vec4 1, 0, 1;
    %store/vec4 v0x561a4caf2440_0, 0, 1;
    %pushi/vec4 0, 0, 1;
    %store/vec4 v0x561a4caf24e0_0, 0, 1;
    %delay 10, 0;
    %vpi_call 2 19 "$display", "%b | %b | %b | %b | %b | %b | %b | %b", v0x561a4caf2380_0, v0x561a4caf2440_0, v0x561a4caf24e0_0, v0x561a4caf26b0_0, v0x561a4caf2750_0, v0x561a4caf2820_0, v0x561a4caf28f0_0, v0x561a4caf25e0_0 {0 0 0};
    %pushi/vec4 0, 0, 1;
    %store/vec4 v0x561a4caf2380_0, 0, 1;
    %pushi/vec4 1, 0, 1;
    %store/vec4 v0x561a4caf2440_0, 0, 1;
    %pushi/vec4 1, 0, 1;
    %store/vec4 v0x561a4caf24e0_0, 0, 1;
    %delay 10, 0;
    %vpi_call 2 22 "$display", "%b | %b | %b | %b | %b | %b | %b | %b", v0x561a4caf2380_0, v0x561a4caf2440_0, v0x561a4caf24e0_0, v0x561a4caf26b0_0, v0x561a4caf2750_0, v0x561a4caf2820_0, v0x561a4caf28f0_0, v0x561a4caf25e0_0 {0 0 0};
    %pushi/vec4 1, 0, 1;
    %store/vec4 v0x561a4caf2380_0, 0, 1;
    %pushi/vec4 0, 0, 1;
    %store/vec4 v0x561a4caf2440_0, 0, 1;
    %pushi/vec4 0, 0, 1;
    %store/vec4 v0x561a4caf24e0_0, 0, 1;
    %delay 10, 0;
    %vpi_call 2 25 "$display", "%b | %b | %b | %b | %b | %b | %b | %b", v0x561a4caf2380_0, v0x561a4caf2440_0, v0x561a4caf24e0_0, v0x561a4caf26b0_0, v0x561a4caf2750_0, v0x561a4caf2820_0, v0x561a4caf28f0_0, v0x561a4caf25e0_0 {0 0 0};
    %pushi/vec4 1, 0, 1;
    %store/vec4 v0x561a4caf2380_0, 0, 1;
    %pushi/vec4 0, 0, 1;
    %store/vec4 v0x561a4caf2440_0, 0, 1;
    %pushi/vec4 1, 0, 1;
    %store/vec4 v0x561a4caf24e0_0, 0, 1;
    %delay 10, 0;
    %vpi_call 2 28 "$display", "%b | %b | %b | %b | %b | %b | %b | %b", v0x561a4caf2380_0, v0x561a4caf2440_0, v0x561a4caf24e0_0, v0x561a4caf26b0_0, v0x561a4caf2750_0, v0x561a4caf2820_0, v0x561a4caf28f0_0, v0x561a4caf25e0_0 {0 0 0};
    %pushi/vec4 1, 0, 1;
    %store/vec4 v0x561a4caf2380_0, 0, 1;
    %pushi/vec4 1, 0, 1;
    %store/vec4 v0x561a4caf2440_0, 0, 1;
    %pushi/vec4 0, 0, 1;
    %store/vec4 v0x561a4caf24e0_0, 0, 1;
    %delay 10, 0;
    %vpi_call 2 31 "$display", "%b | %b | %b | %b | %b | %b | %b | %b", v0x561a4caf2380_0, v0x561a4caf2440_0, v0x561a4caf24e0_0, v0x561a4caf26b0_0, v0x561a4caf2750_0, v0x561a4caf2820_0, v0x561a4caf28f0_0, v0x561a4caf25e0_0 {0 0 0};
    %pushi/vec4 1, 0, 1;
    %store/vec4 v0x561a4caf2380_0, 0, 1;
    %pushi/vec4 1, 0, 1;
    %store/vec4 v0x561a4caf2440_0, 0, 1;
    %pushi/vec4 1, 0, 1;
    %store/vec4 v0x561a4caf24e0_0, 0, 1;
    %delay 10, 0;
    %vpi_call 2 34 "$display", "%b | %b | %b | %b | %b | %b | %b | %b", v0x561a4caf2380_0, v0x561a4caf2440_0, v0x561a4caf24e0_0, v0x561a4caf26b0_0, v0x561a4caf2750_0, v0x561a4caf2820_0, v0x561a4caf28f0_0, v0x561a4caf25e0_0 {0 0 0};
    %end;
    .thread T_0;
# The file index is used to find the file name in the following table.
:file_names 4;
    "N/A";
    "<interactive>";
    "lc3_tb.v";
    "lc3.v";
