#! /usr/bin/vvp
:ivl_version "11.0 (stable)";
:ivl_delay_selection "TYPICAL";
:vpi_time_precision + 0;
:vpi_module "/usr/lib/x86_64-linux-gnu/ivl/system.vpi";
:vpi_module "/usr/lib/x86_64-linux-gnu/ivl/vhdl_sys.vpi";
:vpi_module "/usr/lib/x86_64-linux-gnu/ivl/vhdl_textio.vpi";
:vpi_module "/usr/lib/x86_64-linux-gnu/ivl/v2005_math.vpi";
:vpi_module "/usr/lib/x86_64-linux-gnu/ivl/va_math.vpi";
S_0x55e05246d7c0 .scope module, "MatrixMultiplier_Testbench" "MatrixMultiplier_Testbench" 2 1;
 .timescale 0 0;
v0x55e05249a330_0 .var/s "a_imag", 7 0;
v0x55e05249a460_0 .var/s "a_real", 7 0;
v0x55e05249a570_0 .var/s "b_imag", 7 0;
v0x55e05249a660_0 .var/s "b_real", 7 0;
RS_0x7f78554690d8 .resolv tri, v0x55e052499000_0, v0x55e05249a0f0_0;
v0x55e05249a770_0 .net8/s "result_imag", 15 0, RS_0x7f78554690d8;  2 drivers
RS_0x7f7855469108 .resolv tri, v0x55e052499130_0, v0x55e05249a1e0_0;
v0x55e05249a8d0_0 .net8/s "result_real", 15 0, RS_0x7f7855469108;  2 drivers
S_0x55e05247d5e0 .scope module, "uut_fixed" "MatrixMultiplier" 2 7, 3 1 0, S_0x55e05246d7c0;
 .timescale 0 0;
    .port_info 0 /INPUT 8 "a_real";
    .port_info 1 /INPUT 8 "a_imag";
    .port_info 2 /INPUT 8 "b_real";
    .port_info 3 /INPUT 8 "b_imag";
    .port_info 4 /OUTPUT 16 "result_real";
    .port_info 5 /OUTPUT 16 "result_imag";
P_0x55e05247d7c0 .param/l "USE_FLOAT" 0 3 1, +C4<00000000000000000000000000000000>;
v0x55e05243ff00_0 .net/s "a_imag", 7 0, v0x55e05249a330_0;  1 drivers
v0x55e052498d80_0 .net/s "a_real", 7 0, v0x55e05249a460_0;  1 drivers
v0x55e052498e60_0 .net/s "b_imag", 7 0, v0x55e05249a570_0;  1 drivers
v0x55e052498f20_0 .net/s "b_real", 7 0, v0x55e05249a660_0;  1 drivers
v0x55e052499000_0 .var/s "result_imag", 15 0;
v0x55e052499130_0 .var/s "result_real", 15 0;
S_0x55e05243fcf0 .scope generate, "genblk2" "genblk2" 3 10, 3 10 0, S_0x55e05247d5e0;
 .timescale 0 0;
E_0x55e0524797c0 .event edge, v0x55e052498d80_0, v0x55e052498f20_0, v0x55e05243ff00_0, v0x55e052498e60_0;
S_0x55e0524992d0 .scope module, "uut_float" "MatrixMultiplier" 2 17, 3 1 0, S_0x55e05246d7c0;
 .timescale 0 0;
    .port_info 0 /INPUT 8 "a_real";
    .port_info 1 /INPUT 8 "a_imag";
    .port_info 2 /INPUT 8 "b_real";
    .port_info 3 /INPUT 8 "b_imag";
    .port_info 4 /OUTPUT 16 "result_real";
    .port_info 5 /OUTPUT 16 "result_imag";
P_0x55e0524994d0 .param/l "USE_FLOAT" 0 3 1, +C4<00000000000000000000000000000001>;
v0x55e052499d70_0 .net/s "a_imag", 7 0, v0x55e05249a330_0;  alias, 1 drivers
v0x55e052499e50_0 .net/s "a_real", 7 0, v0x55e05249a460_0;  alias, 1 drivers
v0x55e052499f20_0 .net/s "b_imag", 7 0, v0x55e05249a570_0;  alias, 1 drivers
v0x55e05249a020_0 .net/s "b_real", 7 0, v0x55e05249a660_0;  alias, 1 drivers
v0x55e05249a0f0_0 .var/s "result_imag", 15 0;
v0x55e05249a1e0_0 .var/s "result_real", 15 0;
S_0x55e052499610 .scope generate, "genblk1" "genblk1" 3 10, 3 10 0, S_0x55e0524992d0;
 .timescale 0 0;
v0x55e052499870_0 .var/real "a_imag_float", 0 0;
v0x55e052499950_0 .var/real "a_real_float", 0 0;
v0x55e052499a10_0 .var/real "b_imag_float", 0 0;
v0x55e052499ae0_0 .var/real "b_real_float", 0 0;
v0x55e052499ba0_0 .var/real "result_imag_float", 0 0;
v0x55e052499cb0_0 .var/real "result_real_float", 0 0;
E_0x55e0524639b0/0 .event edge, v0x55e052498d80_0, v0x55e05243ff00_0, v0x55e052498f20_0, v0x55e052498e60_0;
E_0x55e0524639b0/1 .event edge, v0x55e052499950_0, v0x55e052499ae0_0, v0x55e052499870_0, v0x55e052499a10_0;
E_0x55e0524639b0/2 .event edge, v0x55e052499cb0_0, v0x55e052499ba0_0;
E_0x55e0524639b0 .event/or E_0x55e0524639b0/0, E_0x55e0524639b0/1, E_0x55e0524639b0/2;
    .scope S_0x55e05243fcf0;
T_0 ;
    %wait E_0x55e0524797c0;
    %load/vec4 v0x55e052498d80_0;
    %pad/s 16;
    %load/vec4 v0x55e052498f20_0;
    %pad/s 16;
    %mul;
    %load/vec4 v0x55e05243ff00_0;
    %pad/s 16;
    %load/vec4 v0x55e052498e60_0;
    %pad/s 16;
    %mul;
    %sub;
    %store/vec4 v0x55e052499130_0, 0, 16;
    %load/vec4 v0x55e052498d80_0;
    %pad/s 16;
    %load/vec4 v0x55e052498e60_0;
    %pad/s 16;
    %mul;
    %load/vec4 v0x55e05243ff00_0;
    %pad/s 16;
    %load/vec4 v0x55e052498f20_0;
    %pad/s 16;
    %mul;
    %add;
    %store/vec4 v0x55e052499000_0, 0, 16;
    %jmp T_0;
    .thread T_0, $push;
    .scope S_0x55e052499610;
T_1 ;
    %wait E_0x55e0524639b0;
    %load/vec4 v0x55e052499e50_0;
    %cvt/rv/s;
    %store/real v0x55e052499950_0;
    %load/vec4 v0x55e052499d70_0;
    %cvt/rv/s;
    %store/real v0x55e052499870_0;
    %load/vec4 v0x55e05249a020_0;
    %cvt/rv/s;
    %store/real v0x55e052499ae0_0;
    %load/vec4 v0x55e052499f20_0;
    %cvt/rv/s;
    %store/real v0x55e052499a10_0;
    %load/real v0x55e052499950_0;
    %load/real v0x55e052499ae0_0;
    %mul/wr;
    %load/real v0x55e052499870_0;
    %load/real v0x55e052499a10_0;
    %mul/wr;
    %sub/wr;
    %store/real v0x55e052499cb0_0;
    %load/real v0x55e052499950_0;
    %load/real v0x55e052499a10_0;
    %mul/wr;
    %load/real v0x55e052499870_0;
    %load/real v0x55e052499ae0_0;
    %mul/wr;
    %add/wr;
    %store/real v0x55e052499ba0_0;
    %vpi_func 3 23 "$rtoi" 32, v0x55e052499cb0_0 {0 0 0};
    %pad/s 16;
    %store/vec4 v0x55e05249a1e0_0, 0, 16;
    %vpi_func 3 24 "$rtoi" 32, v0x55e052499ba0_0 {0 0 0};
    %pad/s 16;
    %store/vec4 v0x55e05249a0f0_0, 0, 16;
    %jmp T_1;
    .thread T_1, $push;
    .scope S_0x55e05246d7c0;
T_2 ;
    %pushi/vec4 3, 0, 8;
    %store/vec4 v0x55e05249a460_0, 0, 8;
    %pushi/vec4 3, 0, 8;
    %store/vec4 v0x55e05249a330_0, 0, 8;
    %pushi/vec4 7, 0, 8;
    %store/vec4 v0x55e05249a660_0, 0, 8;
    %pushi/vec4 7, 0, 8;
    %store/vec4 v0x55e05249a570_0, 0, 8;
    %delay 10, 0;
    %vpi_call 2 34 "$display", "Test case 1 (Floating-point):" {0 0 0};
    %vpi_call 2 35 "$display", "a = %0.1f + %0.1fi", v0x55e05249a460_0, v0x55e05249a330_0 {0 0 0};
    %vpi_call 2 36 "$display", "b = %0.1f + %0.1fi", v0x55e05249a660_0, v0x55e05249a570_0 {0 0 0};
    %vpi_func/r 2 37 "$itor", v0x55e05249a8d0_0 {0 0 0};
    %vpi_func/r 2 37 "$itor", v0x55e05249a770_0 {0 0 0};
    %vpi_call 2 37 "$display", "Result = %0.2f + %0.2fi", W<1,r>, W<0,r> {0 2 0};
    %vpi_call 2 38 "$display", "\000" {0 0 0};
    %pushi/vec4 3, 0, 8;
    %store/vec4 v0x55e05249a460_0, 0, 8;
    %pushi/vec4 4, 0, 8;
    %store/vec4 v0x55e05249a330_0, 0, 8;
    %pushi/vec4 2, 0, 8;
    %store/vec4 v0x55e05249a660_0, 0, 8;
    %pushi/vec4 2, 0, 8;
    %store/vec4 v0x55e05249a570_0, 0, 8;
    %delay 10, 0;
    %vpi_call 2 47 "$display", "Test case 2 (Fixed-point):" {0 0 0};
    %vpi_call 2 48 "$display", "a = %d + %di", v0x55e05249a460_0, v0x55e05249a330_0 {0 0 0};
    %vpi_call 2 49 "$display", "b = %d + %di", v0x55e05249a660_0, v0x55e05249a570_0 {0 0 0};
    %vpi_call 2 50 "$display", "Result = %d + %di", v0x55e05249a8d0_0, v0x55e05249a770_0 {0 0 0};
    %vpi_call 2 51 "$display", "\000" {0 0 0};
    %vpi_call 2 55 "$finish" {0 0 0};
    %end;
    .thread T_2;
# The file index is used to find the file name in the following table.
:file_names 4;
    "N/A";
    "<interactive>";
    "mat_tb.v";
    "mat.v";
