#! /usr/bin/vvp
:ivl_version "10.3 (stable)";
:ivl_delay_selection "TYPICAL";
:vpi_time_precision + 0;
:vpi_module "system";
:vpi_module "vhdl_sys";
:vpi_module "v2005_math";
:vpi_module "va_math";
S_0x5651547bd4d0 .scope module, "tb_sr_flip_flop" "tb_sr_flip_flop" 2 1;
 .timescale 0 0;
v0x565154807e70_0 .var "clk", 0 0;
v0x565154807f30_0 .net "q", 0 0, v0x565154807a70_0;  1 drivers
v0x565154808000_0 .net "q_bar", 0 0, v0x565154807b30_0;  1 drivers
v0x565154808100_0 .var "r", 0 0;
v0x5651548081d0_0 .var "s", 0 0;
S_0x5651547bd650 .scope module, "sr_ff_inst" "sr_flip_flop" 2 5, 3 1 0, S_0x5651547bd4d0;
 .timescale 0 0;
    .port_info 0 /INPUT 1 "s"
    .port_info 1 /INPUT 1 "r"
    .port_info 2 /INPUT 1 "clk"
    .port_info 3 /OUTPUT 1 "q"
    .port_info 4 /OUTPUT 1 "q_bar"
v0x5651547f5830_0 .net "clk", 0 0, v0x565154807e70_0;  1 drivers
v0x565154807a70_0 .var "q", 0 0;
v0x565154807b30_0 .var "q_bar", 0 0;
v0x565154807c00_0 .net "r", 0 0, v0x565154808100_0;  1 drivers
v0x565154807cc0_0 .net "s", 0 0, v0x5651548081d0_0;  1 drivers
E_0x5651547f6370 .event posedge, v0x5651547f5830_0;
    .scope S_0x5651547bd650;
T_0 ;
    %wait E_0x5651547f6370;
    %load/vec4 v0x565154807c00_0;
    %flag_set/vec4 8;
    %jmp/0xz  T_0.0, 8;
    %pushi/vec4 0, 0, 1;
    %assign/vec4 v0x565154807a70_0, 0;
    %pushi/vec4 1, 0, 1;
    %assign/vec4 v0x565154807b30_0, 0;
    %jmp T_0.1;
T_0.0 ;
    %load/vec4 v0x565154807cc0_0;
    %flag_set/vec4 8;
    %jmp/0xz  T_0.2, 8;
    %pushi/vec4 1, 0, 1;
    %assign/vec4 v0x565154807a70_0, 0;
    %pushi/vec4 0, 0, 1;
    %assign/vec4 v0x565154807b30_0, 0;
T_0.2 ;
T_0.1 ;
    %jmp T_0;
    .thread T_0;
    .scope S_0x5651547bd4d0;
T_1 ;
    %vpi_call 2 14 "$dumpfile", "waveform.vcd" {0 0 0};
    %vpi_call 2 15 "$dumpvars", 32'sb00000000000000000000000000000000, S_0x5651547bd4d0 {0 0 0};
    %pushi/vec4 0, 0, 1;
    %store/vec4 v0x565154807e70_0, 0, 1;
    %delay 5, 0;
    %pushi/vec4 1, 0, 1;
    %store/vec4 v0x5651548081d0_0, 0, 1;
    %delay 5, 0;
    %pushi/vec4 0, 0, 1;
    %store/vec4 v0x565154808100_0, 0, 1;
    %delay 5, 0;
    %pushi/vec4 0, 0, 1;
    %store/vec4 v0x5651548081d0_0, 0, 1;
    %delay 5, 0;
    %pushi/vec4 1, 0, 1;
    %store/vec4 v0x565154808100_0, 0, 1;
    %delay 5, 0;
    %pushi/vec4 1, 0, 1;
    %store/vec4 v0x5651548081d0_0, 0, 1;
    %delay 5, 0;
    %pushi/vec4 0, 0, 1;
    %store/vec4 v0x565154808100_0, 0, 1;
    %delay 5, 0;
    %pushi/vec4 0, 0, 1;
    %store/vec4 v0x5651548081d0_0, 0, 1;
    %delay 5, 0;
    %pushi/vec4 1, 0, 1;
    %store/vec4 v0x565154808100_0, 0, 1;
    %delay 5, 0;
    %vpi_call 2 27 "$finish" {0 0 0};
    %end;
    .thread T_1;
    .scope S_0x5651547bd4d0;
T_2 ;
    %delay 5, 0;
    %load/vec4 v0x565154807e70_0;
    %inv;
    %store/vec4 v0x565154807e70_0, 0, 1;
    %jmp T_2;
    .thread T_2;
    .scope S_0x5651547bd4d0;
T_3 ;
    %vpi_call 2 34 "$monitor", "Time=%0t, s=%b, r=%b, clk=%b, q=%b, q_bar=%b", $time, v0x5651548081d0_0, v0x565154808100_0, v0x565154807e70_0, v0x565154807f30_0, v0x565154808000_0 {0 0 0};
    %end;
    .thread T_3;
# The file index is used to find the file name in the following table.
:file_names 4;
    "N/A";
    "<interactive>";
    "tb_sr.v";
    "sr.v";
