#! /usr/bin/vvp
:ivl_version "10.3 (stable)";
:ivl_delay_selection "TYPICAL";
:vpi_time_precision + 0;
:vpi_module "system";
:vpi_module "vhdl_sys";
:vpi_module "v2005_math";
:vpi_module "va_math";
S_0x55ce287414d0 .scope module, "tb" "tb" 2 1;
 .timescale 0 0;
v0x55ce2878a820_0 .net "Q", 0 0, v0x55ce2878a580_0;  1 drivers
v0x55ce2878a8f0_0 .var "T", 0 0;
v0x55ce2878a9c0_0 .var "clk", 0 0;
S_0x55ce28741650 .scope module, "T_FF" "T_ff" 2 6, 3 1 0, S_0x55ce287414d0;
 .timescale 0 0;
    .port_info 0 /INPUT 1 "T"
    .port_info 1 /INPUT 1 "clk"
    .port_info 2 /OUTPUT 1 "Q"
v0x55ce28753190_0 .var "D", 0 0;
v0x55ce2878a580_0 .var "Q", 0 0;
v0x55ce2878a640_0 .net "T", 0 0, v0x55ce2878a8f0_0;  1 drivers
v0x55ce2878a6e0_0 .net "clk", 0 0, v0x55ce2878a9c0_0;  1 drivers
E_0x55ce2877a3b0 .event posedge, v0x55ce2878a6e0_0;
    .scope S_0x55ce28741650;
T_0 ;
    %wait E_0x55ce2877a3b0;
    %load/vec4 v0x55ce2878a640_0;
    %flag_set/vec4 8;
    %jmp/0xz  T_0.0, 8;
    %load/vec4 v0x55ce2878a580_0;
    %inv;
    %assign/vec4 v0x55ce28753190_0, 0;
    %jmp T_0.1;
T_0.0 ;
    %load/vec4 v0x55ce2878a580_0;
    %assign/vec4 v0x55ce28753190_0, 0;
T_0.1 ;
    %jmp T_0;
    .thread T_0;
    .scope S_0x55ce28741650;
T_1 ;
    %wait E_0x55ce2877a3b0;
    %load/vec4 v0x55ce28753190_0;
    %assign/vec4 v0x55ce2878a580_0, 0;
    %jmp T_1;
    .thread T_1;
    .scope S_0x55ce287414d0;
T_2 ;
    %pushi/vec4 0, 0, 1;
    %store/vec4 v0x55ce2878a9c0_0, 0, 1;
T_2.0 ;
    %delay 5, 0;
    %load/vec4 v0x55ce2878a9c0_0;
    %inv;
    %store/vec4 v0x55ce2878a9c0_0, 0, 1;
    %jmp T_2.0;
    %end;
    .thread T_2;
    .scope S_0x55ce287414d0;
T_3 ;
    %pushi/vec4 0, 0, 1;
    %store/vec4 v0x55ce2878a8f0_0, 0, 1;
    %delay 10, 0;
    %pushi/vec4 1, 0, 1;
    %store/vec4 v0x55ce2878a8f0_0, 0, 1;
    %delay 10, 0;
    %pushi/vec4 0, 0, 1;
    %store/vec4 v0x55ce2878a8f0_0, 0, 1;
    %delay 10, 0;
    %pushi/vec4 1, 0, 1;
    %store/vec4 v0x55ce2878a8f0_0, 0, 1;
    %delay 10, 0;
    %pushi/vec4 0, 0, 1;
    %store/vec4 v0x55ce2878a8f0_0, 0, 1;
    %delay 10, 0;
    %pushi/vec4 1, 0, 1;
    %store/vec4 v0x55ce2878a8f0_0, 0, 1;
    %delay 10, 0;
    %pushi/vec4 0, 0, 1;
    %store/vec4 v0x55ce2878a8f0_0, 0, 1;
    %delay 10, 0;
    %pushi/vec4 1, 0, 1;
    %store/vec4 v0x55ce2878a8f0_0, 0, 1;
    %delay 10, 0;
    %pushi/vec4 0, 0, 1;
    %store/vec4 v0x55ce2878a8f0_0, 0, 1;
    %delay 10, 0;
    %pushi/vec4 1, 0, 1;
    %store/vec4 v0x55ce2878a8f0_0, 0, 1;
    %delay 10, 0;
    %pushi/vec4 0, 0, 1;
    %store/vec4 v0x55ce2878a8f0_0, 0, 1;
    %vpi_call 2 29 "$dumpfile", "tb.vcd" {0 0 0};
    %vpi_call 2 30 "$dumpvars", 32'sb00000000000000000000000000000000, S_0x55ce287414d0 {0 0 0};
    %vpi_call 2 31 "$monitor", " T = %b | Q = %b", v0x55ce2878a8f0_0, v0x55ce2878a820_0 {0 0 0};
    %delay 100, 0;
    %vpi_call 2 33 "$finish" {0 0 0};
    %end;
    .thread T_3;
# The file index is used to find the file name in the following table.
:file_names 4;
    "N/A";
    "<interactive>";
    "tb_t.v";
    "t.v";
