#! /usr/bin/vvp
:ivl_version "11.0 (stable)";
:ivl_delay_selection "TYPICAL";
:vpi_time_precision + 0;
:vpi_module "/usr/lib/x86_64-linux-gnu/ivl/system.vpi";
:vpi_module "/usr/lib/x86_64-linux-gnu/ivl/vhdl_sys.vpi";
:vpi_module "/usr/lib/x86_64-linux-gnu/ivl/vhdl_textio.vpi";
:vpi_module "/usr/lib/x86_64-linux-gnu/ivl/v2005_math.vpi";
:vpi_module "/usr/lib/x86_64-linux-gnu/ivl/va_math.vpi";
S_0x562dd389c440 .scope module, "mux_tb" "mux_tb" 2 1;
 .timescale 0 0;
v0x562dd38b8610_0 .var "ta", 0 0;
v0x562dd38b8720_0 .var "tb", 0 0;
v0x562dd38b8830_0 .var "tc", 0 0;
v0x562dd38b8920_0 .var "td", 0 0;
v0x562dd38b8a10_0 .var "tsel", 1 0;
v0x562dd38b8b00_0 .net "y", 0 0, v0x562dd38b7dd0_0;  1 drivers
S_0x562dd389c5d0 .scope module, "dut" "mux4x1" 2 6, 3 1 0, S_0x562dd389c440;
 .timescale 0 0;
    .port_info 0 /INPUT 1 "j";
    .port_info 1 /INPUT 1 "k";
    .port_info 2 /INPUT 1 "l";
    .port_info 3 /INPUT 1 "m";
    .port_info 4 /INPUT 2 "sel";
    .port_info 5 /OUTPUT 1 "y";
v0x562dd38b7f00_0 .net "j", 0 0, v0x562dd38b8610_0;  1 drivers
v0x562dd38b7fc0_0 .net "k", 0 0, v0x562dd38b8720_0;  1 drivers
v0x562dd38b8090_0 .net "l", 0 0, v0x562dd38b8830_0;  1 drivers
v0x562dd38b8190_0 .net "m", 0 0, v0x562dd38b8920_0;  1 drivers
v0x562dd38b8260_0 .net "sel", 1 0, v0x562dd38b8a10_0;  1 drivers
v0x562dd38b8350_0 .net "w1", 0 0, v0x562dd38b70c0_0;  1 drivers
v0x562dd38b8440_0 .net "w2", 0 0, v0x562dd38b7730_0;  1 drivers
v0x562dd38b8530_0 .net "y", 0 0, v0x562dd38b7dd0_0;  alias, 1 drivers
L_0x562dd38b8bf0 .part v0x562dd38b8a10_0, 0, 1;
L_0x562dd38b8ce0 .part v0x562dd38b8a10_0, 0, 1;
L_0x562dd38b8d80 .part v0x562dd38b8a10_0, 1, 1;
S_0x562dd389ef30 .scope module, "m1" "mux2x1" 3 3, 4 1 0, S_0x562dd389c5d0;
 .timescale 0 0;
    .port_info 0 /INPUT 1 "a";
    .port_info 1 /INPUT 1 "b";
    .port_info 2 /INPUT 1 "s";
    .port_info 3 /OUTPUT 1 "y";
v0x562dd389f180_0 .net "a", 0 0, v0x562dd38b8610_0;  alias, 1 drivers
v0x562dd38b6f60_0 .net "b", 0 0, v0x562dd38b8720_0;  alias, 1 drivers
v0x562dd38b7020_0 .net "s", 0 0, L_0x562dd38b8bf0;  1 drivers
v0x562dd38b70c0_0 .var "y", 0 0;
E_0x562dd3863870 .event edge, v0x562dd38b7020_0, v0x562dd389f180_0, v0x562dd38b6f60_0;
S_0x562dd38b7230 .scope module, "m2" "mux2x1" 3 4, 4 1 0, S_0x562dd389c5d0;
 .timescale 0 0;
    .port_info 0 /INPUT 1 "a";
    .port_info 1 /INPUT 1 "b";
    .port_info 2 /INPUT 1 "s";
    .port_info 3 /OUTPUT 1 "y";
v0x562dd38b74c0_0 .net "a", 0 0, v0x562dd38b8830_0;  alias, 1 drivers
v0x562dd38b75a0_0 .net "b", 0 0, v0x562dd38b8920_0;  alias, 1 drivers
v0x562dd38b7660_0 .net "s", 0 0, L_0x562dd38b8ce0;  1 drivers
v0x562dd38b7730_0 .var "y", 0 0;
E_0x562dd389bb30 .event edge, v0x562dd38b7660_0, v0x562dd38b74c0_0, v0x562dd38b75a0_0;
S_0x562dd38b78a0 .scope module, "m3" "mux2x1" 3 5, 4 1 0, S_0x562dd389c5d0;
 .timescale 0 0;
    .port_info 0 /INPUT 1 "a";
    .port_info 1 /INPUT 1 "b";
    .port_info 2 /INPUT 1 "s";
    .port_info 3 /OUTPUT 1 "y";
v0x562dd38b7b40_0 .net "a", 0 0, v0x562dd38b70c0_0;  alias, 1 drivers
v0x562dd38b7c30_0 .net "b", 0 0, v0x562dd38b7730_0;  alias, 1 drivers
v0x562dd38b7d00_0 .net "s", 0 0, L_0x562dd38b8d80;  1 drivers
v0x562dd38b7dd0_0 .var "y", 0 0;
E_0x562dd38869b0 .event edge, v0x562dd38b7d00_0, v0x562dd38b70c0_0, v0x562dd38b7730_0;
    .scope S_0x562dd389ef30;
T_0 ;
    %wait E_0x562dd3863870;
    %load/vec4 v0x562dd38b7020_0;
    %pad/u 32;
    %cmpi/e 0, 0, 32;
    %jmp/0xz  T_0.0, 4;
    %load/vec4 v0x562dd389f180_0;
    %store/vec4 v0x562dd38b70c0_0, 0, 1;
    %jmp T_0.1;
T_0.0 ;
    %load/vec4 v0x562dd38b6f60_0;
    %store/vec4 v0x562dd38b70c0_0, 0, 1;
T_0.1 ;
    %jmp T_0;
    .thread T_0, $push;
    .scope S_0x562dd38b7230;
T_1 ;
    %wait E_0x562dd389bb30;
    %load/vec4 v0x562dd38b7660_0;
    %pad/u 32;
    %cmpi/e 0, 0, 32;
    %jmp/0xz  T_1.0, 4;
    %load/vec4 v0x562dd38b74c0_0;
    %store/vec4 v0x562dd38b7730_0, 0, 1;
    %jmp T_1.1;
T_1.0 ;
    %load/vec4 v0x562dd38b75a0_0;
    %store/vec4 v0x562dd38b7730_0, 0, 1;
T_1.1 ;
    %jmp T_1;
    .thread T_1, $push;
    .scope S_0x562dd38b78a0;
T_2 ;
    %wait E_0x562dd38869b0;
    %load/vec4 v0x562dd38b7d00_0;
    %pad/u 32;
    %cmpi/e 0, 0, 32;
    %jmp/0xz  T_2.0, 4;
    %load/vec4 v0x562dd38b7b40_0;
    %store/vec4 v0x562dd38b7dd0_0, 0, 1;
    %jmp T_2.1;
T_2.0 ;
    %load/vec4 v0x562dd38b7c30_0;
    %store/vec4 v0x562dd38b7dd0_0, 0, 1;
T_2.1 ;
    %jmp T_2;
    .thread T_2, $push;
    .scope S_0x562dd389c440;
T_3 ;
    %vpi_call 2 9 "$dumpfile", "mux.vcd" {0 0 0};
    %vpi_call 2 10 "$dumpvars", 32'sb00000000000000000000000000000001 {0 0 0};
    %pushi/vec4 0, 0, 2;
    %store/vec4 v0x562dd38b8a10_0, 0, 2;
    %pushi/vec4 1, 0, 1;
    %store/vec4 v0x562dd38b8610_0, 0, 1;
    %pushi/vec4 0, 0, 1;
    %store/vec4 v0x562dd38b8720_0, 0, 1;
    %pushi/vec4 0, 0, 1;
    %store/vec4 v0x562dd38b8830_0, 0, 1;
    %pushi/vec4 0, 0, 1;
    %store/vec4 v0x562dd38b8920_0, 0, 1;
    %delay 10, 0;
    %pushi/vec4 1, 0, 2;
    %store/vec4 v0x562dd38b8a10_0, 0, 2;
    %pushi/vec4 0, 0, 1;
    %store/vec4 v0x562dd38b8610_0, 0, 1;
    %pushi/vec4 1, 0, 1;
    %store/vec4 v0x562dd38b8720_0, 0, 1;
    %pushi/vec4 0, 0, 1;
    %store/vec4 v0x562dd38b8830_0, 0, 1;
    %pushi/vec4 0, 0, 1;
    %store/vec4 v0x562dd38b8920_0, 0, 1;
    %delay 10, 0;
    %pushi/vec4 2, 0, 2;
    %store/vec4 v0x562dd38b8a10_0, 0, 2;
    %pushi/vec4 0, 0, 1;
    %store/vec4 v0x562dd38b8610_0, 0, 1;
    %pushi/vec4 0, 0, 1;
    %store/vec4 v0x562dd38b8720_0, 0, 1;
    %pushi/vec4 1, 0, 1;
    %store/vec4 v0x562dd38b8830_0, 0, 1;
    %pushi/vec4 0, 0, 1;
    %store/vec4 v0x562dd38b8920_0, 0, 1;
    %delay 10, 0;
    %pushi/vec4 3, 0, 2;
    %store/vec4 v0x562dd38b8a10_0, 0, 2;
    %pushi/vec4 0, 0, 1;
    %store/vec4 v0x562dd38b8610_0, 0, 1;
    %pushi/vec4 0, 0, 1;
    %store/vec4 v0x562dd38b8720_0, 0, 1;
    %pushi/vec4 0, 0, 1;
    %store/vec4 v0x562dd38b8830_0, 0, 1;
    %pushi/vec4 1, 0, 1;
    %store/vec4 v0x562dd38b8920_0, 0, 1;
    %delay 10, 0;
    %vpi_call 2 19 "$finish" {0 0 0};
    %end;
    .thread T_3;
# The file index is used to find the file name in the following table.
:file_names 5;
    "N/A";
    "<interactive>";
    "mux_tb.v";
    "mod_mux4x1.v";
    "mod_mux2x1.v";
