#! /usr/bin/vvp
:ivl_version "10.3 (stable)";
:ivl_delay_selection "TYPICAL";
:vpi_time_precision + 0;
:vpi_module "system";
:vpi_module "vhdl_sys";
:vpi_module "v2005_math";
:vpi_module "va_math";
S_0x5609139839d0 .scope module, "tb_ripple_adder" "tb_ripple_adder" 2 1;
 .timescale 0 0;
v0x5609139b24e0_0 .var "a", 3 0;
v0x5609139b25c0_0 .var "b", 3 0;
o0x7f606b0ff828 .functor BUFZ 1, C4<z>; HiZ drive
v0x5609139b2660_0 .net "cout", 0 0, o0x7f606b0ff828;  0 drivers
v0x5609139b2750_0 .net "sum", 3 0, L_0x5609139b40a0;  1 drivers
E_0x560913993af0 .event edge, v0x5609139b1920_0, v0x5609139b20f0_0, v0x5609139b1f40_0, v0x5609139b1e40_0;
S_0x5609139837d0 .scope module, "uut" "ripple_adder" 2 12, 3 11 0, S_0x5609139839d0;
 .timescale 0 0;
    .port_info 0 /INPUT 4 "a"
    .port_info 1 /INPUT 4 "b"
    .port_info 2 /OUTPUT 4 "sum"
    .port_info 3 /OUTPUT 1 "cout"
I0x5609139939e0 .island tran;
p0x7f606b0ffa08 .port I0x5609139939e0, v0x5609139b24e0_0;
v0x5609139b1e40_0 .net8 "a", 3 0, p0x7f606b0ffa08;  1 drivers, strength-aware
v0x5609139b1f40_0 .net "b", 3 0, v0x5609139b25c0_0;  1 drivers
v0x5609139b2020_0 .net "cout", 0 0, o0x7f606b0ff828;  alias, 0 drivers
v0x5609139b20f0_0 .net "sum", 3 0, L_0x5609139b40a0;  alias, 1 drivers
o0x7f606b0ff0d8 .functor BUFZ 1, C4<z>; HiZ drive
v0x5609139b2190_0 .net "w1", 0 0, o0x7f606b0ff0d8;  0 drivers
o0x7f606b0ff348 .functor BUFZ 1, C4<z>; HiZ drive
v0x5609139b2280_0 .net "w2", 0 0, o0x7f606b0ff348;  0 drivers
o0x7f606b0ff5b8 .functor BUFZ 1, C4<z>; HiZ drive
v0x5609139b2370_0 .net "w3", 0 0, o0x7f606b0ff5b8;  0 drivers
L_0x5609139b2df0 .part v0x5609139b25c0_0, 0, 1;
L_0x5609139b33d0 .part v0x5609139b25c0_0, 1, 1;
L_0x5609139b39f0 .part v0x5609139b25c0_0, 2, 1;
L_0x5609139b3fd0 .part v0x5609139b25c0_0, 3, 1;
o0x7f606b0ff108 .functor BUFZ 1, C4<z>; HiZ drive
o0x7f606b0ff378 .functor BUFZ 1, C4<z>; HiZ drive
o0x7f606b0ff5e8 .functor BUFZ 1, C4<z>; HiZ drive
o0x7f606b0ff858 .functor BUFZ 1, C4<z>; HiZ drive
L_0x5609139b40a0 .concat8 [ 1 1 1 1], o0x7f606b0ff108, o0x7f606b0ff378, o0x7f606b0ff5e8, o0x7f606b0ff858;
p0x7f606b0ff048 .port I0x5609139939e0, L_0x5609139b28c0;
 .tranvp 4 1 0, I0x5609139939e0, p0x7f606b0ffa08 p0x7f606b0ff048;
p0x7f606b0ff2e8 .port I0x5609139939e0, L_0x5609139b2f00;
 .tranvp 4 1 1, I0x5609139939e0, p0x7f606b0ffa08 p0x7f606b0ff2e8;
p0x7f606b0ff558 .port I0x5609139939e0, L_0x5609139b34e0;
 .tranvp 4 1 2, I0x5609139939e0, p0x7f606b0ffa08 p0x7f606b0ff558;
p0x7f606b0ff7c8 .port I0x5609139939e0, L_0x5609139b3bf0;
 .tranvp 4 1 3, I0x5609139939e0, p0x7f606b0ffa08 p0x7f606b0ff7c8;
S_0x560913987080 .scope module, "u1" "full_adder" 3 17, 3 1 0, S_0x5609139837d0;
 .timescale 0 0;
    .port_info 0 /INPUT 1 "a"
    .port_info 1 /INPUT 1 "b"
    .port_info 2 /INPUT 1 "cin"
    .port_info 3 /OUTPUT 1 "sum"
    .port_info 4 /OUTPUT 1 "cout"
L_0x5609139b27f0 .functor XOR 1, p0x7f606b0ff048, L_0x5609139b2df0, C4<0>, C4<0>;
L_0x7f606b0b6018 .functor BUFT 1, C4<0>, C4<0>, C4<0>, C4<0>;
L_0x5609139b28c0 .functor XOR 1, L_0x5609139b27f0, L_0x7f606b0b6018, C4<0>, C4<0>;
L_0x5609139b29d0 .functor AND 1, L_0x5609139b27f0, L_0x7f606b0b6018, C4<1>, C4<1>;
L_0x5609139b2a90 .functor AND 1, p0x7f606b0ff048, L_0x5609139b2df0, C4<1>, C4<1>;
L_0x5609139b2b80 .functor OR 1, L_0x5609139b29d0, L_0x5609139b2a90, C4<0>, C4<0>;
v0x560913987400_0 .net "Co", 0 0, L_0x5609139b2b80;  1 drivers
v0x5609139af990_0 .net8 "a", 0 0, p0x7f606b0ff048;  1 drivers, strength-aware
v0x5609139afa50_0 .net "b", 0 0, L_0x5609139b2df0;  1 drivers
v0x5609139afaf0_0 .net "cin", 0 0, L_0x7f606b0b6018;  1 drivers
v0x5609139afbb0_0 .net "cout", 0 0, o0x7f606b0ff0d8;  alias, 0 drivers
v0x5609139afcc0_0 .net "sum", 0 0, o0x7f606b0ff108;  0 drivers
v0x5609139afd80_0 .net "w1", 0 0, L_0x5609139b27f0;  1 drivers
v0x5609139afe40_0 .net "w2", 0 0, L_0x5609139b29d0;  1 drivers
v0x5609139aff00_0 .net "w3", 0 0, L_0x5609139b2a90;  1 drivers
S_0x5609139b0060 .scope module, "u2" "full_adder" 3 18, 3 1 0, S_0x5609139837d0;
 .timescale 0 0;
    .port_info 0 /INPUT 1 "a"
    .port_info 1 /INPUT 1 "b"
    .port_info 2 /INPUT 1 "cin"
    .port_info 3 /OUTPUT 1 "sum"
    .port_info 4 /OUTPUT 1 "cout"
L_0x5609139b2e90 .functor XOR 1, p0x7f606b0ff2e8, L_0x5609139b33d0, C4<0>, C4<0>;
L_0x5609139b2f00 .functor XOR 1, L_0x5609139b2e90, o0x7f606b0ff0d8, C4<0>, C4<0>;
L_0x5609139b3010 .functor AND 1, L_0x5609139b2e90, o0x7f606b0ff0d8, C4<1>, C4<1>;
L_0x5609139b3110 .functor AND 1, p0x7f606b0ff2e8, L_0x5609139b33d0, C4<1>, C4<1>;
L_0x5609139b31b0 .functor OR 1, L_0x5609139b3010, L_0x5609139b3110, C4<0>, C4<0>;
v0x5609139b0280_0 .net "Co", 0 0, L_0x5609139b31b0;  1 drivers
v0x5609139b0340_0 .net8 "a", 0 0, p0x7f606b0ff2e8;  1 drivers, strength-aware
v0x5609139b0400_0 .net "b", 0 0, L_0x5609139b33d0;  1 drivers
v0x5609139b04a0_0 .net "cin", 0 0, o0x7f606b0ff0d8;  alias, 0 drivers
v0x5609139b0540_0 .net "cout", 0 0, o0x7f606b0ff348;  alias, 0 drivers
v0x5609139b0630_0 .net "sum", 0 0, o0x7f606b0ff378;  0 drivers
v0x5609139b06f0_0 .net "w1", 0 0, L_0x5609139b2e90;  1 drivers
v0x5609139b07b0_0 .net "w2", 0 0, L_0x5609139b3010;  1 drivers
v0x5609139b0870_0 .net "w3", 0 0, L_0x5609139b3110;  1 drivers
S_0x5609139b09d0 .scope module, "u3" "full_adder" 3 19, 3 1 0, S_0x5609139837d0;
 .timescale 0 0;
    .port_info 0 /INPUT 1 "a"
    .port_info 1 /INPUT 1 "b"
    .port_info 2 /INPUT 1 "cin"
    .port_info 3 /OUTPUT 1 "sum"
    .port_info 4 /OUTPUT 1 "cout"
L_0x5609139b3470 .functor XOR 1, p0x7f606b0ff558, L_0x5609139b39f0, C4<0>, C4<0>;
L_0x5609139b34e0 .functor XOR 1, L_0x5609139b3470, o0x7f606b0ff348, C4<0>, C4<0>;
L_0x5609139b35a0 .functor AND 1, L_0x5609139b3470, o0x7f606b0ff348, C4<1>, C4<1>;
L_0x5609139b36a0 .functor AND 1, p0x7f606b0ff558, L_0x5609139b39f0, C4<1>, C4<1>;
L_0x5609139b3740 .functor OR 1, L_0x5609139b35a0, L_0x5609139b36a0, C4<0>, C4<0>;
v0x5609139b0bd0_0 .net "Co", 0 0, L_0x5609139b3740;  1 drivers
v0x5609139b0c90_0 .net8 "a", 0 0, p0x7f606b0ff558;  1 drivers, strength-aware
v0x5609139b0d50_0 .net "b", 0 0, L_0x5609139b39f0;  1 drivers
v0x5609139b0df0_0 .net "cin", 0 0, o0x7f606b0ff348;  alias, 0 drivers
v0x5609139b0ec0_0 .net "cout", 0 0, o0x7f606b0ff5b8;  alias, 0 drivers
v0x5609139b0fb0_0 .net "sum", 0 0, o0x7f606b0ff5e8;  0 drivers
v0x5609139b1070_0 .net "w1", 0 0, L_0x5609139b3470;  1 drivers
v0x5609139b1130_0 .net "w2", 0 0, L_0x5609139b35a0;  1 drivers
v0x5609139b11f0_0 .net "w3", 0 0, L_0x5609139b36a0;  1 drivers
S_0x5609139b13e0 .scope module, "u4" "full_adder" 3 20, 3 1 0, S_0x5609139837d0;
 .timescale 0 0;
    .port_info 0 /INPUT 1 "a"
    .port_info 1 /INPUT 1 "b"
    .port_info 2 /INPUT 1 "cin"
    .port_info 3 /OUTPUT 1 "sum"
    .port_info 4 /OUTPUT 1 "cout"
L_0x5609139b3b20 .functor XOR 1, p0x7f606b0ff7c8, L_0x5609139b3fd0, C4<0>, C4<0>;
L_0x5609139b3bf0 .functor XOR 1, L_0x5609139b3b20, o0x7f606b0ff5b8, C4<0>, C4<0>;
L_0x5609139b3c60 .functor AND 1, L_0x5609139b3b20, o0x7f606b0ff5b8, C4<1>, C4<1>;
L_0x5609139b3d60 .functor AND 1, p0x7f606b0ff7c8, L_0x5609139b3fd0, C4<1>, C4<1>;
L_0x5609139b3e00 .functor OR 1, L_0x5609139b3c60, L_0x5609139b3d60, C4<0>, C4<0>;
v0x5609139b15e0_0 .net "Co", 0 0, L_0x5609139b3e00;  1 drivers
v0x5609139b16c0_0 .net8 "a", 0 0, p0x7f606b0ff7c8;  1 drivers, strength-aware
v0x5609139b1780_0 .net "b", 0 0, L_0x5609139b3fd0;  1 drivers
v0x5609139b1850_0 .net "cin", 0 0, o0x7f606b0ff5b8;  alias, 0 drivers
v0x5609139b1920_0 .net "cout", 0 0, o0x7f606b0ff828;  alias, 0 drivers
v0x5609139b1a10_0 .net "sum", 0 0, o0x7f606b0ff858;  0 drivers
v0x5609139b1ad0_0 .net "w1", 0 0, L_0x5609139b3b20;  1 drivers
v0x5609139b1b90_0 .net "w2", 0 0, L_0x5609139b3c60;  1 drivers
v0x5609139b1c50_0 .net "w3", 0 0, L_0x5609139b3d60;  1 drivers
    .scope S_0x5609139839d0;
T_0 ;
    %wait E_0x560913993af0;
    %vpi_call 2 21 "$display", "Time=%0t a=%b b=%b sum=%b cout=%b", $time, v0x5609139b24e0_0, v0x5609139b25c0_0, v0x5609139b2750_0, v0x5609139b2660_0 {0 0 0};
    %jmp T_0;
    .thread T_0, $push;
    .scope S_0x5609139839d0;
T_1 ;
    %vpi_call 2 25 "$dumpfile", "ripple_1.vcd" {0 0 0};
    %vpi_call 2 26 "$dumpvars", 32'sb00000000000000000000000000000001 {0 0 0};
    %pushi/vec4 0, 0, 4;
    %store/vec4 v0x5609139b24e0_0, 0, 4;
    %pushi/vec4 0, 0, 4;
    %store/vec4 v0x5609139b25c0_0, 0, 4;
    %delay 10, 0;
    %pushi/vec4 13, 0, 4;
    %store/vec4 v0x5609139b24e0_0, 0, 4;
    %pushi/vec4 11, 0, 4;
    %store/vec4 v0x5609139b25c0_0, 0, 4;
    %delay 10, 0;
    %pushi/vec4 15, 0, 4;
    %store/vec4 v0x5609139b24e0_0, 0, 4;
    %pushi/vec4 1, 0, 4;
    %store/vec4 v0x5609139b25c0_0, 0, 4;
    %delay 10, 0;
    %vpi_call 2 45 "$finish" {0 0 0};
    %end;
    .thread T_1;
# The file index is used to find the file name in the following table.
:file_names 4;
    "N/A";
    "<interactive>";
    "tb_ripple_adder.v";
    "ripple_adder.v";
