#! /usr/bin/vvp
:ivl_version "10.3 (stable)";
:ivl_delay_selection "TYPICAL";
:vpi_time_precision - 9;
:vpi_module "system";
:vpi_module "vhdl_sys";
:vpi_module "v2005_math";
:vpi_module "va_math";
S_0x5584556f0400 .scope module, "ha_tb" "ha_tb" 2 3;
 .timescale -9 -9;
v0x558455701930_0 .var "A", 0 0;
v0x5584557019f0_0 .var "B", 0 0;
v0x558455701ac0_0 .net "CARRY", 0 0, L_0x558455701df0;  1 drivers
v0x558455701bc0_0 .net "SUM", 0 0, L_0x558455701c90;  1 drivers
S_0x5584556f0580 .scope module, "ha_inst" "half_adder" 2 10, 3 1 0, S_0x5584556f0400;
 .timescale -9 -9;
    .port_info 0 /INPUT 1 "A"
    .port_info 1 /INPUT 1 "B"
    .port_info 2 /OUTPUT 1 "Sum"
    .port_info 3 /OUTPUT 1 "Carry"
L_0x558455701c90 .functor XOR 1, v0x558455701930_0, v0x5584557019f0_0, C4<0>, C4<0>;
L_0x558455701df0 .functor AND 1, v0x558455701930_0, v0x5584557019f0_0, C4<1>, C4<1>;
v0x5584556b8450_0 .net "A", 0 0, v0x558455701930_0;  1 drivers
v0x558455701630_0 .net "B", 0 0, v0x5584557019f0_0;  1 drivers
v0x5584557016f0_0 .net "Carry", 0 0, L_0x558455701df0;  alias, 1 drivers
v0x5584557017c0_0 .net "Sum", 0 0, L_0x558455701c90;  alias, 1 drivers
    .scope S_0x5584556f0400;
T_0 ;
    %vpi_call 2 18 "$dumpfile", "dump.vcd" {0 0 0};
    %vpi_call 2 19 "$dumpvars", 32'sb00000000000000000000000000000000, S_0x5584556f0400 {0 0 0};
    %pushi/vec4 0, 0, 1;
    %store/vec4 v0x558455701930_0, 0, 1;
    %pushi/vec4 0, 0, 1;
    %store/vec4 v0x5584557019f0_0, 0, 1;
    %delay 10, 0;
    %vpi_call 2 24 "$display", $time, " A: %b , B: %b , Sum: %b , Carry: %b ", v0x558455701930_0, v0x5584557019f0_0, v0x558455701bc0_0, v0x558455701ac0_0 {0 0 0};
    %pushi/vec4 1, 0, 1;
    %store/vec4 v0x558455701930_0, 0, 1;
    %delay 10, 0;
    %vpi_call 2 27 "$display", $time, " A: %b , B: %b , Sum: %b , Carry: %b ", v0x558455701930_0, v0x5584557019f0_0, v0x558455701bc0_0, v0x558455701ac0_0 {0 0 0};
    %pushi/vec4 1, 0, 1;
    %store/vec4 v0x5584557019f0_0, 0, 1;
    %delay 10, 0;
    %vpi_call 2 30 "$display", $time, " A: %b , B: %b , Sum: %b , Carry: %b ", v0x558455701930_0, v0x5584557019f0_0, v0x558455701bc0_0, v0x558455701ac0_0 {0 0 0};
    %pushi/vec4 0, 0, 1;
    %store/vec4 v0x558455701930_0, 0, 1;
    %delay 10, 0;
    %vpi_call 2 33 "$display", $time, " A: %b , B: %b , Sum: %b , Carry: %b ", v0x558455701930_0, v0x5584557019f0_0, v0x558455701bc0_0, v0x558455701ac0_0 {0 0 0};
    %vpi_call 2 34 "$finish" {0 0 0};
    %end;
    .thread T_0;
# The file index is used to find the file name in the following table.
:file_names 4;
    "N/A";
    "<interactive>";
    "ha_tb.v";
    "half_adder.v";
