#! /usr/bin/vvp
:ivl_version "10.3 (stable)";
:ivl_delay_selection "TYPICAL";
:vpi_time_precision + 0;
:vpi_module "system";
:vpi_module "vhdl_sys";
:vpi_module "v2005_math";
:vpi_module "va_math";
S_0x55856aac6500 .scope module, "tb_greytobin" "tb_greytobin" 2 1;
 .timescale 0 0;
v0x55856ab0fcf0_0 .net "binary", 3 0, v0x55856aafd260_0;  1 drivers
v0x55856ab0fdb0_0 .var "grey", 3 0;
S_0x55856aac6680 .scope module, "uut" "greytobin" 2 5, 3 1 0, S_0x55856aac6500;
 .timescale 0 0;
    .port_info 0 /INPUT 4 "grey"
    .port_info 1 /OUTPUT 4 "binary"
v0x55856aafd260_0 .var "binary", 3 0;
v0x55856ab0fbb0_0 .net "grey", 3 0, v0x55856ab0fdb0_0;  1 drivers
E_0x55856aafdd90 .event edge, v0x55856ab0fbb0_0;
    .scope S_0x55856aac6680;
T_0 ;
    %wait E_0x55856aafdd90;
    %load/vec4 v0x55856ab0fbb0_0;
    %parti/s 1, 3, 3;
    %ix/load 4, 3, 0;
    %flag_set/imm 4, 0;
    %store/vec4 v0x55856aafd260_0, 4, 1;
    %load/vec4 v0x55856ab0fbb0_0;
    %parti/s 1, 3, 3;
    %load/vec4 v0x55856ab0fbb0_0;
    %parti/s 1, 2, 3;
    %xor;
    %ix/load 4, 2, 0;
    %flag_set/imm 4, 0;
    %store/vec4 v0x55856aafd260_0, 4, 1;
    %load/vec4 v0x55856ab0fbb0_0;
    %parti/s 1, 3, 3;
    %load/vec4 v0x55856ab0fbb0_0;
    %parti/s 1, 2, 3;
    %xor;
    %load/vec4 v0x55856ab0fbb0_0;
    %parti/s 1, 1, 2;
    %xor;
    %ix/load 4, 1, 0;
    %flag_set/imm 4, 0;
    %store/vec4 v0x55856aafd260_0, 4, 1;
    %load/vec4 v0x55856ab0fbb0_0;
    %parti/s 1, 3, 3;
    %load/vec4 v0x55856ab0fbb0_0;
    %parti/s 1, 2, 3;
    %xor;
    %load/vec4 v0x55856ab0fbb0_0;
    %parti/s 1, 1, 2;
    %xor;
    %load/vec4 v0x55856ab0fbb0_0;
    %parti/s 1, 0, 2;
    %xor;
    %ix/load 4, 0, 0;
    %flag_set/imm 4, 0;
    %store/vec4 v0x55856aafd260_0, 4, 1;
    %jmp T_0;
    .thread T_0, $push;
    .scope S_0x55856aac6500;
T_1 ;
    %vpi_call 2 11 "$dumpfile", "greytobin.vcd" {0 0 0};
    %vpi_call 2 12 "$dumpvars", 32'sb00000000000000000000000000000000, S_0x55856aac6500 {0 0 0};
    %vpi_call 2 13 "$monitor", $time, "Input: %b, Output: %b", v0x55856ab0fdb0_0, v0x55856ab0fcf0_0 {0 0 0};
    %pushi/vec4 0, 0, 4;
    %store/vec4 v0x55856ab0fdb0_0, 0, 4;
    %delay 10, 0;
    %pushi/vec4 1, 0, 4;
    %store/vec4 v0x55856ab0fdb0_0, 0, 4;
    %delay 10, 0;
    %pushi/vec4 3, 0, 4;
    %store/vec4 v0x55856ab0fdb0_0, 0, 4;
    %delay 10, 0;
    %pushi/vec4 7, 0, 4;
    %store/vec4 v0x55856ab0fdb0_0, 0, 4;
    %delay 10, 0;
    %pushi/vec4 15, 0, 4;
    %store/vec4 v0x55856ab0fdb0_0, 0, 4;
    %delay 10, 0;
    %vpi_call 2 19 "$finish" {0 0 0};
    %end;
    .thread T_1;
# The file index is used to find the file name in the following table.
:file_names 4;
    "N/A";
    "<interactive>";
    "tb_greytobin.v";
    "greytobin.v";
