#! /usr/bin/vvp
:ivl_version "10.3 (stable)";
:ivl_delay_selection "TYPICAL";
:vpi_time_precision + 0;
:vpi_module "system";
:vpi_module "vhdl_sys";
:vpi_module "v2005_math";
:vpi_module "va_math";
S_0x55fbed544500 .scope module, "tb_prior_enco_4to2" "tb_prior_enco_4to2" 2 1;
 .timescale 0 0;
v0x55fbed58b570_0 .var "input_data", 3 0;
v0x55fbed58b630_0 .net "out", 1 0, v0x55fbed58b430_0;  1 drivers
S_0x55fbed544680 .scope module, "dut" "prior_enco_4to2" 2 6, 3 1 0, S_0x55fbed544500;
 .timescale 0 0;
    .port_info 0 /INPUT 4 "input_data"
    .port_info 1 /OUTPUT 2 "out"
v0x55fbed57afa0_0 .net "input_data", 3 0, v0x55fbed58b570_0;  1 drivers
v0x55fbed58b430_0 .var "out", 1 0;
E_0x55fbed57b6c0 .event edge, v0x55fbed57afa0_0;
    .scope S_0x55fbed544680;
T_0 ;
    %wait E_0x55fbed57b6c0;
    %load/vec4 v0x55fbed57afa0_0;
    %dup/vec4;
    %pushi/vec4 1, 0, 4;
    %cmp/u;
    %jmp/1 T_0.0, 6;
    %dup/vec4;
    %pushi/vec4 2, 0, 4;
    %cmp/u;
    %jmp/1 T_0.1, 6;
    %dup/vec4;
    %pushi/vec4 4, 0, 4;
    %cmp/u;
    %jmp/1 T_0.2, 6;
    %dup/vec4;
    %pushi/vec4 8, 0, 4;
    %cmp/u;
    %jmp/1 T_0.3, 6;
    %pushi/vec4 3, 0, 2;
    %store/vec4 v0x55fbed58b430_0, 0, 2;
    %jmp T_0.5;
T_0.0 ;
    %pushi/vec4 0, 0, 2;
    %store/vec4 v0x55fbed58b430_0, 0, 2;
    %jmp T_0.5;
T_0.1 ;
    %pushi/vec4 1, 0, 2;
    %store/vec4 v0x55fbed58b430_0, 0, 2;
    %jmp T_0.5;
T_0.2 ;
    %pushi/vec4 2, 0, 2;
    %store/vec4 v0x55fbed58b430_0, 0, 2;
    %jmp T_0.5;
T_0.3 ;
    %pushi/vec4 3, 0, 2;
    %store/vec4 v0x55fbed58b430_0, 0, 2;
    %jmp T_0.5;
T_0.5 ;
    %pop/vec4 1;
    %jmp T_0;
    .thread T_0, $push;
    .scope S_0x55fbed544500;
T_1 ;
    %vpi_call 2 12 "$dumpfile", "priority.vcd" {0 0 0};
    %vpi_call 2 13 "$dumpvars", 32'sb00000000000000000000000000000000 {0 0 0};
    %vpi_call 2 14 "$monitor", "Input: %b, Output Priority: %b", v0x55fbed58b570_0, v0x55fbed58b630_0 {0 0 0};
    %delay 10, 0;
    %pushi/vec4 0, 0, 4;
    %store/vec4 v0x55fbed58b570_0, 0, 4;
    %delay 10, 0;
    %pushi/vec4 1, 0, 4;
    %store/vec4 v0x55fbed58b570_0, 0, 4;
    %delay 10, 0;
    %pushi/vec4 4, 0, 4;
    %store/vec4 v0x55fbed58b570_0, 0, 4;
    %delay 10, 0;
    %pushi/vec4 0, 0, 4;
    %store/vec4 v0x55fbed58b570_0, 0, 4;
    %delay 10, 0;
    %vpi_call 2 27 "$finish" {0 0 0};
    %end;
    .thread T_1;
# The file index is used to find the file name in the following table.
:file_names 4;
    "N/A";
    "<interactive>";
    "tb_encoder_4to2.v";
    "encoder_4to2.v";
