#! /usr/bin/vvp
:ivl_version "11.0 (stable)";
:ivl_delay_selection "TYPICAL";
:vpi_time_precision + 0;
:vpi_module "/usr/lib/x86_64-linux-gnu/ivl/system.vpi";
:vpi_module "/usr/lib/x86_64-linux-gnu/ivl/vhdl_sys.vpi";
:vpi_module "/usr/lib/x86_64-linux-gnu/ivl/vhdl_textio.vpi";
:vpi_module "/usr/lib/x86_64-linux-gnu/ivl/v2005_math.vpi";
:vpi_module "/usr/lib/x86_64-linux-gnu/ivl/va_math.vpi";
S_0x56087f928230 .scope module, "MatrixMultiplier_Testbench" "MatrixMultiplier_Testbench" 2 1;
 .timescale 0 0;
v0x56087f954d70_0 .var/s "a_imag", 7 0;
v0x56087f954ea0_0 .var/s "a_real", 7 0;
v0x56087f954fb0_0 .var/s "b_imag", 7 0;
v0x56087f9550a0_0 .var/s "b_real", 7 0;
RS_0x7fba81b9f0d8 .resolv tri, v0x56087f953a40_0, v0x56087f954b30_0;
v0x56087f9551b0_0 .net8/s "result_imag", 15 0, RS_0x7fba81b9f0d8;  2 drivers
RS_0x7fba81b9f108 .resolv tri, v0x56087f953b70_0, v0x56087f954c20_0;
v0x56087f955310_0 .net8/s "result_real", 15 0, RS_0x7fba81b9f108;  2 drivers
S_0x56087f9383f0 .scope module, "uut_fixed" "MatrixMultiplier" 2 7, 3 1 0, S_0x56087f928230;
 .timescale 0 0;
    .port_info 0 /INPUT 8 "a_real";
    .port_info 1 /INPUT 8 "a_imag";
    .port_info 2 /INPUT 8 "b_real";
    .port_info 3 /INPUT 8 "b_imag";
    .port_info 4 /OUTPUT 16 "result_real";
    .port_info 5 /OUTPUT 16 "result_imag";
P_0x56087f9385d0 .param/l "USE_FLOAT" 0 3 1, +C4<00000000000000000000000000000000>;
v0x56087f8faf00_0 .net/s "a_imag", 7 0, v0x56087f954d70_0;  1 drivers
v0x56087f953790_0 .net/s "a_real", 7 0, v0x56087f954ea0_0;  1 drivers
v0x56087f953870_0 .net/s "b_imag", 7 0, v0x56087f954fb0_0;  1 drivers
v0x56087f953960_0 .net/s "b_real", 7 0, v0x56087f9550a0_0;  1 drivers
v0x56087f953a40_0 .var/s "result_imag", 15 0;
v0x56087f953b70_0 .var/s "result_real", 15 0;
S_0x56087f8facf0 .scope generate, "genblk2" "genblk2" 3 10, 3 10 0, S_0x56087f9383f0;
 .timescale 0 0;
E_0x56087f9347c0 .event edge, v0x56087f953790_0, v0x56087f953960_0, v0x56087f8faf00_0, v0x56087f953870_0;
S_0x56087f953d10 .scope module, "uut_float" "MatrixMultiplier" 2 17, 3 1 0, S_0x56087f928230;
 .timescale 0 0;
    .port_info 0 /INPUT 8 "a_real";
    .port_info 1 /INPUT 8 "a_imag";
    .port_info 2 /INPUT 8 "b_real";
    .port_info 3 /INPUT 8 "b_imag";
    .port_info 4 /OUTPUT 16 "result_real";
    .port_info 5 /OUTPUT 16 "result_imag";
P_0x56087f953f10 .param/l "USE_FLOAT" 0 3 1, +C4<00000000000000000000000000000001>;
v0x56087f9547b0_0 .net/s "a_imag", 7 0, v0x56087f954d70_0;  alias, 1 drivers
v0x56087f954890_0 .net/s "a_real", 7 0, v0x56087f954ea0_0;  alias, 1 drivers
v0x56087f954960_0 .net/s "b_imag", 7 0, v0x56087f954fb0_0;  alias, 1 drivers
v0x56087f954a60_0 .net/s "b_real", 7 0, v0x56087f9550a0_0;  alias, 1 drivers
v0x56087f954b30_0 .var/s "result_imag", 15 0;
v0x56087f954c20_0 .var/s "result_real", 15 0;
S_0x56087f954050 .scope generate, "genblk1" "genblk1" 3 10, 3 10 0, S_0x56087f953d10;
 .timescale 0 0;
v0x56087f9542b0_0 .var/real "a_imag_float", 0 0;
v0x56087f954390_0 .var/real "a_real_float", 0 0;
v0x56087f954450_0 .var/real "b_imag_float", 0 0;
v0x56087f954520_0 .var/real "b_real_float", 0 0;
v0x56087f9545e0_0 .var/real "result_imag_float", 0 0;
v0x56087f9546f0_0 .var/real "result_real_float", 0 0;
E_0x56087f91e9b0/0 .event edge, v0x56087f953790_0, v0x56087f8faf00_0, v0x56087f953960_0, v0x56087f953870_0;
E_0x56087f91e9b0/1 .event edge, v0x56087f954390_0, v0x56087f954520_0, v0x56087f9542b0_0, v0x56087f954450_0;
E_0x56087f91e9b0/2 .event edge, v0x56087f9546f0_0, v0x56087f9545e0_0;
E_0x56087f91e9b0 .event/or E_0x56087f91e9b0/0, E_0x56087f91e9b0/1, E_0x56087f91e9b0/2;
    .scope S_0x56087f8facf0;
T_0 ;
    %wait E_0x56087f9347c0;
    %load/vec4 v0x56087f953790_0;
    %pad/s 16;
    %load/vec4 v0x56087f953960_0;
    %pad/s 16;
    %mul;
    %load/vec4 v0x56087f8faf00_0;
    %pad/s 16;
    %load/vec4 v0x56087f953870_0;
    %pad/s 16;
    %mul;
    %sub;
    %store/vec4 v0x56087f953b70_0, 0, 16;
    %load/vec4 v0x56087f953790_0;
    %pad/s 16;
    %load/vec4 v0x56087f953870_0;
    %pad/s 16;
    %mul;
    %load/vec4 v0x56087f8faf00_0;
    %pad/s 16;
    %load/vec4 v0x56087f953960_0;
    %pad/s 16;
    %mul;
    %add;
    %store/vec4 v0x56087f953a40_0, 0, 16;
    %jmp T_0;
    .thread T_0, $push;
    .scope S_0x56087f954050;
T_1 ;
    %wait E_0x56087f91e9b0;
    %load/vec4 v0x56087f954890_0;
    %cvt/rv/s;
    %store/real v0x56087f954390_0;
    %load/vec4 v0x56087f9547b0_0;
    %cvt/rv/s;
    %store/real v0x56087f9542b0_0;
    %load/vec4 v0x56087f954a60_0;
    %cvt/rv/s;
    %store/real v0x56087f954520_0;
    %load/vec4 v0x56087f954960_0;
    %cvt/rv/s;
    %store/real v0x56087f954450_0;
    %load/real v0x56087f954390_0;
    %load/real v0x56087f954520_0;
    %mul/wr;
    %load/real v0x56087f9542b0_0;
    %load/real v0x56087f954450_0;
    %mul/wr;
    %sub/wr;
    %store/real v0x56087f9546f0_0;
    %load/real v0x56087f954390_0;
    %load/real v0x56087f954450_0;
    %mul/wr;
    %load/real v0x56087f9542b0_0;
    %load/real v0x56087f954520_0;
    %mul/wr;
    %add/wr;
    %store/real v0x56087f9545e0_0;
    %load/real v0x56087f9546f0_0;
    %cvt/vr 16;
    %store/vec4 v0x56087f954c20_0, 0, 16;
    %load/real v0x56087f9545e0_0;
    %cvt/vr 16;
    %store/vec4 v0x56087f954b30_0, 0, 16;
    %jmp T_1;
    .thread T_1, $push;
    .scope S_0x56087f928230;
T_2 ;
    %pushi/vec4 3, 0, 8;
    %store/vec4 v0x56087f954ea0_0, 0, 8;
    %pushi/vec4 4, 0, 8;
    %store/vec4 v0x56087f954d70_0, 0, 8;
    %pushi/vec4 4, 0, 8;
    %store/vec4 v0x56087f9550a0_0, 0, 8;
    %pushi/vec4 5, 0, 8;
    %store/vec4 v0x56087f954fb0_0, 0, 8;
    %delay 10, 0;
    %vpi_call 2 34 "$display", "Test case 1 (Floating-point):" {0 0 0};
    %vpi_call 2 35 "$display", "a = %0d.%0d + %0d.%0di", v0x56087f954ea0_0, v0x56087f954d70_0, v0x56087f954ea0_0, v0x56087f954d70_0 {0 0 0};
    %vpi_call 2 36 "$display", "b = %0d.%0d + %0d.%0di", v0x56087f9550a0_0, v0x56087f954fb0_0, v0x56087f9550a0_0, v0x56087f954fb0_0 {0 0 0};
    %vpi_call 2 37 "$display", "Result = %0d.%0d + %0d.%0di", v0x56087f955310_0, v0x56087f9551b0_0, v0x56087f955310_0, v0x56087f9551b0_0 {0 0 0};
    %vpi_call 2 38 "$display", "\000" {0 0 0};
    %pushi/vec4 3, 0, 8;
    %store/vec4 v0x56087f954ea0_0, 0, 8;
    %pushi/vec4 4, 0, 8;
    %store/vec4 v0x56087f954d70_0, 0, 8;
    %pushi/vec4 2, 0, 8;
    %store/vec4 v0x56087f9550a0_0, 0, 8;
    %pushi/vec4 2, 0, 8;
    %store/vec4 v0x56087f954fb0_0, 0, 8;
    %delay 10, 0;
    %vpi_call 2 47 "$display", "Test case 2 (Fixed-point):" {0 0 0};
    %vpi_call 2 48 "$display", "a = %d + %di", v0x56087f954ea0_0, v0x56087f954d70_0 {0 0 0};
    %vpi_call 2 49 "$display", "b = %d + %di", v0x56087f9550a0_0, v0x56087f954fb0_0 {0 0 0};
    %vpi_call 2 50 "$display", "Result = %d + %di", v0x56087f955310_0, v0x56087f9551b0_0 {0 0 0};
    %vpi_call 2 51 "$display", "\000" {0 0 0};
    %vpi_call 2 55 "$finish" {0 0 0};
    %end;
    .thread T_2;
# The file index is used to find the file name in the following table.
:file_names 4;
    "N/A";
    "<interactive>";
    "mat_tb.v";
    "mat.v";
