#! /usr/bin/vvp
:ivl_version "10.3 (stable)";
:ivl_delay_selection "TYPICAL";
:vpi_time_precision + 0;
:vpi_module "system";
:vpi_module "vhdl_sys";
:vpi_module "v2005_math";
:vpi_module "va_math";
S_0x5586371314d0 .scope module, "tb_dectobin" "tb_dectobin" 2 1;
 .timescale 0 0;
v0x55863717bd80_0 .net "binary", 3 0, v0x558637168f40_0;  1 drivers
v0x55863717be40_0 .var "decimal", 3 0;
S_0x558637131650 .scope module, "uut" "dectobin" 2 5, 3 1 0, S_0x5586371314d0;
 .timescale 0 0;
    .port_info 0 /INPUT 4 "decimal"
    .port_info 1 /OUTPUT 4 "binary"
v0x558637168f40_0 .var "binary", 3 0;
v0x55863717bc40_0 .net "decimal", 3 0, v0x55863717be40_0;  1 drivers
E_0x558637169a90 .event edge, v0x55863717bc40_0;
    .scope S_0x558637131650;
T_0 ;
    %wait E_0x558637169a90;
    %load/vec4 v0x55863717bc40_0;
    %dup/vec4;
    %pushi/vec4 0, 0, 4;
    %cmp/u;
    %jmp/1 T_0.0, 6;
    %dup/vec4;
    %pushi/vec4 1, 0, 4;
    %cmp/u;
    %jmp/1 T_0.1, 6;
    %dup/vec4;
    %pushi/vec4 2, 0, 4;
    %cmp/u;
    %jmp/1 T_0.2, 6;
    %dup/vec4;
    %pushi/vec4 3, 0, 4;
    %cmp/u;
    %jmp/1 T_0.3, 6;
    %dup/vec4;
    %pushi/vec4 4, 0, 4;
    %cmp/u;
    %jmp/1 T_0.4, 6;
    %dup/vec4;
    %pushi/vec4 5, 0, 4;
    %cmp/u;
    %jmp/1 T_0.5, 6;
    %dup/vec4;
    %pushi/vec4 6, 0, 4;
    %cmp/u;
    %jmp/1 T_0.6, 6;
    %dup/vec4;
    %pushi/vec4 7, 0, 4;
    %cmp/u;
    %jmp/1 T_0.7, 6;
    %dup/vec4;
    %pushi/vec4 8, 0, 4;
    %cmp/u;
    %jmp/1 T_0.8, 6;
    %dup/vec4;
    %pushi/vec4 9, 0, 4;
    %cmp/u;
    %jmp/1 T_0.9, 6;
    %pushi/vec4 15, 15, 4;
    %store/vec4 v0x558637168f40_0, 0, 4;
    %jmp T_0.11;
T_0.0 ;
    %pushi/vec4 0, 0, 4;
    %store/vec4 v0x558637168f40_0, 0, 4;
    %jmp T_0.11;
T_0.1 ;
    %pushi/vec4 1, 0, 4;
    %store/vec4 v0x558637168f40_0, 0, 4;
    %jmp T_0.11;
T_0.2 ;
    %pushi/vec4 2, 0, 4;
    %store/vec4 v0x558637168f40_0, 0, 4;
    %jmp T_0.11;
T_0.3 ;
    %pushi/vec4 3, 0, 4;
    %store/vec4 v0x558637168f40_0, 0, 4;
    %jmp T_0.11;
T_0.4 ;
    %pushi/vec4 4, 0, 4;
    %store/vec4 v0x558637168f40_0, 0, 4;
    %jmp T_0.11;
T_0.5 ;
    %pushi/vec4 5, 0, 4;
    %store/vec4 v0x558637168f40_0, 0, 4;
    %jmp T_0.11;
T_0.6 ;
    %pushi/vec4 6, 0, 4;
    %store/vec4 v0x558637168f40_0, 0, 4;
    %jmp T_0.11;
T_0.7 ;
    %pushi/vec4 7, 0, 4;
    %store/vec4 v0x558637168f40_0, 0, 4;
    %jmp T_0.11;
T_0.8 ;
    %pushi/vec4 8, 0, 4;
    %store/vec4 v0x558637168f40_0, 0, 4;
    %jmp T_0.11;
T_0.9 ;
    %pushi/vec4 9, 0, 4;
    %store/vec4 v0x558637168f40_0, 0, 4;
    %jmp T_0.11;
T_0.11 ;
    %pop/vec4 1;
    %jmp T_0;
    .thread T_0, $push;
    .scope S_0x5586371314d0;
T_1 ;
    %vpi_call 2 8 "$dumpfile", "dectobin.vcd" {0 0 0};
    %vpi_call 2 9 "$dumpvars", 32'sb00000000000000000000000000000000, S_0x5586371314d0 {0 0 0};
    %vpi_call 2 10 "$monitor", $time, " Input: %d, Output: %b", v0x55863717be40_0, v0x55863717bd80_0 {0 0 0};
    %pushi/vec4 0, 0, 4;
    %store/vec4 v0x55863717be40_0, 0, 4;
    %delay 10, 0;
    %pushi/vec4 1, 0, 4;
    %store/vec4 v0x55863717be40_0, 0, 4;
    %delay 10, 0;
    %pushi/vec4 2, 0, 4;
    %store/vec4 v0x55863717be40_0, 0, 4;
    %delay 10, 0;
    %pushi/vec4 3, 0, 4;
    %store/vec4 v0x55863717be40_0, 0, 4;
    %delay 10, 0;
    %pushi/vec4 4, 0, 4;
    %store/vec4 v0x55863717be40_0, 0, 4;
    %delay 10, 0;
    %pushi/vec4 5, 0, 4;
    %store/vec4 v0x55863717be40_0, 0, 4;
    %delay 10, 0;
    %pushi/vec4 6, 0, 4;
    %store/vec4 v0x55863717be40_0, 0, 4;
    %delay 10, 0;
    %pushi/vec4 7, 0, 4;
    %store/vec4 v0x55863717be40_0, 0, 4;
    %delay 10, 0;
    %pushi/vec4 8, 0, 4;
    %store/vec4 v0x55863717be40_0, 0, 4;
    %delay 10, 0;
    %pushi/vec4 9, 0, 4;
    %store/vec4 v0x55863717be40_0, 0, 4;
    %delay 10, 0;
    %vpi_call 2 21 "$finish" {0 0 0};
    %end;
    .thread T_1;
# The file index is used to find the file name in the following table.
:file_names 4;
    "N/A";
    "<interactive>";
    "tb_dectobin.v";
    "dectobin.v";
