#! /usr/bin/vvp
:ivl_version "10.3 (stable)";
:ivl_delay_selection "TYPICAL";
:vpi_time_precision + 0;
:vpi_module "system";
:vpi_module "vhdl_sys";
:vpi_module "v2005_math";
:vpi_module "va_math";
S_0x5651aa28a560 .scope module, "q1_tb" "q1_tb" 2 1;
 .timescale 0 0;
v0x5651aa2bef80_0 .var "A", 0 0;
v0x5651aa2bf040_0 .var "B", 0 0;
v0x5651aa2bf110_0 .var "C", 0 0;
v0x5651aa2bf210_0 .net "Y", 0 0, L_0x5651aa2bf700;  1 drivers
S_0x5651aa275430 .scope module, "dut" "q1_structural" 2 7, 3 1 0, S_0x5651aa28a560;
 .timescale 0 0;
    .port_info 0 /INPUT 1 "A"
    .port_info 1 /INPUT 1 "B"
    .port_info 2 /INPUT 1 "C"
    .port_info 3 /OUTPUT 1 "Y"
L_0x5651aa2bf2e0 .functor AND 1, v0x5651aa2bef80_0, L_0x5651aa2bf380, C4<1>, C4<1>;
L_0x5651aa2bf380 .functor NOT 1, v0x5651aa2bf040_0, C4<0>, C4<0>, C4<0>;
L_0x5651aa2bf490 .functor OR 1, v0x5651aa2bef80_0, v0x5651aa2bf040_0, C4<0>, C4<0>;
L_0x5651aa2bf500 .functor NOT 1, v0x5651aa2bf110_0, C4<0>, C4<0>, C4<0>;
L_0x5651aa2bf5f0 .functor AND 1, L_0x5651aa2bf490, L_0x5651aa2bf500, C4<1>, C4<1>;
L_0x5651aa2bf700 .functor OR 1, L_0x5651aa2bf2e0, L_0x5651aa2bf5f0, C4<0>, C4<0>;
v0x5651aa275670_0 .net "A", 0 0, v0x5651aa2bef80_0;  1 drivers
v0x5651aa2be880_0 .net "B", 0 0, v0x5651aa2bf040_0;  1 drivers
v0x5651aa2be940_0 .net "C", 0 0, v0x5651aa2bf110_0;  1 drivers
v0x5651aa2bea10_0 .net "Y", 0 0, L_0x5651aa2bf700;  alias, 1 drivers
v0x5651aa2bead0_0 .net *"_s0", 0 0, L_0x5651aa2bf380;  1 drivers
v0x5651aa2bec00_0 .net "w1", 0 0, L_0x5651aa2bf2e0;  1 drivers
v0x5651aa2becc0_0 .net "w2", 0 0, L_0x5651aa2bf490;  1 drivers
v0x5651aa2bed80_0 .net "w3", 0 0, L_0x5651aa2bf500;  1 drivers
v0x5651aa2bee40_0 .net "w4", 0 0, L_0x5651aa2bf5f0;  1 drivers
    .scope S_0x5651aa28a560;
T_0 ;
    %vpi_call 2 15 "$dumpfile", "q1_tb.vcd" {0 0 0};
    %vpi_call 2 16 "$dumpvars", 32'sb00000000000000000000000000000000, S_0x5651aa28a560 {0 0 0};
    %vpi_call 2 17 "$monitor", "A=%b, B=%b, C=%b, Y=%b", v0x5651aa2bef80_0, v0x5651aa2bf040_0, v0x5651aa2bf110_0, v0x5651aa2bf210_0 {0 0 0};
    %pushi/vec4 0, 0, 1;
    %store/vec4 v0x5651aa2bef80_0, 0, 1;
    %pushi/vec4 0, 0, 1;
    %store/vec4 v0x5651aa2bf040_0, 0, 1;
    %pushi/vec4 0, 0, 1;
    %store/vec4 v0x5651aa2bf110_0, 0, 1;
    %delay 10, 0;
    %pushi/vec4 1, 0, 1;
    %store/vec4 v0x5651aa2bef80_0, 0, 1;
    %pushi/vec4 0, 0, 1;
    %store/vec4 v0x5651aa2bf040_0, 0, 1;
    %pushi/vec4 1, 0, 1;
    %store/vec4 v0x5651aa2bf110_0, 0, 1;
    %delay 10, 0;
    %pushi/vec4 1, 0, 1;
    %store/vec4 v0x5651aa2bef80_0, 0, 1;
    %pushi/vec4 1, 0, 1;
    %store/vec4 v0x5651aa2bf040_0, 0, 1;
    %pushi/vec4 0, 0, 1;
    %store/vec4 v0x5651aa2bf110_0, 0, 1;
    %delay 10, 0;
    %pushi/vec4 0, 0, 1;
    %store/vec4 v0x5651aa2bef80_0, 0, 1;
    %pushi/vec4 1, 0, 1;
    %store/vec4 v0x5651aa2bf040_0, 0, 1;
    %pushi/vec4 1, 0, 1;
    %store/vec4 v0x5651aa2bf110_0, 0, 1;
    %delay 10, 0;
    %vpi_call 2 39 "$finish" {0 0 0};
    %end;
    .thread T_0;
# The file index is used to find the file name in the following table.
:file_names 4;
    "N/A";
    "<interactive>";
    "test_q1.v";
    "q1.v";
