#! /usr/bin/vvp
:ivl_version "10.3 (stable)";
:ivl_delay_selection "TYPICAL";
:vpi_time_precision + 0;
:vpi_module "system";
:vpi_module "vhdl_sys";
:vpi_module "v2005_math";
:vpi_module "va_math";
S_0x5632adff0170 .scope module, "test_q2" "test_q2" 2 1;
 .timescale 0 0;
v0x5632ae003c00_0 .net "out", 0 0, L_0x5632ae004380;  1 drivers
v0x5632ae003cc0_0 .var "x", 0 0;
v0x5632ae003d90_0 .var "y", 0 0;
v0x5632ae003e90_0 .var "z", 0 0;
S_0x5632adff02f0 .scope module, "dut" "q2" 2 7, 3 1 0, S_0x5632adff0170;
 .timescale 0 0;
    .port_info 0 /INPUT 1 "x"
    .port_info 1 /INPUT 1 "y"
    .port_info 2 /INPUT 1 "z"
    .port_info 3 /OUTPUT 1 "out"
L_0x5632ae003f60 .functor OR 1, v0x5632ae003cc0_0, v0x5632ae003d90_0, C4<0>, C4<0>;
L_0x5632ae004050 .functor NOT 1, v0x5632ae003cc0_0, C4<0>, C4<0>, C4<0>;
L_0x5632ae0040c0 .functor OR 1, L_0x5632ae004050, v0x5632ae003e90_0, C4<0>, C4<0>;
L_0x5632ae0041d0 .functor AND 1, L_0x5632ae003f60, L_0x5632ae0040c0, C4<1>, C4<1>;
L_0x5632ae004310 .functor OR 1, v0x5632ae003d90_0, v0x5632ae003e90_0, C4<0>, C4<0>;
L_0x5632ae004380 .functor AND 1, L_0x5632ae0041d0, L_0x5632ae004310, C4<1>, C4<1>;
v0x5632adfba4a0_0 .net *"_s0", 0 0, L_0x5632ae003f60;  1 drivers
v0x5632ae0034d0_0 .net *"_s2", 0 0, L_0x5632ae004050;  1 drivers
v0x5632ae0035b0_0 .net *"_s4", 0 0, L_0x5632ae0040c0;  1 drivers
v0x5632ae003670_0 .net *"_s6", 0 0, L_0x5632ae0041d0;  1 drivers
v0x5632ae003750_0 .net *"_s8", 0 0, L_0x5632ae004310;  1 drivers
v0x5632ae003880_0 .net "out", 0 0, L_0x5632ae004380;  alias, 1 drivers
v0x5632ae003940_0 .net "x", 0 0, v0x5632ae003cc0_0;  1 drivers
v0x5632ae003a00_0 .net "y", 0 0, v0x5632ae003d90_0;  1 drivers
v0x5632ae003ac0_0 .net "z", 0 0, v0x5632ae003e90_0;  1 drivers
    .scope S_0x5632adff0170;
T_0 ;
    %vpi_call 2 15 "$dumpfile", "test_q2.vcd" {0 0 0};
    %vpi_call 2 16 "$dumpvars", 32'sb00000000000000000000000000000000, S_0x5632adff0170 {0 0 0};
    %vpi_call 2 17 "$monitor", "x=%b, y=%b, z=%b, out=%b", v0x5632ae003cc0_0, v0x5632ae003d90_0, v0x5632ae003e90_0, v0x5632ae003c00_0 {0 0 0};
    %pushi/vec4 0, 0, 1;
    %store/vec4 v0x5632ae003cc0_0, 0, 1;
    %pushi/vec4 0, 0, 1;
    %store/vec4 v0x5632ae003d90_0, 0, 1;
    %pushi/vec4 0, 0, 1;
    %store/vec4 v0x5632ae003e90_0, 0, 1;
    %delay 10, 0;
    %pushi/vec4 1, 0, 1;
    %store/vec4 v0x5632ae003cc0_0, 0, 1;
    %pushi/vec4 0, 0, 1;
    %store/vec4 v0x5632ae003d90_0, 0, 1;
    %pushi/vec4 1, 0, 1;
    %store/vec4 v0x5632ae003e90_0, 0, 1;
    %delay 10, 0;
    %pushi/vec4 1, 0, 1;
    %store/vec4 v0x5632ae003cc0_0, 0, 1;
    %pushi/vec4 1, 0, 1;
    %store/vec4 v0x5632ae003d90_0, 0, 1;
    %pushi/vec4 0, 0, 1;
    %store/vec4 v0x5632ae003e90_0, 0, 1;
    %delay 10, 0;
    %pushi/vec4 0, 0, 1;
    %store/vec4 v0x5632ae003cc0_0, 0, 1;
    %pushi/vec4 1, 0, 1;
    %store/vec4 v0x5632ae003d90_0, 0, 1;
    %pushi/vec4 1, 0, 1;
    %store/vec4 v0x5632ae003e90_0, 0, 1;
    %delay 10, 0;
    %vpi_call 2 39 "$finish" {0 0 0};
    %end;
    .thread T_0;
# The file index is used to find the file name in the following table.
:file_names 4;
    "N/A";
    "<interactive>";
    "test_q2.v";
    "q2.v";
