#! /usr/bin/vvp
:ivl_version "10.3 (stable)";
:ivl_delay_selection "TYPICAL";
:vpi_time_precision + 0;
:vpi_module "system";
:vpi_module "vhdl_sys";
:vpi_module "v2005_math";
:vpi_module "va_math";
S_0x5630a63ef620 .scope module, "test_q3" "test_q3" 2 1;
 .timescale 0 0;
v0x5630a6423080_0 .net "out", 0 0, L_0x5630a64236a0;  1 drivers
v0x5630a6423140_0 .var "x", 0 0;
v0x5630a6423210_0 .var "y", 0 0;
v0x5630a6423310_0 .var "z", 0 0;
S_0x5630a640ff10 .scope module, "dut" "q3" 2 7, 3 1 0, S_0x5630a63ef620;
 .timescale 0 0;
    .port_info 0 /INPUT 1 "x"
    .port_info 1 /INPUT 1 "y"
    .port_info 2 /INPUT 1 "z"
    .port_info 3 /OUTPUT 1 "out"
L_0x5630a64233e0 .functor OR 1, v0x5630a6423140_0, v0x5630a6423210_0, C4<0>, C4<0>;
L_0x5630a6423520 .functor NOT 1, v0x5630a6423140_0, C4<0>, C4<0>, C4<0>;
L_0x5630a6423590 .functor OR 1, L_0x5630a6423520, v0x5630a6423310_0, C4<0>, C4<0>;
L_0x5630a64236a0 .functor AND 1, L_0x5630a64233e0, L_0x5630a6423590, C4<1>, C4<1>;
v0x5630a6410150_0 .net *"_s0", 0 0, L_0x5630a64233e0;  1 drivers
v0x5630a6422b10_0 .net *"_s2", 0 0, L_0x5630a6423520;  1 drivers
v0x5630a6422bf0_0 .net *"_s4", 0 0, L_0x5630a6423590;  1 drivers
v0x5630a6422cb0_0 .net "out", 0 0, L_0x5630a64236a0;  alias, 1 drivers
v0x5630a6422d70_0 .net "x", 0 0, v0x5630a6423140_0;  1 drivers
v0x5630a6422e80_0 .net "y", 0 0, v0x5630a6423210_0;  1 drivers
v0x5630a6422f40_0 .net "z", 0 0, v0x5630a6423310_0;  1 drivers
    .scope S_0x5630a63ef620;
T_0 ;
    %vpi_call 2 15 "$dumpfile", "test_q3.vcd" {0 0 0};
    %vpi_call 2 16 "$dumpvars", 32'sb00000000000000000000000000000000, S_0x5630a63ef620 {0 0 0};
    %vpi_call 2 17 "$monitor", "x=%b, y=%b, z=%b, out=%b", v0x5630a6423140_0, v0x5630a6423210_0, v0x5630a6423310_0, v0x5630a6423080_0 {0 0 0};
    %pushi/vec4 0, 0, 1;
    %store/vec4 v0x5630a6423140_0, 0, 1;
    %pushi/vec4 0, 0, 1;
    %store/vec4 v0x5630a6423210_0, 0, 1;
    %pushi/vec4 0, 0, 1;
    %store/vec4 v0x5630a6423310_0, 0, 1;
    %delay 10, 0;
    %pushi/vec4 1, 0, 1;
    %store/vec4 v0x5630a6423140_0, 0, 1;
    %pushi/vec4 0, 0, 1;
    %store/vec4 v0x5630a6423210_0, 0, 1;
    %pushi/vec4 1, 0, 1;
    %store/vec4 v0x5630a6423310_0, 0, 1;
    %delay 10, 0;
    %pushi/vec4 1, 0, 1;
    %store/vec4 v0x5630a6423140_0, 0, 1;
    %pushi/vec4 1, 0, 1;
    %store/vec4 v0x5630a6423210_0, 0, 1;
    %pushi/vec4 0, 0, 1;
    %store/vec4 v0x5630a6423310_0, 0, 1;
    %delay 10, 0;
    %pushi/vec4 0, 0, 1;
    %store/vec4 v0x5630a6423140_0, 0, 1;
    %pushi/vec4 1, 0, 1;
    %store/vec4 v0x5630a6423210_0, 0, 1;
    %pushi/vec4 1, 0, 1;
    %store/vec4 v0x5630a6423310_0, 0, 1;
    %delay 10, 0;
    %vpi_call 2 39 "$finish" {0 0 0};
    %end;
    .thread T_0;
# The file index is used to find the file name in the following table.
:file_names 4;
    "N/A";
    "<interactive>";
    "test_q3.v";
    "q3.v";
