#! /usr/bin/vvp
:ivl_version "11.0 (stable)";
:ivl_delay_selection "TYPICAL";
:vpi_time_precision - 9;
:vpi_module "/usr/lib/x86_64-linux-gnu/ivl/system.vpi";
:vpi_module "/usr/lib/x86_64-linux-gnu/ivl/vhdl_sys.vpi";
:vpi_module "/usr/lib/x86_64-linux-gnu/ivl/vhdl_textio.vpi";
:vpi_module "/usr/lib/x86_64-linux-gnu/ivl/v2005_math.vpi";
:vpi_module "/usr/lib/x86_64-linux-gnu/ivl/va_math.vpi";
S_0x55fb2d045380 .scope module, "ha_tb" "ha_tb" 2 3;
 .timescale -9 -9;
v0x55fb2d06a790_0 .var "A", 0 0;
v0x55fb2d06a850_0 .var "B", 0 0;
v0x55fb2d06a920_0 .net "CARRY", 0 0, L_0x55fb2d06ac50;  1 drivers
v0x55fb2d06aa20_0 .net "SUM", 0 0, L_0x55fb2d06aaf0;  1 drivers
S_0x55fb2d0585c0 .scope module, "ha_inst" "half_adder" 2 12, 3 1 0, S_0x55fb2d045380;
 .timescale -9 -9;
    .port_info 0 /INPUT 1 "A";
    .port_info 1 /INPUT 1 "B";
    .port_info 2 /OUTPUT 1 "Sum";
    .port_info 3 /OUTPUT 1 "Carry";
L_0x55fb2d06aaf0 .functor XOR 1, v0x55fb2d06a790_0, v0x55fb2d06a850_0, C4<0>, C4<0>;
L_0x55fb2d06ac50 .functor AND 1, v0x55fb2d06a790_0, v0x55fb2d06a850_0, C4<1>, C4<1>;
v0x55fb2d01eba0_0 .net "A", 0 0, v0x55fb2d06a790_0;  1 drivers
v0x55fb2d06a490_0 .net "B", 0 0, v0x55fb2d06a850_0;  1 drivers
v0x55fb2d06a550_0 .net "Carry", 0 0, L_0x55fb2d06ac50;  alias, 1 drivers
v0x55fb2d06a620_0 .net "Sum", 0 0, L_0x55fb2d06aaf0;  alias, 1 drivers
    .scope S_0x55fb2d045380;
T_0 ;
    %vpi_call 2 21 "$dumpfile", "dump.vcd" {0 0 0};
    %vpi_call 2 22 "$dumpvars", 32'sb00000000000000000000000000000000, S_0x55fb2d045380 {0 0 0};
    %pushi/vec4 0, 0, 1;
    %store/vec4 v0x55fb2d06a790_0, 0, 1;
    %pushi/vec4 0, 0, 1;
    %store/vec4 v0x55fb2d06a850_0, 0, 1;
    %delay 10, 0;
    %vpi_call 2 27 "$display", $time, " A: %b , B: %b , Sum: %b , Carry: %b ", v0x55fb2d06a790_0, v0x55fb2d06a850_0, v0x55fb2d06aa20_0, v0x55fb2d06a920_0 {0 0 0};
    %pushi/vec4 1, 0, 1;
    %store/vec4 v0x55fb2d06a790_0, 0, 1;
    %delay 10, 0;
    %vpi_call 2 30 "$display", $time, " A: %b , B: %b , Sum: %b , Carry: %b ", v0x55fb2d06a790_0, v0x55fb2d06a850_0, v0x55fb2d06aa20_0, v0x55fb2d06a920_0 {0 0 0};
    %pushi/vec4 1, 0, 1;
    %store/vec4 v0x55fb2d06a850_0, 0, 1;
    %delay 10, 0;
    %vpi_call 2 33 "$display", $time, " A: %b , B: %b , Sum: %b , Carry: %b ", v0x55fb2d06a790_0, v0x55fb2d06a850_0, v0x55fb2d06aa20_0, v0x55fb2d06a920_0 {0 0 0};
    %pushi/vec4 0, 0, 1;
    %store/vec4 v0x55fb2d06a790_0, 0, 1;
    %delay 10, 0;
    %vpi_call 2 36 "$display", $time, " A: %b , B: %b , Sum: %b , Carry: %b ", v0x55fb2d06a790_0, v0x55fb2d06a850_0, v0x55fb2d06aa20_0, v0x55fb2d06a920_0 {0 0 0};
    %vpi_call 2 37 "$finish" {0 0 0};
    %end;
    .thread T_0;
# The file index is used to find the file name in the following table.
:file_names 4;
    "N/A";
    "<interactive>";
    "ha_tb.v";
    "half_adder.v";
