#! /usr/bin/vvp
:ivl_version "10.3 (stable)";
:ivl_delay_selection "TYPICAL";
:vpi_time_precision + 0;
:vpi_module "system";
:vpi_module "vhdl_sys";
:vpi_module "v2005_math";
:vpi_module "va_math";
S_0x557490c827e0 .scope module, "tb_mux_16x1_df" "tb_mux_16x1_df" 2 1;
 .timescale 0 0;
v0x557490caec60_0 .var "data_in", 15 0;
v0x557490caed20_0 .net "out", 0 0, L_0x557490caf760;  1 drivers
v0x557490caee10_0 .var "sel", 3 0;
S_0x557490c7edc0 .scope module, "mux_16x1" "mux_16x1_df" 2 7, 3 1 0, S_0x557490c827e0;
 .timescale 0 0;
    .port_info 0 /INPUT 16 "data_in"
    .port_info 1 /INPUT 4 "sel"
    .port_info 2 /OUTPUT 1 "out"
L_0x7fbd8aa67060 .functor BUFT 1, C4<0000000>, C4<0>, C4<0>, C4<0>;
v0x557490cae510_0 .net *"_s16", 6 0, L_0x7fbd8aa67060;  1 drivers
v0x557490cae5f0_0 .net *"_s18", 15 0, L_0x557490caf8a0;  1 drivers
L_0x7fbd8aa67018 .functor BUFT 1, C4<0000000>, C4<0>, C4<0>, C4<0>;
v0x557490cae6d0_0 .net *"_s7", 6 0, L_0x7fbd8aa67018;  1 drivers
v0x557490cae790_0 .net "data_in", 15 0, v0x557490caec60_0;  1 drivers
v0x557490cae870_0 .net "data_out_1", 7 0, L_0x557490caf0f0;  1 drivers
v0x557490cae9a0_0 .net "data_out_2", 7 0, L_0x557490caf3e0;  1 drivers
v0x557490caea80_0 .net "out", 0 0, L_0x557490caf760;  alias, 1 drivers
v0x557490caeb20_0 .net "sel", 3 0, v0x557490caee10_0;  1 drivers
L_0x557490caeee0 .part v0x557490caec60_0, 0, 8;
L_0x557490caf000 .part v0x557490caee10_0, 1, 2;
L_0x557490caf0f0 .concat [ 1 7 0 0], v0x557490cad6c0_0, L_0x7fbd8aa67018;
L_0x557490caf240 .part v0x557490caec60_0, 8, 8;
L_0x557490caf310 .part v0x557490caee10_0, 1, 2;
L_0x557490caf3e0 .concat [ 1 7 0 0], v0x557490cadc20_0, L_0x7fbd8aa67060;
L_0x557490caf8a0 .concat [ 8 8 0 0], L_0x557490caf3e0, L_0x557490caf0f0;
L_0x557490caf9e0 .part L_0x557490caf8a0, 0, 2;
L_0x557490cafb20 .part v0x557490caee10_0, 0, 1;
S_0x557490c968d0 .scope module, "mux_1" "mux_8x1_df" 3 9, 3 28 0, S_0x557490c7edc0;
 .timescale 0 0;
    .port_info 0 /INPUT 8 "data_in"
    .port_info 1 /INPUT 2 "sel"
    .port_info 2 /OUTPUT 1 "out"
v0x557490c96af0_0 .net "data_in", 7 0, L_0x557490caeee0;  1 drivers
v0x557490cad6c0_0 .var "out", 0 0;
v0x557490cad780_0 .net "sel", 1 0, L_0x557490caf000;  1 drivers
E_0x557490c92900 .event edge, v0x557490cad780_0, v0x557490c96af0_0;
S_0x557490cad8c0 .scope module, "mux_2" "mux_8x1_df" 3 15, 3 28 0, S_0x557490c7edc0;
 .timescale 0 0;
    .port_info 0 /INPUT 8 "data_in"
    .port_info 1 /INPUT 2 "sel"
    .port_info 2 /OUTPUT 1 "out"
v0x557490cadb20_0 .net "data_in", 7 0, L_0x557490caf240;  1 drivers
v0x557490cadc20_0 .var "out", 0 0;
v0x557490cadce0_0 .net "sel", 1 0, L_0x557490caf310;  1 drivers
E_0x557490c931c0 .event edge, v0x557490cadce0_0, v0x557490cadb20_0;
S_0x557490cade20 .scope module, "mux_3" "mux_2x1_df" 3 21, 3 46 0, S_0x557490c7edc0;
 .timescale 0 0;
    .port_info 0 /INPUT 2 "data_in"
    .port_info 1 /INPUT 1 "sel"
    .port_info 2 /OUTPUT 1 "out"
v0x557490cae040_0 .net *"_s1", 0 0, L_0x557490caf5a0;  1 drivers
v0x557490cae120_0 .net *"_s3", 0 0, L_0x557490caf640;  1 drivers
v0x557490cae200_0 .net "data_in", 1 0, L_0x557490caf9e0;  1 drivers
v0x557490cae2c0_0 .net "out", 0 0, L_0x557490caf760;  alias, 1 drivers
v0x557490cae380_0 .net "sel", 0 0, L_0x557490cafb20;  1 drivers
L_0x557490caf5a0 .part L_0x557490caf9e0, 1, 1;
L_0x557490caf640 .part L_0x557490caf9e0, 0, 1;
L_0x557490caf760 .functor MUXZ 1, L_0x557490caf640, L_0x557490caf5a0, L_0x557490cafb20, C4<>;
    .scope S_0x557490c968d0;
T_0 ;
    %wait E_0x557490c92900;
    %load/vec4 v0x557490cad780_0;
    %dup/vec4;
    %pushi/vec4 0, 0, 2;
    %cmp/u;
    %jmp/1 T_0.0, 6;
    %dup/vec4;
    %pushi/vec4 1, 0, 2;
    %cmp/u;
    %jmp/1 T_0.1, 6;
    %dup/vec4;
    %pushi/vec4 2, 0, 2;
    %cmp/u;
    %jmp/1 T_0.2, 6;
    %dup/vec4;
    %pushi/vec4 3, 0, 2;
    %cmp/u;
    %jmp/1 T_0.3, 6;
    %pushi/vec4 0, 0, 1;
    %store/vec4 v0x557490cad6c0_0, 0, 1;
    %jmp T_0.5;
T_0.0 ;
    %load/vec4 v0x557490c96af0_0;
    %parti/s 1, 0, 2;
    %store/vec4 v0x557490cad6c0_0, 0, 1;
    %jmp T_0.5;
T_0.1 ;
    %load/vec4 v0x557490c96af0_0;
    %parti/s 1, 1, 2;
    %store/vec4 v0x557490cad6c0_0, 0, 1;
    %jmp T_0.5;
T_0.2 ;
    %load/vec4 v0x557490c96af0_0;
    %parti/s 1, 2, 3;
    %store/vec4 v0x557490cad6c0_0, 0, 1;
    %jmp T_0.5;
T_0.3 ;
    %load/vec4 v0x557490c96af0_0;
    %parti/s 1, 3, 3;
    %store/vec4 v0x557490cad6c0_0, 0, 1;
    %jmp T_0.5;
T_0.5 ;
    %pop/vec4 1;
    %jmp T_0;
    .thread T_0, $push;
    .scope S_0x557490cad8c0;
T_1 ;
    %wait E_0x557490c931c0;
    %load/vec4 v0x557490cadce0_0;
    %dup/vec4;
    %pushi/vec4 0, 0, 2;
    %cmp/u;
    %jmp/1 T_1.0, 6;
    %dup/vec4;
    %pushi/vec4 1, 0, 2;
    %cmp/u;
    %jmp/1 T_1.1, 6;
    %dup/vec4;
    %pushi/vec4 2, 0, 2;
    %cmp/u;
    %jmp/1 T_1.2, 6;
    %dup/vec4;
    %pushi/vec4 3, 0, 2;
    %cmp/u;
    %jmp/1 T_1.3, 6;
    %pushi/vec4 0, 0, 1;
    %store/vec4 v0x557490cadc20_0, 0, 1;
    %jmp T_1.5;
T_1.0 ;
    %load/vec4 v0x557490cadb20_0;
    %parti/s 1, 0, 2;
    %store/vec4 v0x557490cadc20_0, 0, 1;
    %jmp T_1.5;
T_1.1 ;
    %load/vec4 v0x557490cadb20_0;
    %parti/s 1, 1, 2;
    %store/vec4 v0x557490cadc20_0, 0, 1;
    %jmp T_1.5;
T_1.2 ;
    %load/vec4 v0x557490cadb20_0;
    %parti/s 1, 2, 3;
    %store/vec4 v0x557490cadc20_0, 0, 1;
    %jmp T_1.5;
T_1.3 ;
    %load/vec4 v0x557490cadb20_0;
    %parti/s 1, 3, 3;
    %store/vec4 v0x557490cadc20_0, 0, 1;
    %jmp T_1.5;
T_1.5 ;
    %pop/vec4 1;
    %jmp T_1;
    .thread T_1, $push;
    .scope S_0x557490c827e0;
T_2 ;
    %vpi_call 2 14 "$monitor", "Time=%0t data_in=%b sel=%b out=%b", $time, v0x557490caec60_0, v0x557490caee10_0, v0x557490caed20_0 {0 0 0};
    %pushi/vec4 0, 0, 16;
    %store/vec4 v0x557490caec60_0, 0, 16;
    %pushi/vec4 0, 0, 4;
    %store/vec4 v0x557490caee10_0, 0, 4;
    %delay 10, 0;
    %pushi/vec4 3, 0, 16;
    %store/vec4 v0x557490caec60_0, 0, 16;
    %pushi/vec4 1, 0, 4;
    %store/vec4 v0x557490caee10_0, 0, 4;
    %delay 10, 0;
    %pushi/vec4 12, 0, 16;
    %store/vec4 v0x557490caec60_0, 0, 16;
    %pushi/vec4 2, 0, 4;
    %store/vec4 v0x557490caee10_0, 0, 4;
    %delay 10, 0;
    %pushi/vec4 48, 0, 16;
    %store/vec4 v0x557490caec60_0, 0, 16;
    %pushi/vec4 3, 0, 4;
    %store/vec4 v0x557490caee10_0, 0, 4;
    %delay 10, 0;
    %pushi/vec4 192, 0, 16;
    %store/vec4 v0x557490caec60_0, 0, 16;
    %pushi/vec4 4, 0, 4;
    %store/vec4 v0x557490caee10_0, 0, 4;
    %delay 10, 0;
    %pushi/vec4 768, 0, 16;
    %store/vec4 v0x557490caec60_0, 0, 16;
    %pushi/vec4 5, 0, 4;
    %store/vec4 v0x557490caee10_0, 0, 4;
    %delay 10, 0;
    %pushi/vec4 3072, 0, 16;
    %store/vec4 v0x557490caec60_0, 0, 16;
    %pushi/vec4 6, 0, 4;
    %store/vec4 v0x557490caee10_0, 0, 4;
    %delay 10, 0;
    %pushi/vec4 12288, 0, 16;
    %store/vec4 v0x557490caec60_0, 0, 16;
    %pushi/vec4 7, 0, 4;
    %store/vec4 v0x557490caee10_0, 0, 4;
    %delay 10, 0;
    %pushi/vec4 49152, 0, 16;
    %store/vec4 v0x557490caec60_0, 0, 16;
    %pushi/vec4 8, 0, 4;
    %store/vec4 v0x557490caee10_0, 0, 4;
    %delay 10, 0;
    %pushi/vec4 65535, 0, 16;
    %store/vec4 v0x557490caec60_0, 0, 16;
    %pushi/vec4 9, 0, 4;
    %store/vec4 v0x557490caee10_0, 0, 4;
    %delay 10, 0;
    %vpi_call 2 67 "$finish" {0 0 0};
    %end;
    .thread T_2;
# The file index is used to find the file name in the following table.
:file_names 4;
    "N/A";
    "<interactive>";
    "tb_mux1682.v";
    "mux1682.v";
