#! /usr/bin/vvp
:ivl_version "10.3 (stable)";
:ivl_delay_selection "TYPICAL";
:vpi_time_precision + 0;
:vpi_module "system";
:vpi_module "vhdl_sys";
:vpi_module "v2005_math";
:vpi_module "va_math";
S_0x5592333664d0 .scope module, "sr_latch_tb" "sr_latch_tb" 2 1;
 .timescale 0 0;
v0x5592333b08d0_0 .net "q", 0 0, v0x559233365ce0_0;  1 drivers
v0x5592333b0990_0 .net "q_bar", 0 0, v0x559233378820_0;  1 drivers
v0x5592333b0a60_0 .var "r", 0 0;
v0x5592333b0b60_0 .var "s", 0 0;
S_0x559233366650 .scope module, "uut" "sr_latch" 2 4, 3 1 0, S_0x5592333664d0;
 .timescale 0 0;
    .port_info 0 /INPUT 1 "s"
    .port_info 1 /INPUT 1 "r"
    .port_info 2 /OUTPUT 1 "q"
    .port_info 3 /OUTPUT 1 "q_bar"
v0x559233365ce0_0 .var "q", 0 0;
v0x559233378820_0 .var "q_bar", 0 0;
v0x5592333b06f0_0 .net "r", 0 0, v0x5592333b0a60_0;  1 drivers
v0x5592333b0790_0 .net "s", 0 0, v0x5592333b0b60_0;  1 drivers
E_0x5592333669c0 .event edge, v0x5592333b06f0_0, v0x5592333b0790_0;
    .scope S_0x559233366650;
T_0 ;
    %wait E_0x5592333669c0;
    %load/vec4 v0x5592333b0790_0;
    %inv;
    %load/vec4 v0x5592333b06f0_0;
    %and;
    %flag_set/vec4 8;
    %jmp/0xz  T_0.0, 8;
    %pushi/vec4 0, 0, 1;
    %assign/vec4 v0x559233365ce0_0, 0;
    %jmp T_0.1;
T_0.0 ;
    %load/vec4 v0x5592333b0790_0;
    %load/vec4 v0x5592333b06f0_0;
    %inv;
    %and;
    %flag_set/vec4 8;
    %jmp/0xz  T_0.2, 8;
    %pushi/vec4 1, 0, 1;
    %assign/vec4 v0x559233365ce0_0, 0;
    %jmp T_0.3;
T_0.2 ;
    %load/vec4 v0x5592333b0790_0;
    %inv;
    %load/vec4 v0x5592333b06f0_0;
    %inv;
    %and;
    %flag_set/vec4 8;
    %jmp/0xz  T_0.4, 8;
    %pushi/vec4 0, 1, 1;
    %assign/vec4 v0x559233365ce0_0, 0;
T_0.4 ;
T_0.3 ;
T_0.1 ;
    %jmp T_0;
    .thread T_0, $push;
    .scope S_0x559233366650;
T_1 ;
    %wait E_0x5592333669c0;
    %load/vec4 v0x559233365ce0_0;
    %inv;
    %store/vec4 v0x559233378820_0, 0, 1;
    %jmp T_1;
    .thread T_1, $push;
    .scope S_0x5592333664d0;
T_2 ;
    %vpi_call 2 11 "$dumpfile", "sr_latch.vcd" {0 0 0};
    %vpi_call 2 12 "$dumpvars", 32'sb00000000000000000000000000000000, S_0x5592333664d0 {0 0 0};
    %vpi_call 2 13 "$display", "\011\011     S | R | Q | Q_bar" {0 0 0};
    %vpi_call 2 14 "$monitor", $time, " %b | %b | %b | %b ", v0x5592333b0b60_0, v0x5592333b0a60_0, v0x5592333b08d0_0, v0x5592333b0990_0 {0 0 0};
    %delay 10, 0;
    %pushi/vec4 1, 0, 1;
    %store/vec4 v0x5592333b0b60_0, 0, 1;
    %pushi/vec4 0, 0, 1;
    %store/vec4 v0x5592333b0a60_0, 0, 1;
    %delay 10, 0;
    %pushi/vec4 0, 0, 1;
    %store/vec4 v0x5592333b0b60_0, 0, 1;
    %pushi/vec4 1, 0, 1;
    %store/vec4 v0x5592333b0a60_0, 0, 1;
    %delay 10, 0;
    %pushi/vec4 0, 0, 1;
    %store/vec4 v0x5592333b0b60_0, 0, 1;
    %pushi/vec4 0, 0, 1;
    %store/vec4 v0x5592333b0a60_0, 0, 1;
    %delay 10, 0;
    %pushi/vec4 1, 0, 1;
    %store/vec4 v0x5592333b0b60_0, 0, 1;
    %pushi/vec4 1, 0, 1;
    %store/vec4 v0x5592333b0a60_0, 0, 1;
    %delay 10, 0;
    %pushi/vec4 0, 0, 1;
    %store/vec4 v0x5592333b0b60_0, 0, 1;
    %pushi/vec4 1, 0, 1;
    %store/vec4 v0x5592333b0a60_0, 0, 1;
    %delay 10, 0;
    %vpi_call 2 20 "$finish" {0 0 0};
    %end;
    .thread T_2;
# The file index is used to find the file name in the following table.
:file_names 4;
    "N/A";
    "<interactive>";
    "tb_sr.v";
    "sr.v";
