#! /usr/bin/vvp
:ivl_version "11.0 (stable)";
:ivl_delay_selection "TYPICAL";
:vpi_time_precision + 0;
:vpi_module "/usr/lib/x86_64-linux-gnu/ivl/system.vpi";
:vpi_module "/usr/lib/x86_64-linux-gnu/ivl/vhdl_sys.vpi";
:vpi_module "/usr/lib/x86_64-linux-gnu/ivl/vhdl_textio.vpi";
:vpi_module "/usr/lib/x86_64-linux-gnu/ivl/v2005_math.vpi";
:vpi_module "/usr/lib/x86_64-linux-gnu/ivl/va_math.vpi";
S_0x561306ca4a30 .scope module, "ComplexMatrixMultiplier_TB" "ComplexMatrixMultiplier_TB" 2 1;
 .timescale 0 0;
v0x561306cc6df0_0 .var/i "i", 31 0;
v0x561306cc6ef0_0 .var/i "j", 31 0;
v0x561306cc6fd0_0 .var "matrix_A_imag", 15 0;
v0x561306cc7070_0 .var "matrix_A_real", 15 0;
v0x561306cc7110_0 .var "matrix_B_imag", 15 0;
v0x561306cc71b0_0 .var "matrix_B_real", 15 0;
v0x561306cc7280_0 .net "matrix_C_imag", 31 0, L_0x561306cc74e0;  1 drivers
v0x561306cc7350_0 .net "matrix_C_real", 31 0, L_0x561306cc7420;  1 drivers
S_0x561306ca4bc0 .scope module, "dut" "ComplexMatrixMultiplier" 2 11, 3 1 0, S_0x561306ca4a30;
 .timescale 0 0;
    .port_info 0 /INPUT 16 "matrix_A_real";
    .port_info 1 /INPUT 16 "matrix_A_imag";
    .port_info 2 /INPUT 16 "matrix_B_real";
    .port_info 3 /INPUT 16 "matrix_B_imag";
    .port_info 4 /OUTPUT 32 "matrix_C_real";
    .port_info 5 /OUTPUT 32 "matrix_C_imag";
L_0x561306cc7420 .functor BUFZ 32, v0x561306cc6c50_0, C4<00000000000000000000000000000000>, C4<00000000000000000000000000000000>, C4<00000000000000000000000000000000>;
L_0x561306cc74e0 .functor BUFZ 32, v0x561306cc6b70_0, C4<00000000000000000000000000000000>, C4<00000000000000000000000000000000>, C4<00000000000000000000000000000000>;
v0x561306ca4e40_0 .var/i "i", 31 0;
v0x561306cc6440_0 .var/i "j", 31 0;
v0x561306cc6520_0 .var/i "k", 31 0;
v0x561306cc65e0_0 .net "matrix_A_imag", 15 0, v0x561306cc6fd0_0;  1 drivers
v0x561306cc66c0_0 .net "matrix_A_real", 15 0, v0x561306cc7070_0;  1 drivers
v0x561306cc67f0_0 .net "matrix_B_imag", 15 0, v0x561306cc7110_0;  1 drivers
v0x561306cc68d0_0 .net "matrix_B_real", 15 0, v0x561306cc71b0_0;  1 drivers
v0x561306cc69b0_0 .net "matrix_C_imag", 31 0, L_0x561306cc74e0;  alias, 1 drivers
v0x561306cc6a90_0 .net "matrix_C_real", 31 0, L_0x561306cc7420;  alias, 1 drivers
v0x561306cc6b70_0 .var "temp_imag", 31 0;
v0x561306cc6c50_0 .var "temp_real", 31 0;
E_0x561306c9e620/0 .event edge, v0x561306cc6c50_0, v0x561306cc66c0_0, v0x561306cc68d0_0, v0x561306cc65e0_0;
E_0x561306c9e620/1 .event edge, v0x561306cc67f0_0, v0x561306cc6b70_0;
E_0x561306c9e620 .event/or E_0x561306c9e620/0, E_0x561306c9e620/1;
    .scope S_0x561306ca4bc0;
T_0 ;
    %wait E_0x561306c9e620;
    %pushi/vec4 0, 0, 32;
    %store/vec4 v0x561306ca4e40_0, 0, 32;
T_0.0 ;
    %load/vec4 v0x561306ca4e40_0;
    %cmpi/s 4, 0, 32;
    %jmp/0xz T_0.1, 5;
    %pushi/vec4 0, 0, 32;
    %store/vec4 v0x561306cc6440_0, 0, 32;
T_0.2 ;
    %load/vec4 v0x561306cc6440_0;
    %cmpi/s 4, 0, 32;
    %jmp/0xz T_0.3, 5;
    %pushi/vec4 0, 0, 1;
    %load/vec4 v0x561306ca4e40_0;
    %muli 4, 0, 32;
    %load/vec4 v0x561306cc6440_0;
    %add;
    %ix/vec4/s 4;
    %store/vec4 v0x561306cc6c50_0, 4, 1;
    %pushi/vec4 0, 0, 1;
    %load/vec4 v0x561306ca4e40_0;
    %muli 4, 0, 32;
    %load/vec4 v0x561306cc6440_0;
    %add;
    %ix/vec4/s 4;
    %store/vec4 v0x561306cc6b70_0, 4, 1;
    %pushi/vec4 0, 0, 32;
    %store/vec4 v0x561306cc6520_0, 0, 32;
T_0.4 ;
    %load/vec4 v0x561306cc6520_0;
    %cmpi/s 4, 0, 32;
    %jmp/0xz T_0.5, 5;
    %load/vec4 v0x561306cc6c50_0;
    %load/vec4 v0x561306ca4e40_0;
    %muli 4, 0, 32;
    %load/vec4 v0x561306cc6440_0;
    %add;
    %part/s 1;
    %load/vec4 v0x561306cc66c0_0;
    %load/vec4 v0x561306ca4e40_0;
    %muli 4, 0, 32;
    %load/vec4 v0x561306cc6520_0;
    %add;
    %part/s 1;
    %load/vec4 v0x561306cc68d0_0;
    %load/vec4 v0x561306cc6520_0;
    %muli 4, 0, 32;
    %load/vec4 v0x561306cc6440_0;
    %add;
    %part/s 1;
    %mul;
    %add;
    %load/vec4 v0x561306cc65e0_0;
    %load/vec4 v0x561306ca4e40_0;
    %muli 4, 0, 32;
    %load/vec4 v0x561306cc6520_0;
    %add;
    %part/s 1;
    %load/vec4 v0x561306cc67f0_0;
    %load/vec4 v0x561306cc6520_0;
    %muli 4, 0, 32;
    %load/vec4 v0x561306cc6440_0;
    %add;
    %part/s 1;
    %mul;
    %sub;
    %load/vec4 v0x561306ca4e40_0;
    %muli 4, 0, 32;
    %load/vec4 v0x561306cc6440_0;
    %add;
    %ix/vec4/s 4;
    %store/vec4 v0x561306cc6c50_0, 4, 1;
    %load/vec4 v0x561306cc6b70_0;
    %load/vec4 v0x561306ca4e40_0;
    %muli 4, 0, 32;
    %load/vec4 v0x561306cc6440_0;
    %add;
    %part/s 1;
    %load/vec4 v0x561306cc66c0_0;
    %load/vec4 v0x561306ca4e40_0;
    %muli 4, 0, 32;
    %load/vec4 v0x561306cc6520_0;
    %add;
    %part/s 1;
    %load/vec4 v0x561306cc67f0_0;
    %load/vec4 v0x561306cc6520_0;
    %muli 4, 0, 32;
    %load/vec4 v0x561306cc6440_0;
    %add;
    %part/s 1;
    %mul;
    %add;
    %load/vec4 v0x561306cc65e0_0;
    %load/vec4 v0x561306ca4e40_0;
    %muli 4, 0, 32;
    %load/vec4 v0x561306cc6520_0;
    %add;
    %part/s 1;
    %load/vec4 v0x561306cc68d0_0;
    %load/vec4 v0x561306cc6520_0;
    %muli 4, 0, 32;
    %load/vec4 v0x561306cc6440_0;
    %add;
    %part/s 1;
    %mul;
    %add;
    %load/vec4 v0x561306ca4e40_0;
    %muli 4, 0, 32;
    %load/vec4 v0x561306cc6440_0;
    %add;
    %ix/vec4/s 4;
    %store/vec4 v0x561306cc6b70_0, 4, 1;
    %load/vec4 v0x561306cc6520_0;
    %addi 1, 0, 32;
    %store/vec4 v0x561306cc6520_0, 0, 32;
    %jmp T_0.4;
T_0.5 ;
    %load/vec4 v0x561306cc6440_0;
    %addi 1, 0, 32;
    %store/vec4 v0x561306cc6440_0, 0, 32;
    %jmp T_0.2;
T_0.3 ;
    %load/vec4 v0x561306ca4e40_0;
    %addi 1, 0, 32;
    %store/vec4 v0x561306ca4e40_0, 0, 32;
    %jmp T_0.0;
T_0.1 ;
    %jmp T_0;
    .thread T_0, $push;
    .scope S_0x561306ca4a30;
T_1 ;
    %pushi/vec4 0, 0, 32;
    %store/vec4 v0x561306cc6df0_0, 0, 32;
T_1.0 ;
    %load/vec4 v0x561306cc6df0_0;
    %cmpi/s 16, 0, 32;
    %jmp/0xz T_1.1, 5;
    %vpi_func 2 23 "$random" 32 {0 0 0};
    %pad/s 1;
    %ix/getv/s 4, v0x561306cc6df0_0;
    %store/vec4 v0x561306cc7070_0, 4, 1;
    %vpi_func 2 24 "$random" 32 {0 0 0};
    %pad/s 1;
    %ix/getv/s 4, v0x561306cc6df0_0;
    %store/vec4 v0x561306cc6fd0_0, 4, 1;
    %vpi_func 2 25 "$random" 32 {0 0 0};
    %pad/s 1;
    %ix/getv/s 4, v0x561306cc6df0_0;
    %store/vec4 v0x561306cc71b0_0, 4, 1;
    %vpi_func 2 26 "$random" 32 {0 0 0};
    %pad/s 1;
    %ix/getv/s 4, v0x561306cc6df0_0;
    %store/vec4 v0x561306cc7110_0, 4, 1;
    %load/vec4 v0x561306cc6df0_0;
    %addi 1, 0, 32;
    %store/vec4 v0x561306cc6df0_0, 0, 32;
    %jmp T_1.0;
T_1.1 ;
    %delay 10, 0;
    %vpi_call 2 32 "$display", "Matrix A:" {0 0 0};
    %pushi/vec4 0, 0, 32;
    %store/vec4 v0x561306cc6df0_0, 0, 32;
T_1.2 ;
    %load/vec4 v0x561306cc6df0_0;
    %cmpi/s 4, 0, 32;
    %jmp/0xz T_1.3, 5;
    %pushi/vec4 0, 0, 32;
    %store/vec4 v0x561306cc6ef0_0, 0, 32;
T_1.4 ;
    %load/vec4 v0x561306cc6ef0_0;
    %cmpi/s 4, 0, 32;
    %jmp/0xz T_1.5, 5;
    %load/vec4 v0x561306cc7070_0;
    %load/vec4 v0x561306cc6df0_0;
    %muli 4, 0, 32;
    %load/vec4 v0x561306cc6ef0_0;
    %add;
    %part/s 1;
    %load/vec4 v0x561306cc6fd0_0;
    %load/vec4 v0x561306cc6df0_0;
    %muli 4, 0, 32;
    %load/vec4 v0x561306cc6ef0_0;
    %add;
    %part/s 1;
    %vpi_call 2 35 "$write", "(%d + j%d) ", S<1,vec4,u1>, S<0,vec4,u1> {2 0 0};
    %load/vec4 v0x561306cc6ef0_0;
    %addi 1, 0, 32;
    %store/vec4 v0x561306cc6ef0_0, 0, 32;
    %jmp T_1.4;
T_1.5 ;
    %vpi_call 2 36 "$display", "\000" {0 0 0};
    %load/vec4 v0x561306cc6df0_0;
    %addi 1, 0, 32;
    %store/vec4 v0x561306cc6df0_0, 0, 32;
    %jmp T_1.2;
T_1.3 ;
    %vpi_call 2 39 "$display", "\012Matrix B:" {0 0 0};
    %pushi/vec4 0, 0, 32;
    %store/vec4 v0x561306cc6df0_0, 0, 32;
T_1.6 ;
    %load/vec4 v0x561306cc6df0_0;
    %cmpi/s 4, 0, 32;
    %jmp/0xz T_1.7, 5;
    %pushi/vec4 0, 0, 32;
    %store/vec4 v0x561306cc6ef0_0, 0, 32;
T_1.8 ;
    %load/vec4 v0x561306cc6ef0_0;
    %cmpi/s 4, 0, 32;
    %jmp/0xz T_1.9, 5;
    %load/vec4 v0x561306cc71b0_0;
    %load/vec4 v0x561306cc6df0_0;
    %muli 4, 0, 32;
    %load/vec4 v0x561306cc6ef0_0;
    %add;
    %part/s 1;
    %load/vec4 v0x561306cc7110_0;
    %load/vec4 v0x561306cc6df0_0;
    %muli 4, 0, 32;
    %load/vec4 v0x561306cc6ef0_0;
    %add;
    %part/s 1;
    %vpi_call 2 42 "$write", "(%d + j%d) ", S<1,vec4,u1>, S<0,vec4,u1> {2 0 0};
    %load/vec4 v0x561306cc6ef0_0;
    %addi 1, 0, 32;
    %store/vec4 v0x561306cc6ef0_0, 0, 32;
    %jmp T_1.8;
T_1.9 ;
    %vpi_call 2 43 "$display", "\000" {0 0 0};
    %load/vec4 v0x561306cc6df0_0;
    %addi 1, 0, 32;
    %store/vec4 v0x561306cc6df0_0, 0, 32;
    %jmp T_1.6;
T_1.7 ;
    %vpi_call 2 46 "$display", "\012Matrix C:" {0 0 0};
    %pushi/vec4 0, 0, 32;
    %store/vec4 v0x561306cc6df0_0, 0, 32;
T_1.10 ;
    %load/vec4 v0x561306cc6df0_0;
    %cmpi/s 4, 0, 32;
    %jmp/0xz T_1.11, 5;
    %pushi/vec4 0, 0, 32;
    %store/vec4 v0x561306cc6ef0_0, 0, 32;
T_1.12 ;
    %load/vec4 v0x561306cc6ef0_0;
    %cmpi/s 4, 0, 32;
    %jmp/0xz T_1.13, 5;
    %load/vec4 v0x561306cc7350_0;
    %load/vec4 v0x561306cc6df0_0;
    %muli 4, 0, 32;
    %load/vec4 v0x561306cc6ef0_0;
    %add;
    %part/s 1;
    %load/vec4 v0x561306cc7280_0;
    %load/vec4 v0x561306cc6df0_0;
    %muli 4, 0, 32;
    %load/vec4 v0x561306cc6ef0_0;
    %add;
    %part/s 1;
    %vpi_call 2 49 "$write", "(%d + j%d) ", S<1,vec4,u1>, S<0,vec4,u1> {2 0 0};
    %load/vec4 v0x561306cc6ef0_0;
    %addi 1, 0, 32;
    %store/vec4 v0x561306cc6ef0_0, 0, 32;
    %jmp T_1.12;
T_1.13 ;
    %vpi_call 2 50 "$display", "\000" {0 0 0};
    %load/vec4 v0x561306cc6df0_0;
    %addi 1, 0, 32;
    %store/vec4 v0x561306cc6df0_0, 0, 32;
    %jmp T_1.10;
T_1.11 ;
    %vpi_call 2 53 "$finish" {0 0 0};
    %end;
    .thread T_1;
# The file index is used to find the file name in the following table.
:file_names 4;
    "N/A";
    "<interactive>";
    "matrix_tb.v";
    "matrix.v";
