#! /usr/bin/vvp
:ivl_version "10.3 (stable)";
:ivl_delay_selection "TYPICAL";
:vpi_time_precision + 0;
:vpi_module "system";
:vpi_module "vhdl_sys";
:vpi_module "v2005_math";
:vpi_module "va_math";
S_0x5629c39f6ae0 .scope module, "rca_tb" "rca_tb" 2 1;
 .timescale 0 0;
v0x5629c3a25210_0 .var "a", 3 0;
v0x5629c3a252f0_0 .var "b", 3 0;
v0x5629c3a25390_0 .net "c4", 0 0, L_0x5629c3a27470;  1 drivers
v0x5629c3a254b0_0 .var "cin", 0 0;
v0x5629c3a255a0_0 .net "sum", 3 0, L_0x5629c3a27830;  1 drivers
S_0x5629c39f4220 .scope module, "uut" "rca" 2 7, 3 10 0, S_0x5629c39f6ae0;
 .timescale 0 0;
    .port_info 0 /INPUT 4 "a"
    .port_info 1 /INPUT 4 "b"
    .port_info 2 /INPUT 1 "cin"
    .port_info 3 /OUTPUT 4 "sum"
    .port_info 4 /OUTPUT 1 "c4"
v0x5629c3a24b00_0 .net "a", 3 0, v0x5629c3a25210_0;  1 drivers
v0x5629c3a24c00_0 .net "b", 3 0, v0x5629c3a252f0_0;  1 drivers
v0x5629c3a24ce0_0 .net "c1", 0 0, L_0x5629c3a25bd0;  1 drivers
v0x5629c3a24d80_0 .net "c2", 0 0, L_0x5629c3a26420;  1 drivers
v0x5629c3a24e70_0 .net "c3", 0 0, L_0x5629c3a26c00;  1 drivers
v0x5629c3a24fb0_0 .net "c4", 0 0, L_0x5629c3a27470;  alias, 1 drivers
v0x5629c3a25050_0 .net "cin", 0 0, v0x5629c3a254b0_0;  1 drivers
v0x5629c3a250f0_0 .net "sum", 3 0, L_0x5629c3a27830;  alias, 1 drivers
L_0x5629c3a25ce0 .part v0x5629c3a25210_0, 0, 1;
L_0x5629c3a25e10 .part v0x5629c3a252f0_0, 0, 1;
L_0x5629c3a26530 .part v0x5629c3a25210_0, 1, 1;
L_0x5629c3a26660 .part v0x5629c3a252f0_0, 1, 1;
L_0x5629c3a26d10 .part v0x5629c3a25210_0, 2, 1;
L_0x5629c3a26ed0 .part v0x5629c3a252f0_0, 2, 1;
L_0x5629c3a27580 .part v0x5629c3a25210_0, 3, 1;
L_0x5629c3a276b0 .part v0x5629c3a252f0_0, 3, 1;
L_0x5629c3a27830 .concat8 [ 1 1 1 1], L_0x5629c3a25730, L_0x5629c3a25fb0, L_0x5629c3a26830, L_0x5629c3a27140;
S_0x5629c39fbb40 .scope module, "fa0" "full_adder" 3 18, 3 1 0, S_0x5629c39f4220;
 .timescale 0 0;
    .port_info 0 /INPUT 1 "a"
    .port_info 1 /INPUT 1 "b"
    .port_info 2 /INPUT 1 "cin"
    .port_info 3 /OUTPUT 1 "sum"
    .port_info 4 /OUTPUT 1 "carry"
L_0x5629c3a25690 .functor XOR 1, L_0x5629c3a25ce0, L_0x5629c3a25e10, C4<0>, C4<0>;
L_0x5629c3a25730 .functor XOR 1, L_0x5629c3a25690, v0x5629c3a254b0_0, C4<0>, C4<0>;
L_0x5629c3a25820 .functor AND 1, L_0x5629c3a25ce0, L_0x5629c3a25e10, C4<1>, C4<1>;
L_0x5629c3a25930 .functor AND 1, L_0x5629c3a25e10, v0x5629c3a254b0_0, C4<1>, C4<1>;
L_0x5629c3a25a60 .functor OR 1, L_0x5629c3a25820, L_0x5629c3a25930, C4<0>, C4<0>;
L_0x5629c3a25b20 .functor AND 1, v0x5629c3a254b0_0, L_0x5629c3a25ce0, C4<1>, C4<1>;
L_0x5629c3a25bd0 .functor OR 1, L_0x5629c3a25a60, L_0x5629c3a25b20, C4<0>, C4<0>;
v0x5629c39fbf30_0 .net *"_s0", 0 0, L_0x5629c3a25690;  1 drivers
v0x5629c39f9700_0 .net *"_s10", 0 0, L_0x5629c3a25b20;  1 drivers
v0x5629c39f6ed0_0 .net *"_s4", 0 0, L_0x5629c3a25820;  1 drivers
v0x5629c39f4670_0 .net *"_s6", 0 0, L_0x5629c3a25930;  1 drivers
v0x5629c3a22490_0 .net *"_s8", 0 0, L_0x5629c3a25a60;  1 drivers
v0x5629c3a225c0_0 .net "a", 0 0, L_0x5629c3a25ce0;  1 drivers
v0x5629c3a22680_0 .net "b", 0 0, L_0x5629c3a25e10;  1 drivers
v0x5629c3a22740_0 .net "carry", 0 0, L_0x5629c3a25bd0;  alias, 1 drivers
v0x5629c3a22800_0 .net "cin", 0 0, v0x5629c3a254b0_0;  alias, 1 drivers
v0x5629c3a228c0_0 .net "sum", 0 0, L_0x5629c3a25730;  1 drivers
S_0x5629c3a22a20 .scope module, "fa1" "full_adder" 3 19, 3 1 0, S_0x5629c39f4220;
 .timescale 0 0;
    .port_info 0 /INPUT 1 "a"
    .port_info 1 /INPUT 1 "b"
    .port_info 2 /INPUT 1 "cin"
    .port_info 3 /OUTPUT 1 "sum"
    .port_info 4 /OUTPUT 1 "carry"
L_0x5629c3a25f40 .functor XOR 1, L_0x5629c3a26530, L_0x5629c3a26660, C4<0>, C4<0>;
L_0x5629c3a25fb0 .functor XOR 1, L_0x5629c3a25f40, L_0x5629c3a25bd0, C4<0>, C4<0>;
L_0x5629c3a26100 .functor AND 1, L_0x5629c3a26530, L_0x5629c3a26660, C4<1>, C4<1>;
L_0x5629c3a261c0 .functor AND 1, L_0x5629c3a26660, L_0x5629c3a25bd0, C4<1>, C4<1>;
L_0x5629c3a26260 .functor OR 1, L_0x5629c3a26100, L_0x5629c3a261c0, C4<0>, C4<0>;
L_0x5629c3a26370 .functor AND 1, L_0x5629c3a25bd0, L_0x5629c3a26530, C4<1>, C4<1>;
L_0x5629c3a26420 .functor OR 1, L_0x5629c3a26260, L_0x5629c3a26370, C4<0>, C4<0>;
v0x5629c3a22bc0_0 .net *"_s0", 0 0, L_0x5629c3a25f40;  1 drivers
v0x5629c3a22ca0_0 .net *"_s10", 0 0, L_0x5629c3a26370;  1 drivers
v0x5629c3a22d80_0 .net *"_s4", 0 0, L_0x5629c3a26100;  1 drivers
v0x5629c3a22e40_0 .net *"_s6", 0 0, L_0x5629c3a261c0;  1 drivers
v0x5629c3a22f20_0 .net *"_s8", 0 0, L_0x5629c3a26260;  1 drivers
v0x5629c3a23050_0 .net "a", 0 0, L_0x5629c3a26530;  1 drivers
v0x5629c3a23110_0 .net "b", 0 0, L_0x5629c3a26660;  1 drivers
v0x5629c3a231d0_0 .net "carry", 0 0, L_0x5629c3a26420;  alias, 1 drivers
v0x5629c3a23290_0 .net "cin", 0 0, L_0x5629c3a25bd0;  alias, 1 drivers
v0x5629c3a23330_0 .net "sum", 0 0, L_0x5629c3a25fb0;  1 drivers
S_0x5629c3a23470 .scope module, "fa2" "full_adder" 3 20, 3 1 0, S_0x5629c39f4220;
 .timescale 0 0;
    .port_info 0 /INPUT 1 "a"
    .port_info 1 /INPUT 1 "b"
    .port_info 2 /INPUT 1 "cin"
    .port_info 3 /OUTPUT 1 "sum"
    .port_info 4 /OUTPUT 1 "carry"
L_0x5629c3a267c0 .functor XOR 1, L_0x5629c3a26d10, L_0x5629c3a26ed0, C4<0>, C4<0>;
L_0x5629c3a26830 .functor XOR 1, L_0x5629c3a267c0, L_0x5629c3a26420, C4<0>, C4<0>;
L_0x5629c3a26930 .functor AND 1, L_0x5629c3a26d10, L_0x5629c3a26ed0, C4<1>, C4<1>;
L_0x5629c3a269a0 .functor AND 1, L_0x5629c3a26ed0, L_0x5629c3a26420, C4<1>, C4<1>;
L_0x5629c3a26a40 .functor OR 1, L_0x5629c3a26930, L_0x5629c3a269a0, C4<0>, C4<0>;
L_0x5629c3a26b50 .functor AND 1, L_0x5629c3a26420, L_0x5629c3a26d10, C4<1>, C4<1>;
L_0x5629c3a26c00 .functor OR 1, L_0x5629c3a26a40, L_0x5629c3a26b50, C4<0>, C4<0>;
v0x5629c3a23620_0 .net *"_s0", 0 0, L_0x5629c3a267c0;  1 drivers
v0x5629c3a23700_0 .net *"_s10", 0 0, L_0x5629c3a26b50;  1 drivers
v0x5629c3a237e0_0 .net *"_s4", 0 0, L_0x5629c3a26930;  1 drivers
v0x5629c3a238d0_0 .net *"_s6", 0 0, L_0x5629c3a269a0;  1 drivers
v0x5629c3a239b0_0 .net *"_s8", 0 0, L_0x5629c3a26a40;  1 drivers
v0x5629c3a23ae0_0 .net "a", 0 0, L_0x5629c3a26d10;  1 drivers
v0x5629c3a23ba0_0 .net "b", 0 0, L_0x5629c3a26ed0;  1 drivers
v0x5629c3a23c60_0 .net "carry", 0 0, L_0x5629c3a26c00;  alias, 1 drivers
v0x5629c3a23d20_0 .net "cin", 0 0, L_0x5629c3a26420;  alias, 1 drivers
v0x5629c3a23e50_0 .net "sum", 0 0, L_0x5629c3a26830;  1 drivers
S_0x5629c3a23fc0 .scope module, "fa3" "full_adder" 3 21, 3 1 0, S_0x5629c39f4220;
 .timescale 0 0;
    .port_info 0 /INPUT 1 "a"
    .port_info 1 /INPUT 1 "b"
    .port_info 2 /INPUT 1 "cin"
    .port_info 3 /OUTPUT 1 "sum"
    .port_info 4 /OUTPUT 1 "carry"
L_0x5629c3a270d0 .functor XOR 1, L_0x5629c3a27580, L_0x5629c3a276b0, C4<0>, C4<0>;
L_0x5629c3a27140 .functor XOR 1, L_0x5629c3a270d0, L_0x5629c3a26c00, C4<0>, C4<0>;
L_0x5629c3a27240 .functor AND 1, L_0x5629c3a27580, L_0x5629c3a276b0, C4<1>, C4<1>;
L_0x5629c3a272b0 .functor AND 1, L_0x5629c3a276b0, L_0x5629c3a26c00, C4<1>, C4<1>;
L_0x5629c3a27350 .functor OR 1, L_0x5629c3a27240, L_0x5629c3a272b0, C4<0>, C4<0>;
L_0x5629c3a273c0 .functor AND 1, L_0x5629c3a26c00, L_0x5629c3a27580, C4<1>, C4<1>;
L_0x5629c3a27470 .functor OR 1, L_0x5629c3a27350, L_0x5629c3a273c0, C4<0>, C4<0>;
v0x5629c3a24140_0 .net *"_s0", 0 0, L_0x5629c3a270d0;  1 drivers
v0x5629c3a24240_0 .net *"_s10", 0 0, L_0x5629c3a273c0;  1 drivers
v0x5629c3a24320_0 .net *"_s4", 0 0, L_0x5629c3a27240;  1 drivers
v0x5629c3a24410_0 .net *"_s6", 0 0, L_0x5629c3a272b0;  1 drivers
v0x5629c3a244f0_0 .net *"_s8", 0 0, L_0x5629c3a27350;  1 drivers
v0x5629c3a24620_0 .net "a", 0 0, L_0x5629c3a27580;  1 drivers
v0x5629c3a246e0_0 .net "b", 0 0, L_0x5629c3a276b0;  1 drivers
v0x5629c3a247a0_0 .net "carry", 0 0, L_0x5629c3a27470;  alias, 1 drivers
v0x5629c3a24860_0 .net "cin", 0 0, L_0x5629c3a26c00;  alias, 1 drivers
v0x5629c3a24990_0 .net "sum", 0 0, L_0x5629c3a27140;  1 drivers
    .scope S_0x5629c39f6ae0;
T_0 ;
    %vpi_call 2 10 "$dumpfile", "ripple.vcd" {0 0 0};
    %vpi_call 2 11 "$dumpvars", 32'sb00000000000000000000000000000001 {0 0 0};
    %pushi/vec4 0, 0, 1;
    %store/vec4 v0x5629c3a254b0_0, 0, 1;
    %pushi/vec4 6, 0, 4;
    %store/vec4 v0x5629c3a25210_0, 0, 4;
    %pushi/vec4 12, 0, 4;
    %store/vec4 v0x5629c3a252f0_0, 0, 4;
    %delay 10, 0;
    %pushi/vec4 14, 0, 4;
    %store/vec4 v0x5629c3a25210_0, 0, 4;
    %pushi/vec4 8, 0, 4;
    %store/vec4 v0x5629c3a252f0_0, 0, 4;
    %delay 10, 0;
    %pushi/vec4 7, 0, 4;
    %store/vec4 v0x5629c3a25210_0, 0, 4;
    %pushi/vec4 14, 0, 4;
    %store/vec4 v0x5629c3a252f0_0, 0, 4;
    %delay 10, 0;
    %pushi/vec4 2, 0, 4;
    %store/vec4 v0x5629c3a25210_0, 0, 4;
    %pushi/vec4 9, 0, 4;
    %store/vec4 v0x5629c3a252f0_0, 0, 4;
    %delay 10, 0;
    %vpi_call 2 25 "$finish" {0 0 0};
    %end;
    .thread T_0;
# The file index is used to find the file name in the following table.
:file_names 4;
    "N/A";
    "<interactive>";
    "tb_ripple_adder.v";
    "ripple_adder.v";
