#! /usr/bin/vvp
:ivl_version "10.3 (stable)";
:ivl_delay_selection "TYPICAL";
:vpi_time_precision + 0;
:vpi_module "system";
:vpi_module "vhdl_sys";
:vpi_module "v2005_math";
:vpi_module "va_math";
S_0x55b4df885ae0 .scope module, "rca_tb" "rca_tb" 2 1;
 .timescale 0 0;
v0x55b4df8b4210_0 .var "a", 3 0;
v0x55b4df8b42f0_0 .var "b", 3 0;
v0x55b4df8b4390_0 .net "c4", 0 0, L_0x55b4df8b6470;  1 drivers
v0x55b4df8b44b0_0 .var "cin", 0 0;
v0x55b4df8b45a0_0 .net "sum", 3 0, L_0x55b4df8b6830;  1 drivers
S_0x55b4df883220 .scope module, "uut" "rca" 2 7, 3 10 0, S_0x55b4df885ae0;
 .timescale 0 0;
    .port_info 0 /INPUT 4 "a"
    .port_info 1 /INPUT 4 "b"
    .port_info 2 /INPUT 1 "cin"
    .port_info 3 /OUTPUT 4 "sum"
    .port_info 4 /OUTPUT 1 "c4"
v0x55b4df8b3b00_0 .net "a", 3 0, v0x55b4df8b4210_0;  1 drivers
v0x55b4df8b3c00_0 .net "b", 3 0, v0x55b4df8b42f0_0;  1 drivers
v0x55b4df8b3ce0_0 .net "c1", 0 0, L_0x55b4df8b4bd0;  1 drivers
v0x55b4df8b3d80_0 .net "c2", 0 0, L_0x55b4df8b5420;  1 drivers
v0x55b4df8b3e70_0 .net "c3", 0 0, L_0x55b4df8b5c00;  1 drivers
v0x55b4df8b3fb0_0 .net "c4", 0 0, L_0x55b4df8b6470;  alias, 1 drivers
v0x55b4df8b4050_0 .net "cin", 0 0, v0x55b4df8b44b0_0;  1 drivers
v0x55b4df8b40f0_0 .net "sum", 3 0, L_0x55b4df8b6830;  alias, 1 drivers
L_0x55b4df8b4ce0 .part v0x55b4df8b4210_0, 0, 1;
L_0x55b4df8b4e10 .part v0x55b4df8b42f0_0, 0, 1;
L_0x55b4df8b5530 .part v0x55b4df8b4210_0, 1, 1;
L_0x55b4df8b5660 .part v0x55b4df8b42f0_0, 1, 1;
L_0x55b4df8b5d10 .part v0x55b4df8b4210_0, 2, 1;
L_0x55b4df8b5ed0 .part v0x55b4df8b42f0_0, 2, 1;
L_0x55b4df8b6580 .part v0x55b4df8b4210_0, 3, 1;
L_0x55b4df8b66b0 .part v0x55b4df8b42f0_0, 3, 1;
L_0x55b4df8b6830 .concat8 [ 1 1 1 1], L_0x55b4df8b4730, L_0x55b4df8b4fb0, L_0x55b4df8b5830, L_0x55b4df8b6140;
S_0x55b4df88ab40 .scope module, "fa0" "full_adder" 3 18, 3 1 0, S_0x55b4df883220;
 .timescale 0 0;
    .port_info 0 /INPUT 1 "a"
    .port_info 1 /INPUT 1 "b"
    .port_info 2 /INPUT 1 "cin"
    .port_info 3 /OUTPUT 1 "sum"
    .port_info 4 /OUTPUT 1 "carry"
L_0x55b4df8b4690 .functor XOR 1, L_0x55b4df8b4ce0, L_0x55b4df8b4e10, C4<0>, C4<0>;
L_0x55b4df8b4730 .functor XOR 1, L_0x55b4df8b4690, v0x55b4df8b44b0_0, C4<0>, C4<0>;
L_0x55b4df8b4820 .functor AND 1, L_0x55b4df8b4ce0, L_0x55b4df8b4e10, C4<1>, C4<1>;
L_0x55b4df8b4930 .functor AND 1, L_0x55b4df8b4e10, v0x55b4df8b44b0_0, C4<1>, C4<1>;
L_0x55b4df8b4a60 .functor OR 1, L_0x55b4df8b4820, L_0x55b4df8b4930, C4<0>, C4<0>;
L_0x55b4df8b4b20 .functor AND 1, v0x55b4df8b44b0_0, L_0x55b4df8b4ce0, C4<1>, C4<1>;
L_0x55b4df8b4bd0 .functor OR 1, L_0x55b4df8b4a60, L_0x55b4df8b4b20, C4<0>, C4<0>;
v0x55b4df88af30_0 .net *"_s0", 0 0, L_0x55b4df8b4690;  1 drivers
v0x55b4df888700_0 .net *"_s10", 0 0, L_0x55b4df8b4b20;  1 drivers
v0x55b4df885ed0_0 .net *"_s4", 0 0, L_0x55b4df8b4820;  1 drivers
v0x55b4df883670_0 .net *"_s6", 0 0, L_0x55b4df8b4930;  1 drivers
v0x55b4df8b1490_0 .net *"_s8", 0 0, L_0x55b4df8b4a60;  1 drivers
v0x55b4df8b15c0_0 .net "a", 0 0, L_0x55b4df8b4ce0;  1 drivers
v0x55b4df8b1680_0 .net "b", 0 0, L_0x55b4df8b4e10;  1 drivers
v0x55b4df8b1740_0 .net "carry", 0 0, L_0x55b4df8b4bd0;  alias, 1 drivers
v0x55b4df8b1800_0 .net "cin", 0 0, v0x55b4df8b44b0_0;  alias, 1 drivers
v0x55b4df8b18c0_0 .net "sum", 0 0, L_0x55b4df8b4730;  1 drivers
S_0x55b4df8b1a20 .scope module, "fa1" "full_adder" 3 19, 3 1 0, S_0x55b4df883220;
 .timescale 0 0;
    .port_info 0 /INPUT 1 "a"
    .port_info 1 /INPUT 1 "b"
    .port_info 2 /INPUT 1 "cin"
    .port_info 3 /OUTPUT 1 "sum"
    .port_info 4 /OUTPUT 1 "carry"
L_0x55b4df8b4f40 .functor XOR 1, L_0x55b4df8b5530, L_0x55b4df8b5660, C4<0>, C4<0>;
L_0x55b4df8b4fb0 .functor XOR 1, L_0x55b4df8b4f40, L_0x55b4df8b4bd0, C4<0>, C4<0>;
L_0x55b4df8b5100 .functor AND 1, L_0x55b4df8b5530, L_0x55b4df8b5660, C4<1>, C4<1>;
L_0x55b4df8b51c0 .functor AND 1, L_0x55b4df8b5660, L_0x55b4df8b4bd0, C4<1>, C4<1>;
L_0x55b4df8b5260 .functor OR 1, L_0x55b4df8b5100, L_0x55b4df8b51c0, C4<0>, C4<0>;
L_0x55b4df8b5370 .functor AND 1, L_0x55b4df8b4bd0, L_0x55b4df8b5530, C4<1>, C4<1>;
L_0x55b4df8b5420 .functor OR 1, L_0x55b4df8b5260, L_0x55b4df8b5370, C4<0>, C4<0>;
v0x55b4df8b1bc0_0 .net *"_s0", 0 0, L_0x55b4df8b4f40;  1 drivers
v0x55b4df8b1ca0_0 .net *"_s10", 0 0, L_0x55b4df8b5370;  1 drivers
v0x55b4df8b1d80_0 .net *"_s4", 0 0, L_0x55b4df8b5100;  1 drivers
v0x55b4df8b1e40_0 .net *"_s6", 0 0, L_0x55b4df8b51c0;  1 drivers
v0x55b4df8b1f20_0 .net *"_s8", 0 0, L_0x55b4df8b5260;  1 drivers
v0x55b4df8b2050_0 .net "a", 0 0, L_0x55b4df8b5530;  1 drivers
v0x55b4df8b2110_0 .net "b", 0 0, L_0x55b4df8b5660;  1 drivers
v0x55b4df8b21d0_0 .net "carry", 0 0, L_0x55b4df8b5420;  alias, 1 drivers
v0x55b4df8b2290_0 .net "cin", 0 0, L_0x55b4df8b4bd0;  alias, 1 drivers
v0x55b4df8b2330_0 .net "sum", 0 0, L_0x55b4df8b4fb0;  1 drivers
S_0x55b4df8b2470 .scope module, "fa2" "full_adder" 3 20, 3 1 0, S_0x55b4df883220;
 .timescale 0 0;
    .port_info 0 /INPUT 1 "a"
    .port_info 1 /INPUT 1 "b"
    .port_info 2 /INPUT 1 "cin"
    .port_info 3 /OUTPUT 1 "sum"
    .port_info 4 /OUTPUT 1 "carry"
L_0x55b4df8b57c0 .functor XOR 1, L_0x55b4df8b5d10, L_0x55b4df8b5ed0, C4<0>, C4<0>;
L_0x55b4df8b5830 .functor XOR 1, L_0x55b4df8b57c0, L_0x55b4df8b5420, C4<0>, C4<0>;
L_0x55b4df8b5930 .functor AND 1, L_0x55b4df8b5d10, L_0x55b4df8b5ed0, C4<1>, C4<1>;
L_0x55b4df8b59a0 .functor AND 1, L_0x55b4df8b5ed0, L_0x55b4df8b5420, C4<1>, C4<1>;
L_0x55b4df8b5a40 .functor OR 1, L_0x55b4df8b5930, L_0x55b4df8b59a0, C4<0>, C4<0>;
L_0x55b4df8b5b50 .functor AND 1, L_0x55b4df8b5420, L_0x55b4df8b5d10, C4<1>, C4<1>;
L_0x55b4df8b5c00 .functor OR 1, L_0x55b4df8b5a40, L_0x55b4df8b5b50, C4<0>, C4<0>;
v0x55b4df8b2620_0 .net *"_s0", 0 0, L_0x55b4df8b57c0;  1 drivers
v0x55b4df8b2700_0 .net *"_s10", 0 0, L_0x55b4df8b5b50;  1 drivers
v0x55b4df8b27e0_0 .net *"_s4", 0 0, L_0x55b4df8b5930;  1 drivers
v0x55b4df8b28d0_0 .net *"_s6", 0 0, L_0x55b4df8b59a0;  1 drivers
v0x55b4df8b29b0_0 .net *"_s8", 0 0, L_0x55b4df8b5a40;  1 drivers
v0x55b4df8b2ae0_0 .net "a", 0 0, L_0x55b4df8b5d10;  1 drivers
v0x55b4df8b2ba0_0 .net "b", 0 0, L_0x55b4df8b5ed0;  1 drivers
v0x55b4df8b2c60_0 .net "carry", 0 0, L_0x55b4df8b5c00;  alias, 1 drivers
v0x55b4df8b2d20_0 .net "cin", 0 0, L_0x55b4df8b5420;  alias, 1 drivers
v0x55b4df8b2e50_0 .net "sum", 0 0, L_0x55b4df8b5830;  1 drivers
S_0x55b4df8b2fc0 .scope module, "fa3" "full_adder" 3 21, 3 1 0, S_0x55b4df883220;
 .timescale 0 0;
    .port_info 0 /INPUT 1 "a"
    .port_info 1 /INPUT 1 "b"
    .port_info 2 /INPUT 1 "cin"
    .port_info 3 /OUTPUT 1 "sum"
    .port_info 4 /OUTPUT 1 "carry"
L_0x55b4df8b60d0 .functor XOR 1, L_0x55b4df8b6580, L_0x55b4df8b66b0, C4<0>, C4<0>;
L_0x55b4df8b6140 .functor XOR 1, L_0x55b4df8b60d0, L_0x55b4df8b5c00, C4<0>, C4<0>;
L_0x55b4df8b6240 .functor AND 1, L_0x55b4df8b6580, L_0x55b4df8b66b0, C4<1>, C4<1>;
L_0x55b4df8b62b0 .functor AND 1, L_0x55b4df8b66b0, L_0x55b4df8b5c00, C4<1>, C4<1>;
L_0x55b4df8b6350 .functor OR 1, L_0x55b4df8b6240, L_0x55b4df8b62b0, C4<0>, C4<0>;
L_0x55b4df8b63c0 .functor AND 1, L_0x55b4df8b5c00, L_0x55b4df8b6580, C4<1>, C4<1>;
L_0x55b4df8b6470 .functor OR 1, L_0x55b4df8b6350, L_0x55b4df8b63c0, C4<0>, C4<0>;
v0x55b4df8b3140_0 .net *"_s0", 0 0, L_0x55b4df8b60d0;  1 drivers
v0x55b4df8b3240_0 .net *"_s10", 0 0, L_0x55b4df8b63c0;  1 drivers
v0x55b4df8b3320_0 .net *"_s4", 0 0, L_0x55b4df8b6240;  1 drivers
v0x55b4df8b3410_0 .net *"_s6", 0 0, L_0x55b4df8b62b0;  1 drivers
v0x55b4df8b34f0_0 .net *"_s8", 0 0, L_0x55b4df8b6350;  1 drivers
v0x55b4df8b3620_0 .net "a", 0 0, L_0x55b4df8b6580;  1 drivers
v0x55b4df8b36e0_0 .net "b", 0 0, L_0x55b4df8b66b0;  1 drivers
v0x55b4df8b37a0_0 .net "carry", 0 0, L_0x55b4df8b6470;  alias, 1 drivers
v0x55b4df8b3860_0 .net "cin", 0 0, L_0x55b4df8b5c00;  alias, 1 drivers
v0x55b4df8b3990_0 .net "sum", 0 0, L_0x55b4df8b6140;  1 drivers
    .scope S_0x55b4df885ae0;
T_0 ;
    %vpi_call 2 10 "$dumpfile", "ripple.vcd" {0 0 0};
    %vpi_call 2 11 "$dumpvars", 32'sb00000000000000000000000000000001 {0 0 0};
    %pushi/vec4 0, 0, 1;
    %store/vec4 v0x55b4df8b44b0_0, 0, 1;
    %pushi/vec4 6, 0, 4;
    %store/vec4 v0x55b4df8b4210_0, 0, 4;
    %pushi/vec4 12, 0, 4;
    %store/vec4 v0x55b4df8b42f0_0, 0, 4;
    %delay 10, 0;
    %pushi/vec4 14, 0, 4;
    %store/vec4 v0x55b4df8b4210_0, 0, 4;
    %pushi/vec4 8, 0, 4;
    %store/vec4 v0x55b4df8b42f0_0, 0, 4;
    %delay 10, 0;
    %pushi/vec4 7, 0, 4;
    %store/vec4 v0x55b4df8b4210_0, 0, 4;
    %pushi/vec4 14, 0, 4;
    %store/vec4 v0x55b4df8b42f0_0, 0, 4;
    %delay 10, 0;
    %pushi/vec4 2, 0, 4;
    %store/vec4 v0x55b4df8b4210_0, 0, 4;
    %pushi/vec4 9, 0, 4;
    %store/vec4 v0x55b4df8b42f0_0, 0, 4;
    %delay 10, 0;
    %vpi_call 2 25 "$finish" {0 0 0};
    %end;
    .thread T_0;
# The file index is used to find the file name in the following table.
:file_names 4;
    "N/A";
    "<interactive>";
    "tb_ripple_adder.v";
    "ripple_adder.v";
