Qflow DRC logfile created on Monday 29 January 2024 01:21:31 PM IST
magic -dnull -noconsole  /home/aryavardhan/iverilog/ddv/LogicFunctions/layout/run_drc_full_adder.tcl

Magic 8.3 revision 50 - Compiled on Thursday 19 October 2023 09:04:12 PM IST.
Starting magic under Tcl interpreter
Using the terminal as the console.
Using NULL graphics device.
Processing system .magicrc file
Input style lambda=0.10(p): scaleFactor=10, multiplier=1
Contact size value ignored (using GDS generation rules).
Contact size value ignored (using GDS generation rules).
Contact size value ignored (using GDS generation rules).
Contact size value ignored (using GDS generation rules).
Contact size value ignored (using GDS generation rules).
Contact size value ignored (using GDS generation rules).
Loading "/home/aryavardhan/iverilog/ddv/LogicFunctions/layout/run_drc_full_adder.tcl" from command line.
Reading LEF data from file /usr/local/share/qflow/tech/osu035/osu035_stdcells.lef.
This action cannot be undone.
LEF read, Line 16 (Message): Unknown keyword "OBS" in LEF file; ignoring.
LEF read, Line 17 (Message): Unknown keyword "PIN" in LEF file; ignoring.
LEF read, Line 107 (Warning): Cut size for magic type "metal1" (4 x 4) does not match LEF/DEF
LEF read, Line 107 (Warning): Via cut size (8 x 8).  Magic layer cut size will be used!
LEF read, Line 116 (Warning): Cut size for magic type "metal2" (4 x 4) does not match LEF/DEF
LEF read, Line 116 (Warning): Via cut size (8 x 8).  Magic layer cut size will be used!
LEF read, Line 125 (Warning): Cut size for magic type "metal3" (4 x 4) does not match LEF/DEF
LEF read, Line 125 (Warning): Via cut size (8 x 8).  Magic layer cut size will be used!
LEF read, Line 143 (Warning): Cut size for magic type "(null)" (4 x 4) does not match LEF/DEF
LEF read, Line 143 (Warning): Via cut size (8 x 8).  Magic layer cut size will be used!
LEF read, Line 159 (Warning): Cut size for magic type "(null)" (4 x 4) does not match LEF/DEF
LEF read, Line 159 (Warning): Via cut size (8 x 8).  Magic layer cut size will be used!
LEF read, Line 175 (Warning): Cut size for magic type "(null)" (4 x 4) does not match LEF/DEF
LEF read, Line 175 (Warning): Via cut size (8 x 8).  Magic layer cut size will be used!
LEF read: Processed 3179 lines.
LEF Read: encountered 12 warnings total.
Processing timestamp mismatches: FILL, BUFX2.
drc = 0
DRC checking script ended on Monday 29 January 2024 01:21:31 PM IST
