Qflow route logfile created on Monday 29 January 2024 01:21:29 PM IST
qrouter -noc  -s full_adder.cfg
Qrouter detail maze router version 1.4.59.T
Reading LEF data from file /usr/local/share/qflow/tech/osu035/osu035_stdcells.lef.
LEF Read, Line 135: NOTE:  Old format VIARULE ignored.
LEF Read, Line 136: NOTE:  Old format VIARULE ignored.
LEF Read, Line 140: NOTE:  Old format VIARULE ignored.
LEF Read, Line 141: NOTE:  Old format VIARULE ignored.
LEF Read, Line 151: NOTE:  Old format VIARULE ignored.
LEF Read, Line 152: NOTE:  Old format VIARULE ignored.
LEF Read, Line 156: NOTE:  Old format VIARULE ignored.
LEF Read, Line 157: NOTE:  Old format VIARULE ignored.
LEF Read, Line 167: NOTE:  Old format VIARULE ignored.
LEF Read, Line 168: NOTE:  Old format VIARULE ignored.
LEF Read, Line 172: NOTE:  Old format VIARULE ignored.
LEF Read, Line 173: NOTE:  Old format VIARULE ignored.
LEF file:  Defines site corner (ignored)
LEF file:  Defines site IO (ignored)
LEF file:  Defines site core (ignored)
LEF read: Processed 3179 lines.
LEF Read: encountered 0 errors and 12 warnings total.
Vertical route layer at non-minimum pitch 3.2.  Using smaller pitch 1.6, will route on 1-of-2 tracks for layer metal4.
Reading DEF data from file full_adder.def.
Diagnostic: Design name: "full_adder"
  Processed 3 vias total.
DEF Read, Line 42: Warning:  Number of subcells read (5) does not match the number declared (8).
DEF Read, Line 63: Warning:  Number of pins read (6) does not match the number declared (7).
  Processed 6 nets total (0 fixed).
  Processed 2 special nets total (2 fixed).
DEF read: Processed 93 lines.
DEF Read: encountered 0 errors and 2 warnings total.
Output scale = microns / 100, precision 1
No antenna cell defined!
There are 7 nets in this design.
*** Running stage1 routing with defaults
Finished routing net gnd
Nets remaining: 6
Finished routing net cout
Nets remaining: 5
Error:  Failure to find route start node/route on net sum!
Finished routing net sum
Nets remaining: 4

----------------------------------------------
Progress: Stage 1 total routes completed: 4
No failed routes!
----------------------------------------------
*** Running stage3 routing with defaults, 1st round
Finished routing net gnd
Nets remaining: 6
Finished routing net cout
Nets remaining: 5
Error:  Failure to find route start node/route on net sum!
Finished routing net sum
Nets remaining: 4

----------------------------------------------
Progress: Stage 3 total routes completed: 8
No failed routes!
----------------------------------------------
*** Running stage3 routing with defaults, 2nd round
Finished routing net gnd
Nets remaining: 6
Finished routing net cout
Nets remaining: 5
Error:  Failure to find route start node/route on net sum!
Finished routing net sum
Nets remaining: 4

----------------------------------------------
Progress: Stage 3 total routes completed: 12
No failed routes!
----------------------------------------------
*** Writing DEF file full_adder_route.def
emit_routes():  DEF file has 6 nets and 2 specialnets.
but qrouter wants to write 7 nets and specialnets.
----------------------------------------------
Final: No failed routes!
----------------------------------------------
*** Writing RC file full_adder_route.rc
Running annotate.tcl antenna.out /home/aryavardhan/iverilog/ddv/LogicFunctions/synthesis/full_adder.rtlnopwr.v
  /home/aryavardhan/iverilog/ddv/LogicFunctions/synthesis/full_adder.spc /home/aryavardhan/iverilog/ddv/LogicFunctions/synthesis/full_adder.rtlnopwr.anno.v
  /home/aryavardhan/iverilog/ddv/LogicFunctions/synthesis/full_adder.anno.spc  /usr/local/share/qflow/tech/osu035/osu035_stdcells.sp /home/aryavardhan/iverilog/ddv/LogicFunctions/synthesis/full_adder_powerground
Running annotate.tcl
found cell FILL pinlist vdd gnd
Done with annotate.tcl
Router script ended on Monday 29 January 2024 01:21:30 PM IST
