Qflow static timing analysis logfile created on Monday 29 January 2024 01:21:29 PM IST
Running vesta static timing analysis
vesta --long full_adder.rtlnopwr.v /usr/local/share/qflow/tech/osu035/osu035_stdcells.lib
----------------------------------------------
Vesta static timing analysis tool
for qflow 1.3.17
(c) 2013-2018 Tim Edwards, Open Circuit Design
----------------------------------------------

Parsing library "osu035_stdcells"
End of library at line 6636
Parsing module "full_adder"
Lib read /usr/local/share/qflow/tech/osu035/osu035_stdcells.lib:  Processed 6637 lines.
Verilog netlist read:  Processed 15 lines.
Number of paths analyzed:  0

Top 0 maximum delay paths:
Computed maximum clock frequency (zero margin) = inf MHz
-----------------------------------------

Number of paths analyzed:  0

Top 0 minimum delay paths:
Design meets minimum hold timing.
-----------------------------------------

Number of paths analyzed:  0

Top 0 maximum delay paths:
-----------------------------------------

Number of paths analyzed:  0

Top 0 minimum delay paths:
-----------------------------------------

