#! /usr/bin/vvp
:ivl_version "10.3 (stable)";
:ivl_delay_selection "TYPICAL";
:vpi_time_precision + 0;
:vpi_module "system";
:vpi_module "vhdl_sys";
:vpi_module "v2005_math";
:vpi_module "va_math";
S_0x563fd6499530 .scope module, "testbench" "testbench" 2 1;
 .timescale 0 0;
v0x563fd64e5580_0 .var "clk", 0 0;
v0x563fd64e5640_0 .var "j", 0 0;
v0x563fd64e5710_0 .var "k", 0 0;
v0x563fd64e5810_0 .net "q", 0 0, v0x563fd64e5230_0;  1 drivers
v0x563fd64e58e0_0 .net "q_bar", 0 0, v0x563fd64e52f0_0;  1 drivers
v0x563fd64e59d0_0 .var "reset", 0 0;
S_0x563fd64996b0 .scope module, "dut" "jk_flip_flop" 2 6, 3 1 0, S_0x563fd6499530;
 .timescale 0 0;
    .port_info 0 /INPUT 1 "clk"
    .port_info 1 /INPUT 1 "j"
    .port_info 2 /INPUT 1 "k"
    .port_info 3 /INPUT 1 "reset"
    .port_info 4 /OUTPUT 1 "q"
    .port_info 5 /OUTPUT 1 "q_bar"
v0x563fd64d2360_0 .net "clk", 0 0, v0x563fd64e5580_0;  1 drivers
v0x563fd64e50d0_0 .net "j", 0 0, v0x563fd64e5640_0;  1 drivers
v0x563fd64e5190_0 .net "k", 0 0, v0x563fd64e5710_0;  1 drivers
v0x563fd64e5230_0 .var "q", 0 0;
v0x563fd64e52f0_0 .var "q_bar", 0 0;
v0x563fd64e5400_0 .net "reset", 0 0, v0x563fd64e59d0_0;  1 drivers
E_0x563fd64d32f0 .event edge, v0x563fd64e5230_0;
E_0x563fd64d2e60 .event posedge, v0x563fd64e5400_0, v0x563fd64d2360_0;
    .scope S_0x563fd64996b0;
T_0 ;
    %wait E_0x563fd64d2e60;
    %load/vec4 v0x563fd64e5400_0;
    %flag_set/vec4 8;
    %jmp/0xz  T_0.0, 8;
    %pushi/vec4 0, 0, 1;
    %assign/vec4 v0x563fd64e5230_0, 0;
    %jmp T_0.1;
T_0.0 ;
    %load/vec4 v0x563fd64e50d0_0;
    %load/vec4 v0x563fd64e5190_0;
    %inv;
    %and;
    %flag_set/vec4 8;
    %jmp/0xz  T_0.2, 8;
    %pushi/vec4 1, 0, 1;
    %assign/vec4 v0x563fd64e5230_0, 0;
    %jmp T_0.3;
T_0.2 ;
    %load/vec4 v0x563fd64e50d0_0;
    %inv;
    %load/vec4 v0x563fd64e5190_0;
    %and;
    %flag_set/vec4 8;
    %jmp/0xz  T_0.4, 8;
    %pushi/vec4 0, 0, 1;
    %assign/vec4 v0x563fd64e5230_0, 0;
    %jmp T_0.5;
T_0.4 ;
    %load/vec4 v0x563fd64e50d0_0;
    %load/vec4 v0x563fd64e5190_0;
    %and;
    %flag_set/vec4 8;
    %jmp/0xz  T_0.6, 8;
    %load/vec4 v0x563fd64e5230_0;
    %inv;
    %assign/vec4 v0x563fd64e5230_0, 0;
T_0.6 ;
T_0.5 ;
T_0.3 ;
T_0.1 ;
    %jmp T_0;
    .thread T_0;
    .scope S_0x563fd64996b0;
T_1 ;
    %wait E_0x563fd64d32f0;
    %load/vec4 v0x563fd64e5230_0;
    %inv;
    %assign/vec4 v0x563fd64e52f0_0, 0;
    %jmp T_1;
    .thread T_1, $push;
    .scope S_0x563fd6499530;
T_2 ;
    %vpi_call 2 16 "$dumpfile", "jk.vcd" {0 0 0};
    %vpi_call 2 17 "$dumpvars", 32'sb00000000000000000000000000000001 {0 0 0};
    %pushi/vec4 0, 0, 1;
    %store/vec4 v0x563fd64e5580_0, 0, 1;
    %pushi/vec4 1, 0, 1;
    %store/vec4 v0x563fd64e59d0_0, 0, 1;
    %pushi/vec4 0, 0, 1;
    %store/vec4 v0x563fd64e5640_0, 0, 1;
    %pushi/vec4 0, 0, 1;
    %store/vec4 v0x563fd64e5710_0, 0, 1;
    %delay 5, 0;
    %pushi/vec4 0, 0, 1;
    %store/vec4 v0x563fd64e59d0_0, 0, 1;
    %delay 5, 0;
    %pushi/vec4 1, 0, 1;
    %store/vec4 v0x563fd64e5640_0, 0, 1;
    %delay 10, 0;
    %pushi/vec4 0, 0, 1;
    %store/vec4 v0x563fd64e5640_0, 0, 1;
    %delay 5, 0;
    %pushi/vec4 1, 0, 1;
    %store/vec4 v0x563fd64e5710_0, 0, 1;
    %delay 10, 0;
    %pushi/vec4 0, 0, 1;
    %store/vec4 v0x563fd64e5710_0, 0, 1;
    %delay 5, 0;
    %pushi/vec4 1, 0, 1;
    %store/vec4 v0x563fd64e5640_0, 0, 1;
    %delay 5, 0;
    %pushi/vec4 1, 0, 1;
    %store/vec4 v0x563fd64e5710_0, 0, 1;
    %delay 10, 0;
    %pushi/vec4 0, 0, 1;
    %store/vec4 v0x563fd64e5640_0, 0, 1;
    %delay 10, 0;
    %pushi/vec4 0, 0, 1;
    %store/vec4 v0x563fd64e5710_0, 0, 1;
    %delay 5, 0;
    %pushi/vec4 0, 0, 1;
    %store/vec4 v0x563fd64e5640_0, 0, 1;
    %delay 5, 0;
    %pushi/vec4 0, 0, 1;
    %store/vec4 v0x563fd64e5710_0, 0, 1;
    %delay 5, 0;
    %pushi/vec4 1, 0, 1;
    %store/vec4 v0x563fd64e5640_0, 0, 1;
    %delay 5, 0;
    %pushi/vec4 1, 0, 1;
    %store/vec4 v0x563fd64e5710_0, 0, 1;
    %delay 5, 0;
    %vpi_call 2 42 "$finish" {0 0 0};
    %end;
    .thread T_2;
    .scope S_0x563fd6499530;
T_3 ;
    %delay 1, 0;
    %load/vec4 v0x563fd64e5580_0;
    %inv;
    %store/vec4 v0x563fd64e5580_0, 0, 1;
    %jmp T_3;
    .thread T_3;
# The file index is used to find the file name in the following table.
:file_names 4;
    "N/A";
    "<interactive>";
    "jk_tb.v";
    "jk.v";
