#! /usr/bin/vvp
:ivl_version "10.3 (stable)";
:ivl_delay_selection "TYPICAL";
:vpi_time_precision + 0;
:vpi_module "system";
:vpi_module "vhdl_sys";
:vpi_module "v2005_math";
:vpi_module "va_math";
S_0x557e05f9a430 .scope module, "testbench_mux_16x1" "testbench_mux_16x1" 2 1;
 .timescale 0 0;
v0x557e05febc30_0 .var "data", 15 0;
v0x557e05febcf0_0 .net "out", 0 0, v0x557e05feb9c0_0;  1 drivers
v0x557e05febd90_0 .var "sel", 3 0;
S_0x557e05f9a5b0 .scope module, "uut" "mux_16x1" 2 7, 3 23 0, S_0x557e05f9a430;
 .timescale 0 0;
    .port_info 0 /INPUT 16 "data"
    .port_info 1 /INPUT 4 "sel"
    .port_info 2 /OUTPUT 1 "out"
o0x7fa53d422258 .functor BUFZ 6, C4<zzzzzz>; HiZ drive
; Elide local net with no drivers, v0x557e05feb740_0 name=_s16
v0x557e05feb820_0 .net "data", 15 0, v0x557e05febc30_0;  1 drivers
v0x557e05feb900_0 .net "mux_1_out", 7 0, L_0x557e05fec210;  1 drivers
v0x557e05feb9c0_0 .var "out", 0 0;
v0x557e05feba80_0 .net "sel", 3 0, v0x557e05febd90_0;  1 drivers
E_0x557e05fd4fb0 .event edge, v0x557e05feba80_0, v0x557e05feb900_0;
L_0x557e05febe60 .part v0x557e05febc30_0, 0, 8;
L_0x557e05febf80 .part v0x557e05febd90_0, 0, 3;
L_0x557e05fec070 .part v0x557e05febc30_0, 8, 8;
L_0x557e05fec110 .part v0x557e05febd90_0, 0, 3;
L_0x557e05fec210 .concat [ 1 1 6 0], v0x557e05fc1fc0_0, v0x557e05feb540_0, o0x7fa53d422258;
S_0x557e05fd3ef0 .scope module, "mux_1" "mux_8x1" 3 31, 3 1 0, S_0x557e05f9a5b0;
 .timescale 0 0;
    .port_info 0 /INPUT 8 "data"
    .port_info 1 /INPUT 3 "sel"
    .port_info 2 /OUTPUT 1 "out"
v0x557e05fd1060_0 .net "data", 7 0, L_0x557e05febe60;  1 drivers
v0x557e05fc1fc0_0 .var "out", 0 0;
v0x557e05fbf970_0 .net "sel", 2 0, L_0x557e05febf80;  1 drivers
E_0x557e05fd4d10 .event edge, v0x557e05fbf970_0, v0x557e05fd1060_0;
S_0x557e05feb1e0 .scope module, "mux_2" "mux_8x1" 3 37, 3 1 0, S_0x557e05f9a5b0;
 .timescale 0 0;
    .port_info 0 /INPUT 8 "data"
    .port_info 1 /INPUT 3 "sel"
    .port_info 2 /OUTPUT 1 "out"
v0x557e05feb440_0 .net "data", 7 0, L_0x557e05fec070;  1 drivers
v0x557e05feb540_0 .var "out", 0 0;
v0x557e05feb600_0 .net "sel", 2 0, L_0x557e05fec110;  1 drivers
E_0x557e05fd4ab0 .event edge, v0x557e05feb600_0, v0x557e05feb440_0;
    .scope S_0x557e05fd3ef0;
T_0 ;
    %wait E_0x557e05fd4d10;
    %load/vec4 v0x557e05fbf970_0;
    %dup/vec4;
    %pushi/vec4 0, 0, 3;
    %cmp/u;
    %jmp/1 T_0.0, 6;
    %dup/vec4;
    %pushi/vec4 1, 0, 3;
    %cmp/u;
    %jmp/1 T_0.1, 6;
    %dup/vec4;
    %pushi/vec4 2, 0, 3;
    %cmp/u;
    %jmp/1 T_0.2, 6;
    %dup/vec4;
    %pushi/vec4 3, 0, 3;
    %cmp/u;
    %jmp/1 T_0.3, 6;
    %dup/vec4;
    %pushi/vec4 4, 0, 3;
    %cmp/u;
    %jmp/1 T_0.4, 6;
    %dup/vec4;
    %pushi/vec4 5, 0, 3;
    %cmp/u;
    %jmp/1 T_0.5, 6;
    %dup/vec4;
    %pushi/vec4 6, 0, 3;
    %cmp/u;
    %jmp/1 T_0.6, 6;
    %dup/vec4;
    %pushi/vec4 7, 0, 3;
    %cmp/u;
    %jmp/1 T_0.7, 6;
    %pushi/vec4 0, 1, 1;
    %store/vec4 v0x557e05fc1fc0_0, 0, 1;
    %jmp T_0.9;
T_0.0 ;
    %load/vec4 v0x557e05fd1060_0;
    %parti/s 1, 0, 2;
    %store/vec4 v0x557e05fc1fc0_0, 0, 1;
    %jmp T_0.9;
T_0.1 ;
    %load/vec4 v0x557e05fd1060_0;
    %parti/s 1, 1, 2;
    %store/vec4 v0x557e05fc1fc0_0, 0, 1;
    %jmp T_0.9;
T_0.2 ;
    %load/vec4 v0x557e05fd1060_0;
    %parti/s 1, 2, 3;
    %store/vec4 v0x557e05fc1fc0_0, 0, 1;
    %jmp T_0.9;
T_0.3 ;
    %load/vec4 v0x557e05fd1060_0;
    %parti/s 1, 3, 3;
    %store/vec4 v0x557e05fc1fc0_0, 0, 1;
    %jmp T_0.9;
T_0.4 ;
    %load/vec4 v0x557e05fd1060_0;
    %parti/s 1, 4, 4;
    %store/vec4 v0x557e05fc1fc0_0, 0, 1;
    %jmp T_0.9;
T_0.5 ;
    %load/vec4 v0x557e05fd1060_0;
    %parti/s 1, 5, 4;
    %store/vec4 v0x557e05fc1fc0_0, 0, 1;
    %jmp T_0.9;
T_0.6 ;
    %load/vec4 v0x557e05fd1060_0;
    %parti/s 1, 6, 4;
    %store/vec4 v0x557e05fc1fc0_0, 0, 1;
    %jmp T_0.9;
T_0.7 ;
    %load/vec4 v0x557e05fd1060_0;
    %parti/s 1, 7, 4;
    %store/vec4 v0x557e05fc1fc0_0, 0, 1;
    %jmp T_0.9;
T_0.9 ;
    %pop/vec4 1;
    %jmp T_0;
    .thread T_0, $push;
    .scope S_0x557e05feb1e0;
T_1 ;
    %wait E_0x557e05fd4ab0;
    %load/vec4 v0x557e05feb600_0;
    %dup/vec4;
    %pushi/vec4 0, 0, 3;
    %cmp/u;
    %jmp/1 T_1.0, 6;
    %dup/vec4;
    %pushi/vec4 1, 0, 3;
    %cmp/u;
    %jmp/1 T_1.1, 6;
    %dup/vec4;
    %pushi/vec4 2, 0, 3;
    %cmp/u;
    %jmp/1 T_1.2, 6;
    %dup/vec4;
    %pushi/vec4 3, 0, 3;
    %cmp/u;
    %jmp/1 T_1.3, 6;
    %dup/vec4;
    %pushi/vec4 4, 0, 3;
    %cmp/u;
    %jmp/1 T_1.4, 6;
    %dup/vec4;
    %pushi/vec4 5, 0, 3;
    %cmp/u;
    %jmp/1 T_1.5, 6;
    %dup/vec4;
    %pushi/vec4 6, 0, 3;
    %cmp/u;
    %jmp/1 T_1.6, 6;
    %dup/vec4;
    %pushi/vec4 7, 0, 3;
    %cmp/u;
    %jmp/1 T_1.7, 6;
    %pushi/vec4 0, 1, 1;
    %store/vec4 v0x557e05feb540_0, 0, 1;
    %jmp T_1.9;
T_1.0 ;
    %load/vec4 v0x557e05feb440_0;
    %parti/s 1, 0, 2;
    %store/vec4 v0x557e05feb540_0, 0, 1;
    %jmp T_1.9;
T_1.1 ;
    %load/vec4 v0x557e05feb440_0;
    %parti/s 1, 1, 2;
    %store/vec4 v0x557e05feb540_0, 0, 1;
    %jmp T_1.9;
T_1.2 ;
    %load/vec4 v0x557e05feb440_0;
    %parti/s 1, 2, 3;
    %store/vec4 v0x557e05feb540_0, 0, 1;
    %jmp T_1.9;
T_1.3 ;
    %load/vec4 v0x557e05feb440_0;
    %parti/s 1, 3, 3;
    %store/vec4 v0x557e05feb540_0, 0, 1;
    %jmp T_1.9;
T_1.4 ;
    %load/vec4 v0x557e05feb440_0;
    %parti/s 1, 4, 4;
    %store/vec4 v0x557e05feb540_0, 0, 1;
    %jmp T_1.9;
T_1.5 ;
    %load/vec4 v0x557e05feb440_0;
    %parti/s 1, 5, 4;
    %store/vec4 v0x557e05feb540_0, 0, 1;
    %jmp T_1.9;
T_1.6 ;
    %load/vec4 v0x557e05feb440_0;
    %parti/s 1, 6, 4;
    %store/vec4 v0x557e05feb540_0, 0, 1;
    %jmp T_1.9;
T_1.7 ;
    %load/vec4 v0x557e05feb440_0;
    %parti/s 1, 7, 4;
    %store/vec4 v0x557e05feb540_0, 0, 1;
    %jmp T_1.9;
T_1.9 ;
    %pop/vec4 1;
    %jmp T_1;
    .thread T_1, $push;
    .scope S_0x557e05f9a5b0;
T_2 ;
    %wait E_0x557e05fd4fb0;
    %load/vec4 v0x557e05feba80_0;
    %parti/s 1, 3, 3;
    %dup/vec4;
    %pushi/vec4 0, 0, 1;
    %cmp/u;
    %jmp/1 T_2.0, 6;
    %dup/vec4;
    %pushi/vec4 1, 0, 1;
    %cmp/u;
    %jmp/1 T_2.1, 6;
    %jmp T_2.2;
T_2.0 ;
    %load/vec4 v0x557e05feb900_0;
    %parti/s 1, 0, 2;
    %store/vec4 v0x557e05feb9c0_0, 0, 1;
    %jmp T_2.2;
T_2.1 ;
    %load/vec4 v0x557e05feb900_0;
    %parti/s 1, 1, 2;
    %store/vec4 v0x557e05feb9c0_0, 0, 1;
    %jmp T_2.2;
T_2.2 ;
    %pop/vec4 1;
    %jmp T_2;
    .thread T_2, $push;
    .scope S_0x557e05f9a430;
T_3 ;
    %vpi_call 2 14 "$dumpfile", "16xu8x1.vcd" {0 0 0};
    %vpi_call 2 15 "$dumpvars", 32'sb00000000000000000000000000000000, S_0x557e05f9a430 {0 0 0};
    %pushi/vec4 65534, 0, 16;
    %store/vec4 v0x557e05febc30_0, 0, 16;
    %pushi/vec4 0, 0, 4;
    %store/vec4 v0x557e05febd90_0, 0, 4;
    %delay 10, 0;
    %vpi_call 2 19 "$display", "Output: %b", v0x557e05febcf0_0 {0 0 0};
    %pushi/vec4 49151, 0, 16;
    %store/vec4 v0x557e05febc30_0, 0, 16;
    %pushi/vec4 1, 0, 4;
    %store/vec4 v0x557e05febd90_0, 0, 4;
    %delay 10, 0;
    %vpi_call 2 23 "$display", "Output: %b", v0x557e05febcf0_0 {0 0 0};
    %end;
    .thread T_3;
# The file index is used to find the file name in the following table.
:file_names 4;
    "N/A";
    "<interactive>";
    "16x1u8x1_tb.v";
    "16x1u8x1.v";
