#! /usr/bin/vvp
:ivl_version "10.3 (stable)";
:ivl_delay_selection "TYPICAL";
:vpi_time_precision + 0;
:vpi_module "system";
:vpi_module "vhdl_sys";
:vpi_module "v2005_math";
:vpi_module "va_math";
S_0x562a321ec430 .scope module, "testbench_mux_16x1" "testbench_mux_16x1" 2 1;
 .timescale 0 0;
v0x562a3223eb80_0 .var "data", 15 0;
v0x562a3223ec40_0 .net "out", 0 0, v0x562a3223e910_0;  1 drivers
v0x562a3223ece0_0 .var "sel", 3 0;
S_0x562a321ec5b0 .scope module, "uut" "mux_16x1" 2 7, 3 23 0, S_0x562a321ec430;
 .timescale 0 0;
    .port_info 0 /INPUT 16 "data"
    .port_info 1 /INPUT 4 "sel"
    .port_info 2 /OUTPUT 1 "out"
o0x7f63b8e7b258 .functor BUFZ 6, C4<zzzzzz>; HiZ drive
; Elide local net with no drivers, v0x562a3223e690_0 name=_s16
v0x562a3223e770_0 .net "data", 15 0, v0x562a3223eb80_0;  1 drivers
v0x562a3223e850_0 .net "mux_1_out", 7 0, L_0x562a3223f160;  1 drivers
v0x562a3223e910_0 .var "out", 0 0;
v0x562a3223e9d0_0 .net "sel", 3 0, v0x562a3223ece0_0;  1 drivers
E_0x562a32227770 .event edge, v0x562a3223e9d0_0, v0x562a3223e850_0;
L_0x562a3223edb0 .part v0x562a3223eb80_0, 0, 8;
L_0x562a3223eed0 .part v0x562a3223ece0_0, 0, 3;
L_0x562a3223efc0 .part v0x562a3223eb80_0, 8, 8;
L_0x562a3223f060 .part v0x562a3223ece0_0, 0, 3;
L_0x562a3223f160 .concat [ 1 1 6 0], v0x562a32213f20_0, v0x562a3223e490_0, o0x7f63b8e7b258;
S_0x562a322266b0 .scope module, "mux_1" "mux_8x1" 3 31, 3 1 0, S_0x562a321ec5b0;
 .timescale 0 0;
    .port_info 0 /INPUT 8 "data"
    .port_info 1 /INPUT 3 "sel"
    .port_info 2 /OUTPUT 1 "out"
v0x562a32223870_0 .net "data", 7 0, L_0x562a3223edb0;  1 drivers
v0x562a32213f20_0 .var "out", 0 0;
v0x562a32211900_0 .net "sel", 2 0, L_0x562a3223eed0;  1 drivers
E_0x562a322274d0 .event edge, v0x562a32211900_0, v0x562a32223870_0;
S_0x562a3223e130 .scope module, "mux_2" "mux_8x1" 3 37, 3 1 0, S_0x562a321ec5b0;
 .timescale 0 0;
    .port_info 0 /INPUT 8 "data"
    .port_info 1 /INPUT 3 "sel"
    .port_info 2 /OUTPUT 1 "out"
v0x562a3223e390_0 .net "data", 7 0, L_0x562a3223efc0;  1 drivers
v0x562a3223e490_0 .var "out", 0 0;
v0x562a3223e550_0 .net "sel", 2 0, L_0x562a3223f060;  1 drivers
E_0x562a32227270 .event edge, v0x562a3223e550_0, v0x562a3223e390_0;
    .scope S_0x562a322266b0;
T_0 ;
    %wait E_0x562a322274d0;
    %load/vec4 v0x562a32211900_0;
    %dup/vec4;
    %pushi/vec4 0, 0, 3;
    %cmp/u;
    %jmp/1 T_0.0, 6;
    %dup/vec4;
    %pushi/vec4 1, 0, 3;
    %cmp/u;
    %jmp/1 T_0.1, 6;
    %dup/vec4;
    %pushi/vec4 2, 0, 3;
    %cmp/u;
    %jmp/1 T_0.2, 6;
    %dup/vec4;
    %pushi/vec4 3, 0, 3;
    %cmp/u;
    %jmp/1 T_0.3, 6;
    %dup/vec4;
    %pushi/vec4 4, 0, 3;
    %cmp/u;
    %jmp/1 T_0.4, 6;
    %dup/vec4;
    %pushi/vec4 5, 0, 3;
    %cmp/u;
    %jmp/1 T_0.5, 6;
    %dup/vec4;
    %pushi/vec4 6, 0, 3;
    %cmp/u;
    %jmp/1 T_0.6, 6;
    %dup/vec4;
    %pushi/vec4 7, 0, 3;
    %cmp/u;
    %jmp/1 T_0.7, 6;
    %pushi/vec4 0, 1, 1;
    %store/vec4 v0x562a32213f20_0, 0, 1;
    %jmp T_0.9;
T_0.0 ;
    %load/vec4 v0x562a32223870_0;
    %parti/s 1, 0, 2;
    %store/vec4 v0x562a32213f20_0, 0, 1;
    %jmp T_0.9;
T_0.1 ;
    %load/vec4 v0x562a32223870_0;
    %parti/s 1, 1, 2;
    %store/vec4 v0x562a32213f20_0, 0, 1;
    %jmp T_0.9;
T_0.2 ;
    %load/vec4 v0x562a32223870_0;
    %parti/s 1, 2, 3;
    %store/vec4 v0x562a32213f20_0, 0, 1;
    %jmp T_0.9;
T_0.3 ;
    %load/vec4 v0x562a32223870_0;
    %parti/s 1, 3, 3;
    %store/vec4 v0x562a32213f20_0, 0, 1;
    %jmp T_0.9;
T_0.4 ;
    %load/vec4 v0x562a32223870_0;
    %parti/s 1, 4, 4;
    %store/vec4 v0x562a32213f20_0, 0, 1;
    %jmp T_0.9;
T_0.5 ;
    %load/vec4 v0x562a32223870_0;
    %parti/s 1, 5, 4;
    %store/vec4 v0x562a32213f20_0, 0, 1;
    %jmp T_0.9;
T_0.6 ;
    %load/vec4 v0x562a32223870_0;
    %parti/s 1, 6, 4;
    %store/vec4 v0x562a32213f20_0, 0, 1;
    %jmp T_0.9;
T_0.7 ;
    %load/vec4 v0x562a32223870_0;
    %parti/s 1, 7, 4;
    %store/vec4 v0x562a32213f20_0, 0, 1;
    %jmp T_0.9;
T_0.9 ;
    %pop/vec4 1;
    %jmp T_0;
    .thread T_0, $push;
    .scope S_0x562a3223e130;
T_1 ;
    %wait E_0x562a32227270;
    %load/vec4 v0x562a3223e550_0;
    %dup/vec4;
    %pushi/vec4 0, 0, 3;
    %cmp/u;
    %jmp/1 T_1.0, 6;
    %dup/vec4;
    %pushi/vec4 1, 0, 3;
    %cmp/u;
    %jmp/1 T_1.1, 6;
    %dup/vec4;
    %pushi/vec4 2, 0, 3;
    %cmp/u;
    %jmp/1 T_1.2, 6;
    %dup/vec4;
    %pushi/vec4 3, 0, 3;
    %cmp/u;
    %jmp/1 T_1.3, 6;
    %dup/vec4;
    %pushi/vec4 4, 0, 3;
    %cmp/u;
    %jmp/1 T_1.4, 6;
    %dup/vec4;
    %pushi/vec4 5, 0, 3;
    %cmp/u;
    %jmp/1 T_1.5, 6;
    %dup/vec4;
    %pushi/vec4 6, 0, 3;
    %cmp/u;
    %jmp/1 T_1.6, 6;
    %dup/vec4;
    %pushi/vec4 7, 0, 3;
    %cmp/u;
    %jmp/1 T_1.7, 6;
    %pushi/vec4 0, 1, 1;
    %store/vec4 v0x562a3223e490_0, 0, 1;
    %jmp T_1.9;
T_1.0 ;
    %load/vec4 v0x562a3223e390_0;
    %parti/s 1, 0, 2;
    %store/vec4 v0x562a3223e490_0, 0, 1;
    %jmp T_1.9;
T_1.1 ;
    %load/vec4 v0x562a3223e390_0;
    %parti/s 1, 1, 2;
    %store/vec4 v0x562a3223e490_0, 0, 1;
    %jmp T_1.9;
T_1.2 ;
    %load/vec4 v0x562a3223e390_0;
    %parti/s 1, 2, 3;
    %store/vec4 v0x562a3223e490_0, 0, 1;
    %jmp T_1.9;
T_1.3 ;
    %load/vec4 v0x562a3223e390_0;
    %parti/s 1, 3, 3;
    %store/vec4 v0x562a3223e490_0, 0, 1;
    %jmp T_1.9;
T_1.4 ;
    %load/vec4 v0x562a3223e390_0;
    %parti/s 1, 4, 4;
    %store/vec4 v0x562a3223e490_0, 0, 1;
    %jmp T_1.9;
T_1.5 ;
    %load/vec4 v0x562a3223e390_0;
    %parti/s 1, 5, 4;
    %store/vec4 v0x562a3223e490_0, 0, 1;
    %jmp T_1.9;
T_1.6 ;
    %load/vec4 v0x562a3223e390_0;
    %parti/s 1, 6, 4;
    %store/vec4 v0x562a3223e490_0, 0, 1;
    %jmp T_1.9;
T_1.7 ;
    %load/vec4 v0x562a3223e390_0;
    %parti/s 1, 7, 4;
    %store/vec4 v0x562a3223e490_0, 0, 1;
    %jmp T_1.9;
T_1.9 ;
    %pop/vec4 1;
    %jmp T_1;
    .thread T_1, $push;
    .scope S_0x562a321ec5b0;
T_2 ;
    %wait E_0x562a32227770;
    %load/vec4 v0x562a3223e9d0_0;
    %parti/s 1, 3, 3;
    %dup/vec4;
    %pushi/vec4 0, 0, 1;
    %cmp/u;
    %jmp/1 T_2.0, 6;
    %dup/vec4;
    %pushi/vec4 1, 0, 1;
    %cmp/u;
    %jmp/1 T_2.1, 6;
    %pushi/vec4 0, 1, 1;
    %store/vec4 v0x562a3223e910_0, 0, 1;
    %jmp T_2.3;
T_2.0 ;
    %load/vec4 v0x562a3223e850_0;
    %parti/s 1, 0, 2;
    %store/vec4 v0x562a3223e910_0, 0, 1;
    %jmp T_2.3;
T_2.1 ;
    %load/vec4 v0x562a3223e850_0;
    %parti/s 1, 1, 2;
    %store/vec4 v0x562a3223e910_0, 0, 1;
    %jmp T_2.3;
T_2.3 ;
    %pop/vec4 1;
    %jmp T_2;
    .thread T_2, $push;
    .scope S_0x562a321ec430;
T_3 ;
    %vpi_call 2 14 "$dumpfile", "16xu8x1.vcd" {0 0 0};
    %vpi_call 2 15 "$dumpvars", 32'sb00000000000000000000000000000000, S_0x562a321ec430 {0 0 0};
    %pushi/vec4 52428, 0, 16;
    %store/vec4 v0x562a3223eb80_0, 0, 16;
    %pushi/vec4 0, 0, 4;
    %store/vec4 v0x562a3223ece0_0, 0, 4;
    %delay 10, 0;
    %vpi_call 2 19 "$display", "Output: %b", v0x562a3223ec40_0 {0 0 0};
    %pushi/vec4 52428, 0, 16;
    %store/vec4 v0x562a3223eb80_0, 0, 16;
    %pushi/vec4 1, 0, 4;
    %store/vec4 v0x562a3223ece0_0, 0, 4;
    %delay 10, 0;
    %vpi_call 2 23 "$display", "Output: %b", v0x562a3223ec40_0 {0 0 0};
    %pushi/vec4 52428, 0, 16;
    %store/vec4 v0x562a3223eb80_0, 0, 16;
    %pushi/vec4 15, 0, 4;
    %store/vec4 v0x562a3223ece0_0, 0, 4;
    %delay 10, 0;
    %vpi_call 2 27 "$display", "Output: %b", v0x562a3223ec40_0 {0 0 0};
    %vpi_call 2 29 "$stop" {0 0 0};
    %end;
    .thread T_3;
# The file index is used to find the file name in the following table.
:file_names 4;
    "N/A";
    "<interactive>";
    "16x1u8x1_tb.v";
    "16x1u8x1.v";
