#! /usr/bin/vvp
:ivl_version "10.3 (stable)";
:ivl_delay_selection "TYPICAL";
:vpi_time_precision + 0;
:vpi_module "system";
:vpi_module "vhdl_sys";
:vpi_module "v2005_math";
:vpi_module "va_math";
S_0x563625aac430 .scope module, "testbench_mux_16x1" "testbench_mux_16x1" 2 1;
 .timescale 0 0;
v0x563625afdce0_0 .var "data", 15 0;
v0x563625afdda0_0 .net "out", 0 0, v0x563625afda70_0;  1 drivers
v0x563625afde40_0 .var "sel", 3 0;
S_0x563625aac5b0 .scope module, "uut" "mux_16x1" 2 7, 3 23 0, S_0x563625aac430;
 .timescale 0 0;
    .port_info 0 /INPUT 16 "data"
    .port_info 1 /INPUT 4 "sel"
    .port_info 2 /OUTPUT 1 "out"
o0x7f5bf6a53258 .functor BUFZ 6, C4<zzzzzz>; HiZ drive
; Elide local net with no drivers, v0x563625afd7f0_0 name=_s16
v0x563625afd8d0_0 .net "data", 15 0, v0x563625afdce0_0;  1 drivers
v0x563625afd9b0_0 .net "mux_1_out", 7 0, L_0x563625afe2c0;  1 drivers
v0x563625afda70_0 .var "out", 0 0;
v0x563625afdb30_0 .net "sel", 3 0, v0x563625afde40_0;  1 drivers
E_0x563625ae7090 .event edge, v0x563625afdb30_0, v0x563625afd9b0_0;
L_0x563625afdf10 .part v0x563625afdce0_0, 0, 8;
L_0x563625afe030 .part v0x563625afde40_0, 0, 3;
L_0x563625afe120 .part v0x563625afdce0_0, 8, 8;
L_0x563625afe1c0 .part v0x563625afde40_0, 0, 3;
L_0x563625afe2c0 .concat [ 1 1 6 0], v0x563625ad3fa0_0, v0x563625afd5f0_0, o0x7f5bf6a53258;
S_0x563625ae5fd0 .scope module, "mux_1" "mux_8x1" 3 31, 3 1 0, S_0x563625aac5b0;
 .timescale 0 0;
    .port_info 0 /INPUT 8 "data"
    .port_info 1 /INPUT 3 "sel"
    .port_info 2 /OUTPUT 1 "out"
v0x563625ae3140_0 .net "data", 7 0, L_0x563625afdf10;  1 drivers
v0x563625ad3fa0_0 .var "out", 0 0;
v0x563625ad1970_0 .net "sel", 2 0, L_0x563625afe030;  1 drivers
E_0x563625ae6df0 .event edge, v0x563625ad1970_0, v0x563625ae3140_0;
S_0x563625afd290 .scope module, "mux_2" "mux_8x1" 3 37, 3 1 0, S_0x563625aac5b0;
 .timescale 0 0;
    .port_info 0 /INPUT 8 "data"
    .port_info 1 /INPUT 3 "sel"
    .port_info 2 /OUTPUT 1 "out"
v0x563625afd4f0_0 .net "data", 7 0, L_0x563625afe120;  1 drivers
v0x563625afd5f0_0 .var "out", 0 0;
v0x563625afd6b0_0 .net "sel", 2 0, L_0x563625afe1c0;  1 drivers
E_0x563625ae6b90 .event edge, v0x563625afd6b0_0, v0x563625afd4f0_0;
    .scope S_0x563625ae5fd0;
T_0 ;
    %wait E_0x563625ae6df0;
    %load/vec4 v0x563625ad1970_0;
    %dup/vec4;
    %pushi/vec4 0, 0, 3;
    %cmp/u;
    %jmp/1 T_0.0, 6;
    %dup/vec4;
    %pushi/vec4 1, 0, 3;
    %cmp/u;
    %jmp/1 T_0.1, 6;
    %dup/vec4;
    %pushi/vec4 2, 0, 3;
    %cmp/u;
    %jmp/1 T_0.2, 6;
    %dup/vec4;
    %pushi/vec4 3, 0, 3;
    %cmp/u;
    %jmp/1 T_0.3, 6;
    %dup/vec4;
    %pushi/vec4 4, 0, 3;
    %cmp/u;
    %jmp/1 T_0.4, 6;
    %dup/vec4;
    %pushi/vec4 5, 0, 3;
    %cmp/u;
    %jmp/1 T_0.5, 6;
    %dup/vec4;
    %pushi/vec4 6, 0, 3;
    %cmp/u;
    %jmp/1 T_0.6, 6;
    %dup/vec4;
    %pushi/vec4 7, 0, 3;
    %cmp/u;
    %jmp/1 T_0.7, 6;
    %pushi/vec4 0, 1, 1;
    %store/vec4 v0x563625ad3fa0_0, 0, 1;
    %jmp T_0.9;
T_0.0 ;
    %load/vec4 v0x563625ae3140_0;
    %parti/s 1, 0, 2;
    %store/vec4 v0x563625ad3fa0_0, 0, 1;
    %jmp T_0.9;
T_0.1 ;
    %load/vec4 v0x563625ae3140_0;
    %parti/s 1, 1, 2;
    %store/vec4 v0x563625ad3fa0_0, 0, 1;
    %jmp T_0.9;
T_0.2 ;
    %load/vec4 v0x563625ae3140_0;
    %parti/s 1, 2, 3;
    %store/vec4 v0x563625ad3fa0_0, 0, 1;
    %jmp T_0.9;
T_0.3 ;
    %load/vec4 v0x563625ae3140_0;
    %parti/s 1, 3, 3;
    %store/vec4 v0x563625ad3fa0_0, 0, 1;
    %jmp T_0.9;
T_0.4 ;
    %load/vec4 v0x563625ae3140_0;
    %parti/s 1, 4, 4;
    %store/vec4 v0x563625ad3fa0_0, 0, 1;
    %jmp T_0.9;
T_0.5 ;
    %load/vec4 v0x563625ae3140_0;
    %parti/s 1, 5, 4;
    %store/vec4 v0x563625ad3fa0_0, 0, 1;
    %jmp T_0.9;
T_0.6 ;
    %load/vec4 v0x563625ae3140_0;
    %parti/s 1, 6, 4;
    %store/vec4 v0x563625ad3fa0_0, 0, 1;
    %jmp T_0.9;
T_0.7 ;
    %load/vec4 v0x563625ae3140_0;
    %parti/s 1, 7, 4;
    %store/vec4 v0x563625ad3fa0_0, 0, 1;
    %jmp T_0.9;
T_0.9 ;
    %pop/vec4 1;
    %jmp T_0;
    .thread T_0, $push;
    .scope S_0x563625afd290;
T_1 ;
    %wait E_0x563625ae6b90;
    %load/vec4 v0x563625afd6b0_0;
    %dup/vec4;
    %pushi/vec4 0, 0, 3;
    %cmp/u;
    %jmp/1 T_1.0, 6;
    %dup/vec4;
    %pushi/vec4 1, 0, 3;
    %cmp/u;
    %jmp/1 T_1.1, 6;
    %dup/vec4;
    %pushi/vec4 2, 0, 3;
    %cmp/u;
    %jmp/1 T_1.2, 6;
    %dup/vec4;
    %pushi/vec4 3, 0, 3;
    %cmp/u;
    %jmp/1 T_1.3, 6;
    %dup/vec4;
    %pushi/vec4 4, 0, 3;
    %cmp/u;
    %jmp/1 T_1.4, 6;
    %dup/vec4;
    %pushi/vec4 5, 0, 3;
    %cmp/u;
    %jmp/1 T_1.5, 6;
    %dup/vec4;
    %pushi/vec4 6, 0, 3;
    %cmp/u;
    %jmp/1 T_1.6, 6;
    %dup/vec4;
    %pushi/vec4 7, 0, 3;
    %cmp/u;
    %jmp/1 T_1.7, 6;
    %pushi/vec4 0, 1, 1;
    %store/vec4 v0x563625afd5f0_0, 0, 1;
    %jmp T_1.9;
T_1.0 ;
    %load/vec4 v0x563625afd4f0_0;
    %parti/s 1, 0, 2;
    %store/vec4 v0x563625afd5f0_0, 0, 1;
    %jmp T_1.9;
T_1.1 ;
    %load/vec4 v0x563625afd4f0_0;
    %parti/s 1, 1, 2;
    %store/vec4 v0x563625afd5f0_0, 0, 1;
    %jmp T_1.9;
T_1.2 ;
    %load/vec4 v0x563625afd4f0_0;
    %parti/s 1, 2, 3;
    %store/vec4 v0x563625afd5f0_0, 0, 1;
    %jmp T_1.9;
T_1.3 ;
    %load/vec4 v0x563625afd4f0_0;
    %parti/s 1, 3, 3;
    %store/vec4 v0x563625afd5f0_0, 0, 1;
    %jmp T_1.9;
T_1.4 ;
    %load/vec4 v0x563625afd4f0_0;
    %parti/s 1, 4, 4;
    %store/vec4 v0x563625afd5f0_0, 0, 1;
    %jmp T_1.9;
T_1.5 ;
    %load/vec4 v0x563625afd4f0_0;
    %parti/s 1, 5, 4;
    %store/vec4 v0x563625afd5f0_0, 0, 1;
    %jmp T_1.9;
T_1.6 ;
    %load/vec4 v0x563625afd4f0_0;
    %parti/s 1, 6, 4;
    %store/vec4 v0x563625afd5f0_0, 0, 1;
    %jmp T_1.9;
T_1.7 ;
    %load/vec4 v0x563625afd4f0_0;
    %parti/s 1, 7, 4;
    %store/vec4 v0x563625afd5f0_0, 0, 1;
    %jmp T_1.9;
T_1.9 ;
    %pop/vec4 1;
    %jmp T_1;
    .thread T_1, $push;
    .scope S_0x563625aac5b0;
T_2 ;
    %wait E_0x563625ae7090;
    %load/vec4 v0x563625afdb30_0;
    %parti/s 1, 3, 3;
    %dup/vec4;
    %pushi/vec4 0, 0, 1;
    %cmp/u;
    %jmp/1 T_2.0, 6;
    %dup/vec4;
    %pushi/vec4 1, 0, 1;
    %cmp/u;
    %jmp/1 T_2.1, 6;
    %pushi/vec4 0, 1, 1;
    %store/vec4 v0x563625afda70_0, 0, 1;
    %jmp T_2.3;
T_2.0 ;
    %load/vec4 v0x563625afd9b0_0;
    %parti/s 1, 0, 2;
    %store/vec4 v0x563625afda70_0, 0, 1;
    %jmp T_2.3;
T_2.1 ;
    %load/vec4 v0x563625afd9b0_0;
    %parti/s 1, 1, 2;
    %store/vec4 v0x563625afda70_0, 0, 1;
    %jmp T_2.3;
T_2.3 ;
    %pop/vec4 1;
    %jmp T_2;
    .thread T_2, $push;
    .scope S_0x563625aac430;
T_3 ;
    %vpi_call 2 14 "$dumpfile", "16xu8x1.vcd" {0 0 0};
    %vpi_call 2 15 "$dumpvars", 32'sb00000000000000000000000000000000, S_0x563625aac430 {0 0 0};
    %pushi/vec4 32768, 0, 16;
    %store/vec4 v0x563625afdce0_0, 0, 16;
    %pushi/vec4 0, 0, 4;
    %store/vec4 v0x563625afde40_0, 0, 4;
    %delay 10, 0;
    %vpi_call 2 20 "$display", "%b", v0x563625afdda0_0 {0 0 0};
    %delay 10, 0;
    %pushi/vec4 37448, 0, 16;
    %store/vec4 v0x563625afdce0_0, 0, 16;
    %pushi/vec4 1, 0, 4;
    %store/vec4 v0x563625afde40_0, 0, 4;
    %delay 10, 0;
    %vpi_call 2 25 "$display", "%b", v0x563625afdda0_0 {0 0 0};
    %end;
    .thread T_3;
# The file index is used to find the file name in the following table.
:file_names 4;
    "N/A";
    "<interactive>";
    "16x1u8x1_tb.v";
    "16x1u8x1.v";
