#! /usr/bin/vvp
:ivl_version "10.3 (stable)";
:ivl_delay_selection "TYPICAL";
:vpi_time_precision + 0;
:vpi_module "system";
:vpi_module "vhdl_sys";
:vpi_module "v2005_math";
:vpi_module "va_math";
S_0x5602ae506940 .scope module, "tb_mux_16x1" "tb_mux_16x1" 2 1;
 .timescale 0 0;
v0x5602ae537300_0 .var "data_inputs", 15 0;
v0x5602ae5373c0_0 .net "mux_output", 0 0, L_0x5602ae5522c0;  1 drivers
v0x5602ae537460_0 .var "select_lines", 3 0;
S_0x5602ae504bc0 .scope module, "uut" "mux_16x1" 2 7, 3 1 0, S_0x5602ae506940;
 .timescale 0 0;
    .port_info 0 /INPUT 16 "data_inputs"
    .port_info 1 /INPUT 4 "select_lines"
    .port_info 2 /OUTPUT 1 "mux_output"
v0x5602ae536740_0 .net *"_s29", 1 0, L_0x5602ae541d30;  1 drivers
v0x5602ae536840_0 .net *"_s30", 31 0, L_0x5602ae541dd0;  1 drivers
L_0x7f462050a8d8 .functor BUFT 1, C4<000000000000000000000000000000>, C4<0>, C4<0>, C4<0>;
v0x5602ae536920_0 .net *"_s33", 29 0, L_0x7f462050a8d8;  1 drivers
L_0x7f462050a920 .functor BUFT 1, C4<00000000000000000000000000000000>, C4<0>, C4<0>, C4<0>;
v0x5602ae5369e0_0 .net/2u *"_s34", 31 0, L_0x7f462050a920;  1 drivers
v0x5602ae536ac0_0 .net *"_s36", 0 0, L_0x5602ae551f80;  1 drivers
v0x5602ae536bd0_0 .net *"_s40", 7 0, L_0x5602ae5520c0;  1 drivers
v0x5602ae536cb0_0 .net "data_inputs", 15 0, v0x5602ae537300_0;  1 drivers
RS_0x7f46205544a8 .resolv tri, L_0x5602ae537990, L_0x5602ae536f90, L_0x5602ae540de0;
v0x5602ae536d90 .array "intermediate_outputs", 15 0;
v0x5602ae536d90_0 .net8 v0x5602ae536d90 0, 7 0, RS_0x7f46205544a8; 3 drivers
RS_0x7f46205544d8 .resolv tri, L_0x5602ae537fe0, L_0x5602ae53eb70, L_0x5602ae541230;
v0x5602ae536d90_1 .net8 v0x5602ae536d90 1, 7 0, RS_0x7f46205544d8; 3 drivers
RS_0x7f4620554508 .resolv tri, L_0x5602ae538670, L_0x5602ae53f020, L_0x5602ae5415a0;
v0x5602ae536d90_2 .net8 v0x5602ae536d90 2, 7 0, RS_0x7f4620554508; 3 drivers
RS_0x7f4620554538 .resolv tri, L_0x5602ae538ca0, L_0x5602ae53f4e0, L_0x5602ae541b20;
v0x5602ae536d90_3 .net8 v0x5602ae536d90 3, 7 0, RS_0x7f4620554538; 3 drivers
RS_0x7f4620554568 .resolv tri, L_0x5602ae5392a0, L_0x5602ae53f990;
v0x5602ae536d90_4 .net8 v0x5602ae536d90 4, 7 0, RS_0x7f4620554568; 2 drivers
RS_0x7f4620554598 .resolv tri, L_0x5602ae5398e0, L_0x5602ae53ff00;
v0x5602ae536d90_5 .net8 v0x5602ae536d90 5, 7 0, RS_0x7f4620554598; 2 drivers
RS_0x7f46205545c8 .resolv tri, L_0x5602ae53a0d0, L_0x5602ae5403b0;
v0x5602ae536d90_6 .net8 v0x5602ae536d90 6, 7 0, RS_0x7f46205545c8; 2 drivers
RS_0x7f46205545f8 .resolv tri, L_0x5602ae53a720, L_0x5602ae540930;
v0x5602ae536d90_7 .net8 v0x5602ae536d90 7, 7 0, RS_0x7f46205545f8; 2 drivers
v0x5602ae536d90_8 .net v0x5602ae536d90 8, 7 0, L_0x5602ae53af30; 1 drivers
v0x5602ae536d90_9 .net v0x5602ae536d90 9, 7 0, L_0x5602ae53b540; 1 drivers
v0x5602ae536d90_10 .net v0x5602ae536d90 10, 7 0, L_0x5602ae53bb40; 1 drivers
v0x5602ae536d90_11 .net v0x5602ae536d90 11, 7 0, L_0x5602ae53c1b0; 1 drivers
v0x5602ae536d90_12 .net v0x5602ae536d90 12, 7 0, L_0x5602ae53c7b0; 1 drivers
v0x5602ae536d90_13 .net v0x5602ae536d90 13, 7 0, L_0x5602ae53ce30; 1 drivers
v0x5602ae536d90_14 .net v0x5602ae536d90 14, 7 0, L_0x5602ae53d850; 1 drivers
v0x5602ae536d90_15 .net v0x5602ae536d90 15, 7 0, L_0x5602ae53dee0; 1 drivers
v0x5602ae537050_0 .net "mux_output", 0 0, L_0x5602ae5522c0;  alias, 1 drivers
v0x5602ae5371a0_0 .net "select_lines", 3 0, v0x5602ae537460_0;  1 drivers
L_0x5602ae537760 .part v0x5602ae537300_0, 0, 1;
L_0x5602ae537e00 .part v0x5602ae537300_0, 1, 1;
L_0x5602ae538450 .part v0x5602ae537300_0, 2, 1;
L_0x5602ae538a90 .part v0x5602ae537300_0, 3, 1;
L_0x5602ae5390c0 .part v0x5602ae537300_0, 4, 1;
L_0x5602ae5396c0 .part v0x5602ae537300_0, 5, 1;
L_0x5602ae539de0 .part v0x5602ae537300_0, 6, 1;
L_0x5602ae53a4f0 .part v0x5602ae537300_0, 7, 1;
L_0x5602ae53ad50 .part v0x5602ae537300_0, 8, 1;
L_0x5602ae53b350 .part v0x5602ae537300_0, 9, 1;
L_0x5602ae53b960 .part v0x5602ae537300_0, 10, 1;
L_0x5602ae53bf60 .part v0x5602ae537300_0, 11, 1;
L_0x5602ae53c5d0 .part v0x5602ae537300_0, 12, 1;
L_0x5602ae53cbd0 .part v0x5602ae537300_0, 13, 1;
L_0x5602ae53d460 .part v0x5602ae537300_0, 14, 1;
L_0x5602ae53dc70 .part v0x5602ae537300_0, 15, 1;
L_0x5602ae53e0d0 .part v0x5602ae537460_0, 0, 2;
L_0x5602ae53e7b0 .part v0x5602ae537460_0, 0, 2;
L_0x5602ae53ed00 .part v0x5602ae537460_0, 0, 2;
L_0x5602ae53f1b0 .part v0x5602ae537460_0, 0, 2;
L_0x5602ae53f670 .part v0x5602ae537460_0, 0, 2;
L_0x5602ae53fb20 .part v0x5602ae537460_0, 0, 2;
L_0x5602ae540090 .part v0x5602ae537460_0, 0, 2;
L_0x5602ae540540 .part v0x5602ae537460_0, 0, 2;
L_0x5602ae540ac0 .part v0x5602ae537460_0, 1, 2;
L_0x5602ae540e80 .part v0x5602ae537460_0, 1, 2;
L_0x5602ae541320 .part v0x5602ae537460_0, 1, 2;
L_0x5602ae5417b0 .part v0x5602ae537460_0, 1, 2;
L_0x5602ae541d30 .part v0x5602ae537460_0, 2, 2;
L_0x5602ae541dd0 .concat [ 2 30 0 0], L_0x5602ae541d30, L_0x7f462050a8d8;
L_0x5602ae551f80 .cmp/eq 32, L_0x5602ae541dd0, L_0x7f462050a920;
L_0x5602ae5520c0 .functor MUXZ 8, RS_0x7f46205544d8, RS_0x7f46205544a8, L_0x5602ae551f80, C4<>;
L_0x5602ae5522c0 .part L_0x5602ae5520c0, 0, 1;
S_0x5602ae502e40 .scope generate, "genblk1[0]" "genblk1[0]" 3 11, 3 11 0, S_0x5602ae504bc0;
 .timescale 0 0;
P_0x5602ae4d2060 .param/l "i" 0 3 11, +C4<00>;
v0x5602ae508760_0 .net *"_s1", 4 0, L_0x5602ae537500;  1 drivers
v0x5602ae527610_0 .net *"_s10", 7 0, L_0x5602ae537850;  1 drivers
L_0x7f46205090a8 .functor BUFT 1, C4<0000000>, C4<0>, C4<0>, C4<0>;
v0x5602ae5276f0_0 .net *"_s13", 6 0, L_0x7f46205090a8;  1 drivers
L_0x7f46205090f0 .functor BUFT 1, C4<00000000>, C4<0>, C4<0>, C4<0>;
v0x5602ae5277b0_0 .net/2u *"_s14", 7 0, L_0x7f46205090f0;  1 drivers
L_0x7f4620509018 .functor BUFT 1, C4<0>, C4<0>, C4<0>, C4<0>;
v0x5602ae527890_0 .net *"_s4", 0 0, L_0x7f4620509018;  1 drivers
L_0x7f4620509060 .functor BUFT 1, C4<00000>, C4<0>, C4<0>, C4<0>;
v0x5602ae5279c0_0 .net/2u *"_s5", 4 0, L_0x7f4620509060;  1 drivers
v0x5602ae527aa0_0 .net *"_s7", 0 0, L_0x5602ae5375f0;  1 drivers
v0x5602ae527b60_0 .net *"_s9", 0 0, L_0x5602ae537760;  1 drivers
L_0x5602ae537500 .concat [ 4 1 0 0], v0x5602ae537460_0, L_0x7f4620509018;
L_0x5602ae5375f0 .cmp/eq 5, L_0x5602ae537500, L_0x7f4620509060;
L_0x5602ae537850 .concat [ 1 7 0 0], L_0x5602ae537760, L_0x7f46205090a8;
L_0x5602ae537990 .functor MUXZ 8, L_0x7f46205090f0, L_0x5602ae537850, L_0x5602ae5375f0, C4<>;
S_0x5602ae527c40 .scope generate, "genblk1[1]" "genblk1[1]" 3 11, 3 11 0, S_0x5602ae504bc0;
 .timescale 0 0;
P_0x5602ae527e50 .param/l "i" 0 3 11, +C4<01>;
v0x5602ae527f10_0 .net *"_s1", 4 0, L_0x5602ae537b80;  1 drivers
v0x5602ae527ff0_0 .net *"_s10", 7 0, L_0x5602ae537ea0;  1 drivers
L_0x7f46205091c8 .functor BUFT 1, C4<0000000>, C4<0>, C4<0>, C4<0>;
v0x5602ae5280d0_0 .net *"_s13", 6 0, L_0x7f46205091c8;  1 drivers
L_0x7f4620509210 .functor BUFT 1, C4<00000000>, C4<0>, C4<0>, C4<0>;
v0x5602ae528190_0 .net/2u *"_s14", 7 0, L_0x7f4620509210;  1 drivers
L_0x7f4620509138 .functor BUFT 1, C4<0>, C4<0>, C4<0>, C4<0>;
v0x5602ae528270_0 .net *"_s4", 0 0, L_0x7f4620509138;  1 drivers
L_0x7f4620509180 .functor BUFT 1, C4<00001>, C4<0>, C4<0>, C4<0>;
v0x5602ae5283a0_0 .net/2u *"_s5", 4 0, L_0x7f4620509180;  1 drivers
v0x5602ae528480_0 .net *"_s7", 0 0, L_0x5602ae537cc0;  1 drivers
v0x5602ae528540_0 .net *"_s9", 0 0, L_0x5602ae537e00;  1 drivers
L_0x5602ae537b80 .concat [ 4 1 0 0], v0x5602ae537460_0, L_0x7f4620509138;
L_0x5602ae537cc0 .cmp/eq 5, L_0x5602ae537b80, L_0x7f4620509180;
L_0x5602ae537ea0 .concat [ 1 7 0 0], L_0x5602ae537e00, L_0x7f46205091c8;
L_0x5602ae537fe0 .functor MUXZ 8, L_0x7f4620509210, L_0x5602ae537ea0, L_0x5602ae537cc0, C4<>;
S_0x5602ae528620 .scope generate, "genblk1[2]" "genblk1[2]" 3 11, 3 11 0, S_0x5602ae504bc0;
 .timescale 0 0;
P_0x5602ae528810 .param/l "i" 0 3 11, +C4<010>;
v0x5602ae5288d0_0 .net *"_s1", 4 0, L_0x5602ae5381a0;  1 drivers
v0x5602ae5289b0_0 .net *"_s10", 7 0, L_0x5602ae538580;  1 drivers
L_0x7f46205092e8 .functor BUFT 1, C4<0000000>, C4<0>, C4<0>, C4<0>;
v0x5602ae528a90_0 .net *"_s13", 6 0, L_0x7f46205092e8;  1 drivers
L_0x7f4620509330 .functor BUFT 1, C4<00000000>, C4<0>, C4<0>, C4<0>;
v0x5602ae528b50_0 .net/2u *"_s14", 7 0, L_0x7f4620509330;  1 drivers
L_0x7f4620509258 .functor BUFT 1, C4<0>, C4<0>, C4<0>, C4<0>;
v0x5602ae528c30_0 .net *"_s4", 0 0, L_0x7f4620509258;  1 drivers
L_0x7f46205092a0 .functor BUFT 1, C4<00010>, C4<0>, C4<0>, C4<0>;
v0x5602ae528d60_0 .net/2u *"_s5", 4 0, L_0x7f46205092a0;  1 drivers
v0x5602ae528e40_0 .net *"_s7", 0 0, L_0x5602ae538360;  1 drivers
v0x5602ae528f00_0 .net *"_s9", 0 0, L_0x5602ae538450;  1 drivers
L_0x5602ae5381a0 .concat [ 4 1 0 0], v0x5602ae537460_0, L_0x7f4620509258;
L_0x5602ae538360 .cmp/eq 5, L_0x5602ae5381a0, L_0x7f46205092a0;
L_0x5602ae538580 .concat [ 1 7 0 0], L_0x5602ae538450, L_0x7f46205092e8;
L_0x5602ae538670 .functor MUXZ 8, L_0x7f4620509330, L_0x5602ae538580, L_0x5602ae538360, C4<>;
S_0x5602ae528fe0 .scope generate, "genblk1[3]" "genblk1[3]" 3 11, 3 11 0, S_0x5602ae504bc0;
 .timescale 0 0;
P_0x5602ae5291d0 .param/l "i" 0 3 11, +C4<011>;
v0x5602ae5292b0_0 .net *"_s1", 4 0, L_0x5602ae538860;  1 drivers
v0x5602ae529390_0 .net *"_s10", 7 0, L_0x5602ae538b60;  1 drivers
L_0x7f4620509408 .functor BUFT 1, C4<0000000>, C4<0>, C4<0>, C4<0>;
v0x5602ae529470_0 .net *"_s13", 6 0, L_0x7f4620509408;  1 drivers
L_0x7f4620509450 .functor BUFT 1, C4<00000000>, C4<0>, C4<0>, C4<0>;
v0x5602ae529530_0 .net/2u *"_s14", 7 0, L_0x7f4620509450;  1 drivers
L_0x7f4620509378 .functor BUFT 1, C4<0>, C4<0>, C4<0>, C4<0>;
v0x5602ae529610_0 .net *"_s4", 0 0, L_0x7f4620509378;  1 drivers
L_0x7f46205093c0 .functor BUFT 1, C4<00011>, C4<0>, C4<0>, C4<0>;
v0x5602ae529740_0 .net/2u *"_s5", 4 0, L_0x7f46205093c0;  1 drivers
v0x5602ae529820_0 .net *"_s7", 0 0, L_0x5602ae538950;  1 drivers
v0x5602ae5298e0_0 .net *"_s9", 0 0, L_0x5602ae538a90;  1 drivers
L_0x5602ae538860 .concat [ 4 1 0 0], v0x5602ae537460_0, L_0x7f4620509378;
L_0x5602ae538950 .cmp/eq 5, L_0x5602ae538860, L_0x7f46205093c0;
L_0x5602ae538b60 .concat [ 1 7 0 0], L_0x5602ae538a90, L_0x7f4620509408;
L_0x5602ae538ca0 .functor MUXZ 8, L_0x7f4620509450, L_0x5602ae538b60, L_0x5602ae538950, C4<>;
S_0x5602ae5299c0 .scope generate, "genblk1[4]" "genblk1[4]" 3 11, 3 11 0, S_0x5602ae504bc0;
 .timescale 0 0;
P_0x5602ae529c00 .param/l "i" 0 3 11, +C4<0100>;
v0x5602ae529ce0_0 .net *"_s1", 4 0, L_0x5602ae538e90;  1 drivers
v0x5602ae529dc0_0 .net *"_s10", 7 0, L_0x5602ae539160;  1 drivers
L_0x7f4620509528 .functor BUFT 1, C4<0000000>, C4<0>, C4<0>, C4<0>;
v0x5602ae529ea0_0 .net *"_s13", 6 0, L_0x7f4620509528;  1 drivers
L_0x7f4620509570 .functor BUFT 1, C4<00000000>, C4<0>, C4<0>, C4<0>;
v0x5602ae529f60_0 .net/2u *"_s14", 7 0, L_0x7f4620509570;  1 drivers
L_0x7f4620509498 .functor BUFT 1, C4<0>, C4<0>, C4<0>, C4<0>;
v0x5602ae52a040_0 .net *"_s4", 0 0, L_0x7f4620509498;  1 drivers
L_0x7f46205094e0 .functor BUFT 1, C4<00100>, C4<0>, C4<0>, C4<0>;
v0x5602ae52a170_0 .net/2u *"_s5", 4 0, L_0x7f46205094e0;  1 drivers
v0x5602ae52a250_0 .net *"_s7", 0 0, L_0x5602ae538f80;  1 drivers
v0x5602ae52a310_0 .net *"_s9", 0 0, L_0x5602ae5390c0;  1 drivers
L_0x5602ae538e90 .concat [ 4 1 0 0], v0x5602ae537460_0, L_0x7f4620509498;
L_0x5602ae538f80 .cmp/eq 5, L_0x5602ae538e90, L_0x7f46205094e0;
L_0x5602ae539160 .concat [ 1 7 0 0], L_0x5602ae5390c0, L_0x7f4620509528;
L_0x5602ae5392a0 .functor MUXZ 8, L_0x7f4620509570, L_0x5602ae539160, L_0x5602ae538f80, C4<>;
S_0x5602ae52a3f0 .scope generate, "genblk1[5]" "genblk1[5]" 3 11, 3 11 0, S_0x5602ae504bc0;
 .timescale 0 0;
P_0x5602ae52a5e0 .param/l "i" 0 3 11, +C4<0101>;
v0x5602ae52a6c0_0 .net *"_s1", 4 0, L_0x5602ae539490;  1 drivers
v0x5602ae52a7a0_0 .net *"_s10", 7 0, L_0x5602ae5397a0;  1 drivers
L_0x7f4620509648 .functor BUFT 1, C4<0000000>, C4<0>, C4<0>, C4<0>;
v0x5602ae52a880_0 .net *"_s13", 6 0, L_0x7f4620509648;  1 drivers
L_0x7f4620509690 .functor BUFT 1, C4<00000000>, C4<0>, C4<0>, C4<0>;
v0x5602ae52a940_0 .net/2u *"_s14", 7 0, L_0x7f4620509690;  1 drivers
L_0x7f46205095b8 .functor BUFT 1, C4<0>, C4<0>, C4<0>, C4<0>;
v0x5602ae52aa20_0 .net *"_s4", 0 0, L_0x7f46205095b8;  1 drivers
L_0x7f4620509600 .functor BUFT 1, C4<00101>, C4<0>, C4<0>, C4<0>;
v0x5602ae52ab50_0 .net/2u *"_s5", 4 0, L_0x7f4620509600;  1 drivers
v0x5602ae52ac30_0 .net *"_s7", 0 0, L_0x5602ae539580;  1 drivers
v0x5602ae52acf0_0 .net *"_s9", 0 0, L_0x5602ae5396c0;  1 drivers
L_0x5602ae539490 .concat [ 4 1 0 0], v0x5602ae537460_0, L_0x7f46205095b8;
L_0x5602ae539580 .cmp/eq 5, L_0x5602ae539490, L_0x7f4620509600;
L_0x5602ae5397a0 .concat [ 1 7 0 0], L_0x5602ae5396c0, L_0x7f4620509648;
L_0x5602ae5398e0 .functor MUXZ 8, L_0x7f4620509690, L_0x5602ae5397a0, L_0x5602ae539580, C4<>;
S_0x5602ae52add0 .scope generate, "genblk1[6]" "genblk1[6]" 3 11, 3 11 0, S_0x5602ae504bc0;
 .timescale 0 0;
P_0x5602ae52afc0 .param/l "i" 0 3 11, +C4<0110>;
v0x5602ae52b0a0_0 .net *"_s1", 4 0, L_0x5602ae539aa0;  1 drivers
v0x5602ae52b180_0 .net *"_s10", 7 0, L_0x5602ae539f90;  1 drivers
L_0x7f4620509768 .functor BUFT 1, C4<0000000>, C4<0>, C4<0>, C4<0>;
v0x5602ae52b260_0 .net *"_s13", 6 0, L_0x7f4620509768;  1 drivers
L_0x7f46205097b0 .functor BUFT 1, C4<00000000>, C4<0>, C4<0>, C4<0>;
v0x5602ae52b320_0 .net/2u *"_s14", 7 0, L_0x7f46205097b0;  1 drivers
L_0x7f46205096d8 .functor BUFT 1, C4<0>, C4<0>, C4<0>, C4<0>;
v0x5602ae52b400_0 .net *"_s4", 0 0, L_0x7f46205096d8;  1 drivers
L_0x7f4620509720 .functor BUFT 1, C4<00110>, C4<0>, C4<0>, C4<0>;
v0x5602ae52b530_0 .net/2u *"_s5", 4 0, L_0x7f4620509720;  1 drivers
v0x5602ae52b610_0 .net *"_s7", 0 0, L_0x5602ae539ca0;  1 drivers
v0x5602ae52b6d0_0 .net *"_s9", 0 0, L_0x5602ae539de0;  1 drivers
L_0x5602ae539aa0 .concat [ 4 1 0 0], v0x5602ae537460_0, L_0x7f46205096d8;
L_0x5602ae539ca0 .cmp/eq 5, L_0x5602ae539aa0, L_0x7f4620509720;
L_0x5602ae539f90 .concat [ 1 7 0 0], L_0x5602ae539de0, L_0x7f4620509768;
L_0x5602ae53a0d0 .functor MUXZ 8, L_0x7f46205097b0, L_0x5602ae539f90, L_0x5602ae539ca0, C4<>;
S_0x5602ae52b7b0 .scope generate, "genblk1[7]" "genblk1[7]" 3 11, 3 11 0, S_0x5602ae504bc0;
 .timescale 0 0;
P_0x5602ae52b9a0 .param/l "i" 0 3 11, +C4<0111>;
v0x5602ae52ba80_0 .net *"_s1", 4 0, L_0x5602ae53a2c0;  1 drivers
v0x5602ae52bb60_0 .net *"_s10", 7 0, L_0x5602ae53a5e0;  1 drivers
L_0x7f4620509888 .functor BUFT 1, C4<0000000>, C4<0>, C4<0>, C4<0>;
v0x5602ae52bc40_0 .net *"_s13", 6 0, L_0x7f4620509888;  1 drivers
L_0x7f46205098d0 .functor BUFT 1, C4<00000000>, C4<0>, C4<0>, C4<0>;
v0x5602ae52bd00_0 .net/2u *"_s14", 7 0, L_0x7f46205098d0;  1 drivers
L_0x7f46205097f8 .functor BUFT 1, C4<0>, C4<0>, C4<0>, C4<0>;
v0x5602ae52bde0_0 .net *"_s4", 0 0, L_0x7f46205097f8;  1 drivers
L_0x7f4620509840 .functor BUFT 1, C4<00111>, C4<0>, C4<0>, C4<0>;
v0x5602ae52bf10_0 .net/2u *"_s5", 4 0, L_0x7f4620509840;  1 drivers
v0x5602ae52bff0_0 .net *"_s7", 0 0, L_0x5602ae53a3b0;  1 drivers
v0x5602ae52c0b0_0 .net *"_s9", 0 0, L_0x5602ae53a4f0;  1 drivers
L_0x5602ae53a2c0 .concat [ 4 1 0 0], v0x5602ae537460_0, L_0x7f46205097f8;
L_0x5602ae53a3b0 .cmp/eq 5, L_0x5602ae53a2c0, L_0x7f4620509840;
L_0x5602ae53a5e0 .concat [ 1 7 0 0], L_0x5602ae53a4f0, L_0x7f4620509888;
L_0x5602ae53a720 .functor MUXZ 8, L_0x7f46205098d0, L_0x5602ae53a5e0, L_0x5602ae53a3b0, C4<>;
S_0x5602ae52c190 .scope generate, "genblk1[8]" "genblk1[8]" 3 11, 3 11 0, S_0x5602ae504bc0;
 .timescale 0 0;
P_0x5602ae529bb0 .param/l "i" 0 3 11, +C4<01000>;
v0x5602ae52c410_0 .net *"_s1", 5 0, L_0x5602ae53a910;  1 drivers
v0x5602ae52c4f0_0 .net *"_s10", 7 0, L_0x5602ae53adf0;  1 drivers
L_0x7f46205099a8 .functor BUFT 1, C4<0000000>, C4<0>, C4<0>, C4<0>;
v0x5602ae52c5d0_0 .net *"_s13", 6 0, L_0x7f46205099a8;  1 drivers
L_0x7f46205099f0 .functor BUFT 1, C4<00000000>, C4<0>, C4<0>, C4<0>;
v0x5602ae52c690_0 .net/2u *"_s14", 7 0, L_0x7f46205099f0;  1 drivers
L_0x7f4620509918 .functor BUFT 1, C4<00>, C4<0>, C4<0>, C4<0>;
v0x5602ae52c770_0 .net *"_s4", 1 0, L_0x7f4620509918;  1 drivers
L_0x7f4620509960 .functor BUFT 1, C4<001000>, C4<0>, C4<0>, C4<0>;
v0x5602ae52c8a0_0 .net/2u *"_s5", 5 0, L_0x7f4620509960;  1 drivers
v0x5602ae52c980_0 .net *"_s7", 0 0, L_0x5602ae53ac10;  1 drivers
v0x5602ae52ca40_0 .net *"_s9", 0 0, L_0x5602ae53ad50;  1 drivers
L_0x5602ae53a910 .concat [ 4 2 0 0], v0x5602ae537460_0, L_0x7f4620509918;
L_0x5602ae53ac10 .cmp/eq 6, L_0x5602ae53a910, L_0x7f4620509960;
L_0x5602ae53adf0 .concat [ 1 7 0 0], L_0x5602ae53ad50, L_0x7f46205099a8;
L_0x5602ae53af30 .functor MUXZ 8, L_0x7f46205099f0, L_0x5602ae53adf0, L_0x5602ae53ac10, C4<>;
S_0x5602ae52cb20 .scope generate, "genblk1[9]" "genblk1[9]" 3 11, 3 11 0, S_0x5602ae504bc0;
 .timescale 0 0;
P_0x5602ae52cd10 .param/l "i" 0 3 11, +C4<01001>;
v0x5602ae52cdf0_0 .net *"_s1", 5 0, L_0x5602ae53b120;  1 drivers
v0x5602ae52ced0_0 .net *"_s10", 7 0, L_0x5602ae53b450;  1 drivers
L_0x7f4620509ac8 .functor BUFT 1, C4<0000000>, C4<0>, C4<0>, C4<0>;
v0x5602ae52cfb0_0 .net *"_s13", 6 0, L_0x7f4620509ac8;  1 drivers
L_0x7f4620509b10 .functor BUFT 1, C4<00000000>, C4<0>, C4<0>, C4<0>;
v0x5602ae52d070_0 .net/2u *"_s14", 7 0, L_0x7f4620509b10;  1 drivers
L_0x7f4620509a38 .functor BUFT 1, C4<00>, C4<0>, C4<0>, C4<0>;
v0x5602ae52d150_0 .net *"_s4", 1 0, L_0x7f4620509a38;  1 drivers
L_0x7f4620509a80 .functor BUFT 1, C4<001001>, C4<0>, C4<0>, C4<0>;
v0x5602ae52d280_0 .net/2u *"_s5", 5 0, L_0x7f4620509a80;  1 drivers
v0x5602ae52d360_0 .net *"_s7", 0 0, L_0x5602ae53b210;  1 drivers
v0x5602ae52d420_0 .net *"_s9", 0 0, L_0x5602ae53b350;  1 drivers
L_0x5602ae53b120 .concat [ 4 2 0 0], v0x5602ae537460_0, L_0x7f4620509a38;
L_0x5602ae53b210 .cmp/eq 6, L_0x5602ae53b120, L_0x7f4620509a80;
L_0x5602ae53b450 .concat [ 1 7 0 0], L_0x5602ae53b350, L_0x7f4620509ac8;
L_0x5602ae53b540 .functor MUXZ 8, L_0x7f4620509b10, L_0x5602ae53b450, L_0x5602ae53b210, C4<>;
S_0x5602ae52d500 .scope generate, "genblk1[10]" "genblk1[10]" 3 11, 3 11 0, S_0x5602ae504bc0;
 .timescale 0 0;
P_0x5602ae52d6f0 .param/l "i" 0 3 11, +C4<01010>;
v0x5602ae52d7d0_0 .net *"_s1", 5 0, L_0x5602ae53b730;  1 drivers
v0x5602ae52d8b0_0 .net *"_s10", 7 0, L_0x5602ae53ba00;  1 drivers
L_0x7f4620509be8 .functor BUFT 1, C4<0000000>, C4<0>, C4<0>, C4<0>;
v0x5602ae52d990_0 .net *"_s13", 6 0, L_0x7f4620509be8;  1 drivers
L_0x7f4620509c30 .functor BUFT 1, C4<00000000>, C4<0>, C4<0>, C4<0>;
v0x5602ae52da50_0 .net/2u *"_s14", 7 0, L_0x7f4620509c30;  1 drivers
L_0x7f4620509b58 .functor BUFT 1, C4<00>, C4<0>, C4<0>, C4<0>;
v0x5602ae52db30_0 .net *"_s4", 1 0, L_0x7f4620509b58;  1 drivers
L_0x7f4620509ba0 .functor BUFT 1, C4<001010>, C4<0>, C4<0>, C4<0>;
v0x5602ae52dc60_0 .net/2u *"_s5", 5 0, L_0x7f4620509ba0;  1 drivers
v0x5602ae52dd40_0 .net *"_s7", 0 0, L_0x5602ae53b820;  1 drivers
v0x5602ae52de00_0 .net *"_s9", 0 0, L_0x5602ae53b960;  1 drivers
L_0x5602ae53b730 .concat [ 4 2 0 0], v0x5602ae537460_0, L_0x7f4620509b58;
L_0x5602ae53b820 .cmp/eq 6, L_0x5602ae53b730, L_0x7f4620509ba0;
L_0x5602ae53ba00 .concat [ 1 7 0 0], L_0x5602ae53b960, L_0x7f4620509be8;
L_0x5602ae53bb40 .functor MUXZ 8, L_0x7f4620509c30, L_0x5602ae53ba00, L_0x5602ae53b820, C4<>;
S_0x5602ae52dee0 .scope generate, "genblk1[11]" "genblk1[11]" 3 11, 3 11 0, S_0x5602ae504bc0;
 .timescale 0 0;
P_0x5602ae52e0d0 .param/l "i" 0 3 11, +C4<01011>;
v0x5602ae52e1b0_0 .net *"_s1", 5 0, L_0x5602ae53bd30;  1 drivers
v0x5602ae52e290_0 .net *"_s10", 7 0, L_0x5602ae53c070;  1 drivers
L_0x7f4620509d08 .functor BUFT 1, C4<0000000>, C4<0>, C4<0>, C4<0>;
v0x5602ae52e370_0 .net *"_s13", 6 0, L_0x7f4620509d08;  1 drivers
L_0x7f4620509d50 .functor BUFT 1, C4<00000000>, C4<0>, C4<0>, C4<0>;
v0x5602ae52e430_0 .net/2u *"_s14", 7 0, L_0x7f4620509d50;  1 drivers
L_0x7f4620509c78 .functor BUFT 1, C4<00>, C4<0>, C4<0>, C4<0>;
v0x5602ae52e510_0 .net *"_s4", 1 0, L_0x7f4620509c78;  1 drivers
L_0x7f4620509cc0 .functor BUFT 1, C4<001011>, C4<0>, C4<0>, C4<0>;
v0x5602ae52e640_0 .net/2u *"_s5", 5 0, L_0x7f4620509cc0;  1 drivers
v0x5602ae52e720_0 .net *"_s7", 0 0, L_0x5602ae53be20;  1 drivers
v0x5602ae52e7e0_0 .net *"_s9", 0 0, L_0x5602ae53bf60;  1 drivers
L_0x5602ae53bd30 .concat [ 4 2 0 0], v0x5602ae537460_0, L_0x7f4620509c78;
L_0x5602ae53be20 .cmp/eq 6, L_0x5602ae53bd30, L_0x7f4620509cc0;
L_0x5602ae53c070 .concat [ 1 7 0 0], L_0x5602ae53bf60, L_0x7f4620509d08;
L_0x5602ae53c1b0 .functor MUXZ 8, L_0x7f4620509d50, L_0x5602ae53c070, L_0x5602ae53be20, C4<>;
S_0x5602ae52e8c0 .scope generate, "genblk1[12]" "genblk1[12]" 3 11, 3 11 0, S_0x5602ae504bc0;
 .timescale 0 0;
P_0x5602ae52eab0 .param/l "i" 0 3 11, +C4<01100>;
v0x5602ae52eb90_0 .net *"_s1", 5 0, L_0x5602ae53c3a0;  1 drivers
v0x5602ae52ec70_0 .net *"_s10", 7 0, L_0x5602ae53c670;  1 drivers
L_0x7f4620509e28 .functor BUFT 1, C4<0000000>, C4<0>, C4<0>, C4<0>;
v0x5602ae52ed50_0 .net *"_s13", 6 0, L_0x7f4620509e28;  1 drivers
L_0x7f4620509e70 .functor BUFT 1, C4<00000000>, C4<0>, C4<0>, C4<0>;
v0x5602ae52ee10_0 .net/2u *"_s14", 7 0, L_0x7f4620509e70;  1 drivers
L_0x7f4620509d98 .functor BUFT 1, C4<00>, C4<0>, C4<0>, C4<0>;
v0x5602ae52eef0_0 .net *"_s4", 1 0, L_0x7f4620509d98;  1 drivers
L_0x7f4620509de0 .functor BUFT 1, C4<001100>, C4<0>, C4<0>, C4<0>;
v0x5602ae52f020_0 .net/2u *"_s5", 5 0, L_0x7f4620509de0;  1 drivers
v0x5602ae52f100_0 .net *"_s7", 0 0, L_0x5602ae53c490;  1 drivers
v0x5602ae52f1c0_0 .net *"_s9", 0 0, L_0x5602ae53c5d0;  1 drivers
L_0x5602ae53c3a0 .concat [ 4 2 0 0], v0x5602ae537460_0, L_0x7f4620509d98;
L_0x5602ae53c490 .cmp/eq 6, L_0x5602ae53c3a0, L_0x7f4620509de0;
L_0x5602ae53c670 .concat [ 1 7 0 0], L_0x5602ae53c5d0, L_0x7f4620509e28;
L_0x5602ae53c7b0 .functor MUXZ 8, L_0x7f4620509e70, L_0x5602ae53c670, L_0x5602ae53c490, C4<>;
S_0x5602ae52f2a0 .scope generate, "genblk1[13]" "genblk1[13]" 3 11, 3 11 0, S_0x5602ae504bc0;
 .timescale 0 0;
P_0x5602ae52f490 .param/l "i" 0 3 11, +C4<01101>;
v0x5602ae52f570_0 .net *"_s1", 5 0, L_0x5602ae53c9a0;  1 drivers
v0x5602ae52f650_0 .net *"_s10", 7 0, L_0x5602ae53ccf0;  1 drivers
L_0x7f4620509f48 .functor BUFT 1, C4<0000000>, C4<0>, C4<0>, C4<0>;
v0x5602ae52f730_0 .net *"_s13", 6 0, L_0x7f4620509f48;  1 drivers
L_0x7f4620509f90 .functor BUFT 1, C4<00000000>, C4<0>, C4<0>, C4<0>;
v0x5602ae52f7f0_0 .net/2u *"_s14", 7 0, L_0x7f4620509f90;  1 drivers
L_0x7f4620509eb8 .functor BUFT 1, C4<00>, C4<0>, C4<0>, C4<0>;
v0x5602ae52f8d0_0 .net *"_s4", 1 0, L_0x7f4620509eb8;  1 drivers
L_0x7f4620509f00 .functor BUFT 1, C4<001101>, C4<0>, C4<0>, C4<0>;
v0x5602ae52fa00_0 .net/2u *"_s5", 5 0, L_0x7f4620509f00;  1 drivers
v0x5602ae52fae0_0 .net *"_s7", 0 0, L_0x5602ae53ca90;  1 drivers
v0x5602ae52fba0_0 .net *"_s9", 0 0, L_0x5602ae53cbd0;  1 drivers
L_0x5602ae53c9a0 .concat [ 4 2 0 0], v0x5602ae537460_0, L_0x7f4620509eb8;
L_0x5602ae53ca90 .cmp/eq 6, L_0x5602ae53c9a0, L_0x7f4620509f00;
L_0x5602ae53ccf0 .concat [ 1 7 0 0], L_0x5602ae53cbd0, L_0x7f4620509f48;
L_0x5602ae53ce30 .functor MUXZ 8, L_0x7f4620509f90, L_0x5602ae53ccf0, L_0x5602ae53ca90, C4<>;
S_0x5602ae52fc80 .scope generate, "genblk1[14]" "genblk1[14]" 3 11, 3 11 0, S_0x5602ae504bc0;
 .timescale 0 0;
P_0x5602ae52fe70 .param/l "i" 0 3 11, +C4<01110>;
v0x5602ae52ff50_0 .net *"_s1", 5 0, L_0x5602ae53d020;  1 drivers
v0x5602ae530030_0 .net *"_s10", 7 0, L_0x5602ae53d710;  1 drivers
L_0x7f462050a068 .functor BUFT 1, C4<0000000>, C4<0>, C4<0>, C4<0>;
v0x5602ae530110_0 .net *"_s13", 6 0, L_0x7f462050a068;  1 drivers
L_0x7f462050a0b0 .functor BUFT 1, C4<00000000>, C4<0>, C4<0>, C4<0>;
v0x5602ae5301d0_0 .net/2u *"_s14", 7 0, L_0x7f462050a0b0;  1 drivers
L_0x7f4620509fd8 .functor BUFT 1, C4<00>, C4<0>, C4<0>, C4<0>;
v0x5602ae5302b0_0 .net *"_s4", 1 0, L_0x7f4620509fd8;  1 drivers
L_0x7f462050a020 .functor BUFT 1, C4<001110>, C4<0>, C4<0>, C4<0>;
v0x5602ae5303e0_0 .net/2u *"_s5", 5 0, L_0x7f462050a020;  1 drivers
v0x5602ae5304c0_0 .net *"_s7", 0 0, L_0x5602ae53d320;  1 drivers
v0x5602ae530580_0 .net *"_s9", 0 0, L_0x5602ae53d460;  1 drivers
L_0x5602ae53d020 .concat [ 4 2 0 0], v0x5602ae537460_0, L_0x7f4620509fd8;
L_0x5602ae53d320 .cmp/eq 6, L_0x5602ae53d020, L_0x7f462050a020;
L_0x5602ae53d710 .concat [ 1 7 0 0], L_0x5602ae53d460, L_0x7f462050a068;
L_0x5602ae53d850 .functor MUXZ 8, L_0x7f462050a0b0, L_0x5602ae53d710, L_0x5602ae53d320, C4<>;
S_0x5602ae530660 .scope generate, "genblk1[15]" "genblk1[15]" 3 11, 3 11 0, S_0x5602ae504bc0;
 .timescale 0 0;
P_0x5602ae530850 .param/l "i" 0 3 11, +C4<01111>;
v0x5602ae530930_0 .net *"_s1", 5 0, L_0x5602ae53da40;  1 drivers
v0x5602ae530a10_0 .net *"_s10", 7 0, L_0x5602ae53dda0;  1 drivers
L_0x7f462050a188 .functor BUFT 1, C4<0000000>, C4<0>, C4<0>, C4<0>;
v0x5602ae530af0_0 .net *"_s13", 6 0, L_0x7f462050a188;  1 drivers
L_0x7f462050a1d0 .functor BUFT 1, C4<00000000>, C4<0>, C4<0>, C4<0>;
v0x5602ae530bb0_0 .net/2u *"_s14", 7 0, L_0x7f462050a1d0;  1 drivers
L_0x7f462050a0f8 .functor BUFT 1, C4<00>, C4<0>, C4<0>, C4<0>;
v0x5602ae530c90_0 .net *"_s4", 1 0, L_0x7f462050a0f8;  1 drivers
L_0x7f462050a140 .functor BUFT 1, C4<001111>, C4<0>, C4<0>, C4<0>;
v0x5602ae530dc0_0 .net/2u *"_s5", 5 0, L_0x7f462050a140;  1 drivers
v0x5602ae530ea0_0 .net *"_s7", 0 0, L_0x5602ae53db30;  1 drivers
v0x5602ae530f60_0 .net *"_s9", 0 0, L_0x5602ae53dc70;  1 drivers
L_0x5602ae53da40 .concat [ 4 2 0 0], v0x5602ae537460_0, L_0x7f462050a0f8;
L_0x5602ae53db30 .cmp/eq 6, L_0x5602ae53da40, L_0x7f462050a140;
L_0x5602ae53dda0 .concat [ 1 7 0 0], L_0x5602ae53dc70, L_0x7f462050a188;
L_0x5602ae53dee0 .functor MUXZ 8, L_0x7f462050a1d0, L_0x5602ae53dda0, L_0x5602ae53db30, C4<>;
S_0x5602ae531040 .scope generate, "genblk2[0]" "genblk2[0]" 3 18, 3 18 0, S_0x5602ae504bc0;
 .timescale 0 0;
P_0x5602ae531230 .param/l "j" 0 3 18, +C4<00>;
v0x5602ae531310_0 .net *"_s1", 1 0, L_0x5602ae53e0d0;  1 drivers
v0x5602ae5313f0_0 .net *"_s2", 2 0, L_0x5602ae53e170;  1 drivers
L_0x7f462050a218 .functor BUFT 1, C4<0>, C4<0>, C4<0>, C4<0>;
v0x5602ae5314d0_0 .net *"_s5", 0 0, L_0x7f462050a218;  1 drivers
L_0x7f462050a260 .functor BUFT 1, C4<000>, C4<0>, C4<0>, C4<0>;
v0x5602ae531590_0 .net/2u *"_s6", 2 0, L_0x7f462050a260;  1 drivers
v0x5602ae531670_0 .net *"_s8", 0 0, L_0x5602ae536e50;  1 drivers
L_0x5602ae53e170 .concat [ 2 1 0 0], L_0x5602ae53e0d0, L_0x7f462050a218;
L_0x5602ae536e50 .cmp/eq 3, L_0x5602ae53e170, L_0x7f462050a260;
L_0x5602ae536f90 .functor MUXZ 8, RS_0x7f46205544a8, RS_0x7f46205544d8, L_0x5602ae536e50, C4<>;
S_0x5602ae531780 .scope generate, "genblk2[1]" "genblk2[1]" 3 18, 3 18 0, S_0x5602ae504bc0;
 .timescale 0 0;
P_0x5602ae531970 .param/l "j" 0 3 18, +C4<01>;
v0x5602ae531a50_0 .net *"_s1", 1 0, L_0x5602ae53e7b0;  1 drivers
v0x5602ae531b30_0 .net *"_s2", 2 0, L_0x5602ae53e8f0;  1 drivers
L_0x7f462050a2a8 .functor BUFT 1, C4<0>, C4<0>, C4<0>, C4<0>;
v0x5602ae531c10_0 .net *"_s5", 0 0, L_0x7f462050a2a8;  1 drivers
L_0x7f462050a2f0 .functor BUFT 1, C4<001>, C4<0>, C4<0>, C4<0>;
v0x5602ae531cd0_0 .net/2u *"_s6", 2 0, L_0x7f462050a2f0;  1 drivers
v0x5602ae531db0_0 .net *"_s8", 0 0, L_0x5602ae53ea30;  1 drivers
L_0x5602ae53e8f0 .concat [ 2 1 0 0], L_0x5602ae53e7b0, L_0x7f462050a2a8;
L_0x5602ae53ea30 .cmp/eq 3, L_0x5602ae53e8f0, L_0x7f462050a2f0;
L_0x5602ae53eb70 .functor MUXZ 8, RS_0x7f4620554508, RS_0x7f4620554538, L_0x5602ae53ea30, C4<>;
S_0x5602ae531ec0 .scope generate, "genblk2[2]" "genblk2[2]" 3 18, 3 18 0, S_0x5602ae504bc0;
 .timescale 0 0;
P_0x5602ae5320b0 .param/l "j" 0 3 18, +C4<010>;
v0x5602ae532190_0 .net *"_s1", 1 0, L_0x5602ae53ed00;  1 drivers
v0x5602ae532270_0 .net *"_s2", 3 0, L_0x5602ae53eda0;  1 drivers
L_0x7f462050a338 .functor BUFT 1, C4<00>, C4<0>, C4<0>, C4<0>;
v0x5602ae532350_0 .net *"_s5", 1 0, L_0x7f462050a338;  1 drivers
L_0x7f462050a380 .functor BUFT 1, C4<0010>, C4<0>, C4<0>, C4<0>;
v0x5602ae532410_0 .net/2u *"_s6", 3 0, L_0x7f462050a380;  1 drivers
v0x5602ae5324f0_0 .net *"_s8", 0 0, L_0x5602ae53eee0;  1 drivers
L_0x5602ae53eda0 .concat [ 2 2 0 0], L_0x5602ae53ed00, L_0x7f462050a338;
L_0x5602ae53eee0 .cmp/eq 4, L_0x5602ae53eda0, L_0x7f462050a380;
L_0x5602ae53f020 .functor MUXZ 8, RS_0x7f4620554568, RS_0x7f4620554598, L_0x5602ae53eee0, C4<>;
S_0x5602ae532600 .scope generate, "genblk2[3]" "genblk2[3]" 3 18, 3 18 0, S_0x5602ae504bc0;
 .timescale 0 0;
P_0x5602ae5327f0 .param/l "j" 0 3 18, +C4<011>;
v0x5602ae5328d0_0 .net *"_s1", 1 0, L_0x5602ae53f1b0;  1 drivers
v0x5602ae5329b0_0 .net *"_s2", 3 0, L_0x5602ae53e850;  1 drivers
L_0x7f462050a3c8 .functor BUFT 1, C4<00>, C4<0>, C4<0>, C4<0>;
v0x5602ae532a90_0 .net *"_s5", 1 0, L_0x7f462050a3c8;  1 drivers
L_0x7f462050a410 .functor BUFT 1, C4<0011>, C4<0>, C4<0>, C4<0>;
v0x5602ae532b50_0 .net/2u *"_s6", 3 0, L_0x7f462050a410;  1 drivers
v0x5602ae532c30_0 .net *"_s8", 0 0, L_0x5602ae53f3a0;  1 drivers
L_0x5602ae53e850 .concat [ 2 2 0 0], L_0x5602ae53f1b0, L_0x7f462050a3c8;
L_0x5602ae53f3a0 .cmp/eq 4, L_0x5602ae53e850, L_0x7f462050a410;
L_0x5602ae53f4e0 .functor MUXZ 8, RS_0x7f46205545c8, RS_0x7f46205545f8, L_0x5602ae53f3a0, C4<>;
S_0x5602ae532d40 .scope generate, "genblk2[4]" "genblk2[4]" 3 18, 3 18 0, S_0x5602ae504bc0;
 .timescale 0 0;
P_0x5602ae532f30 .param/l "j" 0 3 18, +C4<0100>;
v0x5602ae533010_0 .net *"_s1", 1 0, L_0x5602ae53f670;  1 drivers
v0x5602ae5330f0_0 .net *"_s2", 4 0, L_0x5602ae53f710;  1 drivers
L_0x7f462050a458 .functor BUFT 1, C4<000>, C4<0>, C4<0>, C4<0>;
v0x5602ae5331d0_0 .net *"_s5", 2 0, L_0x7f462050a458;  1 drivers
L_0x7f462050a4a0 .functor BUFT 1, C4<00100>, C4<0>, C4<0>, C4<0>;
v0x5602ae533290_0 .net/2u *"_s6", 4 0, L_0x7f462050a4a0;  1 drivers
v0x5602ae533370_0 .net *"_s8", 0 0, L_0x5602ae53f850;  1 drivers
L_0x5602ae53f710 .concat [ 2 3 0 0], L_0x5602ae53f670, L_0x7f462050a458;
L_0x5602ae53f850 .cmp/eq 5, L_0x5602ae53f710, L_0x7f462050a4a0;
L_0x5602ae53f990 .functor MUXZ 8, L_0x5602ae53af30, L_0x5602ae53b540, L_0x5602ae53f850, C4<>;
S_0x5602ae533480 .scope generate, "genblk2[5]" "genblk2[5]" 3 18, 3 18 0, S_0x5602ae504bc0;
 .timescale 0 0;
P_0x5602ae533670 .param/l "j" 0 3 18, +C4<0101>;
v0x5602ae533750_0 .net *"_s1", 1 0, L_0x5602ae53fb20;  1 drivers
v0x5602ae533830_0 .net *"_s2", 4 0, L_0x5602ae53fc80;  1 drivers
L_0x7f462050a4e8 .functor BUFT 1, C4<000>, C4<0>, C4<0>, C4<0>;
v0x5602ae533910_0 .net *"_s5", 2 0, L_0x7f462050a4e8;  1 drivers
L_0x7f462050a530 .functor BUFT 1, C4<00101>, C4<0>, C4<0>, C4<0>;
v0x5602ae5339d0_0 .net/2u *"_s6", 4 0, L_0x7f462050a530;  1 drivers
v0x5602ae533ab0_0 .net *"_s8", 0 0, L_0x5602ae53fdc0;  1 drivers
L_0x5602ae53fc80 .concat [ 2 3 0 0], L_0x5602ae53fb20, L_0x7f462050a4e8;
L_0x5602ae53fdc0 .cmp/eq 5, L_0x5602ae53fc80, L_0x7f462050a530;
L_0x5602ae53ff00 .functor MUXZ 8, L_0x5602ae53bb40, L_0x5602ae53c1b0, L_0x5602ae53fdc0, C4<>;
S_0x5602ae533bc0 .scope generate, "genblk2[6]" "genblk2[6]" 3 18, 3 18 0, S_0x5602ae504bc0;
 .timescale 0 0;
P_0x5602ae533db0 .param/l "j" 0 3 18, +C4<0110>;
v0x5602ae533e90_0 .net *"_s1", 1 0, L_0x5602ae540090;  1 drivers
v0x5602ae533f70_0 .net *"_s2", 4 0, L_0x5602ae540130;  1 drivers
L_0x7f462050a578 .functor BUFT 1, C4<000>, C4<0>, C4<0>, C4<0>;
v0x5602ae534050_0 .net *"_s5", 2 0, L_0x7f462050a578;  1 drivers
L_0x7f462050a5c0 .functor BUFT 1, C4<00110>, C4<0>, C4<0>, C4<0>;
v0x5602ae534110_0 .net/2u *"_s6", 4 0, L_0x7f462050a5c0;  1 drivers
v0x5602ae5341f0_0 .net *"_s8", 0 0, L_0x5602ae540270;  1 drivers
L_0x5602ae540130 .concat [ 2 3 0 0], L_0x5602ae540090, L_0x7f462050a578;
L_0x5602ae540270 .cmp/eq 5, L_0x5602ae540130, L_0x7f462050a5c0;
L_0x5602ae5403b0 .functor MUXZ 8, L_0x5602ae53c7b0, L_0x5602ae53ce30, L_0x5602ae540270, C4<>;
S_0x5602ae534300 .scope generate, "genblk2[7]" "genblk2[7]" 3 18, 3 18 0, S_0x5602ae504bc0;
 .timescale 0 0;
P_0x5602ae5344f0 .param/l "j" 0 3 18, +C4<0111>;
v0x5602ae5345d0_0 .net *"_s1", 1 0, L_0x5602ae540540;  1 drivers
v0x5602ae5346b0_0 .net *"_s2", 4 0, L_0x5602ae5406b0;  1 drivers
L_0x7f462050a608 .functor BUFT 1, C4<000>, C4<0>, C4<0>, C4<0>;
v0x5602ae534790_0 .net *"_s5", 2 0, L_0x7f462050a608;  1 drivers
L_0x7f462050a650 .functor BUFT 1, C4<00111>, C4<0>, C4<0>, C4<0>;
v0x5602ae534850_0 .net/2u *"_s6", 4 0, L_0x7f462050a650;  1 drivers
v0x5602ae534930_0 .net *"_s8", 0 0, L_0x5602ae5407f0;  1 drivers
L_0x5602ae5406b0 .concat [ 2 3 0 0], L_0x5602ae540540, L_0x7f462050a608;
L_0x5602ae5407f0 .cmp/eq 5, L_0x5602ae5406b0, L_0x7f462050a650;
L_0x5602ae540930 .functor MUXZ 8, L_0x5602ae53d850, L_0x5602ae53dee0, L_0x5602ae5407f0, C4<>;
S_0x5602ae534a40 .scope generate, "genblk3[0]" "genblk3[0]" 3 26, 3 26 0, S_0x5602ae504bc0;
 .timescale 0 0;
P_0x5602ae534c30 .param/l "k" 0 3 26, +C4<00>;
v0x5602ae534d10_0 .net *"_s1", 1 0, L_0x5602ae540ac0;  1 drivers
v0x5602ae534df0_0 .net *"_s2", 2 0, L_0x5602ae540b60;  1 drivers
L_0x7f462050a698 .functor BUFT 1, C4<0>, C4<0>, C4<0>, C4<0>;
v0x5602ae534ed0_0 .net *"_s5", 0 0, L_0x7f462050a698;  1 drivers
L_0x7f462050a6e0 .functor BUFT 1, C4<000>, C4<0>, C4<0>, C4<0>;
v0x5602ae534f90_0 .net/2u *"_s6", 2 0, L_0x7f462050a6e0;  1 drivers
v0x5602ae535070_0 .net *"_s8", 0 0, L_0x5602ae540ca0;  1 drivers
L_0x5602ae540b60 .concat [ 2 1 0 0], L_0x5602ae540ac0, L_0x7f462050a698;
L_0x5602ae540ca0 .cmp/eq 3, L_0x5602ae540b60, L_0x7f462050a6e0;
L_0x5602ae540de0 .functor MUXZ 8, RS_0x7f46205544a8, RS_0x7f46205544d8, L_0x5602ae540ca0, C4<>;
S_0x5602ae535180 .scope generate, "genblk3[1]" "genblk3[1]" 3 26, 3 26 0, S_0x5602ae504bc0;
 .timescale 0 0;
P_0x5602ae535370 .param/l "k" 0 3 26, +C4<01>;
v0x5602ae535450_0 .net *"_s1", 1 0, L_0x5602ae540e80;  1 drivers
v0x5602ae535530_0 .net *"_s2", 2 0, L_0x5602ae541000;  1 drivers
L_0x7f462050a728 .functor BUFT 1, C4<0>, C4<0>, C4<0>, C4<0>;
v0x5602ae535610_0 .net *"_s5", 0 0, L_0x7f462050a728;  1 drivers
L_0x7f462050a770 .functor BUFT 1, C4<001>, C4<0>, C4<0>, C4<0>;
v0x5602ae5356d0_0 .net/2u *"_s6", 2 0, L_0x7f462050a770;  1 drivers
v0x5602ae5357b0_0 .net *"_s8", 0 0, L_0x5602ae5410f0;  1 drivers
L_0x5602ae541000 .concat [ 2 1 0 0], L_0x5602ae540e80, L_0x7f462050a728;
L_0x5602ae5410f0 .cmp/eq 3, L_0x5602ae541000, L_0x7f462050a770;
L_0x5602ae541230 .functor MUXZ 8, RS_0x7f4620554508, RS_0x7f4620554538, L_0x5602ae5410f0, C4<>;
S_0x5602ae5358c0 .scope generate, "genblk3[2]" "genblk3[2]" 3 26, 3 26 0, S_0x5602ae504bc0;
 .timescale 0 0;
P_0x5602ae535ab0 .param/l "k" 0 3 26, +C4<010>;
v0x5602ae535b90_0 .net *"_s1", 1 0, L_0x5602ae541320;  1 drivers
v0x5602ae535c70_0 .net *"_s2", 3 0, L_0x5602ae5413c0;  1 drivers
L_0x7f462050a7b8 .functor BUFT 1, C4<00>, C4<0>, C4<0>, C4<0>;
v0x5602ae535d50_0 .net *"_s5", 1 0, L_0x7f462050a7b8;  1 drivers
L_0x7f462050a800 .functor BUFT 1, C4<0010>, C4<0>, C4<0>, C4<0>;
v0x5602ae535e10_0 .net/2u *"_s6", 3 0, L_0x7f462050a800;  1 drivers
v0x5602ae535ef0_0 .net *"_s8", 0 0, L_0x5602ae541460;  1 drivers
L_0x5602ae5413c0 .concat [ 2 2 0 0], L_0x5602ae541320, L_0x7f462050a7b8;
L_0x5602ae541460 .cmp/eq 4, L_0x5602ae5413c0, L_0x7f462050a800;
L_0x5602ae5415a0 .functor MUXZ 8, RS_0x7f4620554568, RS_0x7f4620554598, L_0x5602ae541460, C4<>;
S_0x5602ae536000 .scope generate, "genblk3[3]" "genblk3[3]" 3 26, 3 26 0, S_0x5602ae504bc0;
 .timescale 0 0;
P_0x5602ae5361f0 .param/l "k" 0 3 26, +C4<011>;
v0x5602ae5362d0_0 .net *"_s1", 1 0, L_0x5602ae5417b0;  1 drivers
v0x5602ae5363b0_0 .net *"_s2", 3 0, L_0x5602ae541940;  1 drivers
L_0x7f462050a848 .functor BUFT 1, C4<00>, C4<0>, C4<0>, C4<0>;
v0x5602ae536490_0 .net *"_s5", 1 0, L_0x7f462050a848;  1 drivers
L_0x7f462050a890 .functor BUFT 1, C4<0011>, C4<0>, C4<0>, C4<0>;
v0x5602ae536550_0 .net/2u *"_s6", 3 0, L_0x7f462050a890;  1 drivers
v0x5602ae536630_0 .net *"_s8", 0 0, L_0x5602ae5419e0;  1 drivers
L_0x5602ae541940 .concat [ 2 2 0 0], L_0x5602ae5417b0, L_0x7f462050a848;
L_0x5602ae5419e0 .cmp/eq 4, L_0x5602ae541940, L_0x7f462050a890;
L_0x5602ae541b20 .functor MUXZ 8, RS_0x7f46205545c8, RS_0x7f46205545f8, L_0x5602ae5419e0, C4<>;
    .scope S_0x5602ae506940;
T_0 ;
    %vpi_call 2 14 "$monitor", "Time=%0t, Select=%b, Data=%b, Output=%b", $time, v0x5602ae537460_0, v0x5602ae537300_0, v0x5602ae5373c0_0 {0 0 0};
    %pushi/vec4 43690, 0, 16;
    %store/vec4 v0x5602ae537300_0, 0, 16;
    %pushi/vec4 0, 0, 4;
    %store/vec4 v0x5602ae537460_0, 0, 4;
    %delay 10, 0;
    %pushi/vec4 52428, 0, 16;
    %store/vec4 v0x5602ae537300_0, 0, 16;
    %pushi/vec4 1, 0, 4;
    %store/vec4 v0x5602ae537460_0, 0, 4;
    %delay 10, 0;
    %vpi_call 2 23 "$dumpfile", "mux.vcd" {0 0 0};
    %vpi_call 2 24 "$dumpvars", 32'sb00000000000000000000000000000000 {0 0 0};
    %vpi_call 2 25 "$finish" {0 0 0};
    %end;
    .thread T_0;
# The file index is used to find the file name in the following table.
:file_names 4;
    "N/A";
    "<interactive>";
    "tb_mux_16x1.v";
    "mux_16x1.v";
