#! /usr/bin/vvp
:ivl_version "10.3 (stable)";
:ivl_delay_selection "TYPICAL";
:vpi_time_precision + 0;
:vpi_module "system";
:vpi_module "vhdl_sys";
:vpi_module "v2005_math";
:vpi_module "va_math";
S_0x55ae7ad0b0d0 .scope module, "fa_tb" "fa_tb" 2 1;
 .timescale 0 0;
v0x55ae7ad20f30_0 .var "a", 0 0;
v0x55ae7ad20ff0_0 .var "b", 0 0;
v0x55ae7ad210c0_0 .var "cin", 0 0;
v0x55ae7ad211c0_0 .net "cout", 0 0, L_0x55ae7ad217e0;  1 drivers
v0x55ae7ad21290_0 .net "sum", 0 0, L_0x55ae7ad21470;  1 drivers
S_0x55ae7ad0b250 .scope module, "DUT" "full_adder" 2 5, 3 1 0, S_0x55ae7ad0b0d0;
 .timescale 0 0;
    .port_info 0 /INPUT 1 "a"
    .port_info 1 /INPUT 1 "b"
    .port_info 2 /INPUT 1 "cin"
    .port_info 3 /OUTPUT 1 "sum"
    .port_info 4 /OUTPUT 1 "cout"
L_0x55ae7ad21330 .functor XOR 1, v0x55ae7ad20f30_0, v0x55ae7ad20ff0_0, C4<0>, C4<0>;
L_0x55ae7ad21470 .functor XOR 1, L_0x55ae7ad21330, v0x55ae7ad210c0_0, C4<0>, C4<0>;
L_0x55ae7ad215d0 .functor AND 1, v0x55ae7ad20f30_0, v0x55ae7ad20ff0_0, C4<1>, C4<1>;
L_0x55ae7ad21640 .functor XOR 1, v0x55ae7ad20f30_0, v0x55ae7ad20ff0_0, C4<0>, C4<0>;
L_0x55ae7ad21770 .functor AND 1, v0x55ae7ad210c0_0, L_0x55ae7ad21640, C4<1>, C4<1>;
L_0x55ae7ad217e0 .functor OR 1, L_0x55ae7ad215d0, L_0x55ae7ad21770, C4<0>, C4<0>;
v0x55ae7accf430_0 .net *"_s0", 0 0, L_0x55ae7ad21330;  1 drivers
v0x55ae7ad20800_0 .net *"_s4", 0 0, L_0x55ae7ad215d0;  1 drivers
v0x55ae7ad208e0_0 .net *"_s6", 0 0, L_0x55ae7ad21640;  1 drivers
v0x55ae7ad209a0_0 .net *"_s8", 0 0, L_0x55ae7ad21770;  1 drivers
v0x55ae7ad20a80_0 .net "a", 0 0, v0x55ae7ad20f30_0;  1 drivers
v0x55ae7ad20b90_0 .net "b", 0 0, v0x55ae7ad20ff0_0;  1 drivers
v0x55ae7ad20c50_0 .net "cin", 0 0, v0x55ae7ad210c0_0;  1 drivers
v0x55ae7ad20d10_0 .net "cout", 0 0, L_0x55ae7ad217e0;  alias, 1 drivers
v0x55ae7ad20dd0_0 .net "sum", 0 0, L_0x55ae7ad21470;  alias, 1 drivers
    .scope S_0x55ae7ad0b0d0;
T_0 ;
    %vpi_call 2 8 "$dumpfile", "full_adder.vcd" {0 0 0};
    %vpi_call 2 9 "$dumpvars", 32'sb00000000000000000000000000000000, S_0x55ae7ad0b0d0 {0 0 0};
    %vpi_call 2 10 "$display", "Full Adder Testbench" {0 0 0};
    %vpi_call 2 11 "$display", "--------------------" {0 0 0};
    %vpi_call 2 12 "$display", "Inputs\011\011|\011Outputs" {0 0 0};
    %vpi_call 2 13 "$display", "--------------------" {0 0 0};
    %pushi/vec4 0, 0, 1;
    %store/vec4 v0x55ae7ad20f30_0, 0, 1;
    %pushi/vec4 0, 0, 1;
    %store/vec4 v0x55ae7ad20ff0_0, 0, 1;
    %pushi/vec4 0, 0, 1;
    %store/vec4 v0x55ae7ad210c0_0, 0, 1;
    %delay 10, 0;
    %vpi_call 2 16 "$display", "%b %b %b\011|\011%b %b", v0x55ae7ad20f30_0, v0x55ae7ad20ff0_0, v0x55ae7ad210c0_0, v0x55ae7ad21290_0, v0x55ae7ad211c0_0 {0 0 0};
    %pushi/vec4 0, 0, 1;
    %store/vec4 v0x55ae7ad20f30_0, 0, 1;
    %pushi/vec4 1, 0, 1;
    %store/vec4 v0x55ae7ad20ff0_0, 0, 1;
    %pushi/vec4 0, 0, 1;
    %store/vec4 v0x55ae7ad210c0_0, 0, 1;
    %delay 10, 0;
    %vpi_call 2 19 "$display", "%b %b %b\011|\011%b %b", v0x55ae7ad20f30_0, v0x55ae7ad20ff0_0, v0x55ae7ad210c0_0, v0x55ae7ad21290_0, v0x55ae7ad211c0_0 {0 0 0};
    %pushi/vec4 1, 0, 1;
    %store/vec4 v0x55ae7ad20f30_0, 0, 1;
    %pushi/vec4 0, 0, 1;
    %store/vec4 v0x55ae7ad20ff0_0, 0, 1;
    %pushi/vec4 0, 0, 1;
    %store/vec4 v0x55ae7ad210c0_0, 0, 1;
    %delay 10, 0;
    %vpi_call 2 22 "$display", "%b %b %b\011|\011%b %b", v0x55ae7ad20f30_0, v0x55ae7ad20ff0_0, v0x55ae7ad210c0_0, v0x55ae7ad21290_0, v0x55ae7ad211c0_0 {0 0 0};
    %pushi/vec4 1, 0, 1;
    %store/vec4 v0x55ae7ad20f30_0, 0, 1;
    %pushi/vec4 1, 0, 1;
    %store/vec4 v0x55ae7ad20ff0_0, 0, 1;
    %pushi/vec4 0, 0, 1;
    %store/vec4 v0x55ae7ad210c0_0, 0, 1;
    %delay 10, 0;
    %vpi_call 2 25 "$display", "%b %b %b\011|\011%b %b", v0x55ae7ad20f30_0, v0x55ae7ad20ff0_0, v0x55ae7ad210c0_0, v0x55ae7ad21290_0, v0x55ae7ad211c0_0 {0 0 0};
    %pushi/vec4 0, 0, 1;
    %store/vec4 v0x55ae7ad20f30_0, 0, 1;
    %pushi/vec4 0, 0, 1;
    %store/vec4 v0x55ae7ad20ff0_0, 0, 1;
    %pushi/vec4 1, 0, 1;
    %store/vec4 v0x55ae7ad210c0_0, 0, 1;
    %delay 10, 0;
    %vpi_call 2 28 "$display", "%b %b %b\011|\011%b %b", v0x55ae7ad20f30_0, v0x55ae7ad20ff0_0, v0x55ae7ad210c0_0, v0x55ae7ad21290_0, v0x55ae7ad211c0_0 {0 0 0};
    %pushi/vec4 0, 0, 1;
    %store/vec4 v0x55ae7ad20f30_0, 0, 1;
    %pushi/vec4 1, 0, 1;
    %store/vec4 v0x55ae7ad20ff0_0, 0, 1;
    %pushi/vec4 1, 0, 1;
    %store/vec4 v0x55ae7ad210c0_0, 0, 1;
    %delay 10, 0;
    %vpi_call 2 31 "$display", "%b %b %b\011|\011%b %b", v0x55ae7ad20f30_0, v0x55ae7ad20ff0_0, v0x55ae7ad210c0_0, v0x55ae7ad21290_0, v0x55ae7ad211c0_0 {0 0 0};
    %pushi/vec4 1, 0, 1;
    %store/vec4 v0x55ae7ad20f30_0, 0, 1;
    %pushi/vec4 0, 0, 1;
    %store/vec4 v0x55ae7ad20ff0_0, 0, 1;
    %pushi/vec4 1, 0, 1;
    %store/vec4 v0x55ae7ad210c0_0, 0, 1;
    %delay 10, 0;
    %vpi_call 2 34 "$display", "%b %b %b\011|\011%b %b", v0x55ae7ad20f30_0, v0x55ae7ad20ff0_0, v0x55ae7ad210c0_0, v0x55ae7ad21290_0, v0x55ae7ad211c0_0 {0 0 0};
    %pushi/vec4 1, 0, 1;
    %store/vec4 v0x55ae7ad20f30_0, 0, 1;
    %pushi/vec4 1, 0, 1;
    %store/vec4 v0x55ae7ad20ff0_0, 0, 1;
    %pushi/vec4 1, 0, 1;
    %store/vec4 v0x55ae7ad210c0_0, 0, 1;
    %delay 10, 0;
    %vpi_call 2 37 "$display", "%b %b %b\011|\011%b %b", v0x55ae7ad20f30_0, v0x55ae7ad20ff0_0, v0x55ae7ad210c0_0, v0x55ae7ad21290_0, v0x55ae7ad211c0_0 {0 0 0};
    %vpi_call 2 38 "$finish" {0 0 0};
    %end;
    .thread T_0;
# The file index is used to find the file name in the following table.
:file_names 4;
    "N/A";
    "<interactive>";
    "fa_tb.v";
    "full_adder.v";
