Qflow DRC logfile created on Friday 20 October 2023 10:05:17 AM IST
magic -dnull -noconsole  /home/aryavardhan/iverilog/lab_practices/3bit/layout/run_drc_down_counter_3bit.tcl

Magic 8.3 revision 50 - Compiled on Thursday 19 October 2023 09:04:12 PM IST.
Starting magic under Tcl interpreter
Using the terminal as the console.
Using NULL graphics device.
Processing system .magicrc file
Input style lambda=0.20(p): scaleFactor=20, multiplier=1
Contact size value ignored (using GDS generation rules).
Contact size value ignored (using GDS generation rules).
Contact size value ignored (using GDS generation rules).
Contact size value ignored (using GDS generation rules).
Contact size value ignored (using GDS generation rules).
Contact size value ignored (using GDS generation rules).
4 Magic internal units = 1 Lambda
Loading "/home/aryavardhan/iverilog/lab_practices/3bit/layout/run_drc_down_counter_3bit.tcl" from command line.
Reading LEF data from file /usr/local/share/qflow/tech/osu035/osu035_stdcells.lef.
This action cannot be undone.
LEF read, Line 16 (Message): Unknown keyword "OBS" in LEF file; ignoring.
LEF read, Line 17 (Message): Unknown keyword "PIN" in LEF file; ignoring.
LEF read: Processed 3179 lines.
Scaled magic input cell down_counter_3bit geometry by factor of 2
Processing timestamp mismatches: FILL, BUFX2, INVX1, NAND3X1, DFFSR, OAI21X1, NAND2X1, INVX2, XNOR2X1.
drc = 0
DRC checking script ended on Friday 20 October 2023 10:05:17 AM IST
