Qflow migration logfile created on Friday 20 October 2023 10:05:16 AM IST
magic -dnull -noconsole  migrate_down_counter_3bit.tcl

Magic 8.3 revision 50 - Compiled on Thursday 19 October 2023 09:04:12 PM IST.
Starting magic under Tcl interpreter
Using the terminal as the console.
Using NULL graphics device.
Processing system .magicrc file
Input style lambda=0.20(p): scaleFactor=20, multiplier=1
Contact size value ignored (using GDS generation rules).
Contact size value ignored (using GDS generation rules).
Contact size value ignored (using GDS generation rules).
Contact size value ignored (using GDS generation rules).
Contact size value ignored (using GDS generation rules).
Contact size value ignored (using GDS generation rules).
4 Magic internal units = 1 Lambda
Loading "migrate_down_counter_3bit.tcl" from command line.
Root cell box:
           width x height  (   llx,  lly  ), (   urx,  ury  )

microns:    0.00 x 0.00    (  0.00,  0.00 ), (  0.00,  0.00 )
lambda:     0.00 x 0.00    (  0.00,  0.00 ), (  0.00,  0.00 )
internal:      0 x 0       (     0,  0    ), (     0,  0    )
Reading LEF data from file /usr/local/share/qflow/tech/osu035/osu035_stdcells.lef.
This action cannot be undone.
LEF read, Line 16 (Message): Unknown keyword "OBS" in LEF file; ignoring.
LEF read, Line 17 (Message): Unknown keyword "PIN" in LEF file; ignoring.
LEF read: Processed 3179 lines.
Reading DEF data from file down_counter_3bit.def.
This action cannot be undone.
  Processed 3 vias total.
  Processed 27 subcell instances total.
  Processed 7 pins total.
  Processed 17 nets total.
DEF read, Line 275 (Warning): Number of nets read (7) does not match the number declared (8).
DEF read: Processed 276 lines.
DEF Read: encountered 1 warning total.
Generating LEF output down_counter_3bit.lef for cell down_counter_3bit:
Diagnostic:  Write LEF header for cell down_counter_3bit
Diagnostic:  Writing LEF output for cell down_counter_3bit
Diagnostic:  Scale value is 0.050000
Extracting NAND3X1 into NAND3X1.ext:
Completed 100%
Extracting INVX1 into INVX1.ext:
Completed 100%
Extracting OAI21X1 into OAI21X1.ext:
Completed 100%
Extracting NAND2X1 into NAND2X1.ext:
Completed 100%
Extracting INVX2 into INVX2.ext:
Completed 100%
Extracting XNOR2X1 into XNOR2X1.ext:
Completed 100%
Extracting BUFX2 into BUFX2.ext:
Completed 100%
Extracting FILL into FILL.ext:
Completed 100%
Extracting DFFSR into DFFSR.ext:
Completed 50%
Completed 75%
Completed 100%
Extracting down_counter_3bit into down_counter_3bit.ext:
Completed 13%
Completed 20%
Completed 27%
Completed 33%
Completed 40%
Completed 47%
Completed 53%
Completed 60%
Completed 67%
Completed 73%
Completed 80%
Completed 87%
Completed 93%
Completed 100%
exttospice finished.
Migration script ended on Friday 20 October 2023 10:05:16 AM IST
