Qflow route logfile created on Friday 20 October 2023 10:05:15 AM IST
qrouter -noc  -s down_counter_3bit.cfg
Qrouter detail maze router version 1.4.59.T
Reading LEF data from file /usr/local/share/qflow/tech/osu035/osu035_stdcells.lef.
LEF Read, Line 135: NOTE:  Old format VIARULE ignored.
LEF Read, Line 136: NOTE:  Old format VIARULE ignored.
LEF Read, Line 140: NOTE:  Old format VIARULE ignored.
LEF Read, Line 141: NOTE:  Old format VIARULE ignored.
LEF Read, Line 151: NOTE:  Old format VIARULE ignored.
LEF Read, Line 152: NOTE:  Old format VIARULE ignored.
LEF Read, Line 156: NOTE:  Old format VIARULE ignored.
LEF Read, Line 157: NOTE:  Old format VIARULE ignored.
LEF Read, Line 167: NOTE:  Old format VIARULE ignored.
LEF Read, Line 168: NOTE:  Old format VIARULE ignored.
LEF Read, Line 172: NOTE:  Old format VIARULE ignored.
LEF Read, Line 173: NOTE:  Old format VIARULE ignored.
LEF file:  Defines site corner (ignored)
LEF file:  Defines site IO (ignored)
LEF file:  Defines site core (ignored)
LEF read: Processed 3179 lines.
LEF Read: encountered 0 errors and 12 warnings total.
Vertical route layer at non-minimum pitch 3.2.  Using smaller pitch 1.6, will route on 1-of-2 tracks for layer metal4.
Reading DEF data from file down_counter_3bit.def.
Diagnostic: Design name: "down_counter_3bit"
  Processed 3 vias total.
  Processed 27 subcell instances total.
  Processed 7 pins total.
  Processed 17 nets total (0 fixed).
  Processed 2 special nets total (3 fixed).
DEF read: Processed 178 lines.
Output scale = microns / 100, precision 1
No antenna cell defined!
There are 18 nets in this design.
*** Running stage1 routing with defaults
Finished routing net _6_[1]
Nets remaining: 17
Finished routing net _6_[0]
Nets remaining: 16
Finished routing net _1_
Nets remaining: 15
Finished routing net _6_[2]
Nets remaining: 14
Finished routing net clk
Nets remaining: 13
Finished routing net _0_[0]
Nets remaining: 12
Finished routing net vdd
Nets remaining: 11
Finished routing net _3_
Nets remaining: 10
Finished routing net _2_
Nets remaining: 9
Finished routing net _4_
Nets remaining: 8
Finished routing net _5_
Nets remaining: 7
Finished routing net _0_[2]
Nets remaining: 6
Finished routing net _0_[1]
Nets remaining: 5
Finished routing net rst
Nets remaining: 4
Finished routing net count[0]
Nets remaining: 3
Finished routing net count[1]
Nets remaining: 2
Finished routing net count[2]
Nets remaining: 1

----------------------------------------------
Progress: Stage 1 total routes completed: 32
No failed routes!
----------------------------------------------
*** Running stage3 routing with defaults, 1st round
Finished routing net _6_[1]
Nets remaining: 17
Finished routing net _6_[0]
Nets remaining: 16
Finished routing net _1_
Nets remaining: 15
Finished routing net _6_[2]
Nets remaining: 14
Finished routing net clk
Nets remaining: 13
Finished routing net _0_[0]
Nets remaining: 12
Keeping route for net vdd
Keeping route for net _3_
Finished routing net _2_
Nets remaining: 9
Keeping route for net _4_
Keeping route for net _5_
Finished routing net _0_[2]
Nets remaining: 6
Finished routing net _0_[1]
Nets remaining: 5
Keeping route for net rst
Finished routing net count[0]
Nets remaining: 3
Finished routing net count[1]
Nets remaining: 2
Finished routing net count[2]
Nets remaining: 1

----------------------------------------------
Progress: Stage 3 total routes completed: 57
No failed routes!
----------------------------------------------
*** Running stage3 routing with defaults, 2nd round
Finished routing net _6_[1]
Nets remaining: 17
Finished routing net _6_[0]
Nets remaining: 16
Finished routing net _1_
Nets remaining: 15
Finished routing net _6_[2]
Nets remaining: 14
Finished routing net clk
Nets remaining: 13
Finished routing net _0_[0]
Nets remaining: 12
Keeping route for net vdd
Keeping route for net _3_
Finished routing net _2_
Nets remaining: 9
Keeping route for net _4_
Keeping route for net _5_
Finished routing net _0_[2]
Nets remaining: 6
Finished routing net _0_[1]
Nets remaining: 5
Keeping route for net rst
Finished routing net count[0]
Nets remaining: 3
Finished routing net count[1]
Nets remaining: 2
Finished routing net count[2]
Nets remaining: 1

----------------------------------------------
Progress: Stage 3 total routes completed: 82
No failed routes!
----------------------------------------------
*** Writing DEF file down_counter_3bit_route.def
emit_routes():  DEF file has 17 nets and 3 specialnets.
but qrouter wants to write 18 nets and specialnets.
----------------------------------------------
Final: No failed routes!
----------------------------------------------
*** Writing RC file down_counter_3bit_route.rc
Running annotate.tcl antenna.out /home/aryavardhan/iverilog/lab_practices/3bit/synthesis/down_counter_3bit.rtlnopwr.v
  /home/aryavardhan/iverilog/lab_practices/3bit/synthesis/down_counter_3bit.spc /home/aryavardhan/iverilog/lab_practices/3bit/synthesis/down_counter_3bit.rtlnopwr.anno.v
  /home/aryavardhan/iverilog/lab_practices/3bit/synthesis/down_counter_3bit.anno.spc  /usr/local/share/qflow/tech/osu035/osu035_stdcells.sp /home/aryavardhan/iverilog/lab_practices/3bit/synthesis/down_counter_3bit_powerground
Running annotate.tcl
found cell FILL pinlist vdd gnd
Done with annotate.tcl
Router script ended on Friday 20 October 2023 10:05:15 AM IST
