#! /usr/bin/vvp
:ivl_version "10.3 (stable)";
:ivl_delay_selection "TYPICAL";
:vpi_time_precision + 0;
:vpi_module "system";
:vpi_module "vhdl_sys";
:vpi_module "v2005_math";
:vpi_module "va_math";
S_0x55e591b524d0 .scope module, "tb_d_flip_flop" "tb_d_flip_flop" 2 1;
 .timescale 0 0;
v0x55e591b9abe0_0 .var "clk", 0 0;
v0x55e591b9aca0_0 .var "d", 0 0;
v0x55e591b9ad70_0 .net "q", 0 0, v0x55e591b9a9a0_0;  1 drivers
v0x55e591b9ae70_0 .var "reset", 0 0;
S_0x55e591b52650 .scope module, "d_ff_inst" "d_flip_flop" 2 6, 3 1 0, S_0x55e591b524d0;
 .timescale 0 0;
    .port_info 0 /INPUT 1 "d"
    .port_info 1 /INPUT 1 "clk"
    .port_info 2 /INPUT 1 "reset"
    .port_info 3 /OUTPUT 1 "q"
v0x55e591b89c20_0 .net "clk", 0 0, v0x55e591b9abe0_0;  1 drivers
v0x55e591b9a8e0_0 .net "d", 0 0, v0x55e591b9aca0_0;  1 drivers
v0x55e591b9a9a0_0 .var "q", 0 0;
v0x55e591b9aa70_0 .net "reset", 0 0, v0x55e591b9ae70_0;  1 drivers
E_0x55e591b52c40 .event posedge, v0x55e591b9aa70_0, v0x55e591b89c20_0;
    .scope S_0x55e591b52650;
T_0 ;
    %wait E_0x55e591b52c40;
    %load/vec4 v0x55e591b9aa70_0;
    %flag_set/vec4 8;
    %jmp/0xz  T_0.0, 8;
    %pushi/vec4 0, 0, 1;
    %assign/vec4 v0x55e591b9a9a0_0, 0;
    %jmp T_0.1;
T_0.0 ;
    %load/vec4 v0x55e591b9a8e0_0;
    %assign/vec4 v0x55e591b9a9a0_0, 0;
T_0.1 ;
    %jmp T_0;
    .thread T_0;
    .scope S_0x55e591b524d0;
T_1 ;
    %pushi/vec4 0, 0, 1;
    %store/vec4 v0x55e591b9abe0_0, 0, 1;
T_1.0 ;
    %delay 10, 0;
    %load/vec4 v0x55e591b9abe0_0;
    %inv;
    %store/vec4 v0x55e591b9abe0_0, 0, 1;
    %jmp T_1.0;
    %end;
    .thread T_1;
    .scope S_0x55e591b524d0;
T_2 ;
    %vpi_call 2 19 "$monitor", "Time=%0t, d=%b, clk=%b, reset=%b, q=%b,", $time, v0x55e591b9aca0_0, v0x55e591b9abe0_0, v0x55e591b9ae70_0, v0x55e591b9ad70_0 {0 0 0};
    %vpi_call 2 20 "$dumpfile", "waveform.vcd" {0 0 0};
    %vpi_call 2 21 "$dumpvars", 32'sb00000000000000000000000000000000 {0 0 0};
    %pushi/vec4 1, 0, 1;
    %store/vec4 v0x55e591b9ae70_0, 0, 1;
    %pushi/vec4 0, 0, 1;
    %assign/vec4 v0x55e591b9aca0_0, 0;
    %delay 100, 0;
    %pushi/vec4 0, 0, 1;
    %store/vec4 v0x55e591b9ae70_0, 0, 1;
    %pushi/vec4 1, 0, 1;
    %assign/vec4 v0x55e591b9aca0_0, 0;
    %delay 100, 0;
    %pushi/vec4 0, 0, 1;
    %assign/vec4 v0x55e591b9aca0_0, 0;
    %delay 100, 0;
    %pushi/vec4 1, 0, 1;
    %assign/vec4 v0x55e591b9aca0_0, 0;
    %vpi_call 2 31 "$finish" {0 0 0};
    %end;
    .thread T_2;
# The file index is used to find the file name in the following table.
:file_names 4;
    "N/A";
    "<interactive>";
    "tb_d.v";
    "d.v";
