#! /usr/bin/vvp
:ivl_version "11.0 (stable)";
:ivl_delay_selection "TYPICAL";
:vpi_time_precision + 0;
:vpi_module "/usr/lib/x86_64-linux-gnu/ivl/system.vpi";
:vpi_module "/usr/lib/x86_64-linux-gnu/ivl/vhdl_sys.vpi";
:vpi_module "/usr/lib/x86_64-linux-gnu/ivl/vhdl_textio.vpi";
:vpi_module "/usr/lib/x86_64-linux-gnu/ivl/v2005_math.vpi";
:vpi_module "/usr/lib/x86_64-linux-gnu/ivl/va_math.vpi";
S_0x562eab827da0 .scope module, "MatrixMultiplier_Testbench" "MatrixMultiplier_Testbench" 2 1;
 .timescale 0 0;
v0x562eab854140_0 .var/s "a_imag", 7 0;
v0x562eab854220_0 .var/s "a_real", 7 0;
v0x562eab8542f0_0 .var/s "b_imag", 7 0;
v0x562eab8543f0_0 .var/s "b_real", 7 0;
v0x562eab8544c0_0 .net/s "result_imag", 15 0, L_0x562eab855470;  1 drivers
v0x562eab854560_0 .net/s "result_real", 15 0, L_0x562eab854d10;  1 drivers
S_0x562eab8384c0 .scope module, "uut" "MatrixMultiplier" 2 5, 3 1 0, S_0x562eab827da0;
 .timescale 0 0;
    .port_info 0 /INPUT 8 "a_real";
    .port_info 1 /INPUT 8 "a_imag";
    .port_info 2 /INPUT 8 "b_real";
    .port_info 3 /INPUT 8 "b_imag";
    .port_info 4 /OUTPUT 16 "result_real";
    .port_info 5 /OUTPUT 16 "result_imag";
v0x562eab838740_0 .net/s *"_ivl_0", 15 0, L_0x562eab854630;  1 drivers
v0x562eab853170_0 .net/s *"_ivl_11", 15 0, L_0x562eab854b90;  1 drivers
v0x562eab853250_0 .net/s *"_ivl_14", 15 0, L_0x562eab854ea0;  1 drivers
v0x562eab853310_0 .net/s *"_ivl_16", 15 0, L_0x562eab854f90;  1 drivers
v0x562eab8533f0_0 .net/s *"_ivl_19", 15 0, L_0x562eab855030;  1 drivers
v0x562eab853520_0 .net/s *"_ivl_2", 15 0, L_0x562eab854750;  1 drivers
v0x562eab853600_0 .net/s *"_ivl_20", 15 0, L_0x562eab8551d0;  1 drivers
v0x562eab8536e0_0 .net/s *"_ivl_22", 15 0, L_0x562eab855270;  1 drivers
v0x562eab8537c0_0 .net/s *"_ivl_25", 15 0, L_0x562eab855380;  1 drivers
v0x562eab8538a0_0 .net/s *"_ivl_5", 15 0, L_0x562eab854840;  1 drivers
v0x562eab853980_0 .net/s *"_ivl_6", 15 0, L_0x562eab854980;  1 drivers
v0x562eab853a60_0 .net/s *"_ivl_8", 15 0, L_0x562eab854aa0;  1 drivers
v0x562eab853b40_0 .net/s "a_imag", 7 0, v0x562eab854140_0;  1 drivers
v0x562eab853c20_0 .net/s "a_real", 7 0, v0x562eab854220_0;  1 drivers
v0x562eab853d00_0 .net/s "b_imag", 7 0, v0x562eab8542f0_0;  1 drivers
v0x562eab853de0_0 .net/s "b_real", 7 0, v0x562eab8543f0_0;  1 drivers
v0x562eab853ec0_0 .net/s "result_imag", 15 0, L_0x562eab855470;  alias, 1 drivers
v0x562eab853fa0_0 .net/s "result_real", 15 0, L_0x562eab854d10;  alias, 1 drivers
L_0x562eab854630 .extend/s 16, v0x562eab854220_0;
L_0x562eab854750 .extend/s 16, v0x562eab8543f0_0;
L_0x562eab854840 .arith/mult 16, L_0x562eab854630, L_0x562eab854750;
L_0x562eab854980 .extend/s 16, v0x562eab854140_0;
L_0x562eab854aa0 .extend/s 16, v0x562eab8542f0_0;
L_0x562eab854b90 .arith/mult 16, L_0x562eab854980, L_0x562eab854aa0;
L_0x562eab854d10 .arith/sub 16, L_0x562eab854840, L_0x562eab854b90;
L_0x562eab854ea0 .extend/s 16, v0x562eab854220_0;
L_0x562eab854f90 .extend/s 16, v0x562eab8542f0_0;
L_0x562eab855030 .arith/mult 16, L_0x562eab854ea0, L_0x562eab854f90;
L_0x562eab8551d0 .extend/s 16, v0x562eab854140_0;
L_0x562eab855270 .extend/s 16, v0x562eab8543f0_0;
L_0x562eab855380 .arith/mult 16, L_0x562eab8551d0, L_0x562eab855270;
L_0x562eab855470 .arith/sum 16, L_0x562eab855030, L_0x562eab855380;
    .scope S_0x562eab827da0;
T_0 ;
    %vpi_call 2 15 "$dumpfile", "mat.vcd" {0 0 0};
    %vpi_call 2 16 "$dumpvars", 32'sb00000000000000000000000000000001 {0 0 0};
    %pushi/vec4 2, 0, 8;
    %store/vec4 v0x562eab854220_0, 0, 8;
    %pushi/vec4 3, 0, 8;
    %store/vec4 v0x562eab854140_0, 0, 8;
    %pushi/vec4 4, 0, 8;
    %store/vec4 v0x562eab8543f0_0, 0, 8;
    %pushi/vec4 5, 0, 8;
    %store/vec4 v0x562eab8542f0_0, 0, 8;
    %delay 10, 0;
    %vpi_call 2 24 "$display", "Test case 1:" {0 0 0};
    %vpi_call 2 25 "$display", "a = %d + %di", v0x562eab854220_0, v0x562eab854140_0 {0 0 0};
    %vpi_call 2 26 "$display", "b = %d + %di", v0x562eab8543f0_0, v0x562eab8542f0_0 {0 0 0};
    %vpi_call 2 27 "$display", "Result = %d + %di", v0x562eab854560_0, v0x562eab8544c0_0 {0 0 0};
    %vpi_call 2 28 "$display", "\000" {0 0 0};
    %pushi/vec4 1, 0, 8;
    %store/vec4 v0x562eab854220_0, 0, 8;
    %pushi/vec4 1, 0, 8;
    %store/vec4 v0x562eab854140_0, 0, 8;
    %pushi/vec4 1, 0, 8;
    %store/vec4 v0x562eab8543f0_0, 0, 8;
    %pushi/vec4 1, 0, 8;
    %store/vec4 v0x562eab8542f0_0, 0, 8;
    %delay 10, 0;
    %vpi_call 2 37 "$display", "Test case 2:" {0 0 0};
    %vpi_call 2 38 "$display", "a = %d + %di", v0x562eab854220_0, v0x562eab854140_0 {0 0 0};
    %vpi_call 2 39 "$display", "b = %d + %di", v0x562eab8543f0_0, v0x562eab8542f0_0 {0 0 0};
    %vpi_call 2 40 "$display", "Result = %d + %di", v0x562eab854560_0, v0x562eab8544c0_0 {0 0 0};
    %vpi_call 2 41 "$display", "\000" {0 0 0};
    %pushi/vec4 1, 0, 8;
    %store/vec4 v0x562eab854220_0, 0, 8;
    %pushi/vec4 2, 0, 8;
    %store/vec4 v0x562eab854140_0, 0, 8;
    %pushi/vec4 1, 0, 8;
    %store/vec4 v0x562eab8543f0_0, 0, 8;
    %pushi/vec4 2, 0, 8;
    %store/vec4 v0x562eab8542f0_0, 0, 8;
    %delay 10, 0;
    %vpi_call 2 50 "$display", "Test case 3:" {0 0 0};
    %vpi_call 2 51 "$display", "a = %d + %di", v0x562eab854220_0, v0x562eab854140_0 {0 0 0};
    %vpi_call 2 52 "$display", "b = %d + %di", v0x562eab8543f0_0, v0x562eab8542f0_0 {0 0 0};
    %vpi_call 2 53 "$display", "Result = %d + %di", v0x562eab854560_0, v0x562eab8544c0_0 {0 0 0};
    %vpi_call 2 54 "$display", "\000" {0 0 0};
    %vpi_call 2 55 "$finish" {0 0 0};
    %vpi_call 2 56 "$finish" {0 0 0};
    %end;
    .thread T_0;
# The file index is used to find the file name in the following table.
:file_names 4;
    "N/A";
    "<interactive>";
    "mat_tb.v";
    "mat.v";
