#! /usr/bin/vvp
:ivl_version "11.0 (stable)";
:ivl_delay_selection "TYPICAL";
:vpi_time_precision + 0;
:vpi_module "/usr/lib/x86_64-linux-gnu/ivl/system.vpi";
:vpi_module "/usr/lib/x86_64-linux-gnu/ivl/vhdl_sys.vpi";
:vpi_module "/usr/lib/x86_64-linux-gnu/ivl/vhdl_textio.vpi";
:vpi_module "/usr/lib/x86_64-linux-gnu/ivl/v2005_math.vpi";
:vpi_module "/usr/lib/x86_64-linux-gnu/ivl/va_math.vpi";
S_0x5622408f89c0 .scope module, "MatrixMultiplier_Testbench" "MatrixMultiplier_Testbench" 2 1;
 .timescale 0 0;
v0x562240926730_0 .var/s "a_imag", 7 0;
v0x562240926810_0 .var/s "a_real", 7 0;
v0x5622409268e0_0 .var/s "b_imag", 7 0;
v0x5622409269e0_0 .var/s "b_real", 7 0;
v0x562240926ab0_0 .net/s "result_imag", 15 0, L_0x562240927a60;  1 drivers
v0x562240926b50_0 .net/s "result_real", 15 0, L_0x562240927300;  1 drivers
S_0x5622409094c0 .scope module, "uut" "MatrixMultiplier" 2 5, 3 1 0, S_0x5622408f89c0;
 .timescale 0 0;
    .port_info 0 /INPUT 8 "a_real";
    .port_info 1 /INPUT 8 "a_imag";
    .port_info 2 /INPUT 8 "b_real";
    .port_info 3 /INPUT 8 "b_imag";
    .port_info 4 /OUTPUT 16 "result_real";
    .port_info 5 /OUTPUT 16 "result_imag";
v0x562240909740_0 .net/s *"_ivl_0", 15 0, L_0x562240926c20;  1 drivers
v0x562240925760_0 .net/s *"_ivl_11", 15 0, L_0x562240927180;  1 drivers
v0x562240925840_0 .net/s *"_ivl_14", 15 0, L_0x562240927490;  1 drivers
v0x562240925900_0 .net/s *"_ivl_16", 15 0, L_0x562240927580;  1 drivers
v0x5622409259e0_0 .net/s *"_ivl_19", 15 0, L_0x562240927620;  1 drivers
v0x562240925b10_0 .net/s *"_ivl_2", 15 0, L_0x562240926d40;  1 drivers
v0x562240925bf0_0 .net/s *"_ivl_20", 15 0, L_0x5622409277c0;  1 drivers
v0x562240925cd0_0 .net/s *"_ivl_22", 15 0, L_0x562240927860;  1 drivers
v0x562240925db0_0 .net/s *"_ivl_25", 15 0, L_0x562240927970;  1 drivers
v0x562240925e90_0 .net/s *"_ivl_5", 15 0, L_0x562240926e30;  1 drivers
v0x562240925f70_0 .net/s *"_ivl_6", 15 0, L_0x562240926f70;  1 drivers
v0x562240926050_0 .net/s *"_ivl_8", 15 0, L_0x562240927090;  1 drivers
v0x562240926130_0 .net/s "a_imag", 7 0, v0x562240926730_0;  1 drivers
v0x562240926210_0 .net/s "a_real", 7 0, v0x562240926810_0;  1 drivers
v0x5622409262f0_0 .net/s "b_imag", 7 0, v0x5622409268e0_0;  1 drivers
v0x5622409263d0_0 .net/s "b_real", 7 0, v0x5622409269e0_0;  1 drivers
v0x5622409264b0_0 .net/s "result_imag", 15 0, L_0x562240927a60;  alias, 1 drivers
v0x562240926590_0 .net/s "result_real", 15 0, L_0x562240927300;  alias, 1 drivers
L_0x562240926c20 .extend/s 16, v0x562240926810_0;
L_0x562240926d40 .extend/s 16, v0x5622409269e0_0;
L_0x562240926e30 .arith/mult 16, L_0x562240926c20, L_0x562240926d40;
L_0x562240926f70 .extend/s 16, v0x562240926730_0;
L_0x562240927090 .extend/s 16, v0x5622409268e0_0;
L_0x562240927180 .arith/mult 16, L_0x562240926f70, L_0x562240927090;
L_0x562240927300 .arith/sub 16, L_0x562240926e30, L_0x562240927180;
L_0x562240927490 .extend/s 16, v0x562240926810_0;
L_0x562240927580 .extend/s 16, v0x5622409268e0_0;
L_0x562240927620 .arith/mult 16, L_0x562240927490, L_0x562240927580;
L_0x5622409277c0 .extend/s 16, v0x562240926730_0;
L_0x562240927860 .extend/s 16, v0x5622409269e0_0;
L_0x562240927970 .arith/mult 16, L_0x5622409277c0, L_0x562240927860;
L_0x562240927a60 .arith/sum 16, L_0x562240927620, L_0x562240927970;
    .scope S_0x5622408f89c0;
T_0 ;
    %pushi/vec4 3, 0, 8;
    %store/vec4 v0x562240926810_0, 0, 8;
    %pushi/vec4 4, 0, 8;
    %store/vec4 v0x562240926730_0, 0, 8;
    %pushi/vec4 4, 0, 8;
    %store/vec4 v0x5622409269e0_0, 0, 8;
    %pushi/vec4 5, 0, 8;
    %store/vec4 v0x5622409268e0_0, 0, 8;
    %delay 10, 0;
    %vpi_call 2 22 "$display", "Test case 1:" {0 0 0};
    %vpi_call 2 23 "$display", "a = %0d.%0d + %0d.%0di", v0x562240926810_0, v0x562240926730_0, v0x562240926810_0, v0x562240926730_0 {0 0 0};
    %vpi_call 2 24 "$display", "b = %0d.%0d + %0d.%0di", v0x5622409269e0_0, v0x5622409268e0_0, v0x5622409269e0_0, v0x5622409268e0_0 {0 0 0};
    %vpi_call 2 25 "$display", "Result = %0d.%0d + %0d.%0di", v0x562240926b50_0, v0x562240926ab0_0, v0x562240926b50_0, v0x562240926ab0_0 {0 0 0};
    %vpi_call 2 26 "$display", "\000" {0 0 0};
    %pushi/vec4 1, 0, 8;
    %store/vec4 v0x562240926810_0, 0, 8;
    %pushi/vec4 1, 0, 8;
    %store/vec4 v0x562240926730_0, 0, 8;
    %pushi/vec4 1, 0, 8;
    %store/vec4 v0x5622409269e0_0, 0, 8;
    %pushi/vec4 1, 0, 8;
    %store/vec4 v0x5622409268e0_0, 0, 8;
    %delay 10, 0;
    %vpi_call 2 35 "$display", "Test case 2:" {0 0 0};
    %vpi_call 2 36 "$display", "a = %0d.%0d + %0d.%0di", v0x562240926810_0, v0x562240926730_0, v0x562240926810_0, v0x562240926730_0 {0 0 0};
    %vpi_call 2 37 "$display", "b = %0d.%0d + %0d.%0di", v0x5622409269e0_0, v0x5622409268e0_0, v0x5622409269e0_0, v0x5622409268e0_0 {0 0 0};
    %vpi_call 2 38 "$display", "Result = %0d.%0d + %0d.%0di", v0x562240926b50_0, v0x562240926ab0_0, v0x562240926b50_0, v0x562240926ab0_0 {0 0 0};
    %vpi_call 2 39 "$display", "\000" {0 0 0};
    %pushi/vec4 2, 0, 8;
    %store/vec4 v0x562240926810_0, 0, 8;
    %pushi/vec4 3, 0, 8;
    %store/vec4 v0x562240926730_0, 0, 8;
    %pushi/vec4 3, 0, 8;
    %store/vec4 v0x5622409269e0_0, 0, 8;
    %pushi/vec4 4, 0, 8;
    %store/vec4 v0x5622409268e0_0, 0, 8;
    %delay 10, 0;
    %vpi_call 2 48 "$display", "Test case 3:" {0 0 0};
    %vpi_call 2 49 "$display", "a = %0d.%0d + %0d.%0di", v0x562240926810_0, v0x562240926730_0, v0x562240926810_0, v0x562240926730_0 {0 0 0};
    %vpi_call 2 50 "$display", "b = %0d.%0d + %0d.%0di", v0x5622409269e0_0, v0x5622409268e0_0, v0x5622409269e0_0, v0x5622409268e0_0 {0 0 0};
    %vpi_call 2 51 "$display", "Result = %0d.%0d + %0d.%0di", v0x562240926b50_0, v0x562240926ab0_0, v0x562240926b50_0, v0x562240926ab0_0 {0 0 0};
    %vpi_call 2 52 "$display", "\000" {0 0 0};
    %vpi_call 2 53 "$finish" {0 0 0};
    %end;
    .thread T_0;
# The file index is used to find the file name in the following table.
:file_names 4;
    "N/A";
    "<interactive>";
    "mat_tb.v";
    "mat.v";
