#! /usr/bin/vvp
:ivl_version "10.3 (stable)";
:ivl_delay_selection "TYPICAL";
:vpi_time_precision + 0;
:vpi_module "system";
:vpi_module "vhdl_sys";
:vpi_module "v2005_math";
:vpi_module "va_math";
S_0x55761696a4d0 .scope module, "tb_bintoex3" "tb_bintoex3" 2 1;
 .timescale 0 0;
v0x5576169b7900_0 .var "binary", 3 0;
v0x5576169b79c0_0 .net "excess3", 3 0, v0x5576169b77c0_0;  1 drivers
S_0x55761696a650 .scope module, "uut" "bintoex3" 2 5, 3 1 0, S_0x55761696a4d0;
 .timescale 0 0;
    .port_info 0 /INPUT 4 "binary"
    .port_info 1 /OUTPUT 4 "excess3"
v0x5576169a2f00_0 .net "binary", 3 0, v0x5576169b7900_0;  1 drivers
v0x5576169b77c0_0 .var "excess3", 3 0;
E_0x5576169a3600 .event edge, v0x5576169a2f00_0;
    .scope S_0x55761696a650;
T_0 ;
    %wait E_0x5576169a3600;
    %load/vec4 v0x5576169a2f00_0;
    %dup/vec4;
    %pushi/vec4 0, 0, 4;
    %cmp/u;
    %jmp/1 T_0.0, 6;
    %dup/vec4;
    %pushi/vec4 1, 0, 4;
    %cmp/u;
    %jmp/1 T_0.1, 6;
    %dup/vec4;
    %pushi/vec4 2, 0, 4;
    %cmp/u;
    %jmp/1 T_0.2, 6;
    %dup/vec4;
    %pushi/vec4 3, 0, 4;
    %cmp/u;
    %jmp/1 T_0.3, 6;
    %dup/vec4;
    %pushi/vec4 4, 0, 4;
    %cmp/u;
    %jmp/1 T_0.4, 6;
    %dup/vec4;
    %pushi/vec4 5, 0, 4;
    %cmp/u;
    %jmp/1 T_0.5, 6;
    %dup/vec4;
    %pushi/vec4 6, 0, 4;
    %cmp/u;
    %jmp/1 T_0.6, 6;
    %dup/vec4;
    %pushi/vec4 7, 0, 4;
    %cmp/u;
    %jmp/1 T_0.7, 6;
    %dup/vec4;
    %pushi/vec4 8, 0, 4;
    %cmp/u;
    %jmp/1 T_0.8, 6;
    %dup/vec4;
    %pushi/vec4 9, 0, 4;
    %cmp/u;
    %jmp/1 T_0.9, 6;
    %dup/vec4;
    %pushi/vec4 10, 0, 4;
    %cmp/u;
    %jmp/1 T_0.10, 6;
    %dup/vec4;
    %pushi/vec4 11, 0, 4;
    %cmp/u;
    %jmp/1 T_0.11, 6;
    %dup/vec4;
    %pushi/vec4 12, 0, 4;
    %cmp/u;
    %jmp/1 T_0.12, 6;
    %dup/vec4;
    %pushi/vec4 13, 0, 4;
    %cmp/u;
    %jmp/1 T_0.13, 6;
    %dup/vec4;
    %pushi/vec4 14, 0, 4;
    %cmp/u;
    %jmp/1 T_0.14, 6;
    %dup/vec4;
    %pushi/vec4 15, 0, 4;
    %cmp/u;
    %jmp/1 T_0.15, 6;
    %pushi/vec4 15, 15, 4;
    %store/vec4 v0x5576169b77c0_0, 0, 4;
    %jmp T_0.17;
T_0.0 ;
    %pushi/vec4 3, 0, 4;
    %store/vec4 v0x5576169b77c0_0, 0, 4;
    %jmp T_0.17;
T_0.1 ;
    %pushi/vec4 4, 0, 4;
    %store/vec4 v0x5576169b77c0_0, 0, 4;
    %jmp T_0.17;
T_0.2 ;
    %pushi/vec4 5, 0, 4;
    %store/vec4 v0x5576169b77c0_0, 0, 4;
    %jmp T_0.17;
T_0.3 ;
    %pushi/vec4 6, 0, 4;
    %store/vec4 v0x5576169b77c0_0, 0, 4;
    %jmp T_0.17;
T_0.4 ;
    %pushi/vec4 7, 0, 4;
    %store/vec4 v0x5576169b77c0_0, 0, 4;
    %jmp T_0.17;
T_0.5 ;
    %pushi/vec4 8, 0, 4;
    %store/vec4 v0x5576169b77c0_0, 0, 4;
    %jmp T_0.17;
T_0.6 ;
    %pushi/vec4 9, 0, 4;
    %store/vec4 v0x5576169b77c0_0, 0, 4;
    %jmp T_0.17;
T_0.7 ;
    %pushi/vec4 10, 0, 4;
    %store/vec4 v0x5576169b77c0_0, 0, 4;
    %jmp T_0.17;
T_0.8 ;
    %pushi/vec4 11, 0, 4;
    %store/vec4 v0x5576169b77c0_0, 0, 4;
    %jmp T_0.17;
T_0.9 ;
    %pushi/vec4 12, 0, 4;
    %store/vec4 v0x5576169b77c0_0, 0, 4;
    %jmp T_0.17;
T_0.10 ;
    %pushi/vec4 13, 0, 4;
    %store/vec4 v0x5576169b77c0_0, 0, 4;
    %jmp T_0.17;
T_0.11 ;
    %pushi/vec4 14, 0, 4;
    %store/vec4 v0x5576169b77c0_0, 0, 4;
    %jmp T_0.17;
T_0.12 ;
    %pushi/vec4 15, 0, 4;
    %store/vec4 v0x5576169b77c0_0, 0, 4;
    %jmp T_0.17;
T_0.13 ;
    %pushi/vec4 0, 0, 4;
    %store/vec4 v0x5576169b77c0_0, 0, 4;
    %jmp T_0.17;
T_0.14 ;
    %pushi/vec4 1, 0, 4;
    %store/vec4 v0x5576169b77c0_0, 0, 4;
    %jmp T_0.17;
T_0.15 ;
    %pushi/vec4 2, 0, 4;
    %store/vec4 v0x5576169b77c0_0, 0, 4;
    %jmp T_0.17;
T_0.17 ;
    %pop/vec4 1;
    %jmp T_0;
    .thread T_0, $push;
    .scope S_0x55761696a4d0;
T_1 ;
    %vpi_call 2 7 "$dumpfile", "bintoex3.vcd" {0 0 0};
    %vpi_call 2 8 "$dumpvars", 32'sb00000000000000000000000000000000, S_0x55761696a4d0 {0 0 0};
    %vpi_call 2 9 "$monitor", $time, " Binary Input: %b, Excess-3 Output: %b", v0x5576169b7900_0, v0x5576169b79c0_0 {0 0 0};
    %pushi/vec4 0, 0, 4;
    %store/vec4 v0x5576169b7900_0, 0, 4;
    %delay 10, 0;
    %pushi/vec4 1, 0, 4;
    %store/vec4 v0x5576169b7900_0, 0, 4;
    %delay 10, 0;
    %pushi/vec4 2, 0, 4;
    %store/vec4 v0x5576169b7900_0, 0, 4;
    %delay 10, 0;
    %pushi/vec4 3, 0, 4;
    %store/vec4 v0x5576169b7900_0, 0, 4;
    %delay 10, 0;
    %pushi/vec4 4, 0, 4;
    %store/vec4 v0x5576169b7900_0, 0, 4;
    %delay 10, 0;
    %pushi/vec4 5, 0, 4;
    %store/vec4 v0x5576169b7900_0, 0, 4;
    %delay 10, 0;
    %pushi/vec4 6, 0, 4;
    %store/vec4 v0x5576169b7900_0, 0, 4;
    %delay 10, 0;
    %pushi/vec4 7, 0, 4;
    %store/vec4 v0x5576169b7900_0, 0, 4;
    %delay 10, 0;
    %pushi/vec4 8, 0, 4;
    %store/vec4 v0x5576169b7900_0, 0, 4;
    %delay 10, 0;
    %pushi/vec4 9, 0, 4;
    %store/vec4 v0x5576169b7900_0, 0, 4;
    %delay 10, 0;
    %pushi/vec4 10, 0, 4;
    %store/vec4 v0x5576169b7900_0, 0, 4;
    %delay 10, 0;
    %pushi/vec4 11, 0, 4;
    %store/vec4 v0x5576169b7900_0, 0, 4;
    %delay 10, 0;
    %pushi/vec4 12, 0, 4;
    %store/vec4 v0x5576169b7900_0, 0, 4;
    %delay 10, 0;
    %pushi/vec4 13, 0, 4;
    %store/vec4 v0x5576169b7900_0, 0, 4;
    %delay 10, 0;
    %pushi/vec4 14, 0, 4;
    %store/vec4 v0x5576169b7900_0, 0, 4;
    %delay 10, 0;
    %pushi/vec4 15, 0, 4;
    %store/vec4 v0x5576169b7900_0, 0, 4;
    %delay 10, 0;
    %vpi_call 2 27 "$finish" {0 0 0};
    %end;
    .thread T_1;
# The file index is used to find the file name in the following table.
:file_names 4;
    "N/A";
    "<interactive>";
    "tb_bintoex3.v";
    "bintoex3.v";
