#! /usr/bin/vvp
:ivl_version "10.3 (stable)";
:ivl_delay_selection "TYPICAL";
:vpi_time_precision + 0;
:vpi_module "system";
:vpi_module "vhdl_sys";
:vpi_module "v2005_math";
:vpi_module "va_math";
S_0x5605c6bfa4d0 .scope module, "testbench" "testbench" 2 1;
 .timescale 0 0;
v0x5605c6c48f30_0 .var "clk", 0 0;
v0x5605c6c48ff0_0 .var "j", 0 0;
v0x5605c6c490c0_0 .var "k", 0 0;
v0x5605c6c491c0_0 .net "q", 0 0, v0x5605c6c48c00_0;  1 drivers
v0x5605c6c49290_0 .net "q_bar", 0 0, v0x5605c6c48cc0_0;  1 drivers
S_0x5605c6bfa650 .scope module, "dut" "jkff" 2 6, 3 1 0, S_0x5605c6bfa4d0;
 .timescale 0 0;
    .port_info 0 /INPUT 1 "clk"
    .port_info 1 /INPUT 1 "j"
    .port_info 2 /INPUT 1 "k"
    .port_info 3 /OUTPUT 1 "q"
    .port_info 4 /OUTPUT 1 "q_bar"
v0x5605c6c20a40_0 .net "clk", 0 0, v0x5605c6c48f30_0;  1 drivers
v0x5605c6c48a70_0 .net "j", 0 0, v0x5605c6c48ff0_0;  1 drivers
v0x5605c6c48b30_0 .net "k", 0 0, v0x5605c6c490c0_0;  1 drivers
v0x5605c6c48c00_0 .var "q", 0 0;
v0x5605c6c48cc0_0 .var "q_bar", 0 0;
o0x7f5a04738108 .functor BUFZ 1, C4<z>; HiZ drive
v0x5605c6c48dd0_0 .net "reset", 0 0, o0x7f5a04738108;  0 drivers
E_0x5605c6c34430 .event posedge, v0x5605c6c20a40_0;
    .scope S_0x5605c6bfa650;
T_0 ;
    %wait E_0x5605c6c34430;
    %load/vec4 v0x5605c6c48dd0_0;
    %flag_set/vec4 8;
    %jmp/0xz  T_0.0, 8;
    %pushi/vec4 0, 0, 1;
    %assign/vec4 v0x5605c6c48c00_0, 0;
    %jmp T_0.1;
T_0.0 ;
    %load/vec4 v0x5605c6c48a70_0;
    %load/vec4 v0x5605c6c48b30_0;
    %concat/vec4; draw_concat_vec4
    %dup/vec4;
    %pushi/vec4 0, 0, 2;
    %cmp/u;
    %jmp/1 T_0.2, 6;
    %dup/vec4;
    %pushi/vec4 1, 0, 2;
    %cmp/u;
    %jmp/1 T_0.3, 6;
    %dup/vec4;
    %pushi/vec4 2, 0, 2;
    %cmp/u;
    %jmp/1 T_0.4, 6;
    %dup/vec4;
    %pushi/vec4 3, 0, 2;
    %cmp/u;
    %jmp/1 T_0.5, 6;
    %load/vec4 v0x5605c6c48c00_0;
    %assign/vec4 v0x5605c6c48c00_0, 0;
    %load/vec4 v0x5605c6c48cc0_0;
    %assign/vec4 v0x5605c6c48cc0_0, 0;
    %jmp T_0.7;
T_0.2 ;
    %load/vec4 v0x5605c6c48c00_0;
    %assign/vec4 v0x5605c6c48c00_0, 0;
    %load/vec4 v0x5605c6c48c00_0;
    %inv;
    %assign/vec4 v0x5605c6c48cc0_0, 0;
    %jmp T_0.7;
T_0.3 ;
    %pushi/vec4 0, 0, 1;
    %assign/vec4 v0x5605c6c48c00_0, 0;
    %load/vec4 v0x5605c6c48c00_0;
    %inv;
    %assign/vec4 v0x5605c6c48cc0_0, 0;
    %jmp T_0.7;
T_0.4 ;
    %pushi/vec4 1, 0, 1;
    %assign/vec4 v0x5605c6c48c00_0, 0;
    %load/vec4 v0x5605c6c48c00_0;
    %inv;
    %assign/vec4 v0x5605c6c48cc0_0, 0;
    %jmp T_0.7;
T_0.5 ;
    %load/vec4 v0x5605c6c48c00_0;
    %inv;
    %assign/vec4 v0x5605c6c48c00_0, 0;
    %load/vec4 v0x5605c6c48c00_0;
    %inv;
    %assign/vec4 v0x5605c6c48cc0_0, 0;
    %jmp T_0.7;
T_0.7 ;
    %pop/vec4 1;
T_0.1 ;
    %jmp T_0;
    .thread T_0;
    .scope S_0x5605c6bfa4d0;
T_1 ;
    %vpi_call 2 15 "$dumpfile", "jk.vcd" {0 0 0};
    %vpi_call 2 16 "$dumpvars", 32'sb00000000000000000000000000000001 {0 0 0};
    %pushi/vec4 0, 0, 1;
    %store/vec4 v0x5605c6c48f30_0, 0, 1;
    %pushi/vec4 0, 0, 1;
    %store/vec4 v0x5605c6c48ff0_0, 0, 1;
    %pushi/vec4 0, 0, 1;
    %store/vec4 v0x5605c6c490c0_0, 0, 1;
    %delay 5, 0;
    %pushi/vec4 1, 0, 1;
    %store/vec4 v0x5605c6c48ff0_0, 0, 1;
    %delay 10, 0;
    %pushi/vec4 0, 0, 1;
    %store/vec4 v0x5605c6c48ff0_0, 0, 1;
    %delay 5, 0;
    %pushi/vec4 1, 0, 1;
    %store/vec4 v0x5605c6c490c0_0, 0, 1;
    %delay 10, 0;
    %pushi/vec4 0, 0, 1;
    %store/vec4 v0x5605c6c490c0_0, 0, 1;
    %delay 5, 0;
    %pushi/vec4 1, 0, 1;
    %store/vec4 v0x5605c6c48ff0_0, 0, 1;
    %delay 5, 0;
    %pushi/vec4 1, 0, 1;
    %store/vec4 v0x5605c6c490c0_0, 0, 1;
    %delay 10, 0;
    %pushi/vec4 0, 0, 1;
    %store/vec4 v0x5605c6c48ff0_0, 0, 1;
    %delay 10, 0;
    %pushi/vec4 0, 0, 1;
    %store/vec4 v0x5605c6c490c0_0, 0, 1;
    %delay 5, 0;
    %pushi/vec4 0, 0, 1;
    %store/vec4 v0x5605c6c48ff0_0, 0, 1;
    %delay 5, 0;
    %pushi/vec4 0, 0, 1;
    %store/vec4 v0x5605c6c490c0_0, 0, 1;
    %delay 5, 0;
    %pushi/vec4 1, 0, 1;
    %store/vec4 v0x5605c6c48ff0_0, 0, 1;
    %delay 5, 0;
    %pushi/vec4 1, 0, 1;
    %store/vec4 v0x5605c6c490c0_0, 0, 1;
    %delay 5, 0;
    %vpi_call 2 39 "$finish" {0 0 0};
    %end;
    .thread T_1;
    .scope S_0x5605c6bfa4d0;
T_2 ;
    %delay 1, 0;
    %load/vec4 v0x5605c6c48f30_0;
    %inv;
    %store/vec4 v0x5605c6c48f30_0, 0, 1;
    %jmp T_2;
    .thread T_2;
    .scope S_0x5605c6bfa4d0;
T_3 ;
    %wait E_0x5605c6c34430;
    %vpi_call 2 44 "$display", "Time=%t, j=%b, k=%b, q=%b, q_bar=%b", $time, v0x5605c6c48ff0_0, v0x5605c6c490c0_0, v0x5605c6c491c0_0, v0x5605c6c49290_0 {0 0 0};
    %jmp T_3;
    .thread T_3;
# The file index is used to find the file name in the following table.
:file_names 4;
    "N/A";
    "<interactive>";
    "jk_2.v";
    "jk.v";
