#! /usr/bin/vvp
:ivl_version "11.0 (stable)";
:ivl_delay_selection "TYPICAL";
:vpi_time_precision + 0;
:vpi_module "/usr/lib/x86_64-linux-gnu/ivl/system.vpi";
:vpi_module "/usr/lib/x86_64-linux-gnu/ivl/vhdl_sys.vpi";
:vpi_module "/usr/lib/x86_64-linux-gnu/ivl/vhdl_textio.vpi";
:vpi_module "/usr/lib/x86_64-linux-gnu/ivl/v2005_math.vpi";
:vpi_module "/usr/lib/x86_64-linux-gnu/ivl/va_math.vpi";
S_0x563c1681acf0 .scope module, "fa_tb" "fa_tb" 2 4;
 .timescale 0 0;
v0x563c16870dd0_0 .var "a", 0 0;
v0x563c16870e90_0 .var "b", 0 0;
v0x563c16870f60_0 .var "cin", 0 0;
v0x563c16871060_0 .net "cout", 0 0, L_0x563c16871680;  1 drivers
v0x563c16871130_0 .net "sum", 0 0, L_0x563c16871310;  1 drivers
S_0x563c1681ae80 .scope module, "DUT" "full_adder" 2 9, 3 1 0, S_0x563c1681acf0;
 .timescale 0 0;
    .port_info 0 /INPUT 1 "a";
    .port_info 1 /INPUT 1 "b";
    .port_info 2 /INPUT 1 "cin";
    .port_info 3 /OUTPUT 1 "sum";
    .port_info 4 /OUTPUT 1 "cout";
L_0x563c168711d0 .functor XOR 1, v0x563c16870dd0_0, v0x563c16870e90_0, C4<0>, C4<0>;
L_0x563c16871310 .functor XOR 1, L_0x563c168711d0, v0x563c16870f60_0, C4<0>, C4<0>;
L_0x563c16871470 .functor AND 1, v0x563c16870dd0_0, v0x563c16870e90_0, C4<1>, C4<1>;
L_0x563c168714e0 .functor XOR 1, v0x563c16870dd0_0, v0x563c16870e90_0, C4<0>, C4<0>;
L_0x563c16871610 .functor AND 1, v0x563c16870f60_0, L_0x563c168714e0, C4<1>, C4<1>;
L_0x563c16871680 .functor OR 1, L_0x563c16871470, L_0x563c16871610, C4<0>, C4<0>;
v0x563c1681b060_0 .net *"_ivl_0", 0 0, L_0x563c168711d0;  1 drivers
v0x563c168706a0_0 .net *"_ivl_4", 0 0, L_0x563c16871470;  1 drivers
v0x563c16870780_0 .net *"_ivl_6", 0 0, L_0x563c168714e0;  1 drivers
v0x563c16870840_0 .net *"_ivl_8", 0 0, L_0x563c16871610;  1 drivers
v0x563c16870920_0 .net "a", 0 0, v0x563c16870dd0_0;  1 drivers
v0x563c16870a30_0 .net "b", 0 0, v0x563c16870e90_0;  1 drivers
v0x563c16870af0_0 .net "cin", 0 0, v0x563c16870f60_0;  1 drivers
v0x563c16870bb0_0 .net "cout", 0 0, L_0x563c16871680;  alias, 1 drivers
v0x563c16870c70_0 .net "sum", 0 0, L_0x563c16871310;  alias, 1 drivers
    .scope S_0x563c1681acf0;
T_0 ;
    %vpi_call 2 13 "$dumpfile", "full_adder.vcd" {0 0 0};
    %vpi_call 2 14 "$dumpvars", 32'sb00000000000000000000000000000000, S_0x563c1681acf0 {0 0 0};
    %vpi_call 2 15 "$display", "Full Adder Testbench" {0 0 0};
    %vpi_call 2 16 "$display", "--------------------" {0 0 0};
    %vpi_call 2 17 "$display", "Inputs\011\011|\011Outputs" {0 0 0};
    %vpi_call 2 18 "$display", "--------------------" {0 0 0};
    %pushi/vec4 0, 0, 1;
    %store/vec4 v0x563c16870dd0_0, 0, 1;
    %pushi/vec4 0, 0, 1;
    %store/vec4 v0x563c16870e90_0, 0, 1;
    %pushi/vec4 0, 0, 1;
    %store/vec4 v0x563c16870f60_0, 0, 1;
    %delay 10, 0;
    %vpi_call 2 23 "$display", "%b %b %b\011|\011%b %b", v0x563c16870dd0_0, v0x563c16870e90_0, v0x563c16870f60_0, v0x563c16871130_0, v0x563c16871060_0 {0 0 0};
    %pushi/vec4 0, 0, 1;
    %store/vec4 v0x563c16870dd0_0, 0, 1;
    %pushi/vec4 1, 0, 1;
    %store/vec4 v0x563c16870e90_0, 0, 1;
    %pushi/vec4 0, 0, 1;
    %store/vec4 v0x563c16870f60_0, 0, 1;
    %delay 10, 0;
    %vpi_call 2 28 "$display", "%b %b %b\011|\011%b %b", v0x563c16870dd0_0, v0x563c16870e90_0, v0x563c16870f60_0, v0x563c16871130_0, v0x563c16871060_0 {0 0 0};
    %pushi/vec4 1, 0, 1;
    %store/vec4 v0x563c16870dd0_0, 0, 1;
    %pushi/vec4 0, 0, 1;
    %store/vec4 v0x563c16870e90_0, 0, 1;
    %pushi/vec4 0, 0, 1;
    %store/vec4 v0x563c16870f60_0, 0, 1;
    %delay 10, 0;
    %vpi_call 2 33 "$display", "%b %b %b\011|\011%b %b", v0x563c16870dd0_0, v0x563c16870e90_0, v0x563c16870f60_0, v0x563c16871130_0, v0x563c16871060_0 {0 0 0};
    %pushi/vec4 1, 0, 1;
    %store/vec4 v0x563c16870dd0_0, 0, 1;
    %pushi/vec4 1, 0, 1;
    %store/vec4 v0x563c16870e90_0, 0, 1;
    %pushi/vec4 0, 0, 1;
    %store/vec4 v0x563c16870f60_0, 0, 1;
    %delay 10, 0;
    %vpi_call 2 38 "$display", "%b %b %b\011|\011%b %b", v0x563c16870dd0_0, v0x563c16870e90_0, v0x563c16870f60_0, v0x563c16871130_0, v0x563c16871060_0 {0 0 0};
    %pushi/vec4 0, 0, 1;
    %store/vec4 v0x563c16870dd0_0, 0, 1;
    %pushi/vec4 0, 0, 1;
    %store/vec4 v0x563c16870e90_0, 0, 1;
    %pushi/vec4 1, 0, 1;
    %store/vec4 v0x563c16870f60_0, 0, 1;
    %delay 10, 0;
    %vpi_call 2 43 "$display", "%b %b %b\011|\011%b %b", v0x563c16870dd0_0, v0x563c16870e90_0, v0x563c16870f60_0, v0x563c16871130_0, v0x563c16871060_0 {0 0 0};
    %pushi/vec4 0, 0, 1;
    %store/vec4 v0x563c16870dd0_0, 0, 1;
    %pushi/vec4 1, 0, 1;
    %store/vec4 v0x563c16870e90_0, 0, 1;
    %pushi/vec4 1, 0, 1;
    %store/vec4 v0x563c16870f60_0, 0, 1;
    %delay 10, 0;
    %vpi_call 2 48 "$display", "%b %b %b\011|\011%b %b", v0x563c16870dd0_0, v0x563c16870e90_0, v0x563c16870f60_0, v0x563c16871130_0, v0x563c16871060_0 {0 0 0};
    %pushi/vec4 1, 0, 1;
    %store/vec4 v0x563c16870dd0_0, 0, 1;
    %pushi/vec4 0, 0, 1;
    %store/vec4 v0x563c16870e90_0, 0, 1;
    %pushi/vec4 1, 0, 1;
    %store/vec4 v0x563c16870f60_0, 0, 1;
    %delay 10, 0;
    %vpi_call 2 53 "$display", "%b %b %b\011|\011%b %b", v0x563c16870dd0_0, v0x563c16870e90_0, v0x563c16870f60_0, v0x563c16871130_0, v0x563c16871060_0 {0 0 0};
    %pushi/vec4 1, 0, 1;
    %store/vec4 v0x563c16870dd0_0, 0, 1;
    %pushi/vec4 1, 0, 1;
    %store/vec4 v0x563c16870e90_0, 0, 1;
    %pushi/vec4 1, 0, 1;
    %store/vec4 v0x563c16870f60_0, 0, 1;
    %delay 10, 0;
    %vpi_call 2 58 "$display", "%b %b %b\011|\011%b %b", v0x563c16870dd0_0, v0x563c16870e90_0, v0x563c16870f60_0, v0x563c16871130_0, v0x563c16871060_0 {0 0 0};
    %vpi_call 2 60 "$finish" {0 0 0};
    %end;
    .thread T_0;
# The file index is used to find the file name in the following table.
:file_names 4;
    "N/A";
    "<interactive>";
    "fa_tb.v";
    "full_adder.v";
