#! /usr/bin/vvp
:ivl_version "10.3 (stable)";
:ivl_delay_selection "TYPICAL";
:vpi_time_precision + 0;
:vpi_module "system";
:vpi_module "vhdl_sys";
:vpi_module "v2005_math";
:vpi_module "va_math";
S_0x55ff8438aea0 .scope module, "full_adder_tb" "full_adder_tb" 2 1;
 .timescale 0 0;
v0x55ff843a4040_0 .var "a", 0 0;
v0x55ff843a4130_0 .var "b", 0 0;
v0x55ff843a4240_0 .var "cin", 0 0;
v0x55ff843a4330_0 .net "cout", 0 0, L_0x55ff843a48a0;  1 drivers
v0x55ff843a43d0_0 .net "sum", 0 0, L_0x55ff843a4640;  1 drivers
S_0x55ff8438b020 .scope module, "fa1" "full_adder" 2 5, 3 7 0, S_0x55ff8438aea0;
 .timescale 0 0;
    .port_info 0 /INPUT 1 "a"
    .port_info 1 /INPUT 1 "b"
    .port_info 2 /INPUT 1 "cin"
    .port_info 3 /OUTPUT 1 "sum"
    .port_info 4 /OUTPUT 1 "cout"
L_0x55ff843a48a0 .functor OR 1, L_0x55ff843a4580, L_0x55ff843a4780, C4<0>, C4<0>;
v0x55ff843a3990_0 .net "a", 0 0, v0x55ff843a4040_0;  1 drivers
v0x55ff843a3a50_0 .net "b", 0 0, v0x55ff843a4130_0;  1 drivers
v0x55ff843a3b20_0 .net "c1", 0 0, L_0x55ff843a4580;  1 drivers
v0x55ff843a3c20_0 .net "c2", 0 0, L_0x55ff843a4780;  1 drivers
v0x55ff843a3cf0_0 .net "cin", 0 0, v0x55ff843a4240_0;  1 drivers
v0x55ff843a3de0_0 .net "cout", 0 0, L_0x55ff843a48a0;  alias, 1 drivers
v0x55ff843a3e80_0 .net "s1", 0 0, L_0x55ff843a4510;  1 drivers
v0x55ff843a3f70_0 .net "sum", 0 0, L_0x55ff843a4640;  alias, 1 drivers
S_0x55ff84353430 .scope module, "ha1" "half_adder" 3 10, 3 2 0, S_0x55ff8438b020;
 .timescale 0 0;
    .port_info 0 /INPUT 1 "a"
    .port_info 1 /INPUT 1 "b"
    .port_info 2 /OUTPUT 1 "sum"
    .port_info 3 /OUTPUT 1 "carry"
L_0x55ff843a4510 .functor XOR 1, v0x55ff843a4040_0, v0x55ff843a4130_0, C4<0>, C4<0>;
L_0x55ff843a4580 .functor AND 1, v0x55ff843a4040_0, v0x55ff843a4130_0, C4<1>, C4<1>;
v0x55ff84353620_0 .net "a", 0 0, v0x55ff843a4040_0;  alias, 1 drivers
v0x55ff843a3110_0 .net "b", 0 0, v0x55ff843a4130_0;  alias, 1 drivers
v0x55ff843a31d0_0 .net "carry", 0 0, L_0x55ff843a4580;  alias, 1 drivers
v0x55ff843a3270_0 .net "sum", 0 0, L_0x55ff843a4510;  alias, 1 drivers
S_0x55ff843a33b0 .scope module, "ha2" "half_adder" 3 12, 3 2 0, S_0x55ff8438b020;
 .timescale 0 0;
    .port_info 0 /INPUT 1 "a"
    .port_info 1 /INPUT 1 "b"
    .port_info 2 /OUTPUT 1 "sum"
    .port_info 3 /OUTPUT 1 "carry"
L_0x55ff843a4640 .functor XOR 1, L_0x55ff843a4510, v0x55ff843a4240_0, C4<0>, C4<0>;
L_0x55ff843a4780 .functor AND 1, L_0x55ff843a4510, v0x55ff843a4240_0, C4<1>, C4<1>;
v0x55ff843a3610_0 .net "a", 0 0, L_0x55ff843a4510;  alias, 1 drivers
v0x55ff843a36b0_0 .net "b", 0 0, v0x55ff843a4240_0;  alias, 1 drivers
v0x55ff843a3750_0 .net "carry", 0 0, L_0x55ff843a4780;  alias, 1 drivers
v0x55ff843a3820_0 .net "sum", 0 0, L_0x55ff843a4640;  alias, 1 drivers
    .scope S_0x55ff8438aea0;
T_0 ;
    %vpi_call 2 8 "$dumpfile", "adder.vcd" {0 0 0};
    %vpi_call 2 9 "$dumpvars", 32'sb00000000000000000000000000000000 {0 0 0};
    %pushi/vec4 1, 0, 1;
    %store/vec4 v0x55ff843a4040_0, 0, 1;
    %pushi/vec4 0, 0, 1;
    %store/vec4 v0x55ff843a4130_0, 0, 1;
    %pushi/vec4 0, 0, 1;
    %store/vec4 v0x55ff843a4240_0, 0, 1;
    %delay 10, 0;
    %vpi_call 2 12 "$display", $time, "A: %b , B: %b , Cin: %b, Sum: %b, Cout: %b ", v0x55ff843a4040_0, v0x55ff843a4130_0, v0x55ff843a4240_0, v0x55ff843a43d0_0, v0x55ff843a4330_0 {0 0 0};
    %delay 10, 0;
    %pushi/vec4 1, 0, 1;
    %store/vec4 v0x55ff843a4040_0, 0, 1;
    %pushi/vec4 1, 0, 1;
    %store/vec4 v0x55ff843a4130_0, 0, 1;
    %pushi/vec4 0, 0, 1;
    %store/vec4 v0x55ff843a4240_0, 0, 1;
    %delay 10, 0;
    %vpi_call 2 17 "$display", $time, "A: %b , B: %b , Cin: %b, Sum: %b, Cout: %b ", v0x55ff843a4040_0, v0x55ff843a4130_0, v0x55ff843a4240_0, v0x55ff843a43d0_0, v0x55ff843a4330_0 {0 0 0};
    %delay 10, 0;
    %pushi/vec4 0, 0, 1;
    %store/vec4 v0x55ff843a4040_0, 0, 1;
    %pushi/vec4 0, 0, 1;
    %store/vec4 v0x55ff843a4130_0, 0, 1;
    %pushi/vec4 1, 0, 1;
    %store/vec4 v0x55ff843a4240_0, 0, 1;
    %delay 10, 0;
    %vpi_call 2 22 "$display", $time, "A: %b , B: %b , Cin: %b, Sum: %b, Cout: %b ", v0x55ff843a4040_0, v0x55ff843a4130_0, v0x55ff843a4240_0, v0x55ff843a43d0_0, v0x55ff843a4330_0 {0 0 0};
    %delay 10, 0;
    %pushi/vec4 1, 0, 1;
    %store/vec4 v0x55ff843a4040_0, 0, 1;
    %pushi/vec4 1, 0, 1;
    %store/vec4 v0x55ff843a4130_0, 0, 1;
    %pushi/vec4 1, 0, 1;
    %store/vec4 v0x55ff843a4240_0, 0, 1;
    %delay 10, 0;
    %vpi_call 2 27 "$display", $time, "A: %b , B: %b , Cin: %b, Sum: %b, Cout: %b ", v0x55ff843a4040_0, v0x55ff843a4130_0, v0x55ff843a4240_0, v0x55ff843a43d0_0, v0x55ff843a4330_0 {0 0 0};
    %delay 10, 0;
    %end;
    .thread T_0;
# The file index is used to find the file name in the following table.
:file_names 4;
    "N/A";
    "<interactive>";
    "tb_full_adder.v";
    "full_adder.v";
