#! /usr/bin/vvp
:ivl_version "10.3 (stable)";
:ivl_delay_selection "TYPICAL";
:vpi_time_precision + 0;
:vpi_module "system";
:vpi_module "vhdl_sys";
:vpi_module "v2005_math";
:vpi_module "va_math";
S_0x55eb43f4a430 .scope module, "tb_t_latch" "tb_t_latch" 2 1;
 .timescale 0 0;
v0x55eb43f92770_0 .net "q", 0 0, v0x55eb43f819c0_0;  1 drivers
v0x55eb43f92840_0 .var "reset", 0 0;
v0x55eb43f92910_0 .var "t", 0 0;
S_0x55eb43f4a5b0 .scope module, "t_latch_inst" "t_latch" 2 7, 3 1 0, S_0x55eb43f4a430;
 .timescale 0 0;
    .port_info 0 /INPUT 1 "t"
    .port_info 1 /INPUT 1 "reset"
    .port_info 2 /OUTPUT 1 "q"
v0x55eb43f819c0_0 .var "q", 0 0;
v0x55eb43f92590_0 .net "reset", 0 0, v0x55eb43f92840_0;  1 drivers
v0x55eb43f92650_0 .net "t", 0 0, v0x55eb43f92910_0;  1 drivers
E_0x55eb43f4a9c0 .event posedge, v0x55eb43f92590_0, v0x55eb43f92650_0;
    .scope S_0x55eb43f4a5b0;
T_0 ;
    %wait E_0x55eb43f4a9c0;
    %load/vec4 v0x55eb43f92590_0;
    %flag_set/vec4 8;
    %jmp/0xz  T_0.0, 8;
    %pushi/vec4 0, 0, 1;
    %assign/vec4 v0x55eb43f819c0_0, 0;
    %jmp T_0.1;
T_0.0 ;
    %load/vec4 v0x55eb43f92650_0;
    %flag_set/vec4 8;
    %jmp/0xz  T_0.2, 8;
    %load/vec4 v0x55eb43f819c0_0;
    %inv;
    %assign/vec4 v0x55eb43f819c0_0, 0;
T_0.2 ;
T_0.1 ;
    %jmp T_0;
    .thread T_0;
    .scope S_0x55eb43f4a430;
T_1 ;
    %vpi_call 2 15 "$dumpfile", "waveform.vcd" {0 0 0};
    %vpi_call 2 16 "$dumpvars", 32'sb00000000000000000000000000000000, S_0x55eb43f4a430 {0 0 0};
    %vpi_call 2 18 "$monitor", "Time=%0t, t=%b, reset=%b, q=%b", $time, v0x55eb43f92910_0, v0x55eb43f92840_0, v0x55eb43f92770_0 {0 0 0};
    %pushi/vec4 1, 0, 1;
    %store/vec4 v0x55eb43f92840_0, 0, 1;
    %delay 10, 0;
    %pushi/vec4 0, 0, 1;
    %store/vec4 v0x55eb43f92840_0, 0, 1;
    %delay 5, 0;
    %pushi/vec4 1, 0, 1;
    %store/vec4 v0x55eb43f92910_0, 0, 1;
    %delay 5, 0;
    %pushi/vec4 0, 0, 1;
    %store/vec4 v0x55eb43f92910_0, 0, 1;
    %delay 5, 0;
    %pushi/vec4 1, 0, 1;
    %store/vec4 v0x55eb43f92910_0, 0, 1;
    %delay 5, 0;
    %pushi/vec4 0, 0, 1;
    %store/vec4 v0x55eb43f92910_0, 0, 1;
    %delay 5, 0;
    %pushi/vec4 1, 0, 1;
    %store/vec4 v0x55eb43f92910_0, 0, 1;
    %delay 5, 0;
    %pushi/vec4 0, 0, 1;
    %store/vec4 v0x55eb43f92910_0, 0, 1;
    %delay 5, 0;
    %vpi_call 2 27 "$finish" {0 0 0};
    %end;
    .thread T_1;
# The file index is used to find the file name in the following table.
:file_names 4;
    "N/A";
    "<interactive>";
    "tb_t.v";
    "t.v";
