#! /usr/bin/vvp
:ivl_version "10.3 (stable)";
:ivl_delay_selection "TYPICAL";
:vpi_time_precision + 0;
:vpi_module "system";
:vpi_module "vhdl_sys";
:vpi_module "v2005_math";
:vpi_module "va_math";
S_0x563214e3c4d0 .scope module, "d_latch_tb" "d_latch_tb" 2 1;
 .timescale 0 0;
v0x563214e83f30_0 .var "d", 0 0;
v0x563214e84000_0 .var "enable", 0 0;
v0x563214e840d0_0 .net "q", 0 0, v0x563214e83e10_0;  1 drivers
S_0x563214e3c650 .scope module, "uut" "d_latch" 2 4, 3 1 0, S_0x563214e3c4d0;
 .timescale 0 0;
    .port_info 0 /INPUT 1 "d"
    .port_info 1 /INPUT 1 "enable"
    .port_info 2 /OUTPUT 1 "q"
v0x563214e73840_0 .net "d", 0 0, v0x563214e83f30_0;  1 drivers
v0x563214e83d50_0 .net "enable", 0 0, v0x563214e84000_0;  1 drivers
v0x563214e83e10_0 .var "q", 0 0;
E_0x563214e3cb10 .event edge, v0x563214e83d50_0, v0x563214e73840_0;
    .scope S_0x563214e3c650;
T_0 ;
    %wait E_0x563214e3cb10;
    %load/vec4 v0x563214e83d50_0;
    %flag_set/vec4 8;
    %jmp/0xz  T_0.0, 8;
    %load/vec4 v0x563214e73840_0;
    %assign/vec4 v0x563214e83e10_0, 0;
T_0.0 ;
    %jmp T_0;
    .thread T_0, $push;
    .scope S_0x563214e3c4d0;
T_1 ;
    %vpi_call 2 10 "$dumpfile", "d_latch.vcd" {0 0 0};
    %vpi_call 2 11 "$dumpvars", 32'sb00000000000000000000000000000000, S_0x563214e3c4d0 {0 0 0};
    %vpi_call 2 12 "$display", "\011\011    EN | D | Q |" {0 0 0};
    %vpi_call 2 13 "$monitor", $time, " %b | %b | %b | ", v0x563214e84000_0, v0x563214e83f30_0, v0x563214e840d0_0 {0 0 0};
    %delay 10, 0;
    %pushi/vec4 1, 0, 1;
    %store/vec4 v0x563214e83f30_0, 0, 1;
    %pushi/vec4 1, 0, 1;
    %store/vec4 v0x563214e84000_0, 0, 1;
    %delay 10, 0;
    %pushi/vec4 0, 0, 1;
    %store/vec4 v0x563214e83f30_0, 0, 1;
    %pushi/vec4 1, 0, 1;
    %store/vec4 v0x563214e84000_0, 0, 1;
    %delay 10, 0;
    %pushi/vec4 1, 0, 1;
    %store/vec4 v0x563214e83f30_0, 0, 1;
    %pushi/vec4 0, 0, 1;
    %store/vec4 v0x563214e84000_0, 0, 1;
    %delay 10, 0;
    %pushi/vec4 0, 0, 1;
    %store/vec4 v0x563214e83f30_0, 0, 1;
    %pushi/vec4 1, 0, 1;
    %store/vec4 v0x563214e84000_0, 0, 1;
    %delay 10, 0;
    %vpi_call 2 19 "$finish" {0 0 0};
    %end;
    .thread T_1;
# The file index is used to find the file name in the following table.
:file_names 4;
    "N/A";
    "<interactive>";
    "tb_d.v";
    "d.v";
