#! /usr/bin/vvp
:ivl_version "11.0 (stable)";
:ivl_delay_selection "TYPICAL";
:vpi_time_precision + 0;
:vpi_module "/usr/lib/x86_64-linux-gnu/ivl/system.vpi";
:vpi_module "/usr/lib/x86_64-linux-gnu/ivl/vhdl_sys.vpi";
:vpi_module "/usr/lib/x86_64-linux-gnu/ivl/vhdl_textio.vpi";
:vpi_module "/usr/lib/x86_64-linux-gnu/ivl/v2005_math.vpi";
:vpi_module "/usr/lib/x86_64-linux-gnu/ivl/va_math.vpi";
S_0x564929516130 .scope module, "testbench" "testbench" 2 1;
 .timescale 0 0;
v0x564929530140_0 .var "in", 0 0;
v0x564929530200_0 .net "out0", 0 0, L_0x564929530940;  1 drivers
v0x5649295302a0_0 .net "out1", 0 0, L_0x564929530c40;  1 drivers
v0x564929530370_0 .net "out2", 0 0, L_0x564929530f10;  1 drivers
v0x564929530440_0 .net "out3", 0 0, L_0x564929531130;  1 drivers
v0x5649295304e0_0 .var "sel0", 0 0;
v0x5649295305b0_0 .var "sel1", 0 0;
S_0x5649295162c0 .scope module, "dut" "demux_1x4" 2 8, 3 1 0, S_0x564929516130;
 .timescale 0 0;
    .port_info 0 /INPUT 1 "in";
    .port_info 1 /INPUT 1 "sel0";
    .port_info 2 /INPUT 1 "sel1";
    .port_info 3 /OUTPUT 1 "out0";
    .port_info 4 /OUTPUT 1 "out1";
    .port_info 5 /OUTPUT 1 "out2";
    .port_info 6 /OUTPUT 1 "out3";
L_0x564929530680 .functor NOT 1, v0x5649295305b0_0, C4<0>, C4<0>, C4<0>;
L_0x564929530770 .functor NOT 1, v0x5649295304e0_0, C4<0>, C4<0>, C4<0>;
L_0x564929530830 .functor AND 1, L_0x564929530680, L_0x564929530770, C4<1>, C4<1>;
L_0x564929530940 .functor AND 1, L_0x564929530830, v0x564929530140_0, C4<1>, C4<1>;
L_0x564929530ad0 .functor NOT 1, v0x5649295305b0_0, C4<0>, C4<0>, C4<0>;
L_0x564929530b40 .functor AND 1, L_0x564929530ad0, v0x5649295304e0_0, C4<1>, C4<1>;
L_0x564929530c40 .functor AND 1, L_0x564929530b40, v0x564929530140_0, C4<1>, C4<1>;
L_0x564929530d50 .functor NOT 1, v0x5649295304e0_0, C4<0>, C4<0>, C4<0>;
L_0x564929530e10 .functor AND 1, v0x5649295305b0_0, L_0x564929530d50, C4<1>, C4<1>;
L_0x564929530f10 .functor AND 1, L_0x564929530e10, v0x564929530140_0, C4<1>, C4<1>;
L_0x5649295310c0 .functor AND 1, v0x5649295305b0_0, v0x5649295304e0_0, C4<1>, C4<1>;
L_0x564929531130 .functor AND 1, L_0x5649295310c0, v0x564929530140_0, C4<1>, C4<1>;
v0x564929516550_0 .net *"_ivl_0", 0 0, L_0x564929530680;  1 drivers
v0x56492952f4d0_0 .net *"_ivl_10", 0 0, L_0x564929530b40;  1 drivers
v0x56492952f5b0_0 .net *"_ivl_14", 0 0, L_0x564929530d50;  1 drivers
v0x56492952f670_0 .net *"_ivl_16", 0 0, L_0x564929530e10;  1 drivers
v0x56492952f750_0 .net *"_ivl_2", 0 0, L_0x564929530770;  1 drivers
v0x56492952f880_0 .net *"_ivl_20", 0 0, L_0x5649295310c0;  1 drivers
v0x56492952f960_0 .net *"_ivl_4", 0 0, L_0x564929530830;  1 drivers
v0x56492952fa40_0 .net *"_ivl_8", 0 0, L_0x564929530ad0;  1 drivers
v0x56492952fb20_0 .net "in", 0 0, v0x564929530140_0;  1 drivers
v0x56492952fbe0_0 .net "out0", 0 0, L_0x564929530940;  alias, 1 drivers
v0x56492952fca0_0 .net "out1", 0 0, L_0x564929530c40;  alias, 1 drivers
v0x56492952fd60_0 .net "out2", 0 0, L_0x564929530f10;  alias, 1 drivers
v0x56492952fe20_0 .net "out3", 0 0, L_0x564929531130;  alias, 1 drivers
v0x56492952fee0_0 .net "sel0", 0 0, v0x5649295304e0_0;  1 drivers
v0x56492952ffa0_0 .net "sel1", 0 0, v0x5649295305b0_0;  1 drivers
    .scope S_0x564929516130;
T_0 ;
    %vpi_call 2 19 "$dumpfile", "demux.vcd" {0 0 0};
    %vpi_call 2 20 "$dumpvars", 32'sb00000000000000000000000000000001 {0 0 0};
    %pushi/vec4 1, 0, 1;
    %store/vec4 v0x564929530140_0, 0, 1;
    %pushi/vec4 0, 0, 1;
    %store/vec4 v0x5649295304e0_0, 0, 1;
    %pushi/vec4 0, 0, 1;
    %store/vec4 v0x5649295305b0_0, 0, 1;
    %delay 10, 0;
    %vpi_call 2 25 "$display", "Input: %b, Sel: %b %b, Outputs: %b %b %b %b", v0x564929530140_0, v0x5649295305b0_0, v0x5649295304e0_0, v0x564929530440_0, v0x564929530370_0, v0x5649295302a0_0, v0x564929530200_0 {0 0 0};
    %pushi/vec4 1, 0, 1;
    %store/vec4 v0x564929530140_0, 0, 1;
    %pushi/vec4 0, 0, 1;
    %store/vec4 v0x5649295304e0_0, 0, 1;
    %pushi/vec4 1, 0, 1;
    %store/vec4 v0x5649295305b0_0, 0, 1;
    %delay 10, 0;
    %vpi_call 2 31 "$display", "Input: %b, Sel: %b %b, Outputs: %b %b %b %b", v0x564929530140_0, v0x5649295305b0_0, v0x5649295304e0_0, v0x564929530440_0, v0x564929530370_0, v0x5649295302a0_0, v0x564929530200_0 {0 0 0};
    %pushi/vec4 1, 0, 1;
    %store/vec4 v0x564929530140_0, 0, 1;
    %pushi/vec4 1, 0, 1;
    %store/vec4 v0x5649295304e0_0, 0, 1;
    %pushi/vec4 0, 0, 1;
    %store/vec4 v0x5649295305b0_0, 0, 1;
    %delay 10, 0;
    %vpi_call 2 37 "$display", "Input: %b, Sel: %b %b, Outputs: %b %b %b %b", v0x564929530140_0, v0x5649295305b0_0, v0x5649295304e0_0, v0x564929530440_0, v0x564929530370_0, v0x5649295302a0_0, v0x564929530200_0 {0 0 0};
    %pushi/vec4 1, 0, 1;
    %store/vec4 v0x564929530140_0, 0, 1;
    %pushi/vec4 1, 0, 1;
    %store/vec4 v0x5649295304e0_0, 0, 1;
    %pushi/vec4 1, 0, 1;
    %store/vec4 v0x5649295305b0_0, 0, 1;
    %delay 10, 0;
    %vpi_call 2 43 "$display", "Input: %b, Sel: %b %b, Outputs: %b %b %b %b", v0x564929530140_0, v0x5649295305b0_0, v0x5649295304e0_0, v0x564929530440_0, v0x564929530370_0, v0x5649295302a0_0, v0x564929530200_0 {0 0 0};
    %vpi_call 2 44 "$finish" {0 0 0};
    %end;
    .thread T_0;
# The file index is used to find the file name in the following table.
:file_names 4;
    "N/A";
    "<interactive>";
    "mux_tv.v";
    "mux1x4.v";
