#! /usr/bin/vvp
:ivl_version "10.3 (stable)";
:ivl_delay_selection "TYPICAL";
:vpi_time_precision + 0;
:vpi_module "system";
:vpi_module "vhdl_sys";
:vpi_module "v2005_math";
:vpi_module "va_math";
S_0x55bc9bee0500 .scope module, "tb_bintogrey" "tb_bintogrey" 2 1;
 .timescale 0 0;
v0x55bc9bf2ac90_0 .var "bin_in", 3 0;
v0x55bc9bf2ad50_0 .net "grey_out", 3 0, L_0x55bc9bf2b400;  1 drivers
S_0x55bc9bee0680 .scope module, "dut" "bintogrey" 2 5, 3 1 0, S_0x55bc9bee0500;
 .timescale 0 0;
    .port_info 0 /INPUT 4 "bin_in"
    .port_info 1 /OUTPUT 4 "grey_out"
L_0x55bc9bf2b060 .functor XOR 1, L_0x55bc9bf2aef0, L_0x55bc9bf2af90, C4<0>, C4<0>;
L_0x55bc9bf2b2c0 .functor XOR 1, L_0x55bc9bf2b150, L_0x55bc9bf2b220, C4<0>, C4<0>;
L_0x55bc9bf2b7b0 .functor XOR 1, L_0x55bc9bf2b620, L_0x55bc9bf2b6c0, C4<0>, C4<0>;
v0x55bc9bef1bc0_0 .net *"_s10", 0 0, L_0x55bc9bf2b060;  1 drivers
v0x55bc9bf2a260_0 .net *"_s15", 0 0, L_0x55bc9bf2b150;  1 drivers
v0x55bc9bf2a340_0 .net *"_s17", 0 0, L_0x55bc9bf2b220;  1 drivers
v0x55bc9bf2a400_0 .net *"_s18", 0 0, L_0x55bc9bf2b2c0;  1 drivers
v0x55bc9bf2a4e0_0 .net *"_s24", 0 0, L_0x55bc9bf2b620;  1 drivers
v0x55bc9bf2a610_0 .net *"_s26", 0 0, L_0x55bc9bf2b6c0;  1 drivers
v0x55bc9bf2a6f0_0 .net *"_s27", 0 0, L_0x55bc9bf2b7b0;  1 drivers
v0x55bc9bf2a7d0_0 .net *"_s3", 0 0, L_0x55bc9bf2ae20;  1 drivers
v0x55bc9bf2a8b0_0 .net *"_s7", 0 0, L_0x55bc9bf2aef0;  1 drivers
v0x55bc9bf2a990_0 .net *"_s9", 0 0, L_0x55bc9bf2af90;  1 drivers
v0x55bc9bf2aa70_0 .net "bin_in", 3 0, v0x55bc9bf2ac90_0;  1 drivers
v0x55bc9bf2ab50_0 .net "grey_out", 3 0, L_0x55bc9bf2b400;  alias, 1 drivers
L_0x55bc9bf2ae20 .part v0x55bc9bf2ac90_0, 0, 1;
L_0x55bc9bf2aef0 .part v0x55bc9bf2ac90_0, 0, 1;
L_0x55bc9bf2af90 .part v0x55bc9bf2ac90_0, 1, 1;
L_0x55bc9bf2b150 .part v0x55bc9bf2ac90_0, 1, 1;
L_0x55bc9bf2b220 .part v0x55bc9bf2ac90_0, 2, 1;
L_0x55bc9bf2b400 .concat8 [ 1 1 1 1], L_0x55bc9bf2ae20, L_0x55bc9bf2b060, L_0x55bc9bf2b2c0, L_0x55bc9bf2b7b0;
L_0x55bc9bf2b620 .part v0x55bc9bf2ac90_0, 2, 1;
L_0x55bc9bf2b6c0 .part v0x55bc9bf2ac90_0, 3, 1;
    .scope S_0x55bc9bee0500;
T_0 ;
    %vpi_call 2 11 "$dumpfile", "bintogrey.vcd" {0 0 0};
    %vpi_call 2 12 "$dumpvars", 32'sb00000000000000000000000000000000 {0 0 0};
    %delay 10, 0;
    %vpi_call 2 14 "$monitor", "Binary Input: %b, Grey Output: %b", v0x55bc9bf2ac90_0, v0x55bc9bf2ad50_0 {0 0 0};
    %pushi/vec4 0, 0, 4;
    %store/vec4 v0x55bc9bf2ac90_0, 0, 4;
    %delay 10, 0;
    %pushi/vec4 1, 0, 4;
    %store/vec4 v0x55bc9bf2ac90_0, 0, 4;
    %delay 10, 0;
    %pushi/vec4 2, 0, 4;
    %store/vec4 v0x55bc9bf2ac90_0, 0, 4;
    %delay 10, 0;
    %pushi/vec4 4, 0, 4;
    %store/vec4 v0x55bc9bf2ac90_0, 0, 4;
    %delay 10, 0;
    %pushi/vec4 9, 0, 4;
    %store/vec4 v0x55bc9bf2ac90_0, 0, 4;
    %delay 10, 0;
    %pushi/vec4 10, 0, 4;
    %store/vec4 v0x55bc9bf2ac90_0, 0, 4;
    %delay 10, 0;
    %vpi_call 2 28 "$finish" {0 0 0};
    %end;
    .thread T_0;
# The file index is used to find the file name in the following table.
:file_names 4;
    "N/A";
    "<interactive>";
    "tb_bintogrey.v";
    "bintogrey.v";
